        -:    0:Source:C:/Dev/CLionProjects/Snake-raylib/cmake-build-debug-coverage/_deps/raylib-src/src/external/glad.h
        -:    0:Graph:C:\Dev\CLionProjects\Snake-raylib\cmake-build-debug-coverage\_deps\raylib-build\raylib\CMakeFiles\raylib.dir\core.c.gcno
        -:    0:Data:C:\Dev\CLionProjects\Snake-raylib\cmake-build-debug-coverage\_deps\raylib-build\raylib\CMakeFiles\raylib.dir\core.c.gcda
        -:    0:Runs:1
        -:    1:/*
        -:    2:
        -:    3:    OpenGL loader generated by glad 0.1.10a0 on Fri Jun 10 12:54:12 2016.
        -:    4:
        -:    5:    Language/Generator: C/C++
        -:    6:    Specification: gl
        -:    7:    APIs: gl=3.3
        -:    8:    Profile: core
        -:    9:    Extensions:
        -:   10:        GL_AMD_debug_output, GL_AMD_query_buffer_object, GL_ARB_ES2_compatibility, GL_ARB_ES3_compatibility, GL_ARB_buffer_storage, GL_ARB_compatibility, GL_ARB_compressed_texture_pixel_storage, GL_ARB_debug_output, GL_ARB_depth_buffer_float, GL_ARB_depth_clamp, GL_ARB_depth_texture, GL_ARB_draw_buffers, GL_ARB_draw_buffers_blend, GL_ARB_explicit_attrib_location, GL_ARB_explicit_uniform_location, GL_ARB_fragment_program, GL_ARB_fragment_shader, GL_ARB_framebuffer_object, GL_ARB_framebuffer_sRGB, GL_ARB_multisample, GL_ARB_sample_locations, GL_ARB_texture_compression, GL_ARB_texture_float, GL_ARB_texture_multisample, GL_ARB_texture_non_power_of_two, GL_ARB_texture_rg, GL_ARB_texture_swizzle, GL_ARB_uniform_buffer_object, GL_ARB_vertex_array_object, GL_ARB_vertex_attrib_binding, GL_ARB_vertex_buffer_object, GL_ARB_vertex_program, GL_ARB_vertex_shader, GL_ATI_element_array, GL_ATI_fragment_shader, GL_ATI_vertex_array_object, GL_EXT_blend_color, GL_EXT_blend_equation_separate, GL_EXT_blend_func_separate, GL_EXT_framebuffer_blit, GL_EXT_framebuffer_multisample, GL_EXT_framebuffer_multisample_blit_scaled, GL_EXT_framebuffer_object, GL_EXT_framebuffer_sRGB, GL_EXT_index_array_formats, GL_EXT_texture, GL_EXT_texture_compression_s3tc, GL_EXT_texture_sRGB, GL_EXT_texture_swizzle, GL_EXT_vertex_array, GL_EXT_vertex_shader
        -:   11:    Loader: No
        -:   12:
        -:   13:    Commandline:
        -:   14:        --profile="core" --api="gl=3.3" --generator="c" --spec="gl" --no-loader --extensions="GL_AMD_debug_output,GL_AMD_query_buffer_object,GL_ARB_ES2_compatibility,GL_ARB_ES3_compatibility,GL_ARB_buffer_storage,GL_ARB_compatibility,GL_ARB_compressed_texture_pixel_storage,GL_ARB_debug_output,GL_ARB_depth_buffer_float,GL_ARB_depth_clamp,GL_ARB_depth_texture,GL_ARB_draw_buffers,GL_ARB_draw_buffers_blend,GL_ARB_explicit_attrib_location,GL_ARB_explicit_uniform_location,GL_ARB_fragment_program,GL_ARB_fragment_shader,GL_ARB_framebuffer_object,GL_ARB_framebuffer_sRGB,GL_ARB_multisample,GL_ARB_sample_locations,GL_ARB_texture_compression,GL_ARB_texture_float,GL_ARB_texture_multisample,GL_ARB_texture_non_power_of_two,GL_ARB_texture_rg,GL_ARB_texture_swizzle,GL_ARB_uniform_buffer_object,GL_ARB_vertex_array_object,GL_ARB_vertex_attrib_binding,GL_ARB_vertex_buffer_object,GL_ARB_vertex_program,GL_ARB_vertex_shader,GL_ATI_element_array,GL_ATI_fragment_shader,GL_ATI_vertex_array_object,GL_EXT_blend_color,GL_EXT_blend_equation_separate,GL_EXT_blend_func_separate,GL_EXT_framebuffer_blit,GL_EXT_framebuffer_multisample,GL_EXT_framebuffer_multisample_blit_scaled,GL_EXT_framebuffer_object,GL_EXT_framebuffer_sRGB,GL_EXT_index_array_formats,GL_EXT_texture,GL_EXT_texture_compression_s3tc,GL_EXT_texture_sRGB,GL_EXT_texture_swizzle,GL_EXT_vertex_array,GL_EXT_vertex_shader"
        -:   15:    Online:
        -:   16:        http://glad.dav1d.de/#profile=core&language=c&specification=gl&api=gl%3D3.3&extensions=GL_AMD_debug_output&extensions=GL_AMD_query_buffer_object&extensions=GL_ARB_ES2_compatibility&extensions=GL_ARB_ES3_compatibility&extensions=GL_ARB_buffer_storage&extensions=GL_ARB_compatibility&extensions=GL_ARB_compressed_texture_pixel_storage&extensions=GL_ARB_debug_output&extensions=GL_ARB_depth_buffer_float&extensions=GL_ARB_depth_clamp&extensions=GL_ARB_depth_texture&extensions=GL_ARB_draw_buffers&extensions=GL_ARB_draw_buffers_blend&extensions=GL_ARB_explicit_attrib_location&extensions=GL_ARB_explicit_uniform_location&extensions=GL_ARB_fragment_program&extensions=GL_ARB_fragment_shader&extensions=GL_ARB_framebuffer_object&extensions=GL_ARB_framebuffer_sRGB&extensions=GL_ARB_multisample&extensions=GL_ARB_sample_locations&extensions=GL_ARB_texture_compression&extensions=GL_ARB_texture_float&extensions=GL_ARB_texture_multisample&extensions=GL_ARB_texture_non_power_of_two&extensions=GL_ARB_texture_rg&extensions=GL_ARB_texture_swizzle&extensions=GL_ARB_uniform_buffer_object&extensions=GL_ARB_vertex_array_object&extensions=GL_ARB_vertex_attrib_binding&extensions=GL_ARB_vertex_buffer_object&extensions=GL_ARB_vertex_program&extensions=GL_ARB_vertex_shader&extensions=GL_ATI_element_array&extensions=GL_ATI_fragment_shader&extensions=GL_ATI_vertex_array_object&extensions=GL_EXT_blend_color&extensions=GL_EXT_blend_equation_separate&extensions=GL_EXT_blend_func_separate&extensions=GL_EXT_framebuffer_blit&extensions=GL_EXT_framebuffer_multisample&extensions=GL_EXT_framebuffer_multisample_blit_scaled&extensions=GL_EXT_framebuffer_object&extensions=GL_EXT_framebuffer_sRGB&extensions=GL_EXT_index_array_formats&extensions=GL_EXT_texture&extensions=GL_EXT_texture_compression_s3tc&extensions=GL_EXT_texture_sRGB&extensions=GL_EXT_texture_swizzle&extensions=GL_EXT_vertex_array&extensions=GL_EXT_vertex_shader
        -:   17:*/
        -:   18:
        -:   19:
        -:   20:#ifndef __glad_h_
        -:   21:#define __glad_h_
        -:   22:
        -:   23:#ifdef __gl_h_
        -:   24:#error OpenGL header already included, remove this include, glad already provides it
        -:   25:#endif
        -:   26:#define __gl_h_
        -:   27:
        -:   28:#if defined(_WIN32) && !defined(APIENTRY) && !defined(__CYGWIN__) && !defined(__SCITECH_SNAP__)
        -:   29:#ifndef WIN32_LEAN_AND_MEAN
        -:   30:#define WIN32_LEAN_AND_MEAN 1
        -:   31:#endif
        -:   32://#include <windows.h>
        -:   33:#define APIENTRY __stdcall      // RAY: Added
        -:   34:#endif
        -:   35:
        -:   36:#ifndef APIENTRY
        -:   37:#define APIENTRY
        -:   38:#endif
        -:   39:#ifndef APIENTRYP
        -:   40:#define APIENTRYP APIENTRY *
        -:   41:#endif
        -:   42:
        -:   43:// RAY: Added
        -:   44:#ifndef GLAD_REALLOC
        -:   45:    #define GLAD_REALLOC(n,sz)  realloc(n,sz)
        -:   46:#endif
        -:   47:#ifndef GLAD_FREE
        -:   48:    #define GLAD_FREE(p)        free(p)
        -:   49:#endif
        -:   50:
        -:   51:#ifdef __cplusplus
        -:   52:extern "C" {
        -:   53:#endif
        -:   54:
        -:   55:struct gladGLversionStruct {
        -:   56:    int major;
        -:   57:    int minor;
        -:   58:};
        -:   59:
        -:   60:typedef void* (* GLADloadproc)(const char *name);
        -:   61:
        -:   62:#ifndef GLAPI
        -:   63:# if defined(GLAD_GLAPI_EXPORT)
        -:   64:#  if defined(WIN32) || defined(__CYGWIN__)
        -:   65:#   if defined(GLAD_GLAPI_EXPORT_BUILD)
        -:   66:#    if defined(__GNUC__)
        -:   67:#     define GLAPI __attribute__ ((dllexport)) extern
        -:   68:#    else
        -:   69:#     define GLAPI __declspec(dllexport) extern
        -:   70:#    endif
        -:   71:#   else
        -:   72:#    if defined(__GNUC__)
        -:   73:#     define GLAPI __attribute__ ((dllimport)) extern
        -:   74:#    else
        -:   75:#     define GLAPI __declspec(dllimport) extern
        -:   76:#    endif
        -:   77:#   endif
        -:   78:#  elif defined(__GNUC__) && defined(GLAD_GLAPI_EXPORT_BUILD)
        -:   79:#   define GLAPI __attribute__ ((visibility ("default"))) extern
        -:   80:#  else
        -:   81:#   define GLAPI extern
        -:   82:#  endif
        -:   83:# else
        -:   84:#  define GLAPI extern
        -:   85:# endif
        -:   86:#endif
        -:   87:
        -:   88:GLAPI struct gladGLversionStruct GLVersion;
        -:   89:GLAPI int gladLoadGLLoader(GLADloadproc);
        -:   90:
        -:   91:#include <stddef.h>
        -:   92://#include <KHR/khrplatform.h>      // RAY: Not required
        -:   93:#ifndef GLEXT_64_TYPES_DEFINED
        -:   94:/* This code block is duplicated in glxext.h, so must be protected */
        -:   95:#define GLEXT_64_TYPES_DEFINED
        -:   96:/* Define int32_t, int64_t, and uint64_t types for UST/MSC */
        -:   97:/* (as used in the GL_EXT_timer_query extension). */
        -:   98:#if defined(__STDC_VERSION__) && __STDC_VERSION__ >= 199901L
        -:   99:#include <inttypes.h>
        -:  100:#elif defined(__sun__) || defined(__digital__)
        -:  101:#include <inttypes.h>
        -:  102:#if defined(__STDC__)
        -:  103:#if defined(__arch64__) || defined(_LP64)
        -:  104:typedef long int int64_t;
        -:  105:typedef unsigned long int uint64_t;
        -:  106:#else
        -:  107:typedef long long int int64_t;
        -:  108:typedef unsigned long long int uint64_t;
        -:  109:#endif /* __arch64__ */
        -:  110:#endif /* __STDC__ */
        -:  111:#elif defined( __VMS ) || defined(__sgi)
        -:  112:#include <inttypes.h>
        -:  113:#elif defined(__SCO__) || defined(__USLC__)
        -:  114:#include <stdint.h>
        -:  115:#elif defined(__UNIXOS2__) || defined(__SOL64__)
        -:  116:typedef long int int32_t;
        -:  117:typedef long long int int64_t;
        -:  118:typedef unsigned long long int uint64_t;
        -:  119:#elif defined(_WIN32) && defined(__GNUC__)
        -:  120:#include <stdint.h>
        -:  121:#elif defined(_WIN32)
        -:  122:typedef __int32 int32_t;
        -:  123:typedef __int64 int64_t;
        -:  124:typedef unsigned __int64 uint64_t;
        -:  125:#else
        -:  126:/* Fallback if nothing above works */
        -:  127:#include <inttypes.h>
        -:  128:#endif
        -:  129:#endif
        -:  130:typedef unsigned int GLenum;
        -:  131:typedef unsigned char GLboolean;
        -:  132:typedef unsigned int GLbitfield;
        -:  133:typedef void GLvoid;
        -:  134:typedef signed char GLbyte;
        -:  135:typedef short GLshort;
        -:  136:typedef int GLint;
        -:  137:typedef int GLclampx;
        -:  138:typedef unsigned char GLubyte;
        -:  139:typedef unsigned short GLushort;
        -:  140:typedef unsigned int GLuint;
        -:  141:typedef int GLsizei;
        -:  142:typedef float GLfloat;
        -:  143:typedef float GLclampf;
        -:  144:typedef double GLdouble;
        -:  145:typedef double GLclampd;
        -:  146:typedef void *GLeglImageOES;
        -:  147:typedef char GLchar;
        -:  148:typedef char GLcharARB;
        -:  149:#ifdef __APPLE__
        -:  150:typedef void *GLhandleARB;
        -:  151:#else
        -:  152:typedef unsigned int GLhandleARB;
        -:  153:#endif
        -:  154:typedef unsigned short GLhalfARB;
        -:  155:typedef unsigned short GLhalf;
        -:  156:typedef GLint GLfixed;
        -:  157:typedef ptrdiff_t GLintptr;
        -:  158:typedef ptrdiff_t GLsizeiptr;
        -:  159:typedef int64_t GLint64;
        -:  160:typedef uint64_t GLuint64;
        -:  161:typedef ptrdiff_t GLintptrARB;
        -:  162:typedef ptrdiff_t GLsizeiptrARB;
        -:  163:typedef int64_t GLint64EXT;
        -:  164:typedef uint64_t GLuint64EXT;
        -:  165:typedef struct __GLsync *GLsync;
        -:  166:struct _cl_context;
        -:  167:struct _cl_event;
        -:  168:typedef void (APIENTRY *GLDEBUGPROC)(GLenum source,GLenum type,GLuint id,GLenum severity,GLsizei length,const GLchar *message,const void *userParam);
        -:  169:typedef void (APIENTRY *GLDEBUGPROCARB)(GLenum source,GLenum type,GLuint id,GLenum severity,GLsizei length,const GLchar *message,const void *userParam);
        -:  170:typedef void (APIENTRY *GLDEBUGPROCKHR)(GLenum source,GLenum type,GLuint id,GLenum severity,GLsizei length,const GLchar *message,const void *userParam);
        -:  171:typedef void (APIENTRY *GLDEBUGPROCAMD)(GLuint id,GLenum category,GLenum severity,GLsizei length,const GLchar *message,void *userParam);
        -:  172:typedef unsigned short GLhalfNV;
        -:  173:typedef GLintptr GLvdpauSurfaceNV;
        -:  174:#define GL_DEPTH_BUFFER_BIT 0x00000100
        -:  175:#define GL_STENCIL_BUFFER_BIT 0x00000400
        -:  176:#define GL_COLOR_BUFFER_BIT 0x00004000
        -:  177:#define GL_FALSE 0
        -:  178:#define GL_TRUE 1
        -:  179:#define GL_POINTS 0x0000
        -:  180:#define GL_LINES 0x0001
        -:  181:#define GL_LINE_LOOP 0x0002
        -:  182:#define GL_LINE_STRIP 0x0003
        -:  183:#define GL_TRIANGLES 0x0004
        -:  184:#define GL_TRIANGLE_STRIP 0x0005
        -:  185:#define GL_TRIANGLE_FAN 0x0006
        -:  186:#define GL_NEVER 0x0200
        -:  187:#define GL_LESS 0x0201
        -:  188:#define GL_EQUAL 0x0202
        -:  189:#define GL_LEQUAL 0x0203
        -:  190:#define GL_GREATER 0x0204
        -:  191:#define GL_NOTEQUAL 0x0205
        -:  192:#define GL_GEQUAL 0x0206
        -:  193:#define GL_ALWAYS 0x0207
        -:  194:#define GL_ZERO 0
        -:  195:#define GL_ONE 1
        -:  196:#define GL_SRC_COLOR 0x0300
        -:  197:#define GL_ONE_MINUS_SRC_COLOR 0x0301
        -:  198:#define GL_SRC_ALPHA 0x0302
        -:  199:#define GL_ONE_MINUS_SRC_ALPHA 0x0303
        -:  200:#define GL_DST_ALPHA 0x0304
        -:  201:#define GL_ONE_MINUS_DST_ALPHA 0x0305
        -:  202:#define GL_DST_COLOR 0x0306
        -:  203:#define GL_ONE_MINUS_DST_COLOR 0x0307
        -:  204:#define GL_SRC_ALPHA_SATURATE 0x0308
        -:  205:#define GL_NONE 0
        -:  206:#define GL_FRONT_LEFT 0x0400
        -:  207:#define GL_FRONT_RIGHT 0x0401
        -:  208:#define GL_BACK_LEFT 0x0402
        -:  209:#define GL_BACK_RIGHT 0x0403
        -:  210:#define GL_FRONT 0x0404
        -:  211:#define GL_BACK 0x0405
        -:  212:#define GL_LEFT 0x0406
        -:  213:#define GL_RIGHT 0x0407
        -:  214:#define GL_FRONT_AND_BACK 0x0408
        -:  215:#define GL_NO_ERROR 0
        -:  216:#define GL_INVALID_ENUM 0x0500
        -:  217:#define GL_INVALID_VALUE 0x0501
        -:  218:#define GL_INVALID_OPERATION 0x0502
        -:  219:#define GL_OUT_OF_MEMORY 0x0505
        -:  220:#define GL_CW 0x0900
        -:  221:#define GL_CCW 0x0901
        -:  222:#define GL_POINT_SIZE 0x0B11
        -:  223:#define GL_POINT_SIZE_RANGE 0x0B12
        -:  224:#define GL_POINT_SIZE_GRANULARITY 0x0B13
        -:  225:#define GL_LINE_SMOOTH 0x0B20
        -:  226:#define GL_LINE_WIDTH 0x0B21
        -:  227:#define GL_LINE_WIDTH_RANGE 0x0B22
        -:  228:#define GL_LINE_WIDTH_GRANULARITY 0x0B23
        -:  229:#define GL_POLYGON_MODE 0x0B40
        -:  230:#define GL_POLYGON_SMOOTH 0x0B41
        -:  231:#define GL_CULL_FACE 0x0B44
        -:  232:#define GL_CULL_FACE_MODE 0x0B45
        -:  233:#define GL_FRONT_FACE 0x0B46
        -:  234:#define GL_DEPTH_RANGE 0x0B70
        -:  235:#define GL_DEPTH_TEST 0x0B71
        -:  236:#define GL_DEPTH_WRITEMASK 0x0B72
        -:  237:#define GL_DEPTH_CLEAR_VALUE 0x0B73
        -:  238:#define GL_DEPTH_FUNC 0x0B74
        -:  239:#define GL_STENCIL_TEST 0x0B90
        -:  240:#define GL_STENCIL_CLEAR_VALUE 0x0B91
        -:  241:#define GL_STENCIL_FUNC 0x0B92
        -:  242:#define GL_STENCIL_VALUE_MASK 0x0B93
        -:  243:#define GL_STENCIL_FAIL 0x0B94
        -:  244:#define GL_STENCIL_PASS_DEPTH_FAIL 0x0B95
        -:  245:#define GL_STENCIL_PASS_DEPTH_PASS 0x0B96
        -:  246:#define GL_STENCIL_REF 0x0B97
        -:  247:#define GL_STENCIL_WRITEMASK 0x0B98
        -:  248:#define GL_VIEWPORT 0x0BA2
        -:  249:#define GL_DITHER 0x0BD0
        -:  250:#define GL_BLEND_DST 0x0BE0
        -:  251:#define GL_BLEND_SRC 0x0BE1
        -:  252:#define GL_BLEND 0x0BE2
        -:  253:#define GL_LOGIC_OP_MODE 0x0BF0
        -:  254:#define GL_COLOR_LOGIC_OP 0x0BF2
        -:  255:#define GL_DRAW_BUFFER 0x0C01
        -:  256:#define GL_READ_BUFFER 0x0C02
        -:  257:#define GL_SCISSOR_BOX 0x0C10
        -:  258:#define GL_SCISSOR_TEST 0x0C11
        -:  259:#define GL_COLOR_CLEAR_VALUE 0x0C22
        -:  260:#define GL_COLOR_WRITEMASK 0x0C23
        -:  261:#define GL_DOUBLEBUFFER 0x0C32
        -:  262:#define GL_STEREO 0x0C33
        -:  263:#define GL_LINE_SMOOTH_HINT 0x0C52
        -:  264:#define GL_POLYGON_SMOOTH_HINT 0x0C53
        -:  265:#define GL_UNPACK_SWAP_BYTES 0x0CF0
        -:  266:#define GL_UNPACK_LSB_FIRST 0x0CF1
        -:  267:#define GL_UNPACK_ROW_LENGTH 0x0CF2
        -:  268:#define GL_UNPACK_SKIP_ROWS 0x0CF3
        -:  269:#define GL_UNPACK_SKIP_PIXELS 0x0CF4
        -:  270:#define GL_UNPACK_ALIGNMENT 0x0CF5
        -:  271:#define GL_PACK_SWAP_BYTES 0x0D00
        -:  272:#define GL_PACK_LSB_FIRST 0x0D01
        -:  273:#define GL_PACK_ROW_LENGTH 0x0D02
        -:  274:#define GL_PACK_SKIP_ROWS 0x0D03
        -:  275:#define GL_PACK_SKIP_PIXELS 0x0D04
        -:  276:#define GL_PACK_ALIGNMENT 0x0D05
        -:  277:#define GL_MAX_TEXTURE_SIZE 0x0D33
        -:  278:#define GL_MAX_VIEWPORT_DIMS 0x0D3A
        -:  279:#define GL_SUBPIXEL_BITS 0x0D50
        -:  280:#define GL_TEXTURE_1D 0x0DE0
        -:  281:#define GL_TEXTURE_2D 0x0DE1
        -:  282:#define GL_POLYGON_OFFSET_UNITS 0x2A00
        -:  283:#define GL_POLYGON_OFFSET_POINT 0x2A01
        -:  284:#define GL_POLYGON_OFFSET_LINE 0x2A02
        -:  285:#define GL_POLYGON_OFFSET_FILL 0x8037
        -:  286:#define GL_POLYGON_OFFSET_FACTOR 0x8038
        -:  287:#define GL_TEXTURE_BINDING_1D 0x8068
        -:  288:#define GL_TEXTURE_BINDING_2D 0x8069
        -:  289:#define GL_TEXTURE_WIDTH 0x1000
        -:  290:#define GL_TEXTURE_HEIGHT 0x1001
        -:  291:#define GL_TEXTURE_INTERNAL_FORMAT 0x1003
        -:  292:#define GL_TEXTURE_BORDER_COLOR 0x1004
        -:  293:#define GL_TEXTURE_RED_SIZE 0x805C
        -:  294:#define GL_TEXTURE_GREEN_SIZE 0x805D
        -:  295:#define GL_TEXTURE_BLUE_SIZE 0x805E
        -:  296:#define GL_TEXTURE_ALPHA_SIZE 0x805F
        -:  297:#define GL_DONT_CARE 0x1100
        -:  298:#define GL_FASTEST 0x1101
        -:  299:#define GL_NICEST 0x1102
        -:  300:#define GL_BYTE 0x1400
        -:  301:#define GL_UNSIGNED_BYTE 0x1401
        -:  302:#define GL_SHORT 0x1402
        -:  303:#define GL_UNSIGNED_SHORT 0x1403
        -:  304:#define GL_INT 0x1404
        -:  305:#define GL_UNSIGNED_INT 0x1405
        -:  306:#define GL_FLOAT 0x1406
        -:  307:#define GL_DOUBLE 0x140A
        -:  308:#define GL_CLEAR 0x1500
        -:  309:#define GL_AND 0x1501
        -:  310:#define GL_AND_REVERSE 0x1502
        -:  311:#define GL_COPY 0x1503
        -:  312:#define GL_AND_INVERTED 0x1504
        -:  313:#define GL_NOOP 0x1505
        -:  314:#define GL_XOR 0x1506
        -:  315:#define GL_OR 0x1507
        -:  316:#define GL_NOR 0x1508
        -:  317:#define GL_EQUIV 0x1509
        -:  318:#define GL_INVERT 0x150A
        -:  319:#define GL_OR_REVERSE 0x150B
        -:  320:#define GL_COPY_INVERTED 0x150C
        -:  321:#define GL_OR_INVERTED 0x150D
        -:  322:#define GL_NAND 0x150E
        -:  323:#define GL_SET 0x150F
        -:  324:#define GL_TEXTURE 0x1702
        -:  325:#define GL_COLOR 0x1800
        -:  326:#define GL_DEPTH 0x1801
        -:  327:#define GL_STENCIL 0x1802
        -:  328:#define GL_STENCIL_INDEX 0x1901
        -:  329:#define GL_DEPTH_COMPONENT 0x1902
        -:  330:#define GL_RED 0x1903
        -:  331:#define GL_GREEN 0x1904
        -:  332:#define GL_BLUE 0x1905
        -:  333:#define GL_ALPHA 0x1906
        -:  334:#define GL_RGB 0x1907
        -:  335:#define GL_RGBA 0x1908
        -:  336:#define GL_POINT 0x1B00
        -:  337:#define GL_LINE 0x1B01
        -:  338:#define GL_FILL 0x1B02
        -:  339:#define GL_KEEP 0x1E00
        -:  340:#define GL_REPLACE 0x1E01
        -:  341:#define GL_INCR 0x1E02
        -:  342:#define GL_DECR 0x1E03
        -:  343:#define GL_VENDOR 0x1F00
        -:  344:#define GL_RENDERER 0x1F01
        -:  345:#define GL_VERSION 0x1F02
        -:  346:#define GL_EXTENSIONS 0x1F03
        -:  347:#define GL_NEAREST 0x2600
        -:  348:#define GL_LINEAR 0x2601
        -:  349:#define GL_NEAREST_MIPMAP_NEAREST 0x2700
        -:  350:#define GL_LINEAR_MIPMAP_NEAREST 0x2701
        -:  351:#define GL_NEAREST_MIPMAP_LINEAR 0x2702
        -:  352:#define GL_LINEAR_MIPMAP_LINEAR 0x2703
        -:  353:#define GL_TEXTURE_MAG_FILTER 0x2800
        -:  354:#define GL_TEXTURE_MIN_FILTER 0x2801
        -:  355:#define GL_TEXTURE_WRAP_S 0x2802
        -:  356:#define GL_TEXTURE_WRAP_T 0x2803
        -:  357:#define GL_PROXY_TEXTURE_1D 0x8063
        -:  358:#define GL_PROXY_TEXTURE_2D 0x8064
        -:  359:#define GL_REPEAT 0x2901
        -:  360:#define GL_R3_G3_B2 0x2A10
        -:  361:#define GL_RGB4 0x804F
        -:  362:#define GL_RGB5 0x8050
        -:  363:#define GL_RGB8 0x8051
        -:  364:#define GL_RGB10 0x8052
        -:  365:#define GL_RGB12 0x8053
        -:  366:#define GL_RGB16 0x8054
        -:  367:#define GL_RGBA2 0x8055
        -:  368:#define GL_RGBA4 0x8056
        -:  369:#define GL_RGB5_A1 0x8057
        -:  370:#define GL_RGBA8 0x8058
        -:  371:#define GL_RGB10_A2 0x8059
        -:  372:#define GL_RGBA12 0x805A
        -:  373:#define GL_RGBA16 0x805B
        -:  374:#define GL_UNSIGNED_BYTE_3_3_2 0x8032
        -:  375:#define GL_UNSIGNED_SHORT_4_4_4_4 0x8033
        -:  376:#define GL_UNSIGNED_SHORT_5_5_5_1 0x8034
        -:  377:#define GL_UNSIGNED_INT_8_8_8_8 0x8035
        -:  378:#define GL_UNSIGNED_INT_10_10_10_2 0x8036
        -:  379:#define GL_TEXTURE_BINDING_3D 0x806A
        -:  380:#define GL_PACK_SKIP_IMAGES 0x806B
        -:  381:#define GL_PACK_IMAGE_HEIGHT 0x806C
        -:  382:#define GL_UNPACK_SKIP_IMAGES 0x806D
        -:  383:#define GL_UNPACK_IMAGE_HEIGHT 0x806E
        -:  384:#define GL_TEXTURE_3D 0x806F
        -:  385:#define GL_PROXY_TEXTURE_3D 0x8070
        -:  386:#define GL_TEXTURE_DEPTH 0x8071
        -:  387:#define GL_TEXTURE_WRAP_R 0x8072
        -:  388:#define GL_MAX_3D_TEXTURE_SIZE 0x8073
        -:  389:#define GL_UNSIGNED_BYTE_2_3_3_REV 0x8362
        -:  390:#define GL_UNSIGNED_SHORT_5_6_5 0x8363
        -:  391:#define GL_UNSIGNED_SHORT_5_6_5_REV 0x8364
        -:  392:#define GL_UNSIGNED_SHORT_4_4_4_4_REV 0x8365
        -:  393:#define GL_UNSIGNED_SHORT_1_5_5_5_REV 0x8366
        -:  394:#define GL_UNSIGNED_INT_8_8_8_8_REV 0x8367
        -:  395:#define GL_UNSIGNED_INT_2_10_10_10_REV 0x8368
        -:  396:#define GL_BGR 0x80E0
        -:  397:#define GL_BGRA 0x80E1
        -:  398:#define GL_MAX_ELEMENTS_VERTICES 0x80E8
        -:  399:#define GL_MAX_ELEMENTS_INDICES 0x80E9
        -:  400:#define GL_CLAMP_TO_EDGE 0x812F
        -:  401:#define GL_TEXTURE_MIN_LOD 0x813A
        -:  402:#define GL_TEXTURE_MAX_LOD 0x813B
        -:  403:#define GL_TEXTURE_BASE_LEVEL 0x813C
        -:  404:#define GL_TEXTURE_MAX_LEVEL 0x813D
        -:  405:#define GL_SMOOTH_POINT_SIZE_RANGE 0x0B12
        -:  406:#define GL_SMOOTH_POINT_SIZE_GRANULARITY 0x0B13
        -:  407:#define GL_SMOOTH_LINE_WIDTH_RANGE 0x0B22
        -:  408:#define GL_SMOOTH_LINE_WIDTH_GRANULARITY 0x0B23
        -:  409:#define GL_ALIASED_LINE_WIDTH_RANGE 0x846E
        -:  410:#define GL_TEXTURE0 0x84C0
        -:  411:#define GL_TEXTURE1 0x84C1
        -:  412:#define GL_TEXTURE2 0x84C2
        -:  413:#define GL_TEXTURE3 0x84C3
        -:  414:#define GL_TEXTURE4 0x84C4
        -:  415:#define GL_TEXTURE5 0x84C5
        -:  416:#define GL_TEXTURE6 0x84C6
        -:  417:#define GL_TEXTURE7 0x84C7
        -:  418:#define GL_TEXTURE8 0x84C8
        -:  419:#define GL_TEXTURE9 0x84C9
        -:  420:#define GL_TEXTURE10 0x84CA
        -:  421:#define GL_TEXTURE11 0x84CB
        -:  422:#define GL_TEXTURE12 0x84CC
        -:  423:#define GL_TEXTURE13 0x84CD
        -:  424:#define GL_TEXTURE14 0x84CE
        -:  425:#define GL_TEXTURE15 0x84CF
        -:  426:#define GL_TEXTURE16 0x84D0
        -:  427:#define GL_TEXTURE17 0x84D1
        -:  428:#define GL_TEXTURE18 0x84D2
        -:  429:#define GL_TEXTURE19 0x84D3
        -:  430:#define GL_TEXTURE20 0x84D4
        -:  431:#define GL_TEXTURE21 0x84D5
        -:  432:#define GL_TEXTURE22 0x84D6
        -:  433:#define GL_TEXTURE23 0x84D7
        -:  434:#define GL_TEXTURE24 0x84D8
        -:  435:#define GL_TEXTURE25 0x84D9
        -:  436:#define GL_TEXTURE26 0x84DA
        -:  437:#define GL_TEXTURE27 0x84DB
        -:  438:#define GL_TEXTURE28 0x84DC
        -:  439:#define GL_TEXTURE29 0x84DD
        -:  440:#define GL_TEXTURE30 0x84DE
        -:  441:#define GL_TEXTURE31 0x84DF
        -:  442:#define GL_ACTIVE_TEXTURE 0x84E0
        -:  443:#define GL_MULTISAMPLE 0x809D
        -:  444:#define GL_SAMPLE_ALPHA_TO_COVERAGE 0x809E
        -:  445:#define GL_SAMPLE_ALPHA_TO_ONE 0x809F
        -:  446:#define GL_SAMPLE_COVERAGE 0x80A0
        -:  447:#define GL_SAMPLE_BUFFERS 0x80A8
        -:  448:#define GL_SAMPLES 0x80A9
        -:  449:#define GL_SAMPLE_COVERAGE_VALUE 0x80AA
        -:  450:#define GL_SAMPLE_COVERAGE_INVERT 0x80AB
        -:  451:#define GL_TEXTURE_CUBE_MAP 0x8513
        -:  452:#define GL_TEXTURE_BINDING_CUBE_MAP 0x8514
        -:  453:#define GL_TEXTURE_CUBE_MAP_POSITIVE_X 0x8515
        -:  454:#define GL_TEXTURE_CUBE_MAP_NEGATIVE_X 0x8516
        -:  455:#define GL_TEXTURE_CUBE_MAP_POSITIVE_Y 0x8517
        -:  456:#define GL_TEXTURE_CUBE_MAP_NEGATIVE_Y 0x8518
        -:  457:#define GL_TEXTURE_CUBE_MAP_POSITIVE_Z 0x8519
        -:  458:#define GL_TEXTURE_CUBE_MAP_NEGATIVE_Z 0x851A
        -:  459:#define GL_PROXY_TEXTURE_CUBE_MAP 0x851B
        -:  460:#define GL_MAX_CUBE_MAP_TEXTURE_SIZE 0x851C
        -:  461:#define GL_COMPRESSED_RGB 0x84ED
        -:  462:#define GL_COMPRESSED_RGBA 0x84EE
        -:  463:#define GL_TEXTURE_COMPRESSION_HINT 0x84EF
        -:  464:#define GL_TEXTURE_COMPRESSED_IMAGE_SIZE 0x86A0
        -:  465:#define GL_TEXTURE_COMPRESSED 0x86A1
        -:  466:#define GL_NUM_COMPRESSED_TEXTURE_FORMATS 0x86A2
        -:  467:#define GL_COMPRESSED_TEXTURE_FORMATS 0x86A3
        -:  468:#define GL_CLAMP_TO_BORDER 0x812D
        -:  469:#define GL_BLEND_DST_RGB 0x80C8
        -:  470:#define GL_BLEND_SRC_RGB 0x80C9
        -:  471:#define GL_BLEND_DST_ALPHA 0x80CA
        -:  472:#define GL_BLEND_SRC_ALPHA 0x80CB
        -:  473:#define GL_POINT_FADE_THRESHOLD_SIZE 0x8128
        -:  474:#define GL_DEPTH_COMPONENT16 0x81A5
        -:  475:#define GL_DEPTH_COMPONENT24 0x81A6
        -:  476:#define GL_DEPTH_COMPONENT32 0x81A7
        -:  477:#define GL_MIRRORED_REPEAT 0x8370
        -:  478:#define GL_MAX_TEXTURE_LOD_BIAS 0x84FD
        -:  479:#define GL_TEXTURE_LOD_BIAS 0x8501
        -:  480:#define GL_INCR_WRAP 0x8507
        -:  481:#define GL_DECR_WRAP 0x8508
        -:  482:#define GL_TEXTURE_DEPTH_SIZE 0x884A
        -:  483:#define GL_TEXTURE_COMPARE_MODE 0x884C
        -:  484:#define GL_TEXTURE_COMPARE_FUNC 0x884D
        -:  485:#define GL_FUNC_ADD 0x8006
        -:  486:#define GL_FUNC_SUBTRACT 0x800A
        -:  487:#define GL_FUNC_REVERSE_SUBTRACT 0x800B
        -:  488:#define GL_MIN 0x8007
        -:  489:#define GL_MAX 0x8008
        -:  490:#define GL_CONSTANT_COLOR 0x8001
        -:  491:#define GL_ONE_MINUS_CONSTANT_COLOR 0x8002
        -:  492:#define GL_CONSTANT_ALPHA 0x8003
        -:  493:#define GL_ONE_MINUS_CONSTANT_ALPHA 0x8004
        -:  494:#define GL_BUFFER_SIZE 0x8764
        -:  495:#define GL_BUFFER_USAGE 0x8765
        -:  496:#define GL_QUERY_COUNTER_BITS 0x8864
        -:  497:#define GL_CURRENT_QUERY 0x8865
        -:  498:#define GL_QUERY_RESULT 0x8866
        -:  499:#define GL_QUERY_RESULT_AVAILABLE 0x8867
        -:  500:#define GL_ARRAY_BUFFER 0x8892
        -:  501:#define GL_ELEMENT_ARRAY_BUFFER 0x8893
        -:  502:#define GL_ARRAY_BUFFER_BINDING 0x8894
        -:  503:#define GL_ELEMENT_ARRAY_BUFFER_BINDING 0x8895
        -:  504:#define GL_VERTEX_ATTRIB_ARRAY_BUFFER_BINDING 0x889F
        -:  505:#define GL_READ_ONLY 0x88B8
        -:  506:#define GL_WRITE_ONLY 0x88B9
        -:  507:#define GL_READ_WRITE 0x88BA
        -:  508:#define GL_BUFFER_ACCESS 0x88BB
        -:  509:#define GL_BUFFER_MAPPED 0x88BC
        -:  510:#define GL_BUFFER_MAP_POINTER 0x88BD
        -:  511:#define GL_STREAM_DRAW 0x88E0
        -:  512:#define GL_STREAM_READ 0x88E1
        -:  513:#define GL_STREAM_COPY 0x88E2
        -:  514:#define GL_STATIC_DRAW 0x88E4
        -:  515:#define GL_STATIC_READ 0x88E5
        -:  516:#define GL_STATIC_COPY 0x88E6
        -:  517:#define GL_DYNAMIC_DRAW 0x88E8
        -:  518:#define GL_DYNAMIC_READ 0x88E9
        -:  519:#define GL_DYNAMIC_COPY 0x88EA
        -:  520:#define GL_SAMPLES_PASSED 0x8914
        -:  521:#define GL_SRC1_ALPHA 0x8589
        -:  522:#define GL_BLEND_EQUATION_RGB 0x8009
        -:  523:#define GL_VERTEX_ATTRIB_ARRAY_ENABLED 0x8622
        -:  524:#define GL_VERTEX_ATTRIB_ARRAY_SIZE 0x8623
        -:  525:#define GL_VERTEX_ATTRIB_ARRAY_STRIDE 0x8624
        -:  526:#define GL_VERTEX_ATTRIB_ARRAY_TYPE 0x8625
        -:  527:#define GL_CURRENT_VERTEX_ATTRIB 0x8626
        -:  528:#define GL_VERTEX_PROGRAM_POINT_SIZE 0x8642
        -:  529:#define GL_VERTEX_ATTRIB_ARRAY_POINTER 0x8645
        -:  530:#define GL_STENCIL_BACK_FUNC 0x8800
        -:  531:#define GL_STENCIL_BACK_FAIL 0x8801
        -:  532:#define GL_STENCIL_BACK_PASS_DEPTH_FAIL 0x8802
        -:  533:#define GL_STENCIL_BACK_PASS_DEPTH_PASS 0x8803
        -:  534:#define GL_MAX_DRAW_BUFFERS 0x8824
        -:  535:#define GL_DRAW_BUFFER0 0x8825
        -:  536:#define GL_DRAW_BUFFER1 0x8826
        -:  537:#define GL_DRAW_BUFFER2 0x8827
        -:  538:#define GL_DRAW_BUFFER3 0x8828
        -:  539:#define GL_DRAW_BUFFER4 0x8829
        -:  540:#define GL_DRAW_BUFFER5 0x882A
        -:  541:#define GL_DRAW_BUFFER6 0x882B
        -:  542:#define GL_DRAW_BUFFER7 0x882C
        -:  543:#define GL_DRAW_BUFFER8 0x882D
        -:  544:#define GL_DRAW_BUFFER9 0x882E
        -:  545:#define GL_DRAW_BUFFER10 0x882F
        -:  546:#define GL_DRAW_BUFFER11 0x8830
        -:  547:#define GL_DRAW_BUFFER12 0x8831
        -:  548:#define GL_DRAW_BUFFER13 0x8832
        -:  549:#define GL_DRAW_BUFFER14 0x8833
        -:  550:#define GL_DRAW_BUFFER15 0x8834
        -:  551:#define GL_BLEND_EQUATION_ALPHA 0x883D
        -:  552:#define GL_MAX_VERTEX_ATTRIBS 0x8869
        -:  553:#define GL_VERTEX_ATTRIB_ARRAY_NORMALIZED 0x886A
        -:  554:#define GL_MAX_TEXTURE_IMAGE_UNITS 0x8872
        -:  555:#define GL_FRAGMENT_SHADER 0x8B30
        -:  556:#define GL_VERTEX_SHADER 0x8B31
        -:  557:#define GL_MAX_FRAGMENT_UNIFORM_COMPONENTS 0x8B49
        -:  558:#define GL_MAX_VERTEX_UNIFORM_COMPONENTS 0x8B4A
        -:  559:#define GL_MAX_VARYING_FLOATS 0x8B4B
        -:  560:#define GL_MAX_VERTEX_TEXTURE_IMAGE_UNITS 0x8B4C
        -:  561:#define GL_MAX_COMBINED_TEXTURE_IMAGE_UNITS 0x8B4D
        -:  562:#define GL_SHADER_TYPE 0x8B4F
        -:  563:#define GL_FLOAT_VEC2 0x8B50
        -:  564:#define GL_FLOAT_VEC3 0x8B51
        -:  565:#define GL_FLOAT_VEC4 0x8B52
        -:  566:#define GL_INT_VEC2 0x8B53
        -:  567:#define GL_INT_VEC3 0x8B54
        -:  568:#define GL_INT_VEC4 0x8B55
        -:  569:#define GL_BOOL 0x8B56
        -:  570:#define GL_BOOL_VEC2 0x8B57
        -:  571:#define GL_BOOL_VEC3 0x8B58
        -:  572:#define GL_BOOL_VEC4 0x8B59
        -:  573:#define GL_FLOAT_MAT2 0x8B5A
        -:  574:#define GL_FLOAT_MAT3 0x8B5B
        -:  575:#define GL_FLOAT_MAT4 0x8B5C
        -:  576:#define GL_SAMPLER_1D 0x8B5D
        -:  577:#define GL_SAMPLER_2D 0x8B5E
        -:  578:#define GL_SAMPLER_3D 0x8B5F
        -:  579:#define GL_SAMPLER_CUBE 0x8B60
        -:  580:#define GL_SAMPLER_1D_SHADOW 0x8B61
        -:  581:#define GL_SAMPLER_2D_SHADOW 0x8B62
        -:  582:#define GL_DELETE_STATUS 0x8B80
        -:  583:#define GL_COMPILE_STATUS 0x8B81
        -:  584:#define GL_LINK_STATUS 0x8B82
        -:  585:#define GL_VALIDATE_STATUS 0x8B83
        -:  586:#define GL_INFO_LOG_LENGTH 0x8B84
        -:  587:#define GL_ATTACHED_SHADERS 0x8B85
        -:  588:#define GL_ACTIVE_UNIFORMS 0x8B86
        -:  589:#define GL_ACTIVE_UNIFORM_MAX_LENGTH 0x8B87
        -:  590:#define GL_SHADER_SOURCE_LENGTH 0x8B88
        -:  591:#define GL_ACTIVE_ATTRIBUTES 0x8B89
        -:  592:#define GL_ACTIVE_ATTRIBUTE_MAX_LENGTH 0x8B8A
        -:  593:#define GL_FRAGMENT_SHADER_DERIVATIVE_HINT 0x8B8B
        -:  594:#define GL_SHADING_LANGUAGE_VERSION 0x8B8C
        -:  595:#define GL_CURRENT_PROGRAM 0x8B8D
        -:  596:#define GL_POINT_SPRITE_COORD_ORIGIN 0x8CA0
        -:  597:#define GL_LOWER_LEFT 0x8CA1
        -:  598:#define GL_UPPER_LEFT 0x8CA2
        -:  599:#define GL_STENCIL_BACK_REF 0x8CA3
        -:  600:#define GL_STENCIL_BACK_VALUE_MASK 0x8CA4
        -:  601:#define GL_STENCIL_BACK_WRITEMASK 0x8CA5
        -:  602:#define GL_PIXEL_PACK_BUFFER 0x88EB
        -:  603:#define GL_PIXEL_UNPACK_BUFFER 0x88EC
        -:  604:#define GL_PIXEL_PACK_BUFFER_BINDING 0x88ED
        -:  605:#define GL_PIXEL_UNPACK_BUFFER_BINDING 0x88EF
        -:  606:#define GL_FLOAT_MAT2x3 0x8B65
        -:  607:#define GL_FLOAT_MAT2x4 0x8B66
        -:  608:#define GL_FLOAT_MAT3x2 0x8B67
        -:  609:#define GL_FLOAT_MAT3x4 0x8B68
        -:  610:#define GL_FLOAT_MAT4x2 0x8B69
        -:  611:#define GL_FLOAT_MAT4x3 0x8B6A
        -:  612:#define GL_SRGB 0x8C40
        -:  613:#define GL_SRGB8 0x8C41
        -:  614:#define GL_SRGB_ALPHA 0x8C42
        -:  615:#define GL_SRGB8_ALPHA8 0x8C43
        -:  616:#define GL_COMPRESSED_SRGB 0x8C48
        -:  617:#define GL_COMPRESSED_SRGB_ALPHA 0x8C49
        -:  618:#define GL_COMPARE_REF_TO_TEXTURE 0x884E
        -:  619:#define GL_CLIP_DISTANCE0 0x3000
        -:  620:#define GL_CLIP_DISTANCE1 0x3001
        -:  621:#define GL_CLIP_DISTANCE2 0x3002
        -:  622:#define GL_CLIP_DISTANCE3 0x3003
        -:  623:#define GL_CLIP_DISTANCE4 0x3004
        -:  624:#define GL_CLIP_DISTANCE5 0x3005
        -:  625:#define GL_CLIP_DISTANCE6 0x3006
        -:  626:#define GL_CLIP_DISTANCE7 0x3007
        -:  627:#define GL_MAX_CLIP_DISTANCES 0x0D32
        -:  628:#define GL_MAJOR_VERSION 0x821B
        -:  629:#define GL_MINOR_VERSION 0x821C
        -:  630:#define GL_NUM_EXTENSIONS 0x821D
        -:  631:#define GL_CONTEXT_FLAGS 0x821E
        -:  632:#define GL_COMPRESSED_RED 0x8225
        -:  633:#define GL_COMPRESSED_RG 0x8226
        -:  634:#define GL_CONTEXT_FLAG_FORWARD_COMPATIBLE_BIT 0x00000001
        -:  635:#define GL_RGBA32F 0x8814
        -:  636:#define GL_RGB32F 0x8815
        -:  637:#define GL_RGBA16F 0x881A
        -:  638:#define GL_RGB16F 0x881B
        -:  639:#define GL_VERTEX_ATTRIB_ARRAY_INTEGER 0x88FD
        -:  640:#define GL_MAX_ARRAY_TEXTURE_LAYERS 0x88FF
        -:  641:#define GL_MIN_PROGRAM_TEXEL_OFFSET 0x8904
        -:  642:#define GL_MAX_PROGRAM_TEXEL_OFFSET 0x8905
        -:  643:#define GL_CLAMP_READ_COLOR 0x891C
        -:  644:#define GL_FIXED_ONLY 0x891D
        -:  645:#define GL_MAX_VARYING_COMPONENTS 0x8B4B
        -:  646:#define GL_TEXTURE_1D_ARRAY 0x8C18
        -:  647:#define GL_PROXY_TEXTURE_1D_ARRAY 0x8C19
        -:  648:#define GL_TEXTURE_2D_ARRAY 0x8C1A
        -:  649:#define GL_PROXY_TEXTURE_2D_ARRAY 0x8C1B
        -:  650:#define GL_TEXTURE_BINDING_1D_ARRAY 0x8C1C
        -:  651:#define GL_TEXTURE_BINDING_2D_ARRAY 0x8C1D
        -:  652:#define GL_R11F_G11F_B10F 0x8C3A
        -:  653:#define GL_UNSIGNED_INT_10F_11F_11F_REV 0x8C3B
        -:  654:#define GL_RGB9_E5 0x8C3D
        -:  655:#define GL_UNSIGNED_INT_5_9_9_9_REV 0x8C3E
        -:  656:#define GL_TEXTURE_SHARED_SIZE 0x8C3F
        -:  657:#define GL_TRANSFORM_FEEDBACK_VARYING_MAX_LENGTH 0x8C76
        -:  658:#define GL_TRANSFORM_FEEDBACK_BUFFER_MODE 0x8C7F
        -:  659:#define GL_MAX_TRANSFORM_FEEDBACK_SEPARATE_COMPONENTS 0x8C80
        -:  660:#define GL_TRANSFORM_FEEDBACK_VARYINGS 0x8C83
        -:  661:#define GL_TRANSFORM_FEEDBACK_BUFFER_START 0x8C84
        -:  662:#define GL_TRANSFORM_FEEDBACK_BUFFER_SIZE 0x8C85
        -:  663:#define GL_PRIMITIVES_GENERATED 0x8C87
        -:  664:#define GL_TRANSFORM_FEEDBACK_PRIMITIVES_WRITTEN 0x8C88
        -:  665:#define GL_RASTERIZER_DISCARD 0x8C89
        -:  666:#define GL_MAX_TRANSFORM_FEEDBACK_INTERLEAVED_COMPONENTS 0x8C8A
        -:  667:#define GL_MAX_TRANSFORM_FEEDBACK_SEPARATE_ATTRIBS 0x8C8B
        -:  668:#define GL_INTERLEAVED_ATTRIBS 0x8C8C
        -:  669:#define GL_SEPARATE_ATTRIBS 0x8C8D
        -:  670:#define GL_TRANSFORM_FEEDBACK_BUFFER 0x8C8E
        -:  671:#define GL_TRANSFORM_FEEDBACK_BUFFER_BINDING 0x8C8F
        -:  672:#define GL_RGBA32UI 0x8D70
        -:  673:#define GL_RGB32UI 0x8D71
        -:  674:#define GL_RGBA16UI 0x8D76
        -:  675:#define GL_RGB16UI 0x8D77
        -:  676:#define GL_RGBA8UI 0x8D7C
        -:  677:#define GL_RGB8UI 0x8D7D
        -:  678:#define GL_RGBA32I 0x8D82
        -:  679:#define GL_RGB32I 0x8D83
        -:  680:#define GL_RGBA16I 0x8D88
        -:  681:#define GL_RGB16I 0x8D89
        -:  682:#define GL_RGBA8I 0x8D8E
        -:  683:#define GL_RGB8I 0x8D8F
        -:  684:#define GL_RED_INTEGER 0x8D94
        -:  685:#define GL_GREEN_INTEGER 0x8D95
        -:  686:#define GL_BLUE_INTEGER 0x8D96
        -:  687:#define GL_RGB_INTEGER 0x8D98
        -:  688:#define GL_RGBA_INTEGER 0x8D99
        -:  689:#define GL_BGR_INTEGER 0x8D9A
        -:  690:#define GL_BGRA_INTEGER 0x8D9B
        -:  691:#define GL_SAMPLER_1D_ARRAY 0x8DC0
        -:  692:#define GL_SAMPLER_2D_ARRAY 0x8DC1
        -:  693:#define GL_SAMPLER_1D_ARRAY_SHADOW 0x8DC3
        -:  694:#define GL_SAMPLER_2D_ARRAY_SHADOW 0x8DC4
        -:  695:#define GL_SAMPLER_CUBE_SHADOW 0x8DC5
        -:  696:#define GL_UNSIGNED_INT_VEC2 0x8DC6
        -:  697:#define GL_UNSIGNED_INT_VEC3 0x8DC7
        -:  698:#define GL_UNSIGNED_INT_VEC4 0x8DC8
        -:  699:#define GL_INT_SAMPLER_1D 0x8DC9
        -:  700:#define GL_INT_SAMPLER_2D 0x8DCA
        -:  701:#define GL_INT_SAMPLER_3D 0x8DCB
        -:  702:#define GL_INT_SAMPLER_CUBE 0x8DCC
        -:  703:#define GL_INT_SAMPLER_1D_ARRAY 0x8DCE
        -:  704:#define GL_INT_SAMPLER_2D_ARRAY 0x8DCF
        -:  705:#define GL_UNSIGNED_INT_SAMPLER_1D 0x8DD1
        -:  706:#define GL_UNSIGNED_INT_SAMPLER_2D 0x8DD2
        -:  707:#define GL_UNSIGNED_INT_SAMPLER_3D 0x8DD3
        -:  708:#define GL_UNSIGNED_INT_SAMPLER_CUBE 0x8DD4
        -:  709:#define GL_UNSIGNED_INT_SAMPLER_1D_ARRAY 0x8DD6
        -:  710:#define GL_UNSIGNED_INT_SAMPLER_2D_ARRAY 0x8DD7
        -:  711:#define GL_QUERY_WAIT 0x8E13
        -:  712:#define GL_QUERY_NO_WAIT 0x8E14
        -:  713:#define GL_QUERY_BY_REGION_WAIT 0x8E15
        -:  714:#define GL_QUERY_BY_REGION_NO_WAIT 0x8E16
        -:  715:#define GL_BUFFER_ACCESS_FLAGS 0x911F
        -:  716:#define GL_BUFFER_MAP_LENGTH 0x9120
        -:  717:#define GL_BUFFER_MAP_OFFSET 0x9121
        -:  718:#define GL_DEPTH_COMPONENT32F 0x8CAC
        -:  719:#define GL_DEPTH32F_STENCIL8 0x8CAD
        -:  720:#define GL_FLOAT_32_UNSIGNED_INT_24_8_REV 0x8DAD
        -:  721:#define GL_INVALID_FRAMEBUFFER_OPERATION 0x0506
        -:  722:#define GL_FRAMEBUFFER_ATTACHMENT_COLOR_ENCODING 0x8210
        -:  723:#define GL_FRAMEBUFFER_ATTACHMENT_COMPONENT_TYPE 0x8211
        -:  724:#define GL_FRAMEBUFFER_ATTACHMENT_RED_SIZE 0x8212
        -:  725:#define GL_FRAMEBUFFER_ATTACHMENT_GREEN_SIZE 0x8213
        -:  726:#define GL_FRAMEBUFFER_ATTACHMENT_BLUE_SIZE 0x8214
        -:  727:#define GL_FRAMEBUFFER_ATTACHMENT_ALPHA_SIZE 0x8215
        -:  728:#define GL_FRAMEBUFFER_ATTACHMENT_DEPTH_SIZE 0x8216
        -:  729:#define GL_FRAMEBUFFER_ATTACHMENT_STENCIL_SIZE 0x8217
        -:  730:#define GL_FRAMEBUFFER_DEFAULT 0x8218
        -:  731:#define GL_FRAMEBUFFER_UNDEFINED 0x8219
        -:  732:#define GL_DEPTH_STENCIL_ATTACHMENT 0x821A
        -:  733:#define GL_MAX_RENDERBUFFER_SIZE 0x84E8
        -:  734:#define GL_DEPTH_STENCIL 0x84F9
        -:  735:#define GL_UNSIGNED_INT_24_8 0x84FA
        -:  736:#define GL_DEPTH24_STENCIL8 0x88F0
        -:  737:#define GL_TEXTURE_STENCIL_SIZE 0x88F1
        -:  738:#define GL_TEXTURE_RED_TYPE 0x8C10
        -:  739:#define GL_TEXTURE_GREEN_TYPE 0x8C11
        -:  740:#define GL_TEXTURE_BLUE_TYPE 0x8C12
        -:  741:#define GL_TEXTURE_ALPHA_TYPE 0x8C13
        -:  742:#define GL_TEXTURE_DEPTH_TYPE 0x8C16
        -:  743:#define GL_UNSIGNED_NORMALIZED 0x8C17
        -:  744:#define GL_FRAMEBUFFER_BINDING 0x8CA6
        -:  745:#define GL_DRAW_FRAMEBUFFER_BINDING 0x8CA6
        -:  746:#define GL_RENDERBUFFER_BINDING 0x8CA7
        -:  747:#define GL_READ_FRAMEBUFFER 0x8CA8
        -:  748:#define GL_DRAW_FRAMEBUFFER 0x8CA9
        -:  749:#define GL_READ_FRAMEBUFFER_BINDING 0x8CAA
        -:  750:#define GL_RENDERBUFFER_SAMPLES 0x8CAB
        -:  751:#define GL_FRAMEBUFFER_ATTACHMENT_OBJECT_TYPE 0x8CD0
        -:  752:#define GL_FRAMEBUFFER_ATTACHMENT_OBJECT_NAME 0x8CD1
        -:  753:#define GL_FRAMEBUFFER_ATTACHMENT_TEXTURE_LEVEL 0x8CD2
        -:  754:#define GL_FRAMEBUFFER_ATTACHMENT_TEXTURE_CUBE_MAP_FACE 0x8CD3
        -:  755:#define GL_FRAMEBUFFER_ATTACHMENT_TEXTURE_LAYER 0x8CD4
        -:  756:#define GL_FRAMEBUFFER_COMPLETE 0x8CD5
        -:  757:#define GL_FRAMEBUFFER_INCOMPLETE_ATTACHMENT 0x8CD6
        -:  758:#define GL_FRAMEBUFFER_INCOMPLETE_MISSING_ATTACHMENT 0x8CD7
        -:  759:#define GL_FRAMEBUFFER_INCOMPLETE_DRAW_BUFFER 0x8CDB
        -:  760:#define GL_FRAMEBUFFER_INCOMPLETE_READ_BUFFER 0x8CDC
        -:  761:#define GL_FRAMEBUFFER_UNSUPPORTED 0x8CDD
        -:  762:#define GL_MAX_COLOR_ATTACHMENTS 0x8CDF
        -:  763:#define GL_COLOR_ATTACHMENT0 0x8CE0
        -:  764:#define GL_COLOR_ATTACHMENT1 0x8CE1
        -:  765:#define GL_COLOR_ATTACHMENT2 0x8CE2
        -:  766:#define GL_COLOR_ATTACHMENT3 0x8CE3
        -:  767:#define GL_COLOR_ATTACHMENT4 0x8CE4
        -:  768:#define GL_COLOR_ATTACHMENT5 0x8CE5
        -:  769:#define GL_COLOR_ATTACHMENT6 0x8CE6
        -:  770:#define GL_COLOR_ATTACHMENT7 0x8CE7
        -:  771:#define GL_COLOR_ATTACHMENT8 0x8CE8
        -:  772:#define GL_COLOR_ATTACHMENT9 0x8CE9
        -:  773:#define GL_COLOR_ATTACHMENT10 0x8CEA
        -:  774:#define GL_COLOR_ATTACHMENT11 0x8CEB
        -:  775:#define GL_COLOR_ATTACHMENT12 0x8CEC
        -:  776:#define GL_COLOR_ATTACHMENT13 0x8CED
        -:  777:#define GL_COLOR_ATTACHMENT14 0x8CEE
        -:  778:#define GL_COLOR_ATTACHMENT15 0x8CEF
        -:  779:#define GL_COLOR_ATTACHMENT16 0x8CF0
        -:  780:#define GL_COLOR_ATTACHMENT17 0x8CF1
        -:  781:#define GL_COLOR_ATTACHMENT18 0x8CF2
        -:  782:#define GL_COLOR_ATTACHMENT19 0x8CF3
        -:  783:#define GL_COLOR_ATTACHMENT20 0x8CF4
        -:  784:#define GL_COLOR_ATTACHMENT21 0x8CF5
        -:  785:#define GL_COLOR_ATTACHMENT22 0x8CF6
        -:  786:#define GL_COLOR_ATTACHMENT23 0x8CF7
        -:  787:#define GL_COLOR_ATTACHMENT24 0x8CF8
        -:  788:#define GL_COLOR_ATTACHMENT25 0x8CF9
        -:  789:#define GL_COLOR_ATTACHMENT26 0x8CFA
        -:  790:#define GL_COLOR_ATTACHMENT27 0x8CFB
        -:  791:#define GL_COLOR_ATTACHMENT28 0x8CFC
        -:  792:#define GL_COLOR_ATTACHMENT29 0x8CFD
        -:  793:#define GL_COLOR_ATTACHMENT30 0x8CFE
        -:  794:#define GL_COLOR_ATTACHMENT31 0x8CFF
        -:  795:#define GL_DEPTH_ATTACHMENT 0x8D00
        -:  796:#define GL_STENCIL_ATTACHMENT 0x8D20
        -:  797:#define GL_FRAMEBUFFER 0x8D40
        -:  798:#define GL_RENDERBUFFER 0x8D41
        -:  799:#define GL_RENDERBUFFER_WIDTH 0x8D42
        -:  800:#define GL_RENDERBUFFER_HEIGHT 0x8D43
        -:  801:#define GL_RENDERBUFFER_INTERNAL_FORMAT 0x8D44
        -:  802:#define GL_STENCIL_INDEX1 0x8D46
        -:  803:#define GL_STENCIL_INDEX4 0x8D47
        -:  804:#define GL_STENCIL_INDEX8 0x8D48
        -:  805:#define GL_STENCIL_INDEX16 0x8D49
        -:  806:#define GL_RENDERBUFFER_RED_SIZE 0x8D50
        -:  807:#define GL_RENDERBUFFER_GREEN_SIZE 0x8D51
        -:  808:#define GL_RENDERBUFFER_BLUE_SIZE 0x8D52
        -:  809:#define GL_RENDERBUFFER_ALPHA_SIZE 0x8D53
        -:  810:#define GL_RENDERBUFFER_DEPTH_SIZE 0x8D54
        -:  811:#define GL_RENDERBUFFER_STENCIL_SIZE 0x8D55
        -:  812:#define GL_FRAMEBUFFER_INCOMPLETE_MULTISAMPLE 0x8D56
        -:  813:#define GL_MAX_SAMPLES 0x8D57
        -:  814:#define GL_INDEX 0x8222
        -:  815:#define GL_FRAMEBUFFER_SRGB 0x8DB9
        -:  816:#define GL_HALF_FLOAT 0x140B
        -:  817:#define GL_MAP_READ_BIT 0x0001
        -:  818:#define GL_MAP_WRITE_BIT 0x0002
        -:  819:#define GL_MAP_INVALIDATE_RANGE_BIT 0x0004
        -:  820:#define GL_MAP_INVALIDATE_BUFFER_BIT 0x0008
        -:  821:#define GL_MAP_FLUSH_EXPLICIT_BIT 0x0010
        -:  822:#define GL_MAP_UNSYNCHRONIZED_BIT 0x0020
        -:  823:#define GL_COMPRESSED_RED_RGTC1 0x8DBB
        -:  824:#define GL_COMPRESSED_SIGNED_RED_RGTC1 0x8DBC
        -:  825:#define GL_COMPRESSED_RG_RGTC2 0x8DBD
        -:  826:#define GL_COMPRESSED_SIGNED_RG_RGTC2 0x8DBE
        -:  827:#define GL_RG 0x8227
        -:  828:#define GL_RG_INTEGER 0x8228
        -:  829:#define GL_R8 0x8229
        -:  830:#define GL_R16 0x822A
        -:  831:#define GL_RG8 0x822B
        -:  832:#define GL_RG16 0x822C
        -:  833:#define GL_R16F 0x822D
        -:  834:#define GL_R32F 0x822E
        -:  835:#define GL_RG16F 0x822F
        -:  836:#define GL_RG32F 0x8230
        -:  837:#define GL_R8I 0x8231
        -:  838:#define GL_R8UI 0x8232
        -:  839:#define GL_R16I 0x8233
        -:  840:#define GL_R16UI 0x8234
        -:  841:#define GL_R32I 0x8235
        -:  842:#define GL_R32UI 0x8236
        -:  843:#define GL_RG8I 0x8237
        -:  844:#define GL_RG8UI 0x8238
        -:  845:#define GL_RG16I 0x8239
        -:  846:#define GL_RG16UI 0x823A
        -:  847:#define GL_RG32I 0x823B
        -:  848:#define GL_RG32UI 0x823C
        -:  849:#define GL_VERTEX_ARRAY_BINDING 0x85B5
        -:  850:#define GL_SAMPLER_2D_RECT 0x8B63
        -:  851:#define GL_SAMPLER_2D_RECT_SHADOW 0x8B64
        -:  852:#define GL_SAMPLER_BUFFER 0x8DC2
        -:  853:#define GL_INT_SAMPLER_2D_RECT 0x8DCD
        -:  854:#define GL_INT_SAMPLER_BUFFER 0x8DD0
        -:  855:#define GL_UNSIGNED_INT_SAMPLER_2D_RECT 0x8DD5
        -:  856:#define GL_UNSIGNED_INT_SAMPLER_BUFFER 0x8DD8
        -:  857:#define GL_TEXTURE_BUFFER 0x8C2A
        -:  858:#define GL_MAX_TEXTURE_BUFFER_SIZE 0x8C2B
        -:  859:#define GL_TEXTURE_BINDING_BUFFER 0x8C2C
        -:  860:#define GL_TEXTURE_BUFFER_DATA_STORE_BINDING 0x8C2D
        -:  861:#define GL_TEXTURE_RECTANGLE 0x84F5
        -:  862:#define GL_TEXTURE_BINDING_RECTANGLE 0x84F6
        -:  863:#define GL_PROXY_TEXTURE_RECTANGLE 0x84F7
        -:  864:#define GL_MAX_RECTANGLE_TEXTURE_SIZE 0x84F8
        -:  865:#define GL_R8_SNORM 0x8F94
        -:  866:#define GL_RG8_SNORM 0x8F95
        -:  867:#define GL_RGB8_SNORM 0x8F96
        -:  868:#define GL_RGBA8_SNORM 0x8F97
        -:  869:#define GL_R16_SNORM 0x8F98
        -:  870:#define GL_RG16_SNORM 0x8F99
        -:  871:#define GL_RGB16_SNORM 0x8F9A
        -:  872:#define GL_RGBA16_SNORM 0x8F9B
        -:  873:#define GL_SIGNED_NORMALIZED 0x8F9C
        -:  874:#define GL_PRIMITIVE_RESTART 0x8F9D
        -:  875:#define GL_PRIMITIVE_RESTART_INDEX 0x8F9E
        -:  876:#define GL_COPY_READ_BUFFER 0x8F36
        -:  877:#define GL_COPY_WRITE_BUFFER 0x8F37
        -:  878:#define GL_UNIFORM_BUFFER 0x8A11
        -:  879:#define GL_UNIFORM_BUFFER_BINDING 0x8A28
        -:  880:#define GL_UNIFORM_BUFFER_START 0x8A29
        -:  881:#define GL_UNIFORM_BUFFER_SIZE 0x8A2A
        -:  882:#define GL_MAX_VERTEX_UNIFORM_BLOCKS 0x8A2B
        -:  883:#define GL_MAX_GEOMETRY_UNIFORM_BLOCKS 0x8A2C
        -:  884:#define GL_MAX_FRAGMENT_UNIFORM_BLOCKS 0x8A2D
        -:  885:#define GL_MAX_COMBINED_UNIFORM_BLOCKS 0x8A2E
        -:  886:#define GL_MAX_UNIFORM_BUFFER_BINDINGS 0x8A2F
        -:  887:#define GL_MAX_UNIFORM_BLOCK_SIZE 0x8A30
        -:  888:#define GL_MAX_COMBINED_VERTEX_UNIFORM_COMPONENTS 0x8A31
        -:  889:#define GL_MAX_COMBINED_GEOMETRY_UNIFORM_COMPONENTS 0x8A32
        -:  890:#define GL_MAX_COMBINED_FRAGMENT_UNIFORM_COMPONENTS 0x8A33
        -:  891:#define GL_UNIFORM_BUFFER_OFFSET_ALIGNMENT 0x8A34
        -:  892:#define GL_ACTIVE_UNIFORM_BLOCK_MAX_NAME_LENGTH 0x8A35
        -:  893:#define GL_ACTIVE_UNIFORM_BLOCKS 0x8A36
        -:  894:#define GL_UNIFORM_TYPE 0x8A37
        -:  895:#define GL_UNIFORM_SIZE 0x8A38
        -:  896:#define GL_UNIFORM_NAME_LENGTH 0x8A39
        -:  897:#define GL_UNIFORM_BLOCK_INDEX 0x8A3A
        -:  898:#define GL_UNIFORM_OFFSET 0x8A3B
        -:  899:#define GL_UNIFORM_ARRAY_STRIDE 0x8A3C
        -:  900:#define GL_UNIFORM_MATRIX_STRIDE 0x8A3D
        -:  901:#define GL_UNIFORM_IS_ROW_MAJOR 0x8A3E
        -:  902:#define GL_UNIFORM_BLOCK_BINDING 0x8A3F
        -:  903:#define GL_UNIFORM_BLOCK_DATA_SIZE 0x8A40
        -:  904:#define GL_UNIFORM_BLOCK_NAME_LENGTH 0x8A41
        -:  905:#define GL_UNIFORM_BLOCK_ACTIVE_UNIFORMS 0x8A42
        -:  906:#define GL_UNIFORM_BLOCK_ACTIVE_UNIFORM_INDICES 0x8A43
        -:  907:#define GL_UNIFORM_BLOCK_REFERENCED_BY_VERTEX_SHADER 0x8A44
        -:  908:#define GL_UNIFORM_BLOCK_REFERENCED_BY_GEOMETRY_SHADER 0x8A45
        -:  909:#define GL_UNIFORM_BLOCK_REFERENCED_BY_FRAGMENT_SHADER 0x8A46
        -:  910:#define GL_INVALID_INDEX 0xFFFFFFFF
        -:  911:#define GL_CONTEXT_CORE_PROFILE_BIT 0x00000001
        -:  912:#define GL_CONTEXT_COMPATIBILITY_PROFILE_BIT 0x00000002
        -:  913:#define GL_LINES_ADJACENCY 0x000A
        -:  914:#define GL_LINE_STRIP_ADJACENCY 0x000B
        -:  915:#define GL_TRIANGLES_ADJACENCY 0x000C
        -:  916:#define GL_TRIANGLE_STRIP_ADJACENCY 0x000D
        -:  917:#define GL_PROGRAM_POINT_SIZE 0x8642
        -:  918:#define GL_MAX_GEOMETRY_TEXTURE_IMAGE_UNITS 0x8C29
        -:  919:#define GL_FRAMEBUFFER_ATTACHMENT_LAYERED 0x8DA7
        -:  920:#define GL_FRAMEBUFFER_INCOMPLETE_LAYER_TARGETS 0x8DA8
        -:  921:#define GL_GEOMETRY_SHADER 0x8DD9
        -:  922:#define GL_GEOMETRY_VERTICES_OUT 0x8916
        -:  923:#define GL_GEOMETRY_INPUT_TYPE 0x8917
        -:  924:#define GL_GEOMETRY_OUTPUT_TYPE 0x8918
        -:  925:#define GL_MAX_GEOMETRY_UNIFORM_COMPONENTS 0x8DDF
        -:  926:#define GL_MAX_GEOMETRY_OUTPUT_VERTICES 0x8DE0
        -:  927:#define GL_MAX_GEOMETRY_TOTAL_OUTPUT_COMPONENTS 0x8DE1
        -:  928:#define GL_MAX_VERTEX_OUTPUT_COMPONENTS 0x9122
        -:  929:#define GL_MAX_GEOMETRY_INPUT_COMPONENTS 0x9123
        -:  930:#define GL_MAX_GEOMETRY_OUTPUT_COMPONENTS 0x9124
        -:  931:#define GL_MAX_FRAGMENT_INPUT_COMPONENTS 0x9125
        -:  932:#define GL_CONTEXT_PROFILE_MASK 0x9126
        -:  933:#define GL_DEPTH_CLAMP 0x864F
        -:  934:#define GL_QUADS_FOLLOW_PROVOKING_VERTEX_CONVENTION 0x8E4C
        -:  935:#define GL_FIRST_VERTEX_CONVENTION 0x8E4D
        -:  936:#define GL_LAST_VERTEX_CONVENTION 0x8E4E
        -:  937:#define GL_PROVOKING_VERTEX 0x8E4F
        -:  938:#define GL_TEXTURE_CUBE_MAP_SEAMLESS 0x884F
        -:  939:#define GL_MAX_SERVER_WAIT_TIMEOUT 0x9111
        -:  940:#define GL_OBJECT_TYPE 0x9112
        -:  941:#define GL_SYNC_CONDITION 0x9113
        -:  942:#define GL_SYNC_STATUS 0x9114
        -:  943:#define GL_SYNC_FLAGS 0x9115
        -:  944:#define GL_SYNC_FENCE 0x9116
        -:  945:#define GL_SYNC_GPU_COMMANDS_COMPLETE 0x9117
        -:  946:#define GL_UNSIGNALED 0x9118
        -:  947:#define GL_SIGNALED 0x9119
        -:  948:#define GL_ALREADY_SIGNALED 0x911A
        -:  949:#define GL_TIMEOUT_EXPIRED 0x911B
        -:  950:#define GL_CONDITION_SATISFIED 0x911C
        -:  951:#define GL_WAIT_FAILED 0x911D
        -:  952:#define GL_TIMEOUT_IGNORED 0xFFFFFFFFFFFFFFFF
        -:  953:#define GL_SYNC_FLUSH_COMMANDS_BIT 0x00000001
        -:  954:#define GL_SAMPLE_POSITION 0x8E50
        -:  955:#define GL_SAMPLE_MASK 0x8E51
        -:  956:#define GL_SAMPLE_MASK_VALUE 0x8E52
        -:  957:#define GL_MAX_SAMPLE_MASK_WORDS 0x8E59
        -:  958:#define GL_TEXTURE_2D_MULTISAMPLE 0x9100
        -:  959:#define GL_PROXY_TEXTURE_2D_MULTISAMPLE 0x9101
        -:  960:#define GL_TEXTURE_2D_MULTISAMPLE_ARRAY 0x9102
        -:  961:#define GL_PROXY_TEXTURE_2D_MULTISAMPLE_ARRAY 0x9103
        -:  962:#define GL_TEXTURE_BINDING_2D_MULTISAMPLE 0x9104
        -:  963:#define GL_TEXTURE_BINDING_2D_MULTISAMPLE_ARRAY 0x9105
        -:  964:#define GL_TEXTURE_SAMPLES 0x9106
        -:  965:#define GL_TEXTURE_FIXED_SAMPLE_LOCATIONS 0x9107
        -:  966:#define GL_SAMPLER_2D_MULTISAMPLE 0x9108
        -:  967:#define GL_INT_SAMPLER_2D_MULTISAMPLE 0x9109
        -:  968:#define GL_UNSIGNED_INT_SAMPLER_2D_MULTISAMPLE 0x910A
        -:  969:#define GL_SAMPLER_2D_MULTISAMPLE_ARRAY 0x910B
        -:  970:#define GL_INT_SAMPLER_2D_MULTISAMPLE_ARRAY 0x910C
        -:  971:#define GL_UNSIGNED_INT_SAMPLER_2D_MULTISAMPLE_ARRAY 0x910D
        -:  972:#define GL_MAX_COLOR_TEXTURE_SAMPLES 0x910E
        -:  973:#define GL_MAX_DEPTH_TEXTURE_SAMPLES 0x910F
        -:  974:#define GL_MAX_INTEGER_SAMPLES 0x9110
        -:  975:#define GL_VERTEX_ATTRIB_ARRAY_DIVISOR 0x88FE
        -:  976:#define GL_SRC1_COLOR 0x88F9
        -:  977:#define GL_ONE_MINUS_SRC1_COLOR 0x88FA
        -:  978:#define GL_ONE_MINUS_SRC1_ALPHA 0x88FB
        -:  979:#define GL_MAX_DUAL_SOURCE_DRAW_BUFFERS 0x88FC
        -:  980:#define GL_ANY_SAMPLES_PASSED 0x8C2F
        -:  981:#define GL_SAMPLER_BINDING 0x8919
        -:  982:#define GL_RGB10_A2UI 0x906F
        -:  983:#define GL_TEXTURE_SWIZZLE_R 0x8E42
        -:  984:#define GL_TEXTURE_SWIZZLE_G 0x8E43
        -:  985:#define GL_TEXTURE_SWIZZLE_B 0x8E44
        -:  986:#define GL_TEXTURE_SWIZZLE_A 0x8E45
        -:  987:#define GL_TEXTURE_SWIZZLE_RGBA 0x8E46
        -:  988:#define GL_TIME_ELAPSED 0x88BF
        -:  989:#define GL_TIMESTAMP 0x8E28
        -:  990:#define GL_INT_2_10_10_10_REV 0x8D9F
        -:  991:#ifndef GL_VERSION_1_0
        -:  992:#define GL_VERSION_1_0 1
        -:  993:GLAPI int GLAD_GL_VERSION_1_0;
        -:  994:typedef void (APIENTRYP PFNGLCULLFACEPROC)(GLenum mode);
        -:  995:GLAPI PFNGLCULLFACEPROC glad_glCullFace;
        -:  996:#define glCullFace glad_glCullFace
        -:  997:typedef void (APIENTRYP PFNGLFRONTFACEPROC)(GLenum mode);
        -:  998:GLAPI PFNGLFRONTFACEPROC glad_glFrontFace;
        -:  999:#define glFrontFace glad_glFrontFace
        -: 1000:typedef void (APIENTRYP PFNGLHINTPROC)(GLenum target, GLenum mode);
        -: 1001:GLAPI PFNGLHINTPROC glad_glHint;
        -: 1002:#define glHint glad_glHint
        -: 1003:typedef void (APIENTRYP PFNGLLINEWIDTHPROC)(GLfloat width);
        -: 1004:GLAPI PFNGLLINEWIDTHPROC glad_glLineWidth;
        -: 1005:#define glLineWidth glad_glLineWidth
        -: 1006:typedef void (APIENTRYP PFNGLPOINTSIZEPROC)(GLfloat size);
        -: 1007:GLAPI PFNGLPOINTSIZEPROC glad_glPointSize;
        -: 1008:#define glPointSize glad_glPointSize
        -: 1009:typedef void (APIENTRYP PFNGLPOLYGONMODEPROC)(GLenum face, GLenum mode);
        -: 1010:GLAPI PFNGLPOLYGONMODEPROC glad_glPolygonMode;
        -: 1011:#define glPolygonMode glad_glPolygonMode
        -: 1012:typedef void (APIENTRYP PFNGLSCISSORPROC)(GLint x, GLint y, GLsizei width, GLsizei height);
        -: 1013:GLAPI PFNGLSCISSORPROC glad_glScissor;
        -: 1014:#define glScissor glad_glScissor
        -: 1015:typedef void (APIENTRYP PFNGLTEXPARAMETERFPROC)(GLenum target, GLenum pname, GLfloat param);
        -: 1016:GLAPI PFNGLTEXPARAMETERFPROC glad_glTexParameterf;
        -: 1017:#define glTexParameterf glad_glTexParameterf
        -: 1018:typedef void (APIENTRYP PFNGLTEXPARAMETERFVPROC)(GLenum target, GLenum pname, const GLfloat* params);
        -: 1019:GLAPI PFNGLTEXPARAMETERFVPROC glad_glTexParameterfv;
        -: 1020:#define glTexParameterfv glad_glTexParameterfv
        -: 1021:typedef void (APIENTRYP PFNGLTEXPARAMETERIPROC)(GLenum target, GLenum pname, GLint param);
        -: 1022:GLAPI PFNGLTEXPARAMETERIPROC glad_glTexParameteri;
        -: 1023:#define glTexParameteri glad_glTexParameteri
        -: 1024:typedef void (APIENTRYP PFNGLTEXPARAMETERIVPROC)(GLenum target, GLenum pname, const GLint* params);
        -: 1025:GLAPI PFNGLTEXPARAMETERIVPROC glad_glTexParameteriv;
        -: 1026:#define glTexParameteriv glad_glTexParameteriv
        -: 1027:typedef void (APIENTRYP PFNGLTEXIMAGE1DPROC)(GLenum target, GLint level, GLint internalformat, GLsizei width, GLint border, GLenum format, GLenum type, const void* pixels);
        -: 1028:GLAPI PFNGLTEXIMAGE1DPROC glad_glTexImage1D;
        -: 1029:#define glTexImage1D glad_glTexImage1D
        -: 1030:typedef void (APIENTRYP PFNGLTEXIMAGE2DPROC)(GLenum target, GLint level, GLint internalformat, GLsizei width, GLsizei height, GLint border, GLenum format, GLenum type, const void* pixels);
        -: 1031:GLAPI PFNGLTEXIMAGE2DPROC glad_glTexImage2D;
        -: 1032:#define glTexImage2D glad_glTexImage2D
        -: 1033:typedef void (APIENTRYP PFNGLDRAWBUFFERPROC)(GLenum buf);
        -: 1034:GLAPI PFNGLDRAWBUFFERPROC glad_glDrawBuffer;
        -: 1035:#define glDrawBuffer glad_glDrawBuffer
        -: 1036:typedef void (APIENTRYP PFNGLCLEARPROC)(GLbitfield mask);
        -: 1037:GLAPI PFNGLCLEARPROC glad_glClear;
        -: 1038:#define glClear glad_glClear
        -: 1039:typedef void (APIENTRYP PFNGLCLEARCOLORPROC)(GLfloat red, GLfloat green, GLfloat blue, GLfloat alpha);
        -: 1040:GLAPI PFNGLCLEARCOLORPROC glad_glClearColor;
        -: 1041:#define glClearColor glad_glClearColor
        -: 1042:typedef void (APIENTRYP PFNGLCLEARSTENCILPROC)(GLint s);
        -: 1043:GLAPI PFNGLCLEARSTENCILPROC glad_glClearStencil;
        -: 1044:#define glClearStencil glad_glClearStencil
        -: 1045:typedef void (APIENTRYP PFNGLCLEARDEPTHPROC)(GLdouble depth);
        -: 1046:GLAPI PFNGLCLEARDEPTHPROC glad_glClearDepth;
        -: 1047:#define glClearDepth glad_glClearDepth
        -: 1048:typedef void (APIENTRYP PFNGLSTENCILMASKPROC)(GLuint mask);
        -: 1049:GLAPI PFNGLSTENCILMASKPROC glad_glStencilMask;
        -: 1050:#define glStencilMask glad_glStencilMask
        -: 1051:typedef void (APIENTRYP PFNGLCOLORMASKPROC)(GLboolean red, GLboolean green, GLboolean blue, GLboolean alpha);
        -: 1052:GLAPI PFNGLCOLORMASKPROC glad_glColorMask;
        -: 1053:#define glColorMask glad_glColorMask
        -: 1054:typedef void (APIENTRYP PFNGLDEPTHMASKPROC)(GLboolean flag);
        -: 1055:GLAPI PFNGLDEPTHMASKPROC glad_glDepthMask;
        -: 1056:#define glDepthMask glad_glDepthMask
        -: 1057:typedef void (APIENTRYP PFNGLDISABLEPROC)(GLenum cap);
        -: 1058:GLAPI PFNGLDISABLEPROC glad_glDisable;
        -: 1059:#define glDisable glad_glDisable
        -: 1060:typedef void (APIENTRYP PFNGLENABLEPROC)(GLenum cap);
        -: 1061:GLAPI PFNGLENABLEPROC glad_glEnable;
        -: 1062:#define glEnable glad_glEnable
        -: 1063:typedef void (APIENTRYP PFNGLFINISHPROC)();
        -: 1064:GLAPI PFNGLFINISHPROC glad_glFinish;
        -: 1065:#define glFinish glad_glFinish
        -: 1066:typedef void (APIENTRYP PFNGLFLUSHPROC)();
        -: 1067:GLAPI PFNGLFLUSHPROC glad_glFlush;
        -: 1068:#define glFlush glad_glFlush
        -: 1069:typedef void (APIENTRYP PFNGLBLENDFUNCPROC)(GLenum sfactor, GLenum dfactor);
        -: 1070:GLAPI PFNGLBLENDFUNCPROC glad_glBlendFunc;
        -: 1071:#define glBlendFunc glad_glBlendFunc
        -: 1072:typedef void (APIENTRYP PFNGLLOGICOPPROC)(GLenum opcode);
        -: 1073:GLAPI PFNGLLOGICOPPROC glad_glLogicOp;
        -: 1074:#define glLogicOp glad_glLogicOp
        -: 1075:typedef void (APIENTRYP PFNGLSTENCILFUNCPROC)(GLenum func, GLint ref, GLuint mask);
        -: 1076:GLAPI PFNGLSTENCILFUNCPROC glad_glStencilFunc;
        -: 1077:#define glStencilFunc glad_glStencilFunc
        -: 1078:typedef void (APIENTRYP PFNGLSTENCILOPPROC)(GLenum fail, GLenum zfail, GLenum zpass);
        -: 1079:GLAPI PFNGLSTENCILOPPROC glad_glStencilOp;
        -: 1080:#define glStencilOp glad_glStencilOp
        -: 1081:typedef void (APIENTRYP PFNGLDEPTHFUNCPROC)(GLenum func);
        -: 1082:GLAPI PFNGLDEPTHFUNCPROC glad_glDepthFunc;
        -: 1083:#define glDepthFunc glad_glDepthFunc
        -: 1084:typedef void (APIENTRYP PFNGLPIXELSTOREFPROC)(GLenum pname, GLfloat param);
        -: 1085:GLAPI PFNGLPIXELSTOREFPROC glad_glPixelStoref;
        -: 1086:#define glPixelStoref glad_glPixelStoref
        -: 1087:typedef void (APIENTRYP PFNGLPIXELSTOREIPROC)(GLenum pname, GLint param);
        -: 1088:GLAPI PFNGLPIXELSTOREIPROC glad_glPixelStorei;
        -: 1089:#define glPixelStorei glad_glPixelStorei
        -: 1090:typedef void (APIENTRYP PFNGLREADBUFFERPROC)(GLenum src);
        -: 1091:GLAPI PFNGLREADBUFFERPROC glad_glReadBuffer;
        -: 1092:#define glReadBuffer glad_glReadBuffer
        -: 1093:typedef void (APIENTRYP PFNGLREADPIXELSPROC)(GLint x, GLint y, GLsizei width, GLsizei height, GLenum format, GLenum type, void* pixels);
        -: 1094:GLAPI PFNGLREADPIXELSPROC glad_glReadPixels;
        -: 1095:#define glReadPixels glad_glReadPixels
        -: 1096:typedef void (APIENTRYP PFNGLGETBOOLEANVPROC)(GLenum pname, GLboolean* data);
        -: 1097:GLAPI PFNGLGETBOOLEANVPROC glad_glGetBooleanv;
        -: 1098:#define glGetBooleanv glad_glGetBooleanv
        -: 1099:typedef void (APIENTRYP PFNGLGETDOUBLEVPROC)(GLenum pname, GLdouble* data);
        -: 1100:GLAPI PFNGLGETDOUBLEVPROC glad_glGetDoublev;
        -: 1101:#define glGetDoublev glad_glGetDoublev
        -: 1102:typedef GLenum (APIENTRYP PFNGLGETERRORPROC)();
        -: 1103:GLAPI PFNGLGETERRORPROC glad_glGetError;
        -: 1104:#define glGetError glad_glGetError
        -: 1105:typedef void (APIENTRYP PFNGLGETFLOATVPROC)(GLenum pname, GLfloat* data);
        -: 1106:GLAPI PFNGLGETFLOATVPROC glad_glGetFloatv;
        -: 1107:#define glGetFloatv glad_glGetFloatv
        -: 1108:typedef void (APIENTRYP PFNGLGETINTEGERVPROC)(GLenum pname, GLint* data);
        -: 1109:GLAPI PFNGLGETINTEGERVPROC glad_glGetIntegerv;
        -: 1110:#define glGetIntegerv glad_glGetIntegerv
        -: 1111:typedef const GLubyte* (APIENTRYP PFNGLGETSTRINGPROC)(GLenum name);
        -: 1112:GLAPI PFNGLGETSTRINGPROC glad_glGetString;
        -: 1113:#define glGetString glad_glGetString
        -: 1114:typedef void (APIENTRYP PFNGLGETTEXIMAGEPROC)(GLenum target, GLint level, GLenum format, GLenum type, void* pixels);
        -: 1115:GLAPI PFNGLGETTEXIMAGEPROC glad_glGetTexImage;
        -: 1116:#define glGetTexImage glad_glGetTexImage
        -: 1117:typedef void (APIENTRYP PFNGLGETTEXPARAMETERFVPROC)(GLenum target, GLenum pname, GLfloat* params);
        -: 1118:GLAPI PFNGLGETTEXPARAMETERFVPROC glad_glGetTexParameterfv;
        -: 1119:#define glGetTexParameterfv glad_glGetTexParameterfv
        -: 1120:typedef void (APIENTRYP PFNGLGETTEXPARAMETERIVPROC)(GLenum target, GLenum pname, GLint* params);
        -: 1121:GLAPI PFNGLGETTEXPARAMETERIVPROC glad_glGetTexParameteriv;
        -: 1122:#define glGetTexParameteriv glad_glGetTexParameteriv
        -: 1123:typedef void (APIENTRYP PFNGLGETTEXLEVELPARAMETERFVPROC)(GLenum target, GLint level, GLenum pname, GLfloat* params);
        -: 1124:GLAPI PFNGLGETTEXLEVELPARAMETERFVPROC glad_glGetTexLevelParameterfv;
        -: 1125:#define glGetTexLevelParameterfv glad_glGetTexLevelParameterfv
        -: 1126:typedef void (APIENTRYP PFNGLGETTEXLEVELPARAMETERIVPROC)(GLenum target, GLint level, GLenum pname, GLint* params);
        -: 1127:GLAPI PFNGLGETTEXLEVELPARAMETERIVPROC glad_glGetTexLevelParameteriv;
        -: 1128:#define glGetTexLevelParameteriv glad_glGetTexLevelParameteriv
        -: 1129:typedef GLboolean (APIENTRYP PFNGLISENABLEDPROC)(GLenum cap);
        -: 1130:GLAPI PFNGLISENABLEDPROC glad_glIsEnabled;
        -: 1131:#define glIsEnabled glad_glIsEnabled
        -: 1132:typedef void (APIENTRYP PFNGLDEPTHRANGEPROC)(GLdouble near, GLdouble far);
        -: 1133:GLAPI PFNGLDEPTHRANGEPROC glad_glDepthRange;
        -: 1134:#define glDepthRange glad_glDepthRange
        -: 1135:typedef void (APIENTRYP PFNGLVIEWPORTPROC)(GLint x, GLint y, GLsizei width, GLsizei height);
        -: 1136:GLAPI PFNGLVIEWPORTPROC glad_glViewport;
        -: 1137:#define glViewport glad_glViewport
        -: 1138:#endif
        -: 1139:#ifndef GL_VERSION_1_1
        -: 1140:#define GL_VERSION_1_1 1
        -: 1141:GLAPI int GLAD_GL_VERSION_1_1;
        -: 1142:typedef void (APIENTRYP PFNGLDRAWARRAYSPROC)(GLenum mode, GLint first, GLsizei count);
        -: 1143:GLAPI PFNGLDRAWARRAYSPROC glad_glDrawArrays;
        -: 1144:#define glDrawArrays glad_glDrawArrays
        -: 1145:typedef void (APIENTRYP PFNGLDRAWELEMENTSPROC)(GLenum mode, GLsizei count, GLenum type, const void* indices);
        -: 1146:GLAPI PFNGLDRAWELEMENTSPROC glad_glDrawElements;
        -: 1147:#define glDrawElements glad_glDrawElements
        -: 1148:typedef void (APIENTRYP PFNGLPOLYGONOFFSETPROC)(GLfloat factor, GLfloat units);
        -: 1149:GLAPI PFNGLPOLYGONOFFSETPROC glad_glPolygonOffset;
        -: 1150:#define glPolygonOffset glad_glPolygonOffset
        -: 1151:typedef void (APIENTRYP PFNGLCOPYTEXIMAGE1DPROC)(GLenum target, GLint level, GLenum internalformat, GLint x, GLint y, GLsizei width, GLint border);
        -: 1152:GLAPI PFNGLCOPYTEXIMAGE1DPROC glad_glCopyTexImage1D;
        -: 1153:#define glCopyTexImage1D glad_glCopyTexImage1D
        -: 1154:typedef void (APIENTRYP PFNGLCOPYTEXIMAGE2DPROC)(GLenum target, GLint level, GLenum internalformat, GLint x, GLint y, GLsizei width, GLsizei height, GLint border);
        -: 1155:GLAPI PFNGLCOPYTEXIMAGE2DPROC glad_glCopyTexImage2D;
        -: 1156:#define glCopyTexImage2D glad_glCopyTexImage2D
        -: 1157:typedef void (APIENTRYP PFNGLCOPYTEXSUBIMAGE1DPROC)(GLenum target, GLint level, GLint xoffset, GLint x, GLint y, GLsizei width);
        -: 1158:GLAPI PFNGLCOPYTEXSUBIMAGE1DPROC glad_glCopyTexSubImage1D;
        -: 1159:#define glCopyTexSubImage1D glad_glCopyTexSubImage1D
        -: 1160:typedef void (APIENTRYP PFNGLCOPYTEXSUBIMAGE2DPROC)(GLenum target, GLint level, GLint xoffset, GLint yoffset, GLint x, GLint y, GLsizei width, GLsizei height);
        -: 1161:GLAPI PFNGLCOPYTEXSUBIMAGE2DPROC glad_glCopyTexSubImage2D;
        -: 1162:#define glCopyTexSubImage2D glad_glCopyTexSubImage2D
        -: 1163:typedef void (APIENTRYP PFNGLTEXSUBIMAGE1DPROC)(GLenum target, GLint level, GLint xoffset, GLsizei width, GLenum format, GLenum type, const void* pixels);
        -: 1164:GLAPI PFNGLTEXSUBIMAGE1DPROC glad_glTexSubImage1D;
        -: 1165:#define glTexSubImage1D glad_glTexSubImage1D
        -: 1166:typedef void (APIENTRYP PFNGLTEXSUBIMAGE2DPROC)(GLenum target, GLint level, GLint xoffset, GLint yoffset, GLsizei width, GLsizei height, GLenum format, GLenum type, const void* pixels);
        -: 1167:GLAPI PFNGLTEXSUBIMAGE2DPROC glad_glTexSubImage2D;
        -: 1168:#define glTexSubImage2D glad_glTexSubImage2D
        -: 1169:typedef void (APIENTRYP PFNGLBINDTEXTUREPROC)(GLenum target, GLuint texture);
        -: 1170:GLAPI PFNGLBINDTEXTUREPROC glad_glBindTexture;
        -: 1171:#define glBindTexture glad_glBindTexture
        -: 1172:typedef void (APIENTRYP PFNGLDELETETEXTURESPROC)(GLsizei n, const GLuint* textures);
        -: 1173:GLAPI PFNGLDELETETEXTURESPROC glad_glDeleteTextures;
        -: 1174:#define glDeleteTextures glad_glDeleteTextures
        -: 1175:typedef void (APIENTRYP PFNGLGENTEXTURESPROC)(GLsizei n, GLuint* textures);
        -: 1176:GLAPI PFNGLGENTEXTURESPROC glad_glGenTextures;
        -: 1177:#define glGenTextures glad_glGenTextures
        -: 1178:typedef GLboolean (APIENTRYP PFNGLISTEXTUREPROC)(GLuint texture);
        -: 1179:GLAPI PFNGLISTEXTUREPROC glad_glIsTexture;
        -: 1180:#define glIsTexture glad_glIsTexture
        -: 1181:#endif
        -: 1182:#ifndef GL_VERSION_1_2
        -: 1183:#define GL_VERSION_1_2 1
        -: 1184:GLAPI int GLAD_GL_VERSION_1_2;
        -: 1185:typedef void (APIENTRYP PFNGLDRAWRANGEELEMENTSPROC)(GLenum mode, GLuint start, GLuint end, GLsizei count, GLenum type, const void* indices);
        -: 1186:GLAPI PFNGLDRAWRANGEELEMENTSPROC glad_glDrawRangeElements;
        -: 1187:#define glDrawRangeElements glad_glDrawRangeElements
        -: 1188:typedef void (APIENTRYP PFNGLTEXIMAGE3DPROC)(GLenum target, GLint level, GLint internalformat, GLsizei width, GLsizei height, GLsizei depth, GLint border, GLenum format, GLenum type, const void* pixels);
        -: 1189:GLAPI PFNGLTEXIMAGE3DPROC glad_glTexImage3D;
        -: 1190:#define glTexImage3D glad_glTexImage3D
        -: 1191:typedef void (APIENTRYP PFNGLTEXSUBIMAGE3DPROC)(GLenum target, GLint level, GLint xoffset, GLint yoffset, GLint zoffset, GLsizei width, GLsizei height, GLsizei depth, GLenum format, GLenum type, const void* pixels);
        -: 1192:GLAPI PFNGLTEXSUBIMAGE3DPROC glad_glTexSubImage3D;
        -: 1193:#define glTexSubImage3D glad_glTexSubImage3D
        -: 1194:typedef void (APIENTRYP PFNGLCOPYTEXSUBIMAGE3DPROC)(GLenum target, GLint level, GLint xoffset, GLint yoffset, GLint zoffset, GLint x, GLint y, GLsizei width, GLsizei height);
        -: 1195:GLAPI PFNGLCOPYTEXSUBIMAGE3DPROC glad_glCopyTexSubImage3D;
        -: 1196:#define glCopyTexSubImage3D glad_glCopyTexSubImage3D
        -: 1197:#endif
        -: 1198:#ifndef GL_VERSION_1_3
        -: 1199:#define GL_VERSION_1_3 1
        -: 1200:GLAPI int GLAD_GL_VERSION_1_3;
        -: 1201:typedef void (APIENTRYP PFNGLACTIVETEXTUREPROC)(GLenum texture);
        -: 1202:GLAPI PFNGLACTIVETEXTUREPROC glad_glActiveTexture;
        -: 1203:#define glActiveTexture glad_glActiveTexture
        -: 1204:typedef void (APIENTRYP PFNGLSAMPLECOVERAGEPROC)(GLfloat value, GLboolean invert);
        -: 1205:GLAPI PFNGLSAMPLECOVERAGEPROC glad_glSampleCoverage;
        -: 1206:#define glSampleCoverage glad_glSampleCoverage
        -: 1207:typedef void (APIENTRYP PFNGLCOMPRESSEDTEXIMAGE3DPROC)(GLenum target, GLint level, GLenum internalformat, GLsizei width, GLsizei height, GLsizei depth, GLint border, GLsizei imageSize, const void* data);
        -: 1208:GLAPI PFNGLCOMPRESSEDTEXIMAGE3DPROC glad_glCompressedTexImage3D;
        -: 1209:#define glCompressedTexImage3D glad_glCompressedTexImage3D
        -: 1210:typedef void (APIENTRYP PFNGLCOMPRESSEDTEXIMAGE2DPROC)(GLenum target, GLint level, GLenum internalformat, GLsizei width, GLsizei height, GLint border, GLsizei imageSize, const void* data);
        -: 1211:GLAPI PFNGLCOMPRESSEDTEXIMAGE2DPROC glad_glCompressedTexImage2D;
        -: 1212:#define glCompressedTexImage2D glad_glCompressedTexImage2D
        -: 1213:typedef void (APIENTRYP PFNGLCOMPRESSEDTEXIMAGE1DPROC)(GLenum target, GLint level, GLenum internalformat, GLsizei width, GLint border, GLsizei imageSize, const void* data);
        -: 1214:GLAPI PFNGLCOMPRESSEDTEXIMAGE1DPROC glad_glCompressedTexImage1D;
        -: 1215:#define glCompressedTexImage1D glad_glCompressedTexImage1D
        -: 1216:typedef void (APIENTRYP PFNGLCOMPRESSEDTEXSUBIMAGE3DPROC)(GLenum target, GLint level, GLint xoffset, GLint yoffset, GLint zoffset, GLsizei width, GLsizei height, GLsizei depth, GLenum format, GLsizei imageSize, const void* data);
        -: 1217:GLAPI PFNGLCOMPRESSEDTEXSUBIMAGE3DPROC glad_glCompressedTexSubImage3D;
        -: 1218:#define glCompressedTexSubImage3D glad_glCompressedTexSubImage3D
        -: 1219:typedef void (APIENTRYP PFNGLCOMPRESSEDTEXSUBIMAGE2DPROC)(GLenum target, GLint level, GLint xoffset, GLint yoffset, GLsizei width, GLsizei height, GLenum format, GLsizei imageSize, const void* data);
        -: 1220:GLAPI PFNGLCOMPRESSEDTEXSUBIMAGE2DPROC glad_glCompressedTexSubImage2D;
        -: 1221:#define glCompressedTexSubImage2D glad_glCompressedTexSubImage2D
        -: 1222:typedef void (APIENTRYP PFNGLCOMPRESSEDTEXSUBIMAGE1DPROC)(GLenum target, GLint level, GLint xoffset, GLsizei width, GLenum format, GLsizei imageSize, const void* data);
        -: 1223:GLAPI PFNGLCOMPRESSEDTEXSUBIMAGE1DPROC glad_glCompressedTexSubImage1D;
        -: 1224:#define glCompressedTexSubImage1D glad_glCompressedTexSubImage1D
        -: 1225:typedef void (APIENTRYP PFNGLGETCOMPRESSEDTEXIMAGEPROC)(GLenum target, GLint level, void* img);
        -: 1226:GLAPI PFNGLGETCOMPRESSEDTEXIMAGEPROC glad_glGetCompressedTexImage;
        -: 1227:#define glGetCompressedTexImage glad_glGetCompressedTexImage
        -: 1228:#endif
        -: 1229:#ifndef GL_VERSION_1_4
        -: 1230:#define GL_VERSION_1_4 1
        -: 1231:GLAPI int GLAD_GL_VERSION_1_4;
        -: 1232:typedef void (APIENTRYP PFNGLBLENDFUNCSEPARATEPROC)(GLenum sfactorRGB, GLenum dfactorRGB, GLenum sfactorAlpha, GLenum dfactorAlpha);
        -: 1233:GLAPI PFNGLBLENDFUNCSEPARATEPROC glad_glBlendFuncSeparate;
        -: 1234:#define glBlendFuncSeparate glad_glBlendFuncSeparate
        -: 1235:typedef void (APIENTRYP PFNGLMULTIDRAWARRAYSPROC)(GLenum mode, const GLint* first, const GLsizei* count, GLsizei drawcount);
        -: 1236:GLAPI PFNGLMULTIDRAWARRAYSPROC glad_glMultiDrawArrays;
        -: 1237:#define glMultiDrawArrays glad_glMultiDrawArrays
        -: 1238:typedef void (APIENTRYP PFNGLMULTIDRAWELEMENTSPROC)(GLenum mode, const GLsizei* count, GLenum type, const void** indices, GLsizei drawcount);
        -: 1239:GLAPI PFNGLMULTIDRAWELEMENTSPROC glad_glMultiDrawElements;
        -: 1240:#define glMultiDrawElements glad_glMultiDrawElements
        -: 1241:typedef void (APIENTRYP PFNGLPOINTPARAMETERFPROC)(GLenum pname, GLfloat param);
        -: 1242:GLAPI PFNGLPOINTPARAMETERFPROC glad_glPointParameterf;
        -: 1243:#define glPointParameterf glad_glPointParameterf
        -: 1244:typedef void (APIENTRYP PFNGLPOINTPARAMETERFVPROC)(GLenum pname, const GLfloat* params);
        -: 1245:GLAPI PFNGLPOINTPARAMETERFVPROC glad_glPointParameterfv;
        -: 1246:#define glPointParameterfv glad_glPointParameterfv
        -: 1247:typedef void (APIENTRYP PFNGLPOINTPARAMETERIPROC)(GLenum pname, GLint param);
        -: 1248:GLAPI PFNGLPOINTPARAMETERIPROC glad_glPointParameteri;
        -: 1249:#define glPointParameteri glad_glPointParameteri
        -: 1250:typedef void (APIENTRYP PFNGLPOINTPARAMETERIVPROC)(GLenum pname, const GLint* params);
        -: 1251:GLAPI PFNGLPOINTPARAMETERIVPROC glad_glPointParameteriv;
        -: 1252:#define glPointParameteriv glad_glPointParameteriv
        -: 1253:typedef void (APIENTRYP PFNGLBLENDCOLORPROC)(GLfloat red, GLfloat green, GLfloat blue, GLfloat alpha);
        -: 1254:GLAPI PFNGLBLENDCOLORPROC glad_glBlendColor;
        -: 1255:#define glBlendColor glad_glBlendColor
        -: 1256:typedef void (APIENTRYP PFNGLBLENDEQUATIONPROC)(GLenum mode);
        -: 1257:GLAPI PFNGLBLENDEQUATIONPROC glad_glBlendEquation;
        -: 1258:#define glBlendEquation glad_glBlendEquation
        -: 1259:#endif
        -: 1260:#ifndef GL_VERSION_1_5
        -: 1261:#define GL_VERSION_1_5 1
        -: 1262:GLAPI int GLAD_GL_VERSION_1_5;
        -: 1263:typedef void (APIENTRYP PFNGLGENQUERIESPROC)(GLsizei n, GLuint* ids);
        -: 1264:GLAPI PFNGLGENQUERIESPROC glad_glGenQueries;
        -: 1265:#define glGenQueries glad_glGenQueries
        -: 1266:typedef void (APIENTRYP PFNGLDELETEQUERIESPROC)(GLsizei n, const GLuint* ids);
        -: 1267:GLAPI PFNGLDELETEQUERIESPROC glad_glDeleteQueries;
        -: 1268:#define glDeleteQueries glad_glDeleteQueries
        -: 1269:typedef GLboolean (APIENTRYP PFNGLISQUERYPROC)(GLuint id);
        -: 1270:GLAPI PFNGLISQUERYPROC glad_glIsQuery;
        -: 1271:#define glIsQuery glad_glIsQuery
        -: 1272:typedef void (APIENTRYP PFNGLBEGINQUERYPROC)(GLenum target, GLuint id);
        -: 1273:GLAPI PFNGLBEGINQUERYPROC glad_glBeginQuery;
        -: 1274:#define glBeginQuery glad_glBeginQuery
        -: 1275:typedef void (APIENTRYP PFNGLENDQUERYPROC)(GLenum target);
        -: 1276:GLAPI PFNGLENDQUERYPROC glad_glEndQuery;
        -: 1277:#define glEndQuery glad_glEndQuery
        -: 1278:typedef void (APIENTRYP PFNGLGETQUERYIVPROC)(GLenum target, GLenum pname, GLint* params);
        -: 1279:GLAPI PFNGLGETQUERYIVPROC glad_glGetQueryiv;
        -: 1280:#define glGetQueryiv glad_glGetQueryiv
        -: 1281:typedef void (APIENTRYP PFNGLGETQUERYOBJECTIVPROC)(GLuint id, GLenum pname, GLint* params);
        -: 1282:GLAPI PFNGLGETQUERYOBJECTIVPROC glad_glGetQueryObjectiv;
        -: 1283:#define glGetQueryObjectiv glad_glGetQueryObjectiv
        -: 1284:typedef void (APIENTRYP PFNGLGETQUERYOBJECTUIVPROC)(GLuint id, GLenum pname, GLuint* params);
        -: 1285:GLAPI PFNGLGETQUERYOBJECTUIVPROC glad_glGetQueryObjectuiv;
        -: 1286:#define glGetQueryObjectuiv glad_glGetQueryObjectuiv
        -: 1287:typedef void (APIENTRYP PFNGLBINDBUFFERPROC)(GLenum target, GLuint buffer);
        -: 1288:GLAPI PFNGLBINDBUFFERPROC glad_glBindBuffer;
        -: 1289:#define glBindBuffer glad_glBindBuffer
        -: 1290:typedef void (APIENTRYP PFNGLDELETEBUFFERSPROC)(GLsizei n, const GLuint* buffers);
        -: 1291:GLAPI PFNGLDELETEBUFFERSPROC glad_glDeleteBuffers;
        -: 1292:#define glDeleteBuffers glad_glDeleteBuffers
        -: 1293:typedef void (APIENTRYP PFNGLGENBUFFERSPROC)(GLsizei n, GLuint* buffers);
        -: 1294:GLAPI PFNGLGENBUFFERSPROC glad_glGenBuffers;
        -: 1295:#define glGenBuffers glad_glGenBuffers
        -: 1296:typedef GLboolean (APIENTRYP PFNGLISBUFFERPROC)(GLuint buffer);
        -: 1297:GLAPI PFNGLISBUFFERPROC glad_glIsBuffer;
        -: 1298:#define glIsBuffer glad_glIsBuffer
        -: 1299:typedef void (APIENTRYP PFNGLBUFFERDATAPROC)(GLenum target, GLsizeiptr size, const void* data, GLenum usage);
        -: 1300:GLAPI PFNGLBUFFERDATAPROC glad_glBufferData;
        -: 1301:#define glBufferData glad_glBufferData
        -: 1302:typedef void (APIENTRYP PFNGLBUFFERSUBDATAPROC)(GLenum target, GLintptr offset, GLsizeiptr size, const void* data);
        -: 1303:GLAPI PFNGLBUFFERSUBDATAPROC glad_glBufferSubData;
        -: 1304:#define glBufferSubData glad_glBufferSubData
        -: 1305:typedef void (APIENTRYP PFNGLGETBUFFERSUBDATAPROC)(GLenum target, GLintptr offset, GLsizeiptr size, void* data);
        -: 1306:GLAPI PFNGLGETBUFFERSUBDATAPROC glad_glGetBufferSubData;
        -: 1307:#define glGetBufferSubData glad_glGetBufferSubData
        -: 1308:typedef void* (APIENTRYP PFNGLMAPBUFFERPROC)(GLenum target, GLenum access);
        -: 1309:GLAPI PFNGLMAPBUFFERPROC glad_glMapBuffer;
        -: 1310:#define glMapBuffer glad_glMapBuffer
        -: 1311:typedef GLboolean (APIENTRYP PFNGLUNMAPBUFFERPROC)(GLenum target);
        -: 1312:GLAPI PFNGLUNMAPBUFFERPROC glad_glUnmapBuffer;
        -: 1313:#define glUnmapBuffer glad_glUnmapBuffer
        -: 1314:typedef void (APIENTRYP PFNGLGETBUFFERPARAMETERIVPROC)(GLenum target, GLenum pname, GLint* params);
        -: 1315:GLAPI PFNGLGETBUFFERPARAMETERIVPROC glad_glGetBufferParameteriv;
        -: 1316:#define glGetBufferParameteriv glad_glGetBufferParameteriv
        -: 1317:typedef void (APIENTRYP PFNGLGETBUFFERPOINTERVPROC)(GLenum target, GLenum pname, void** params);
        -: 1318:GLAPI PFNGLGETBUFFERPOINTERVPROC glad_glGetBufferPointerv;
        -: 1319:#define glGetBufferPointerv glad_glGetBufferPointerv
        -: 1320:#endif
        -: 1321:#ifndef GL_VERSION_2_0
        -: 1322:#define GL_VERSION_2_0 1
        -: 1323:GLAPI int GLAD_GL_VERSION_2_0;
        -: 1324:typedef void (APIENTRYP PFNGLBLENDEQUATIONSEPARATEPROC)(GLenum modeRGB, GLenum modeAlpha);
[...]
call    0 never executed
    #####: 5286:	glad_glVariantubvEXT = (PFNGLVARIANTUBVEXTPROC)load("glVariantubvEXT");
call    0 never executed
    #####: 5287:	glad_glVariantusvEXT = (PFNGLVARIANTUSVEXTPROC)load("glVariantusvEXT");
call    0 never executed
    #####: 5288:	glad_glVariantuivEXT = (PFNGLVARIANTUIVEXTPROC)load("glVariantuivEXT");
call    0 never executed
    #####: 5289:	glad_glVariantPointerEXT = (PFNGLVARIANTPOINTEREXTPROC)load("glVariantPointerEXT");
call    0 never executed
    #####: 5290:	glad_glEnableVariantClientStateEXT = (PFNGLENABLEVARIANTCLIENTSTATEEXTPROC)load("glEnableVariantClientStateEXT");
call    0 never executed
    #####: 5291:	glad_glDisableVariantClientStateEXT = (PFNGLDISABLEVARIANTCLIENTSTATEEXTPROC)load("glDisableVariantClientStateEXT");
call    0 never executed
    #####: 5292:	glad_glBindLightParameterEXT = (PFNGLBINDLIGHTPARAMETEREXTPROC)load("glBindLightParameterEXT");
call    0 never executed
    #####: 5293:	glad_glBindMaterialParameterEXT = (PFNGLBINDMATERIALPARAMETEREXTPROC)load("glBindMaterialParameterEXT");
call    0 never executed
    #####: 5294:	glad_glBindTexGenParameterEXT = (PFNGLBINDTEXGENPARAMETEREXTPROC)load("glBindTexGenParameterEXT");
call    0 never executed
    #####: 5295:	glad_glBindTextureUnitParameterEXT = (PFNGLBINDTEXTUREUNITPARAMETEREXTPROC)load("glBindTextureUnitParameterEXT");
call    0 never executed
    #####: 5296:	glad_glBindParameterEXT = (PFNGLBINDPARAMETEREXTPROC)load("glBindParameterEXT");
call    0 never executed
    #####: 5297:	glad_glIsVariantEnabledEXT = (PFNGLISVARIANTENABLEDEXTPROC)load("glIsVariantEnabledEXT");
call    0 never executed
    #####: 5298:	glad_glGetVariantBooleanvEXT = (PFNGLGETVARIANTBOOLEANVEXTPROC)load("glGetVariantBooleanvEXT");
call    0 never executed
    #####: 5299:	glad_glGetVariantIntegervEXT = (PFNGLGETVARIANTINTEGERVEXTPROC)load("glGetVariantIntegervEXT");
call    0 never executed
    #####: 5300:	glad_glGetVariantFloatvEXT = (PFNGLGETVARIANTFLOATVEXTPROC)load("glGetVariantFloatvEXT");
call    0 never executed
    #####: 5301:	glad_glGetVariantPointervEXT = (PFNGLGETVARIANTPOINTERVEXTPROC)load("glGetVariantPointervEXT");
call    0 never executed
    #####: 5302:	glad_glGetInvariantBooleanvEXT = (PFNGLGETINVARIANTBOOLEANVEXTPROC)load("glGetInvariantBooleanvEXT");
call    0 never executed
    #####: 5303:	glad_glGetInvariantIntegervEXT = (PFNGLGETINVARIANTINTEGERVEXTPROC)load("glGetInvariantIntegervEXT");
call    0 never executed
    #####: 5304:	glad_glGetInvariantFloatvEXT = (PFNGLGETINVARIANTFLOATVEXTPROC)load("glGetInvariantFloatvEXT");
call    0 never executed
    #####: 5305:	glad_glGetLocalConstantBooleanvEXT = (PFNGLGETLOCALCONSTANTBOOLEANVEXTPROC)load("glGetLocalConstantBooleanvEXT");
call    0 never executed
    #####: 5306:	glad_glGetLocalConstantIntegervEXT = (PFNGLGETLOCALCONSTANTINTEGERVEXTPROC)load("glGetLocalConstantIntegervEXT");
call    0 never executed
    #####: 5307:	glad_glGetLocalConstantFloatvEXT = (PFNGLGETLOCALCONSTANTFLOATVEXTPROC)load("glGetLocalConstantFloatvEXT");
call    0 never executed
        -: 5308:}
function find_extensionsGL called 1 returned 100% blocks executed 98%
        1: 5309:static int find_extensionsGL(void) {
       1*: 5310:	if (!get_exts()) return 0;
        1: 5310-block  0
call    0 returned 1
branch  1 taken 0 (fallthrough)
branch  2 taken 1
    %%%%%: 5310-block  1
        1: 5311:	GLAD_GL_AMD_debug_output = has_ext("GL_AMD_debug_output");
        1: 5311-block  0
call    0 returned 1
        1: 5312:	GLAD_GL_AMD_query_buffer_object = has_ext("GL_AMD_query_buffer_object");
call    0 returned 1
        1: 5313:	GLAD_GL_ARB_ES2_compatibility = has_ext("GL_ARB_ES2_compatibility");
call    0 returned 1
        1: 5314:	GLAD_GL_ARB_ES3_compatibility = has_ext("GL_ARB_ES3_compatibility");
call    0 returned 1
        1: 5315:	GLAD_GL_ARB_buffer_storage = has_ext("GL_ARB_buffer_storage");
call    0 returned 1
        1: 5316:	GLAD_GL_ARB_compatibility = has_ext("GL_ARB_compatibility");
call    0 returned 1
        1: 5317:	GLAD_GL_ARB_compressed_texture_pixel_storage = has_ext("GL_ARB_compressed_texture_pixel_storage");
call    0 returned 1
        1: 5318:	GLAD_GL_ARB_debug_output = has_ext("GL_ARB_debug_output");
call    0 returned 1
        1: 5319:	GLAD_GL_ARB_depth_buffer_float = has_ext("GL_ARB_depth_buffer_float");
call    0 returned 1
        1: 5320:	GLAD_GL_ARB_depth_clamp = has_ext("GL_ARB_depth_clamp");
call    0 returned 1
        1: 5321:	GLAD_GL_ARB_depth_texture = has_ext("GL_ARB_depth_texture");
call    0 returned 1
        1: 5322:	GLAD_GL_ARB_draw_buffers = has_ext("GL_ARB_draw_buffers");
call    0 returned 1
        1: 5323:	GLAD_GL_ARB_draw_buffers_blend = has_ext("GL_ARB_draw_buffers_blend");
call    0 returned 1
        1: 5324:	GLAD_GL_ARB_explicit_attrib_location = has_ext("GL_ARB_explicit_attrib_location");
call    0 returned 1
        1: 5325:	GLAD_GL_ARB_explicit_uniform_location = has_ext("GL_ARB_explicit_uniform_location");
call    0 returned 1
        1: 5326:	GLAD_GL_ARB_fragment_program = has_ext("GL_ARB_fragment_program");
call    0 returned 1
        1: 5327:	GLAD_GL_ARB_fragment_shader = has_ext("GL_ARB_fragment_shader");
call    0 returned 1
        1: 5328:	GLAD_GL_ARB_framebuffer_object = has_ext("GL_ARB_framebuffer_object");
call    0 returned 1
        1: 5329:	GLAD_GL_ARB_framebuffer_sRGB = has_ext("GL_ARB_framebuffer_sRGB");
call    0 returned 1
        1: 5330:	GLAD_GL_ARB_multisample = has_ext("GL_ARB_multisample");
call    0 returned 1
        1: 5331:	GLAD_GL_ARB_sample_locations = has_ext("GL_ARB_sample_locations");
call    0 returned 1
        1: 5332:	GLAD_GL_ARB_texture_compression = has_ext("GL_ARB_texture_compression");
call    0 returned 1
        1: 5333:	GLAD_GL_ARB_texture_float = has_ext("GL_ARB_texture_float");
call    0 returned 1
        1: 5334:	GLAD_GL_ARB_texture_multisample = has_ext("GL_ARB_texture_multisample");
call    0 returned 1
        1: 5335:	GLAD_GL_ARB_texture_non_power_of_two = has_ext("GL_ARB_texture_non_power_of_two");
call    0 returned 1
        1: 5336:	GLAD_GL_ARB_texture_rg = has_ext("GL_ARB_texture_rg");
call    0 returned 1
        1: 5337:	GLAD_GL_ARB_texture_swizzle = has_ext("GL_ARB_texture_swizzle");
call    0 returned 1
        1: 5338:	GLAD_GL_ARB_uniform_buffer_object = has_ext("GL_ARB_uniform_buffer_object");
call    0 returned 1
        1: 5339:	GLAD_GL_ARB_vertex_array_object = has_ext("GL_ARB_vertex_array_object");
call    0 returned 1
        1: 5340:	GLAD_GL_ARB_vertex_attrib_binding = has_ext("GL_ARB_vertex_attrib_binding");
call    0 returned 1
        1: 5341:	GLAD_GL_ARB_vertex_buffer_object = has_ext("GL_ARB_vertex_buffer_object");
call    0 returned 1
        1: 5342:	GLAD_GL_ARB_vertex_program = has_ext("GL_ARB_vertex_program");
call    0 returned 1
        1: 5343:	GLAD_GL_ARB_vertex_shader = has_ext("GL_ARB_vertex_shader");
call    0 returned 1
        1: 5344:	GLAD_GL_ATI_element_array = has_ext("GL_ATI_element_array");
call    0 returned 1
        1: 5345:	GLAD_GL_ATI_fragment_shader = has_ext("GL_ATI_fragment_shader");
call    0 returned 1
        1: 5346:	GLAD_GL_ATI_vertex_array_object = has_ext("GL_ATI_vertex_array_object");
call    0 returned 1
        1: 5347:	GLAD_GL_EXT_blend_color = has_ext("GL_EXT_blend_color");
call    0 returned 1
        1: 5348:	GLAD_GL_EXT_blend_equation_separate = has_ext("GL_EXT_blend_equation_separate");
call    0 returned 1
        1: 5349:	GLAD_GL_EXT_blend_func_separate = has_ext("GL_EXT_blend_func_separate");
call    0 returned 1
        1: 5350:	GLAD_GL_EXT_debug_marker = has_ext("GL_EXT_debug_marker");
call    0 returned 1
        1: 5351:	GLAD_GL_EXT_framebuffer_blit = has_ext("GL_EXT_framebuffer_blit");
call    0 returned 1
        1: 5352:	GLAD_GL_EXT_framebuffer_multisample = has_ext("GL_EXT_framebuffer_multisample");
call    0 returned 1
        1: 5353:	GLAD_GL_EXT_framebuffer_multisample_blit_scaled = has_ext("GL_EXT_framebuffer_multisample_blit_scaled");
call    0 returned 1
        1: 5354:	GLAD_GL_EXT_framebuffer_object = has_ext("GL_EXT_framebuffer_object");
call    0 returned 1
        1: 5355:	GLAD_GL_EXT_framebuffer_sRGB = has_ext("GL_EXT_framebuffer_sRGB");
call    0 returned 1
        1: 5356:	GLAD_GL_EXT_index_array_formats = has_ext("GL_EXT_index_array_formats");
call    0 returned 1
        1: 5357:	GLAD_GL_EXT_texture = has_ext("GL_EXT_texture");
call    0 returned 1
        1: 5358:	GLAD_GL_EXT_texture_compression_s3tc = has_ext("GL_EXT_texture_compression_s3tc");
call    0 returned 1
        1: 5359:	GLAD_GL_EXT_texture_sRGB = has_ext("GL_EXT_texture_sRGB");
call    0 returned 1
        1: 5360:	GLAD_GL_EXT_texture_swizzle = has_ext("GL_EXT_texture_swizzle");
call    0 returned 1
        1: 5361:	GLAD_GL_EXT_vertex_array = has_ext("GL_EXT_vertex_array");
call    0 returned 1
        1: 5362:	GLAD_GL_EXT_vertex_shader = has_ext("GL_EXT_vertex_shader");
call    0 returned 1
        1: 5363:	free_exts();
call    0 returned 1
        1: 5364:	return 1;
        -: 5365:}
        -: 5366:
function find_coreGL called 1 returned 100% blocks executed 65%
        1: 5367:static void find_coreGL(void) {
        -: 5368:
        -: 5369:    /* Thank you @elmindreda
        -: 5370:     * https://github.com/elmindreda/greg/blob/master/templates/greg.c.in#L176
        -: 5371:     * https://github.com/glfw/glfw/blob/master/src/context.c#L36
        -: 5372:     */
        -: 5373:    int i, major, minor;
        -: 5374:
        -: 5375:    const char* version;
        1: 5376:    const char* prefixes[] = {
        -: 5377:        "OpenGL ES-CM ",
        -: 5378:        "OpenGL ES-CL ",
        -: 5379:        "OpenGL ES ",
        -: 5380:        NULL
        -: 5381:    };
        -: 5382:
        1: 5383:    version = (const char*) glGetString(GL_VERSION);
        1: 5383-block  0
call    0 returned 1
       1*: 5384:    if (!version) return;
branch  0 taken 0 (fallthrough)
branch  1 taken 1
    %%%%%: 5384-block  0
        -: 5385:
        4: 5386:    for (i = 0;  prefixes[i];  i++) {
        1: 5386-block  0
        3: 5386-block  1
        4: 5386-block  2
branch  0 taken 3
branch  1 taken 1 (fallthrough)
        3: 5387:        const size_t length = strlen(prefixes[i]);
        3: 5388:        if (strncmp(version, prefixes[i], length) == 0) {
        3: 5388-block  0
branch  0 taken 0 (fallthrough)
branch  1 taken 3
    #####: 5389:            version += length;
    #####: 5390:            break;
    %%%%%: 5390-block  0
        -: 5391:        }
        -: 5392:    }
        -: 5393:
        -: 5394:/* PR #18 */
        -: 5395:#ifdef _MSC_VER
        -: 5396:    sscanf_s(version, "%d.%d", &major, &minor);
        -: 5397:#else
        1: 5398:    sscanf(version, "%d.%d", &major, &minor);
        1: 5398-block  0
call    0 returned 1
        -: 5399:#endif
        -: 5400:
        1: 5401:    GLVersion.major = major; GLVersion.minor = minor;
        1: 5402:    max_loaded_major = major; max_loaded_minor = minor;
       1*: 5403:	GLAD_GL_VERSION_1_0 = (major == 1 && minor >= 0) || major > 1;
branch  0 taken 0 (fallthrough)
branch  1 taken 1
    %%%%%: 5403-block  0
branch  2 never executed
branch  3 never executed
        1: 5403-block  1
branch  4 taken 1 (fallthrough)
branch  5 taken 0
        1: 5403-block  2
    %%%%%: 5403-block  3
       1*: 5404:	GLAD_GL_VERSION_1_1 = (major == 1 && minor >= 1) || major > 1;
        1: 5404-block  0
branch  0 taken 0 (fallthrough)
branch  1 taken 1
    %%%%%: 5404-block  1
branch  2 never executed
branch  3 never executed
        1: 5404-block  2
branch  4 taken 1 (fallthrough)
branch  5 taken 0
        1: 5404-block  3
    %%%%%: 5404-block  4
       1*: 5405:	GLAD_GL_VERSION_1_2 = (major == 1 && minor >= 2) || major > 1;
        1: 5405-block  0
branch  0 taken 0 (fallthrough)
branch  1 taken 1
    %%%%%: 5405-block  1
branch  2 never executed
branch  3 never executed
        1: 5405-block  2
branch  4 taken 1 (fallthrough)
branch  5 taken 0
        1: 5405-block  3
    %%%%%: 5405-block  4
       1*: 5406:	GLAD_GL_VERSION_1_3 = (major == 1 && minor >= 3) || major > 1;
        1: 5406-block  0
branch  0 taken 0 (fallthrough)
branch  1 taken 1
    %%%%%: 5406-block  1
branch  2 never executed
branch  3 never executed
        1: 5406-block  2
branch  4 taken 1 (fallthrough)
branch  5 taken 0
        1: 5406-block  3
    %%%%%: 5406-block  4
       1*: 5407:	GLAD_GL_VERSION_1_4 = (major == 1 && minor >= 4) || major > 1;
        1: 5407-block  0
branch  0 taken 0 (fallthrough)
branch  1 taken 1
    %%%%%: 5407-block  1
branch  2 never executed
branch  3 never executed
        1: 5407-block  2
branch  4 taken 1 (fallthrough)
branch  5 taken 0
        1: 5407-block  3
    %%%%%: 5407-block  4
       1*: 5408:	GLAD_GL_VERSION_1_5 = (major == 1 && minor >= 5) || major > 1;
        1: 5408-block  0
branch  0 taken 0 (fallthrough)
branch  1 taken 1
    %%%%%: 5408-block  1
branch  2 never executed
branch  3 never executed
        1: 5408-block  2
branch  4 taken 1 (fallthrough)
branch  5 taken 0
        1: 5408-block  3
    %%%%%: 5408-block  4
       1*: 5409:	GLAD_GL_VERSION_2_0 = (major == 2 && minor >= 0) || major > 2;
        1: 5409-block  0
branch  0 taken 0 (fallthrough)
branch  1 taken 1
    %%%%%: 5409-block  1
branch  2 never executed
branch  3 never executed
        1: 5409-block  2
branch  4 taken 1 (fallthrough)
branch  5 taken 0
        1: 5409-block  3
    %%%%%: 5409-block  4
       1*: 5410:	GLAD_GL_VERSION_2_1 = (major == 2 && minor >= 1) || major > 2;
        1: 5410-block  0
branch  0 taken 0 (fallthrough)
branch  1 taken 1
    %%%%%: 5410-block  1
branch  2 never executed
branch  3 never executed
        1: 5410-block  2
branch  4 taken 1 (fallthrough)
branch  5 taken 0
        1: 5410-block  3
    %%%%%: 5410-block  4
       1*: 5411:	GLAD_GL_VERSION_3_0 = (major == 3 && minor >= 0) || major > 3;
        1: 5411-block  0
branch  0 taken 1 (fallthrough)
branch  1 taken 0
        1: 5411-block  1
branch  2 taken 0 (fallthrough)
branch  3 taken 1
    %%%%%: 5411-block  2
branch  4 never executed
branch  5 never executed
        1: 5411-block  3
    %%%%%: 5411-block  4
       1*: 5412:	GLAD_GL_VERSION_3_1 = (major == 3 && minor >= 1) || major > 3;
        1: 5412-block  0
branch  0 taken 1 (fallthrough)
branch  1 taken 0
        1: 5412-block  1
branch  2 taken 0 (fallthrough)
branch  3 taken 1
    %%%%%: 5412-block  2
branch  4 never executed
branch  5 never executed
        1: 5412-block  3
    %%%%%: 5412-block  4
       1*: 5413:	GLAD_GL_VERSION_3_2 = (major == 3 && minor >= 2) || major > 3;
        1: 5413-block  0
branch  0 taken 1 (fallthrough)
branch  1 taken 0
        1: 5413-block  1
branch  2 taken 0 (fallthrough)
branch  3 taken 1
    %%%%%: 5413-block  2
branch  4 never executed
branch  5 never executed
        1: 5413-block  3
    %%%%%: 5413-block  4
       1*: 5414:	GLAD_GL_VERSION_3_3 = (major == 3 && minor >= 3) || major > 3;
        1: 5414-block  0
branch  0 taken 1 (fallthrough)
branch  1 taken 0
        1: 5414-block  1
branch  2 taken 0 (fallthrough)
branch  3 taken 1
    %%%%%: 5414-block  2
branch  4 never executed
branch  5 never executed
        1: 5414-block  3
    %%%%%: 5414-block  4
        1: 5415:	if (GLVersion.major > 3 || (GLVersion.major >= 3 && GLVersion.minor >= 3)) {
        1: 5415-block  0
branch  0 taken 1 (fallthrough)
branch  1 taken 0
        1: 5415-block  1
branch  2 taken 1 (fallthrough)
branch  3 taken 0
        1: 5415-block  2
branch  4 taken 1 (fallthrough)
branch  5 taken 0
        1: 5416:		max_loaded_major = 3;
        1: 5417:		max_loaded_minor = 3;
        1: 5417-block  0
        -: 5418:	}
        -: 5419:}
        -: 5420:
function gladLoadGLLoader called 1 returned 100% blocks executed 91%
        1: 5421:int gladLoadGLLoader(GLADloadproc load) {
        1: 5422:	GLVersion.major = 0; GLVersion.minor = 0;
        1: 5423:	glGetString = (PFNGLGETSTRINGPROC)load("glGetString");
        1: 5423-block  0
call    0 returned 1
       1*: 5424:	if(glGetString == NULL) return 0;
branch  0 taken 0 (fallthrough)
branch  1 taken 1
    %%%%%: 5424-block  0
       1*: 5425:	if(glGetString(GL_VERSION) == NULL) return 0;
        1: 5425-block  0
call    0 returned 1
branch  1 taken 0 (fallthrough)
branch  2 taken 1
    %%%%%: 5425-block  1
        1: 5426:	find_coreGL();
        1: 5426-block  0
call    0 returned 1
        1: 5427:	load_GL_VERSION_1_0(load);
call    0 returned 1
        1: 5428:	load_GL_VERSION_1_1(load);
call    0 returned 1
        1: 5429:	load_GL_VERSION_1_2(load);
call    0 returned 1
        1: 5430:	load_GL_VERSION_1_3(load);
call    0 returned 1
        1: 5431:	load_GL_VERSION_1_4(load);
call    0 returned 1
        1: 5432:	load_GL_VERSION_1_5(load);
call    0 returned 1
        1: 5433:	load_GL_VERSION_2_0(load);
call    0 returned 1
        1: 5434:	load_GL_VERSION_2_1(load);
call    0 returned 1
        1: 5435:	load_GL_VERSION_3_0(load);
call    0 returned 1
        1: 5436:	load_GL_VERSION_3_1(load);
call    0 returned 1
        1: 5437:	load_GL_VERSION_3_2(load);
call    0 returned 1
        1: 5438:	load_GL_VERSION_3_3(load);
call    0 returned 1
        -: 5439:
       1*: 5440:	if (!find_extensionsGL()) return 0;
call    0 returned 1
branch  1 taken 0 (fallthrough)
branch  2 taken 1
    %%%%%: 5440-block  0
        1: 5441:	load_GL_AMD_debug_output(load);
        1: 5441-block  0
call    0 returned 1
        1: 5442:	load_GL_ARB_ES2_compatibility(load);
call    0 returned 1
        1: 5443:	load_GL_ARB_buffer_storage(load);
call    0 returned 1
        1: 5444:	load_GL_ARB_debug_output(load);
call    0 returned 1
        1: 5445:	load_GL_ARB_draw_buffers(load);
call    0 returned 1
        1: 5446:	load_GL_ARB_draw_buffers_blend(load);
call    0 returned 1
        1: 5447:	load_GL_ARB_fragment_program(load);
call    0 returned 1
        1: 5448:	load_GL_ARB_framebuffer_object(load);
call    0 returned 1
        1: 5449:	load_GL_ARB_multisample(load);
call    0 returned 1
        1: 5450:	load_GL_ARB_sample_locations(load);
call    0 returned 1
        1: 5451:	load_GL_ARB_texture_compression(load);
call    0 returned 1
        1: 5452:	load_GL_ARB_texture_multisample(load);
call    0 returned 1
        1: 5453:	load_GL_ARB_uniform_buffer_object(load);
call    0 returned 1
        1: 5454:	load_GL_ARB_vertex_array_object(load);
call    0 returned 1
        1: 5455:	load_GL_ARB_vertex_attrib_binding(load);
call    0 returned 1
        1: 5456:	load_GL_ARB_vertex_buffer_object(load);
call    0 returned 1
        1: 5457:	load_GL_ARB_vertex_program(load);
call    0 returned 1
        1: 5458:	load_GL_ARB_vertex_shader(load);
call    0 returned 1
        1: 5459:	load_GL_ATI_element_array(load);
call    0 returned 1
        1: 5460:	load_GL_ATI_fragment_shader(load);
call    0 returned 1
        1: 5461:	load_GL_ATI_vertex_array_object(load);
call    0 returned 1
        1: 5462:	load_GL_EXT_blend_color(load);
call    0 returned 1
        1: 5463:	load_GL_EXT_blend_equation_separate(load);
call    0 returned 1
        1: 5464:	load_GL_EXT_blend_func_separate(load);
call    0 returned 1
        1: 5465:	load_GL_EXT_debug_marker(load);
call    0 returned 1
        1: 5466:	load_GL_EXT_framebuffer_blit(load);
call    0 returned 1
        1: 5467:	load_GL_EXT_framebuffer_multisample(load);
call    0 returned 1
        1: 5468:	load_GL_EXT_framebuffer_object(load);
call    0 returned 1
        1: 5469:	load_GL_EXT_vertex_array(load);
call    0 returned 1
        1: 5470:	load_GL_EXT_vertex_shader(load);
call    0 returned 1
       1*: 5471:	return GLVersion.major != 0 || GLVersion.minor != 0;
branch  0 taken 0 (fallthrough)
branch  1 taken 1
    %%%%%: 5471-block  0
branch  2 never executed
branch  3 never executed
        1: 5471-block  1
    %%%%%: 5471-block  2
        1: 5471-block  3
        -: 5472:}
        -: 5473:
        -: 5474:#endif  // GLAD_IMPLEMENTATION
