        -:    0:Source:C:/Dev/CLionProjects/Snake-raylib/cmake-build-debug-coverage/_deps/raylib-src/src/rlgl.h
        -:    0:Graph:C:\Dev\CLionProjects\Snake-raylib\cmake-build-debug-coverage\_deps\raylib-build\raylib\CMakeFiles\raylib.dir\core.c.gcno
        -:    0:Data:C:\Dev\CLionProjects\Snake-raylib\cmake-build-debug-coverage\_deps\raylib-build\raylib\CMakeFiles\raylib.dir\core.c.gcda
        -:    0:Runs:1
        -:    1:/**********************************************************************************************
        -:    2:*
        -:    3:*   rlgl v4.0
        -:    4:*
        -:    5:*   An abstraction layer for multiple OpenGL versions (1.1, 2.1, 3.3 Core, ES 2.0)
        -:    6:*   that provides a pseudo-OpenGL 1.1 immediate-mode style API (rlVertex, rlTranslate, rlRotate...)
        -:    7:*
        -:    8:*   When chosing an OpenGL backend different than OpenGL 1.1, some internal buffer are
        -:    9:*   initialized on rlglInit() to accumulate vertex data.
        -:   10:*
        -:   11:*   When an internal state change is required all the stored vertex data is renderer in batch,
        -:   12:*   additioanlly, rlDrawRenderBatchActive() could be called to force flushing of the batch.
        -:   13:*
        -:   14:*   Some additional resources are also loaded for convenience, here the complete list:
        -:   15:*      - Default batch (RLGL.defaultBatch): RenderBatch system to accumulate vertex data
        -:   16:*      - Default texture (RLGL.defaultTextureId): 1x1 white pixel R8G8B8A8
        -:   17:*      - Default shader (RLGL.State.defaultShaderId, RLGL.State.defaultShaderLocs)
        -:   18:*
        -:   19:*   Internal buffer (and additional resources) must be manually unloaded calling rlglClose().
        -:   20:*
        -:   21:*
        -:   22:*   CONFIGURATION:
        -:   23:*
        -:   24:*   #define GRAPHICS_API_OPENGL_11
        -:   25:*   #define GRAPHICS_API_OPENGL_21
        -:   26:*   #define GRAPHICS_API_OPENGL_33
        -:   27:*   #define GRAPHICS_API_OPENGL_ES2
        -:   28:*       Use selected OpenGL graphics backend, should be supported by platform
        -:   29:*       Those preprocessor defines are only used on rlgl module, if OpenGL version is
        -:   30:*       required by any other module, use rlGetVersion() to check it
        -:   31:*
        -:   32:*   #define RLGL_IMPLEMENTATION
        -:   33:*       Generates the implementation of the library into the included file.
        -:   34:*       If not defined, the library is in header only mode and can be included in other headers
        -:   35:*       or source files without problems. But only ONE file should hold the implementation.
        -:   36:*
        -:   37:*   #define SUPPORT_RENDER_TEXTURES_HINT
        -:   38:*       Enable framebuffer objects (fbo) support (enabled by default)
        -:   39:*       Some GPUs could not support them despite the OpenGL version
        -:   40:*
        -:   41:*   #define SUPPORT_GL_DETAILS_INFO
        -:   42:*       Show OpenGL extensions and capabilities detailed logs on init
        -:   43:*
        -:   44:*   rlgl capabilities could be customized just defining some internal
        -:   45:*   values before library inclusion (default values listed):
        -:   46:*
        -:   47:*   #define RL_DEFAULT_BATCH_BUFFER_ELEMENTS   8192    // Default internal render batch elements limits
        -:   48:*   #define RL_DEFAULT_BATCH_BUFFERS              1    // Default number of batch buffers (multi-buffering)
        -:   49:*   #define RL_DEFAULT_BATCH_DRAWCALLS          256    // Default number of batch draw calls (by state changes: mode, texture)
        -:   50:*   #define RL_DEFAULT_BATCH_MAX_TEXTURE_UNITS    4    // Maximum number of textures units that can be activated on batch drawing (SetShaderValueTexture())
        -:   51:*
        -:   52:*   #define RL_MAX_MATRIX_STACK_SIZE             32    // Maximum size of internal Matrix stack
        -:   53:*   #define RL_MAX_SHADER_LOCATIONS              32    // Maximum number of shader locations supported
        -:   54:*   #define RL_CULL_DISTANCE_NEAR              0.01    // Default projection matrix near cull distance
        -:   55:*   #define RL_CULL_DISTANCE_FAR             1000.0    // Default projection matrix far cull distance
        -:   56:*
        -:   57:*   When loading a shader, the following vertex attribute and uniform
        -:   58:*   location names are tried to be set automatically:
        -:   59:*
        -:   60:*   #define RL_DEFAULT_SHADER_ATTRIB_NAME_POSITION     "vertexPosition"    // Binded by default to shader location: 0
        -:   61:*   #define RL_DEFAULT_SHADER_ATTRIB_NAME_TEXCOORD     "vertexTexCoord"    // Binded by default to shader location: 1
        -:   62:*   #define RL_DEFAULT_SHADER_ATTRIB_NAME_NORMAL       "vertexNormal"      // Binded by default to shader location: 2
        -:   63:*   #define RL_DEFAULT_SHADER_ATTRIB_NAME_COLOR        "vertexColor"       // Binded by default to shader location: 3
        -:   64:*   #define RL_DEFAULT_SHADER_ATTRIB_NAME_TANGENT      "vertexTangent"     // Binded by default to shader location: 4
        -:   65:*   #define RL_DEFAULT_SHADER_ATTRIB_NAME_TEXCOORD2    "vertexTexCoord2"   // Binded by default to shader location: 5
        -:   66:*   #define RL_DEFAULT_SHADER_UNIFORM_NAME_MVP         "mvp"               // model-view-projection matrix
        -:   67:*   #define RL_DEFAULT_SHADER_UNIFORM_NAME_VIEW        "matView"           // view matrix
        -:   68:*   #define RL_DEFAULT_SHADER_UNIFORM_NAME_PROJECTION  "matProjection"     // projection matrix
        -:   69:*   #define RL_DEFAULT_SHADER_UNIFORM_NAME_MODEL       "matModel"          // model matrix
        -:   70:*   #define RL_DEFAULT_SHADER_UNIFORM_NAME_NORMAL      "matNormal"         // normal matrix (transpose(inverse(matModelView))
        -:   71:*   #define RL_DEFAULT_SHADER_UNIFORM_NAME_COLOR       "colDiffuse"        // color diffuse (base tint color, multiplied by texture color)
        -:   72:*   #define RL_DEFAULT_SHADER_SAMPLER2D_NAME_TEXTURE0  "texture0"          // texture0 (texture slot active 0)
        -:   73:*   #define RL_DEFAULT_SHADER_SAMPLER2D_NAME_TEXTURE1  "texture1"          // texture1 (texture slot active 1)
        -:   74:*   #define RL_DEFAULT_SHADER_SAMPLER2D_NAME_TEXTURE2  "texture2"          // texture2 (texture slot active 2)
        -:   75:*
        -:   76:*   DEPENDENCIES:
        -:   77:*
        -:   78:*      - OpenGL libraries (depending on platform and OpenGL version selected)
        -:   79:*      - GLAD OpenGL extensions loading library (only for OpenGL 3.3 Core)
        -:   80:*
        -:   81:*
        -:   82:*   LICENSE: zlib/libpng
        -:   83:*
        -:   84:*   Copyright (c) 2014-2021 Ramon Santamaria (@raysan5)
        -:   85:*
        -:   86:*   This software is provided "as-is", without any express or implied warranty. In no event
        -:   87:*   will the authors be held liable for any damages arising from the use of this software.
        -:   88:*
        -:   89:*   Permission is granted to anyone to use this software for any purpose, including commercial
        -:   90:*   applications, and to alter it and redistribute it freely, subject to the following restrictions:
        -:   91:*
        -:   92:*     1. The origin of this software must not be misrepresented; you must not claim that you
        -:   93:*     wrote the original software. If you use this software in a product, an acknowledgment
        -:   94:*     in the product documentation would be appreciated but is not required.
        -:   95:*
        -:   96:*     2. Altered source versions must be plainly marked as such, and must not be misrepresented
        -:   97:*     as being the original software.
        -:   98:*
        -:   99:*     3. This notice may not be removed or altered from any source distribution.
        -:  100:*
        -:  101:**********************************************************************************************/
        -:  102:
        -:  103:#ifndef RLGL_H
        -:  104:#define RLGL_H
        -:  105:
        -:  106:#define SUPPORT_RENDER_TEXTURES_HINT
        -:  107:
        -:  108:#ifndef RLAPI
        -:  109:    #define RLAPI   // We are building or using rlgl as a static library (or Linux shared library)
        -:  110:#endif
        -:  111:
        -:  112:#if defined(_WIN32)
        -:  113:    #if defined(BUILD_LIBTYPE_SHARED)
        -:  114:        #define RLAPI __declspec(dllexport)         // We are building raylib as a Win32 shared library (.dll)
        -:  115:    #elif defined(USE_LIBTYPE_SHARED)
        -:  116:        #define RLAPI __declspec(dllimport)         // We are using raylib as a Win32 shared library (.dll)
        -:  117:    #endif
        -:  118:#endif
        -:  119:
        -:  120:// Support TRACELOG macros
        -:  121:#ifndef TRACELOG
        -:  122:    #define TRACELOG(level, ...) (void)0
        -:  123:    #define TRACELOGD(...) (void)0
        -:  124:#endif
        -:  125:
        -:  126:// Allow custom memory allocators
        -:  127:#ifndef RL_MALLOC
        -:  128:    #define RL_MALLOC(sz)     malloc(sz)
        -:  129:#endif
        -:  130:#ifndef RL_CALLOC
        -:  131:    #define RL_CALLOC(n,sz)   calloc(n,sz)
        -:  132:#endif
        -:  133:#ifndef RL_REALLOC
        -:  134:    #define RL_REALLOC(n,sz)  realloc(n,sz)
        -:  135:#endif
        -:  136:#ifndef RL_FREE
        -:  137:    #define RL_FREE(p)        free(p)
        -:  138:#endif
        -:  139:
        -:  140:// Security check in case no GRAPHICS_API_OPENGL_* defined
        -:  141:#if !defined(GRAPHICS_API_OPENGL_11) && \
        -:  142:    !defined(GRAPHICS_API_OPENGL_21) && \
        -:  143:    !defined(GRAPHICS_API_OPENGL_33) && \
        -:  144:    !defined(GRAPHICS_API_OPENGL_ES2)
        -:  145:        #define GRAPHICS_API_OPENGL_33
        -:  146:#endif
        -:  147:
        -:  148:// Security check in case multiple GRAPHICS_API_OPENGL_* defined
        -:  149:#if defined(GRAPHICS_API_OPENGL_11)
        -:  150:    #if defined(GRAPHICS_API_OPENGL_21)
        -:  151:        #undef GRAPHICS_API_OPENGL_21
        -:  152:    #endif
        -:  153:    #if defined(GRAPHICS_API_OPENGL_33)
        -:  154:        #undef GRAPHICS_API_OPENGL_33
        -:  155:    #endif
        -:  156:    #if defined(GRAPHICS_API_OPENGL_ES2)
        -:  157:        #undef GRAPHICS_API_OPENGL_ES2
        -:  158:    #endif
        -:  159:#endif
        -:  160:
        -:  161:// OpenGL 2.1 uses most of OpenGL 3.3 Core functionality
        -:  162:// WARNING: Specific parts are checked with #if defines
        -:  163:#if defined(GRAPHICS_API_OPENGL_21)
        -:  164:    #define GRAPHICS_API_OPENGL_33
        -:  165:#endif
        -:  166:
        -:  167://----------------------------------------------------------------------------------
        -:  168:// Defines and Macros
        -:  169://----------------------------------------------------------------------------------
        -:  170:
        -:  171:// Default internal render batch elements limits
        -:  172:#ifndef RL_DEFAULT_BATCH_BUFFER_ELEMENTS
        -:  173:    #if defined(GRAPHICS_API_OPENGL_11) || defined(GRAPHICS_API_OPENGL_33)
        -:  174:        // This is the maximum amount of elements (quads) per batch
        -:  175:        // NOTE: Be careful with text, every letter maps to a quad
        -:  176:        #define RL_DEFAULT_BATCH_BUFFER_ELEMENTS   8192
        -:  177:    #endif
        -:  178:    #if defined(GRAPHICS_API_OPENGL_ES2)
        -:  179:        // We reduce memory sizes for embedded systems (RPI and HTML5)
        -:  180:        // NOTE: On HTML5 (emscripten) this is allocated on heap,
        -:  181:        // by default it's only 16MB!...just take care...
        -:  182:        #define RL_DEFAULT_BATCH_BUFFER_ELEMENTS   2048
        -:  183:    #endif
        -:  184:#endif
        -:  185:#ifndef RL_DEFAULT_BATCH_BUFFERS
        -:  186:    #define RL_DEFAULT_BATCH_BUFFERS            1      // Default number of batch buffers (multi-buffering)
        -:  187:#endif
        -:  188:#ifndef RL_DEFAULT_BATCH_DRAWCALLS
        -:  189:    #define RL_DEFAULT_BATCH_DRAWCALLS        256      // Default number of batch draw calls (by state changes: mode, texture)
        -:  190:#endif
        -:  191:#ifndef RL_DEFAULT_BATCH_MAX_TEXTURE_UNITS
        -:  192:    #define RL_DEFAULT_BATCH_MAX_TEXTURE_UNITS  4      // Maximum number of textures units that can be activated on batch drawing (SetShaderValueTexture())
        -:  193:#endif
        -:  194:
        -:  195:// Internal Matrix stack
        -:  196:#ifndef RL_MAX_MATRIX_STACK_SIZE
        -:  197:    #define RL_MAX_MATRIX_STACK_SIZE           32      // Maximum size of Matrix stack
        -:  198:#endif
        -:  199:
        -:  200:// Shader limits
        -:  201:#ifndef RL_MAX_SHADER_LOCATIONS
        -:  202:    #define RL_MAX_SHADER_LOCATIONS            32      // Maximum number of shader locations supported
        -:  203:#endif
        -:  204:
        -:  205:// Projection matrix culling
        -:  206:#ifndef RL_CULL_DISTANCE_NEAR
        -:  207:    #define RL_CULL_DISTANCE_NEAR            0.01      // Default near cull distance
        -:  208:#endif
        -:  209:#ifndef RL_CULL_DISTANCE_FAR
        -:  210:    #define RL_CULL_DISTANCE_FAR           1000.0      // Default far cull distance
        -:  211:#endif
        -:  212:
        -:  213:// Texture parameters (equivalent to OpenGL defines)
        -:  214:#define RL_TEXTURE_WRAP_S                       0x2802      // GL_TEXTURE_WRAP_S
        -:  215:#define RL_TEXTURE_WRAP_T                       0x2803      // GL_TEXTURE_WRAP_T
        -:  216:#define RL_TEXTURE_MAG_FILTER                   0x2800      // GL_TEXTURE_MAG_FILTER
        -:  217:#define RL_TEXTURE_MIN_FILTER                   0x2801      // GL_TEXTURE_MIN_FILTER
        -:  218:
        -:  219:#define RL_TEXTURE_FILTER_NEAREST               0x2600      // GL_NEAREST
        -:  220:#define RL_TEXTURE_FILTER_LINEAR                0x2601      // GL_LINEAR
        -:  221:#define RL_TEXTURE_FILTER_MIP_NEAREST           0x2700      // GL_NEAREST_MIPMAP_NEAREST
        -:  222:#define RL_TEXTURE_FILTER_NEAREST_MIP_LINEAR    0x2702      // GL_NEAREST_MIPMAP_LINEAR
        -:  223:#define RL_TEXTURE_FILTER_LINEAR_MIP_NEAREST    0x2701      // GL_LINEAR_MIPMAP_NEAREST
        -:  224:#define RL_TEXTURE_FILTER_MIP_LINEAR            0x2703      // GL_LINEAR_MIPMAP_LINEAR
        -:  225:#define RL_TEXTURE_FILTER_ANISOTROPIC           0x3000      // Anisotropic filter (custom identifier)
        -:  226:
        -:  227:#define RL_TEXTURE_WRAP_REPEAT                  0x2901      // GL_REPEAT
        -:  228:#define RL_TEXTURE_WRAP_CLAMP                   0x812F      // GL_CLAMP_TO_EDGE
        -:  229:#define RL_TEXTURE_WRAP_MIRROR_REPEAT           0x8370      // GL_MIRRORED_REPEAT
        -:  230:#define RL_TEXTURE_WRAP_MIRROR_CLAMP            0x8742      // GL_MIRROR_CLAMP_EXT
        -:  231:
        -:  232:// Matrix modes (equivalent to OpenGL)
        -:  233:#define RL_MODELVIEW                            0x1700      // GL_MODELVIEW
        -:  234:#define RL_PROJECTION                           0x1701      // GL_PROJECTION
        -:  235:#define RL_TEXTURE                              0x1702      // GL_TEXTURE
        -:  236:
        -:  237:// Primitive assembly draw modes
        -:  238:#define RL_LINES                                0x0001      // GL_LINES
        -:  239:#define RL_TRIANGLES                            0x0004      // GL_TRIANGLES
        -:  240:#define RL_QUADS                                0x0007      // GL_QUADS
        -:  241:
        -:  242:// GL equivalent data types
        -:  243:#define RL_UNSIGNED_BYTE                        0x1401      // GL_UNSIGNED_BYTE
        -:  244:#define RL_FLOAT                                0x1406      // GL_FLOAT
        -:  245:
        -:  246://----------------------------------------------------------------------------------
        -:  247:// Types and Structures Definition
        -:  248://----------------------------------------------------------------------------------
        -:  249:typedef enum {
        -:  250:    OPENGL_11 = 1,
        -:  251:    OPENGL_21,
        -:  252:    OPENGL_33,
        -:  253:    OPENGL_ES_20
        -:  254:} rlGlVersion;
        -:  255:
        -:  256:typedef enum {
        -:  257:    RL_ATTACHMENT_COLOR_CHANNEL0 = 0,
        -:  258:    RL_ATTACHMENT_COLOR_CHANNEL1,
        -:  259:    RL_ATTACHMENT_COLOR_CHANNEL2,
        -:  260:    RL_ATTACHMENT_COLOR_CHANNEL3,
        -:  261:    RL_ATTACHMENT_COLOR_CHANNEL4,
        -:  262:    RL_ATTACHMENT_COLOR_CHANNEL5,
        -:  263:    RL_ATTACHMENT_COLOR_CHANNEL6,
        -:  264:    RL_ATTACHMENT_COLOR_CHANNEL7,
        -:  265:    RL_ATTACHMENT_DEPTH = 100,
        -:  266:    RL_ATTACHMENT_STENCIL = 200,
        -:  267:} rlFramebufferAttachType;
        -:  268:
        -:  269:typedef enum {
        -:  270:    RL_ATTACHMENT_CUBEMAP_POSITIVE_X = 0,
        -:  271:    RL_ATTACHMENT_CUBEMAP_NEGATIVE_X,
        -:  272:    RL_ATTACHMENT_CUBEMAP_POSITIVE_Y,
        -:  273:    RL_ATTACHMENT_CUBEMAP_NEGATIVE_Y,
        -:  274:    RL_ATTACHMENT_CUBEMAP_POSITIVE_Z,
        -:  275:    RL_ATTACHMENT_CUBEMAP_NEGATIVE_Z,
        -:  276:    RL_ATTACHMENT_TEXTURE2D = 100,
        -:  277:    RL_ATTACHMENT_RENDERBUFFER = 200,
        -:  278:} rlFramebufferAttachTextureType;
        -:  279:
        -:  280:// Dynamic vertex buffers (position + texcoords + colors + indices arrays)
        -:  281:typedef struct rlVertexBuffer {
        -:  282:    int elementCount;           // Number of elements in the buffer (QUADS)
        -:  283:
        -:  284:    int vCounter;               // Vertex position counter to process (and draw) from full buffer
        -:  285:    int tcCounter;              // Vertex texcoord counter to process (and draw) from full buffer
        -:  286:    int cCounter;               // Vertex color counter to process (and draw) from full buffer
        -:  287:
        -:  288:    float *vertices;            // Vertex position (XYZ - 3 components per vertex) (shader-location = 0)
        -:  289:    float *texcoords;           // Vertex texture coordinates (UV - 2 components per vertex) (shader-location = 1)
        -:  290:    unsigned char *colors;      // Vertex colors (RGBA - 4 components per vertex) (shader-location = 3)
        -:  291:#if defined(GRAPHICS_API_OPENGL_11) || defined(GRAPHICS_API_OPENGL_33)
        -:  292:    unsigned int *indices;      // Vertex indices (in case vertex data comes indexed) (6 indices per quad)
        -:  293:#endif
        -:  294:#if defined(GRAPHICS_API_OPENGL_ES2)
        -:  295:    unsigned short *indices;    // Vertex indices (in case vertex data comes indexed) (6 indices per quad)
        -:  296:#endif
        -:  297:    unsigned int vaoId;         // OpenGL Vertex Array Object id
        -:  298:    unsigned int vboId[4];      // OpenGL Vertex Buffer Objects id (4 types of vertex data)
        -:  299:} rlVertexBuffer;
        -:  300:
        -:  301:// Draw call type
        -:  302:// NOTE: Only texture changes register a new draw, other state-change-related elements are not
        -:  303:// used at this moment (vaoId, shaderId, matrices), raylib just forces a batch draw call if any
        -:  304:// of those state-change happens (this is done in core module)
        -:  305:typedef struct rlDrawCall {
        -:  306:    int mode;                   // Drawing mode: LINES, TRIANGLES, QUADS
        -:  307:    int vertexCount;            // Number of vertex of the draw
        -:  308:    int vertexAlignment;        // Number of vertex required for index alignment (LINES, TRIANGLES)
        -:  309:    //unsigned int vaoId;       // Vertex array id to be used on the draw -> Using RLGL.currentBatch->vertexBuffer.vaoId
        -:  310:    //unsigned int shaderId;    // Shader id to be used on the draw -> Using RLGL.currentShaderId
        -:  311:    unsigned int textureId;     // Texture id to be used on the draw -> Use to create new draw call if changes
        -:  312:
        -:  313:    //Matrix projection;      // Projection matrix for this draw -> Using RLGL.projection by default
        -:  314:    //Matrix modelview;       // Modelview matrix for this draw -> Using RLGL.modelview by default
        -:  315:} rlDrawCall;
        -:  316:
        -:  317:// rlRenderBatch type
        -:  318:typedef struct rlRenderBatch {
        -:  319:    int bufferCount;           // Number of vertex buffers (multi-buffering support)
        -:  320:    int currentBuffer;          // Current buffer tracking in case of multi-buffering
        -:  321:    rlVertexBuffer *vertexBuffer; // Dynamic buffer(s) for vertex data
        -:  322:
        -:  323:    rlDrawCall *draws;          // Draw calls array, depends on textureId
        -:  324:    int drawCounter;            // Draw calls counter
        -:  325:    float currentDepth;         // Current depth value for next draw
        -:  326:} rlRenderBatch;
        -:  327:
        -:  328:#if defined(__STDC__) && __STDC_VERSION__ >= 199901L
        -:  329:    #include <stdbool.h>
        -:  330:#elif !defined(__cplusplus) && !defined(bool) && !defined(RL_BOOL_TYPE)
        -:  331:    // Boolean type
        -:  332:    typedef enum bool { false, true } bool;
        -:  333:#endif
        -:  334:
        -:  335:#if !defined(RL_MATRIX_TYPE)
        -:  336:// Matrix, 4x4 components, column major, OpenGL style, right handed
        -:  337:typedef struct Matrix {
        -:  338:    float m0, m4, m8, m12;  // Matrix first row (4 components)
        -:  339:    float m1, m5, m9, m13;  // Matrix second row (4 components)
        -:  340:    float m2, m6, m10, m14; // Matrix third row (4 components)
        -:  341:    float m3, m7, m11, m15; // Matrix fourth row (4 components)
        -:  342:} Matrix;
        -:  343:#define RL_MATRIX_TYPE
        -:  344:#endif
        -:  345:
        -:  346:// Trace log level
        -:  347:// NOTE: Organized by priority level
        -:  348:typedef enum {
        -:  349:    RL_LOG_ALL = 0,            // Display all logs
        -:  350:    RL_LOG_TRACE,              // Trace logging, intended for internal use only
        -:  351:    RL_LOG_DEBUG,              // Debug logging, used for internal debugging, it should be disabled on release builds
        -:  352:    RL_LOG_INFO,               // Info logging, used for program execution info
        -:  353:    RL_LOG_WARNING,            // Warning logging, used on recoverable failures
        -:  354:    RL_LOG_ERROR,              // Error logging, used on unrecoverable failures
        -:  355:    RL_LOG_FATAL,              // Fatal logging, used to abort program: exit(EXIT_FAILURE)
        -:  356:    RL_LOG_NONE                // Disable logging
        -:  357:} rlTraceLogLevel;
        -:  358:
        -:  359:// Texture formats (support depends on OpenGL version)
        -:  360:typedef enum {
        -:  361:    RL_PIXELFORMAT_UNCOMPRESSED_GRAYSCALE = 1,     // 8 bit per pixel (no alpha)
        -:  362:    RL_PIXELFORMAT_UNCOMPRESSED_GRAY_ALPHA,        // 8*2 bpp (2 channels)
        -:  363:    RL_PIXELFORMAT_UNCOMPRESSED_R5G6B5,            // 16 bpp
        -:  364:    RL_PIXELFORMAT_UNCOMPRESSED_R8G8B8,            // 24 bpp
        -:  365:    RL_PIXELFORMAT_UNCOMPRESSED_R5G5B5A1,          // 16 bpp (1 bit alpha)
        -:  366:    RL_PIXELFORMAT_UNCOMPRESSED_R4G4B4A4,          // 16 bpp (4 bit alpha)
        -:  367:    RL_PIXELFORMAT_UNCOMPRESSED_R8G8B8A8,          // 32 bpp
        -:  368:    RL_PIXELFORMAT_UNCOMPRESSED_R32,               // 32 bpp (1 channel - float)
        -:  369:    RL_PIXELFORMAT_UNCOMPRESSED_R32G32B32,         // 32*3 bpp (3 channels - float)
        -:  370:    RL_PIXELFORMAT_UNCOMPRESSED_R32G32B32A32,      // 32*4 bpp (4 channels - float)
        -:  371:    RL_PIXELFORMAT_COMPRESSED_DXT1_RGB,            // 4 bpp (no alpha)
        -:  372:    RL_PIXELFORMAT_COMPRESSED_DXT1_RGBA,           // 4 bpp (1 bit alpha)
        -:  373:    RL_PIXELFORMAT_COMPRESSED_DXT3_RGBA,           // 8 bpp
        -:  374:    RL_PIXELFORMAT_COMPRESSED_DXT5_RGBA,           // 8 bpp
        -:  375:    RL_PIXELFORMAT_COMPRESSED_ETC1_RGB,            // 4 bpp
        -:  376:    RL_PIXELFORMAT_COMPRESSED_ETC2_RGB,            // 4 bpp
        -:  377:    RL_PIXELFORMAT_COMPRESSED_ETC2_EAC_RGBA,       // 8 bpp
        -:  378:    RL_PIXELFORMAT_COMPRESSED_PVRT_RGB,            // 4 bpp
        -:  379:    RL_PIXELFORMAT_COMPRESSED_PVRT_RGBA,           // 4 bpp
        -:  380:    RL_PIXELFORMAT_COMPRESSED_ASTC_4x4_RGBA,       // 8 bpp
        -:  381:    RL_PIXELFORMAT_COMPRESSED_ASTC_8x8_RGBA        // 2 bpp
        -:  382:} rlPixelFormat;
        -:  383:
        -:  384:// Texture parameters: filter mode
        -:  385:// NOTE 1: Filtering considers mipmaps if available in the texture
        -:  386:// NOTE 2: Filter is accordingly set for minification and magnification
        -:  387:typedef enum {
        -:  388:    RL_TEXTURE_FILTER_POINT = 0,               // No filter, just pixel aproximation
        -:  389:    RL_TEXTURE_FILTER_BILINEAR,                // Linear filtering
        -:  390:    RL_TEXTURE_FILTER_TRILINEAR,               // Trilinear filtering (linear with mipmaps)
        -:  391:    RL_TEXTURE_FILTER_ANISOTROPIC_4X,          // Anisotropic filtering 4x
        -:  392:    RL_TEXTURE_FILTER_ANISOTROPIC_8X,          // Anisotropic filtering 8x
        -:  393:    RL_TEXTURE_FILTER_ANISOTROPIC_16X,         // Anisotropic filtering 16x
        -:  394:} rlTextureFilter;
        -:  395:
        -:  396:// Color blending modes (pre-defined)
        -:  397:typedef enum {
        -:  398:    RL_BLEND_ALPHA = 0,                // Blend textures considering alpha (default)
        -:  399:    RL_BLEND_ADDITIVE,                 // Blend textures adding colors
        -:  400:    RL_BLEND_MULTIPLIED,               // Blend textures multiplying colors
        -:  401:    RL_BLEND_ADD_COLORS,               // Blend textures adding colors (alternative)
        -:  402:    RL_BLEND_SUBTRACT_COLORS,          // Blend textures subtracting colors (alternative)
        -:  403:    RL_BLEND_CUSTOM                    // Belnd textures using custom src/dst factors (use SetBlendModeCustom())
        -:  404:} rlBlendMode;
        -:  405:
        -:  406:// Shader location point type
        -:  407:typedef enum {
        -:  408:    RL_SHADER_LOC_VERTEX_POSITION = 0, // Shader location: vertex attribute: position
        -:  409:    RL_SHADER_LOC_VERTEX_TEXCOORD01,   // Shader location: vertex attribute: texcoord01
        -:  410:    RL_SHADER_LOC_VERTEX_TEXCOORD02,   // Shader location: vertex attribute: texcoord02
        -:  411:    RL_SHADER_LOC_VERTEX_NORMAL,       // Shader location: vertex attribute: normal
        -:  412:    RL_SHADER_LOC_VERTEX_TANGENT,      // Shader location: vertex attribute: tangent
        -:  413:    RL_SHADER_LOC_VERTEX_COLOR,        // Shader location: vertex attribute: color
        -:  414:    RL_SHADER_LOC_MATRIX_MVP,          // Shader location: matrix uniform: model-view-projection
        -:  415:    RL_SHADER_LOC_MATRIX_VIEW,         // Shader location: matrix uniform: view (camera transform)
        -:  416:    RL_SHADER_LOC_MATRIX_PROJECTION,   // Shader location: matrix uniform: projection
        -:  417:    RL_SHADER_LOC_MATRIX_MODEL,        // Shader location: matrix uniform: model (transform)
        -:  418:    RL_SHADER_LOC_MATRIX_NORMAL,       // Shader location: matrix uniform: normal
        -:  419:    RL_SHADER_LOC_VECTOR_VIEW,         // Shader location: vector uniform: view
        -:  420:    RL_SHADER_LOC_COLOR_DIFFUSE,       // Shader location: vector uniform: diffuse color
        -:  421:    RL_SHADER_LOC_COLOR_SPECULAR,      // Shader location: vector uniform: specular color
        -:  422:    RL_SHADER_LOC_COLOR_AMBIENT,       // Shader location: vector uniform: ambient color
        -:  423:    RL_SHADER_LOC_MAP_ALBEDO,          // Shader location: sampler2d texture: albedo (same as: RL_SHADER_LOC_MAP_DIFFUSE)
        -:  424:    RL_SHADER_LOC_MAP_METALNESS,       // Shader location: sampler2d texture: metalness (same as: RL_SHADER_LOC_MAP_SPECULAR)
        -:  425:    RL_SHADER_LOC_MAP_NORMAL,          // Shader location: sampler2d texture: normal
        -:  426:    RL_SHADER_LOC_MAP_ROUGHNESS,       // Shader location: sampler2d texture: roughness
        -:  427:    RL_SHADER_LOC_MAP_OCCLUSION,       // Shader location: sampler2d texture: occlusion
        -:  428:    RL_SHADER_LOC_MAP_EMISSION,        // Shader location: sampler2d texture: emission
        -:  429:    RL_SHADER_LOC_MAP_HEIGHT,          // Shader location: sampler2d texture: height
        -:  430:    RL_SHADER_LOC_MAP_CUBEMAP,         // Shader location: samplerCube texture: cubemap
        -:  431:    RL_SHADER_LOC_MAP_IRRADIANCE,      // Shader location: samplerCube texture: irradiance
        -:  432:    RL_SHADER_LOC_MAP_PREFILTER,       // Shader location: samplerCube texture: prefilter
        -:  433:    RL_SHADER_LOC_MAP_BRDF             // Shader location: sampler2d texture: brdf
        -:  434:} rlShaderLocationIndex;
        -:  435:
        -:  436:#define RL_SHADER_LOC_MAP_DIFFUSE      RL_SHADER_LOC_MAP_ALBEDO
        -:  437:#define RL_SHADER_LOC_MAP_SPECULAR     RL_SHADER_LOC_MAP_METALNESS
        -:  438:
        -:  439:// Shader uniform data type
        -:  440:typedef enum {
        -:  441:    RL_SHADER_UNIFORM_FLOAT = 0,       // Shader uniform type: float
        -:  442:    RL_SHADER_UNIFORM_VEC2,            // Shader uniform type: vec2 (2 float)
        -:  443:    RL_SHADER_UNIFORM_VEC3,            // Shader uniform type: vec3 (3 float)
        -:  444:    RL_SHADER_UNIFORM_VEC4,            // Shader uniform type: vec4 (4 float)
        -:  445:    RL_SHADER_UNIFORM_INT,             // Shader uniform type: int
        -:  446:    RL_SHADER_UNIFORM_IVEC2,           // Shader uniform type: ivec2 (2 int)
        -:  447:    RL_SHADER_UNIFORM_IVEC3,           // Shader uniform type: ivec3 (3 int)
        -:  448:    RL_SHADER_UNIFORM_IVEC4,           // Shader uniform type: ivec4 (4 int)
        -:  449:    RL_SHADER_UNIFORM_SAMPLER2D        // Shader uniform type: sampler2d
        -:  450:} rlShaderUniformDataType;
        -:  451:
        -:  452:// Shader attribute data types
        -:  453:typedef enum {
        -:  454:    RL_SHADER_ATTRIB_FLOAT = 0,        // Shader attribute type: float
        -:  455:    RL_SHADER_ATTRIB_VEC2,             // Shader attribute type: vec2 (2 float)
        -:  456:    RL_SHADER_ATTRIB_VEC3,             // Shader attribute type: vec3 (3 float)
        -:  457:    RL_SHADER_ATTRIB_VEC4              // Shader attribute type: vec4 (4 float)
        -:  458:} rlShaderAttributeDataType;
        -:  459:
        -:  460://------------------------------------------------------------------------------------
        -:  461:// Functions Declaration - Matrix operations
        -:  462://------------------------------------------------------------------------------------
        -:  463:
        -:  464:#if defined(__cplusplus)
        -:  465:extern "C" {            // Prevents name mangling of functions
        -:  466:#endif
        -:  467:
        -:  468:RLAPI void rlMatrixMode(int mode);                    // Choose the current matrix to be transformed
        -:  469:RLAPI void rlPushMatrix(void);                        // Push the current matrix to stack
        -:  470:RLAPI void rlPopMatrix(void);                         // Pop lattest inserted matrix from stack
        -:  471:RLAPI void rlLoadIdentity(void);                      // Reset current matrix to identity matrix
        -:  472:RLAPI void rlTranslatef(float x, float y, float z);   // Multiply the current matrix by a translation matrix
        -:  473:RLAPI void rlRotatef(float angle, float x, float y, float z);  // Multiply the current matrix by a rotation matrix
        -:  474:RLAPI void rlScalef(float x, float y, float z);       // Multiply the current matrix by a scaling matrix
        -:  475:RLAPI void rlMultMatrixf(float *matf);                // Multiply the current matrix by another matrix
        -:  476:RLAPI void rlFrustum(double left, double right, double bottom, double top, double znear, double zfar);
        -:  477:RLAPI void rlOrtho(double left, double right, double bottom, double top, double znear, double zfar);
        -:  478:RLAPI void rlViewport(int x, int y, int width, int height); // Set the viewport area
        -:  479:
        -:  480://------------------------------------------------------------------------------------
        -:  481:// Functions Declaration - Vertex level operations
        -:  482://------------------------------------------------------------------------------------
        -:  483:RLAPI void rlBegin(int mode);                         // Initialize drawing mode (how to organize vertex)
        -:  484:RLAPI void rlEnd(void);                               // Finish vertex providing
        -:  485:RLAPI void rlVertex2i(int x, int y);                  // Define one vertex (position) - 2 int
        -:  486:RLAPI void rlVertex2f(float x, float y);              // Define one vertex (position) - 2 float
        -:  487:RLAPI void rlVertex3f(float x, float y, float z);     // Define one vertex (position) - 3 float
        -:  488:RLAPI void rlTexCoord2f(float x, float y);            // Define one vertex (texture coordinate) - 2 float
        -:  489:RLAPI void rlNormal3f(float x, float y, float z);     // Define one vertex (normal) - 3 float
        -:  490:RLAPI void rlColor4ub(unsigned char r, unsigned char g, unsigned char b, unsigned char a);  // Define one vertex (color) - 4 byte
        -:  491:RLAPI void rlColor3f(float x, float y, float z);          // Define one vertex (color) - 3 float
        -:  492:RLAPI void rlColor4f(float x, float y, float z, float w); // Define one vertex (color) - 4 float
        -:  493:
        -:  494://------------------------------------------------------------------------------------
        -:  495:// Functions Declaration - OpenGL style functions (common to 1.1, 3.3+, ES2)
        -:  496:// NOTE: This functions are used to completely abstract raylib code from OpenGL layer,
        -:  497:// some of them are direct wrappers over OpenGL calls, some others are custom
        -:  498://------------------------------------------------------------------------------------
        -:  499:
        -:  500:// Vertex buffers state
        -:  501:RLAPI bool rlEnableVertexArray(unsigned int vaoId);     // Enable vertex array (VAO, if supported)
        -:  502:RLAPI void rlDisableVertexArray(void);                  // Disable vertex array (VAO, if supported)
        -:  503:RLAPI void rlEnableVertexBuffer(unsigned int id);       // Enable vertex buffer (VBO)
        -:  504:RLAPI void rlDisableVertexBuffer(void);                 // Disable vertex buffer (VBO)
        -:  505:RLAPI void rlEnableVertexBufferElement(unsigned int id);// Enable vertex buffer element (VBO element)
        -:  506:RLAPI void rlDisableVertexBufferElement(void);          // Disable vertex buffer element (VBO element)
        -:  507:RLAPI void rlEnableVertexAttribute(unsigned int index); // Enable vertex attribute index
        -:  508:RLAPI void rlDisableVertexAttribute(unsigned int index);// Disable vertex attribute index
        -:  509:#if defined(GRAPHICS_API_OPENGL_11)
        -:  510:RLAPI void rlEnableStatePointer(int vertexAttribType, void *buffer);    // Enable attribute state pointer
        -:  511:RLAPI void rlDisableStatePointer(int vertexAttribType);                 // Disable attribute state pointer
        -:  512:#endif
        -:  513:
        -:  514:// Textures state
        -:  515:RLAPI void rlActiveTextureSlot(int slot);               // Select and active a texture slot
        -:  516:RLAPI void rlEnableTexture(unsigned int id);            // Enable texture
        -:  517:RLAPI void rlDisableTexture(void);                      // Disable texture
        -:  518:RLAPI void rlEnableTextureCubemap(unsigned int id);     // Enable texture cubemap
        -:  519:RLAPI void rlDisableTextureCubemap(void);               // Disable texture cubemap
        -:  520:RLAPI void rlTextureParameters(unsigned int id, int param, int value); // Set texture parameters (filter, wrap)
        -:  521:
        -:  522:// Shader state
        -:  523:RLAPI void rlEnableShader(unsigned int id);             // Enable shader program
        -:  524:RLAPI void rlDisableShader(void);                       // Disable shader program
        -:  525:
        -:  526:// Framebuffer state
        -:  527:RLAPI void rlEnableFramebuffer(unsigned int id);        // Enable render texture (fbo)
        -:  528:RLAPI void rlDisableFramebuffer(void);                  // Disable render texture (fbo), return to default framebuffer
        -:  529:RLAPI void rlActiveDrawBuffers(int count);              // Activate multiple draw color buffers
        -:  530:
        -:  531:// General render state
        -:  532:RLAPI void rlEnableColorBlend(void);                     // Enable color blending
        -:  533:RLAPI void rlDisableColorBlend(void);                   // Disable color blending
        -:  534:RLAPI void rlEnableDepthTest(void);                     // Enable depth test
        -:  535:RLAPI void rlDisableDepthTest(void);                    // Disable depth test
        -:  536:RLAPI void rlEnableDepthMask(void);                     // Enable depth write
        -:  537:RLAPI void rlDisableDepthMask(void);                    // Disable depth write
        -:  538:RLAPI void rlEnableBackfaceCulling(void);               // Enable backface culling
        -:  539:RLAPI void rlDisableBackfaceCulling(void);              // Disable backface culling
        -:  540:RLAPI void rlEnableScissorTest(void);                   // Enable scissor test
        -:  541:RLAPI void rlDisableScissorTest(void);                  // Disable scissor test
        -:  542:RLAPI void rlScissor(int x, int y, int width, int height); // Scissor test
        -:  543:RLAPI void rlEnableWireMode(void);                      // Enable wire mode
        -:  544:RLAPI void rlDisableWireMode(void);                     // Disable wire mode
        -:  545:RLAPI void rlSetLineWidth(float width);                 // Set the line drawing width
        -:  546:RLAPI float rlGetLineWidth(void);                       // Get the line drawing width
        -:  547:RLAPI void rlEnableSmoothLines(void);                   // Enable line aliasing
        -:  548:RLAPI void rlDisableSmoothLines(void);                  // Disable line aliasing
        -:  549:RLAPI void rlEnableStereoRender(void);                  // Enable stereo rendering
        -:  550:RLAPI void rlDisableStereoRender(void);                 // Disable stereo rendering
        -:  551:RLAPI bool rlIsStereoRenderEnabled(void);               // Check if stereo render is enabled
        -:  552:
        -:  553:RLAPI void rlClearColor(unsigned char r, unsigned char g, unsigned char b, unsigned char a); // Clear color buffer with color
        -:  554:RLAPI void rlClearScreenBuffers(void);                  // Clear used screen buffers (color and depth)
        -:  555:RLAPI void rlCheckErrors(void);                         // Check and log OpenGL error codes
        -:  556:RLAPI void rlSetBlendMode(int mode);                    // Set blending mode
        -:  557:RLAPI void rlSetBlendFactors(int glSrcFactor, int glDstFactor, int glEquation); // Set blending mode factor and equation (using OpenGL factors)
        -:  558:
        -:  559://------------------------------------------------------------------------------------
        -:  560:// Functions Declaration - rlgl functionality
        -:  561://------------------------------------------------------------------------------------
        -:  562:// rlgl initialization functions
        -:  563:RLAPI void rlglInit(int width, int height);           // Initialize rlgl (buffers, shaders, textures, states)
        -:  564:RLAPI void rlglClose(void);                           // De-inititialize rlgl (buffers, shaders, textures)
        -:  565:RLAPI void rlLoadExtensions(void *loader);            // Load OpenGL extensions (loader function required)
        -:  566:RLAPI int rlGetVersion(void);                         // Get current OpenGL version
        -:  567:RLAPI int rlGetFramebufferWidth(void);                // Get default framebuffer width
        -:  568:RLAPI int rlGetFramebufferHeight(void);               // Get default framebuffer height
        -:  569:
        -:  570:RLAPI unsigned int rlGetTextureIdDefault(void);       // Get default texture id
        -:  571:RLAPI unsigned int rlGetShaderIdDefault(void);        // Get default shader id
        -:  572:RLAPI int *rlGetShaderLocsDefault(void);              // Get default shader locations
        -:  573:
        -:  574:// Render batch management
        -:  575:// NOTE: rlgl provides a default render batch to behave like OpenGL 1.1 immediate mode
        -:  576:// but this render batch API is exposed in case of custom batches are required
        -:  577:RLAPI rlRenderBatch rlLoadRenderBatch(int numBuffers, int bufferElements);  // Load a render batch system
        -:  578:RLAPI void rlUnloadRenderBatch(rlRenderBatch batch);                        // Unload render batch system
        -:  579:RLAPI void rlDrawRenderBatch(rlRenderBatch *batch);                         // Draw render batch data (Update->Draw->Reset)
        -:  580:RLAPI void rlSetRenderBatchActive(rlRenderBatch *batch);                    // Set the active render batch for rlgl (NULL for default internal)
        -:  581:RLAPI void rlDrawRenderBatchActive(void);                                   // Update and draw internal render batch
        -:  582:RLAPI bool rlCheckRenderBatchLimit(int vCount);                             // Check internal buffer overflow for a given number of vertex
        -:  583:RLAPI void rlSetTexture(unsigned int id);           // Set current texture for render batch and check buffers limits
        -:  584:
        -:  585://------------------------------------------------------------------------------------------------------------------------
        -:  586:
        -:  587:// Vertex buffers management
        -:  588:RLAPI unsigned int rlLoadVertexArray(void);                               // Load vertex array (vao) if supported
        -:  589:RLAPI unsigned int rlLoadVertexBuffer(void *buffer, int size, bool dynamic);            // Load a vertex buffer attribute
        -:  590:RLAPI unsigned int rlLoadVertexBufferElement(void *buffer, int size, bool dynamic);     // Load a new attributes element buffer
        -:  591:RLAPI void rlUpdateVertexBuffer(unsigned int bufferId, void *data, int dataSize, int offset);    // Update GPU buffer with new data
        -:  592:RLAPI void rlUnloadVertexArray(unsigned int vaoId);
        -:  593:RLAPI void rlUnloadVertexBuffer(unsigned int vboId);
        -:  594:RLAPI void rlSetVertexAttribute(unsigned int index, int compSize, int type, bool normalized, int stride, void *pointer);
        -:  595:RLAPI void rlSetVertexAttributeDivisor(unsigned int index, int divisor);
        -:  596:RLAPI void rlSetVertexAttributeDefault(int locIndex, const void *value, int attribType, int count); // Set vertex attribute default value
        -:  597:RLAPI void rlDrawVertexArray(int offset, int count);
        -:  598:RLAPI void rlDrawVertexArrayElements(int offset, int count, void *buffer);
        -:  599:RLAPI void rlDrawVertexArrayInstanced(int offset, int count, int instances);
        -:  600:RLAPI void rlDrawVertexArrayElementsInstanced(int offset, int count, void *buffer, int instances);
        -:  601:
        -:  602:// Textures management
        -:  603:RLAPI unsigned int rlLoadTexture(void *data, int width, int height, int format, int mipmapCount); // Load texture in GPU
        -:  604:RLAPI unsigned int rlLoadTextureDepth(int width, int height, bool useRenderBuffer);               // Load depth texture/renderbuffer (to be attached to fbo)
        -:  605:RLAPI unsigned int rlLoadTextureCubemap(void *data, int size, int format);                        // Load texture cubemap
        -:  606:RLAPI void rlUpdateTexture(unsigned int id, int offsetX, int offsetY, int width, int height, int format, const void *data);  // Update GPU texture with new data
        -:  607:RLAPI void rlGetGlTextureFormats(int format, unsigned int *glInternalFormat, unsigned int *glFormat, unsigned int *glType);  // Get OpenGL internal formats
        -:  608:RLAPI const char *rlGetPixelFormatName(unsigned int format);              // Get name string for pixel format
        -:  609:RLAPI void rlUnloadTexture(unsigned int id);                              // Unload texture from GPU memory
        -:  610:RLAPI void rlGenTextureMipmaps(unsigned int id, int width, int height, int format, int *mipmaps); // Generate mipmap data for selected texture
        -:  611:RLAPI void *rlReadTexturePixels(unsigned int id, int width, int height, int format);              // Read texture pixel data
        -:  612:RLAPI unsigned char *rlReadScreenPixels(int width, int height);           // Read screen pixel data (color buffer)
        -:  613:
        -:  614:// Framebuffer management (fbo)
        -:  615:RLAPI unsigned int rlLoadFramebuffer(int width, int height);              // Load an empty framebuffer
        -:  616:RLAPI void rlFramebufferAttach(unsigned int fboId, unsigned int texId, int attachType, int texType, int mipLevel);  // Attach texture/renderbuffer to a framebuffer
        -:  617:RLAPI bool rlFramebufferComplete(unsigned int id);                        // Verify framebuffer is complete
        -:  618:RLAPI void rlUnloadFramebuffer(unsigned int id);                          // Delete framebuffer from GPU
        -:  619:
        -:  620:// Shaders management
        -:  621:RLAPI unsigned int rlLoadShaderCode(const char *vsCode, const char *fsCode);    // Load shader from code strings
        -:  622:RLAPI unsigned int rlCompileShader(const char *shaderCode, int type);           // Compile custom shader and return shader id (type: GL_VERTEX_SHADER, GL_FRAGMENT_SHADER)
        -:  623:RLAPI unsigned int rlLoadShaderProgram(unsigned int vShaderId, unsigned int fShaderId); // Load custom shader program
        -:  624:RLAPI void rlUnloadShaderProgram(unsigned int id);                              // Unload shader program
        -:  625:RLAPI int rlGetLocationUniform(unsigned int shaderId, const char *uniformName); // Get shader location uniform
        -:  626:RLAPI int rlGetLocationAttrib(unsigned int shaderId, const char *attribName);   // Get shader location attribute
        -:  627:RLAPI void rlSetUniform(int locIndex, const void *value, int uniformType, int count); // Set shader value uniform
        -:  628:RLAPI void rlSetUniformMatrix(int locIndex, Matrix mat);                      // Set shader value matrix
        -:  629:RLAPI void rlSetUniformSampler(int locIndex, unsigned int textureId);           // Set shader value sampler
        -:  630:RLAPI void rlSetShader(unsigned int id, int *locs);                             // Set shader currently active (id and locations)
        -:  631:
        -:  632:// Matrix state management
        -:  633:RLAPI Matrix rlGetMatrixModelview(void);                                  // Get internal modelview matrix
        -:  634:RLAPI Matrix rlGetMatrixProjection(void);                                 // Get internal projection matrix
        -:  635:RLAPI Matrix rlGetMatrixTransform(void);                                  // Get internal accumulated transform matrix
        -:  636:RLAPI Matrix rlGetMatrixProjectionStereo(int eye);                        // Get internal projection matrix for stereo render (selected eye)
        -:  637:RLAPI Matrix rlGetMatrixViewOffsetStereo(int eye);                        // Get internal view offset matrix for stereo render (selected eye)
        -:  638:RLAPI void rlSetMatrixProjection(Matrix proj);                            // Set a custom projection matrix (replaces internal projection matrix)
        -:  639:RLAPI void rlSetMatrixModelview(Matrix view);                             // Set a custom modelview matrix (replaces internal modelview matrix)
        -:  640:RLAPI void rlSetMatrixProjectionStereo(Matrix right, Matrix left);      // Set eyes projection matrices for stereo rendering
        -:  641:RLAPI void rlSetMatrixViewOffsetStereo(Matrix right, Matrix left);      // Set eyes view offsets matrices for stereo rendering
        -:  642:
        -:  643:// Quick and dirty cube/quad buffers load->draw->unload
        -:  644:RLAPI void rlLoadDrawCube(void);     // Load and draw a cube
        -:  645:RLAPI void rlLoadDrawQuad(void);     // Load and draw a quad
        -:  646:
        -:  647:#if defined(__cplusplus)
        -:  648:}
        -:  649:#endif
        -:  650:
        -:  651:#endif // RLGL_H
        -:  652:
        -:  653:/***********************************************************************************
        -:  654:*
        -:  655:*   RLGL IMPLEMENTATION
        -:  656:*
        -:  657:************************************************************************************/
        -:  658:
        -:  659:#if defined(RLGL_IMPLEMENTATION)
        -:  660:
        -:  661:#if defined(GRAPHICS_API_OPENGL_11)
        -:  662:    #if defined(__APPLE__)
        -:  663:        #include <OpenGL/gl.h>          // OpenGL 1.1 library for OSX
        -:  664:        #include <OpenGL/glext.h>       // OpenGL extensions library
        -:  665:    #else
        -:  666:        // APIENTRY for OpenGL function pointer declarations is required
        -:  667:        #ifndef APIENTRY
        -:  668:            #if defined(_WIN32)
        -:  669:                #define APIENTRY __stdcall
        -:  670:            #else
        -:  671:                #define APIENTRY
        -:  672:            #endif
        -:  673:        #endif
        -:  674:        // WINGDIAPI definition. Some Windows OpenGL headers need it
        -:  675:        #if !defined(WINGDIAPI) && defined(_WIN32)
        -:  676:            #define WINGDIAPI __declspec(dllimport)
        -:  677:        #endif
        -:  678:
        -:  679:        #include <GL/gl.h>              // OpenGL 1.1 library
        -:  680:    #endif
        -:  681:#endif
        -:  682:
        -:  683:#if defined(GRAPHICS_API_OPENGL_33)
        -:  684:    #if defined(__APPLE__)
        -:  685:        #include <OpenGL/gl3.h>         // OpenGL 3 library for OSX
        -:  686:        #include <OpenGL/gl3ext.h>      // OpenGL 3 extensions library for OSX
        -:  687:    #else
        -:  688:        #define GLAD_REALLOC RL_REALLOC
        -:  689:        #define GLAD_FREE RL_FREE
        -:  690:
        -:  691:        #define GLAD_IMPLEMENTATION
        -:  692:        #include "external/glad.h"      // GLAD extensions loading library, includes OpenGL headers
        -:  693:    #endif
        -:  694:#endif
        -:  695:
        -:  696:#if defined(GRAPHICS_API_OPENGL_ES2)
        -:  697:    #define GL_GLEXT_PROTOTYPES
        -:  698:    //#include <EGL/egl.h>              // EGL library -> not required, platform layer
        -:  699:    #include <GLES2/gl2.h>              // OpenGL ES 2.0 library
        -:  700:    #include <GLES2/gl2ext.h>           // OpenGL ES 2.0 extensions library
        -:  701:
        -:  702:    // It seems OpenGL ES 2.0 instancing entry points are not defined on Raspberry Pi
        -:  703:    // provided headers (despite being defined in official Khronos GLES2 headers)
        -:  704:    #if defined(PLATFORM_RPI) || defined(PLATFORM_DRM)
        -:  705:    typedef void (GL_APIENTRYP PFNGLDRAWARRAYSINSTANCEDEXTPROC) (GLenum mode, GLint start, GLsizei count, GLsizei primcount);
        -:  706:    typedef void (GL_APIENTRYP PFNGLDRAWELEMENTSINSTANCEDEXTPROC) (GLenum mode, GLsizei count, GLenum type, const void *indices, GLsizei primcount);
        -:  707:    typedef void (GL_APIENTRYP PFNGLVERTEXATTRIBDIVISOREXTPROC) (GLuint index, GLuint divisor);
        -:  708:    #endif
        -:  709:#endif
        -:  710:
        -:  711:#include <stdlib.h>                     // Required for: malloc(), free()
        -:  712:#include <string.h>                     // Required for: strcmp(), strlen() [Used in rlglInit(), on extensions loading]
        -:  713:#include <math.h>                       // Required for: sqrtf(), sinf(), cosf(), floor(), log()
        -:  714:
        -:  715://----------------------------------------------------------------------------------
        -:  716:// Defines and Macros
        -:  717://----------------------------------------------------------------------------------
        -:  718:#ifndef PI
        -:  719:    #define PI 3.14159265358979323846f
        -:  720:#endif
        -:  721:#ifndef DEG2RAD
        -:  722:    #define DEG2RAD (PI/180.0f)
        -:  723:#endif
        -:  724:#ifndef RAD2DEG
        -:  725:    #define RAD2DEG (180.0f/PI)
        -:  726:#endif
        -:  727:
        -:  728:#ifndef GL_SHADING_LANGUAGE_VERSION
        -:  729:    #define GL_SHADING_LANGUAGE_VERSION         0x8B8C
        -:  730:#endif
        -:  731:
        -:  732:#ifndef GL_COMPRESSED_RGB_S3TC_DXT1_EXT
        -:  733:    #define GL_COMPRESSED_RGB_S3TC_DXT1_EXT     0x83F0
        -:  734:#endif
        -:  735:#ifndef GL_COMPRESSED_RGBA_S3TC_DXT1_EXT
        -:  736:    #define GL_COMPRESSED_RGBA_S3TC_DXT1_EXT    0x83F1
        -:  737:#endif
        -:  738:#ifndef GL_COMPRESSED_RGBA_S3TC_DXT3_EXT
        -:  739:    #define GL_COMPRESSED_RGBA_S3TC_DXT3_EXT    0x83F2
        -:  740:#endif
        -:  741:#ifndef GL_COMPRESSED_RGBA_S3TC_DXT5_EXT
        -:  742:    #define GL_COMPRESSED_RGBA_S3TC_DXT5_EXT    0x83F3
        -:  743:#endif
        -:  744:#ifndef GL_ETC1_RGB8_OES
        -:  745:    #define GL_ETC1_RGB8_OES                    0x8D64
        -:  746:#endif
        -:  747:#ifndef GL_COMPRESSED_RGB8_ETC2
        -:  748:    #define GL_COMPRESSED_RGB8_ETC2             0x9274
        -:  749:#endif
        -:  750:#ifndef GL_COMPRESSED_RGBA8_ETC2_EAC
        -:  751:    #define GL_COMPRESSED_RGBA8_ETC2_EAC        0x9278
        -:  752:#endif
        -:  753:#ifndef GL_COMPRESSED_RGB_PVRTC_4BPPV1_IMG
        -:  754:    #define GL_COMPRESSED_RGB_PVRTC_4BPPV1_IMG  0x8C00
        -:  755:#endif
        -:  756:#ifndef GL_COMPRESSED_RGBA_PVRTC_4BPPV1_IMG
        -:  757:    #define GL_COMPRESSED_RGBA_PVRTC_4BPPV1_IMG 0x8C02
        -:  758:#endif
        -:  759:#ifndef GL_COMPRESSED_RGBA_ASTC_4x4_KHR
        -:  760:    #define GL_COMPRESSED_RGBA_ASTC_4x4_KHR     0x93b0
        -:  761:#endif
        -:  762:#ifndef GL_COMPRESSED_RGBA_ASTC_8x8_KHR
        -:  763:    #define GL_COMPRESSED_RGBA_ASTC_8x8_KHR     0x93b7
        -:  764:#endif
        -:  765:
        -:  766:#ifndef GL_MAX_TEXTURE_MAX_ANISOTROPY_EXT
        -:  767:    #define GL_MAX_TEXTURE_MAX_ANISOTROPY_EXT   0x84FF
        -:  768:#endif
        -:  769:#ifndef GL_TEXTURE_MAX_ANISOTROPY_EXT
        -:  770:    #define GL_TEXTURE_MAX_ANISOTROPY_EXT       0x84FE
        -:  771:#endif
        -:  772:
        -:  773:#if defined(GRAPHICS_API_OPENGL_11)
        -:  774:    #define GL_UNSIGNED_SHORT_5_6_5             0x8363
        -:  775:    #define GL_UNSIGNED_SHORT_5_5_5_1           0x8034
        -:  776:    #define GL_UNSIGNED_SHORT_4_4_4_4           0x8033
        -:  777:#endif
        -:  778:
        -:  779:#if defined(GRAPHICS_API_OPENGL_21)
        -:  780:    #define GL_LUMINANCE                        0x1909
        -:  781:    #define GL_LUMINANCE_ALPHA                  0x190A
        -:  782:#endif
        -:  783:
        -:  784:#if defined(GRAPHICS_API_OPENGL_ES2)
        -:  785:    #define glClearDepth                 glClearDepthf
        -:  786:    #define GL_READ_FRAMEBUFFER         GL_FRAMEBUFFER
        -:  787:    #define GL_DRAW_FRAMEBUFFER         GL_FRAMEBUFFER
        -:  788:#endif
        -:  789:
        -:  790:// Default shader vertex attribute names to set location points
        -:  791:#ifndef RL_DEFAULT_SHADER_ATTRIB_NAME_POSITION
        -:  792:    #define RL_DEFAULT_SHADER_ATTRIB_NAME_POSITION     "vertexPosition"    // Binded by default to shader location: 0
        -:  793:#endif
        -:  794:#ifndef RL_DEFAULT_SHADER_ATTRIB_NAME_TEXCOORD
        -:  795:    #define RL_DEFAULT_SHADER_ATTRIB_NAME_TEXCOORD     "vertexTexCoord"    // Binded by default to shader location: 1
        -:  796:#endif
        -:  797:#ifndef RL_DEFAULT_SHADER_ATTRIB_NAME_NORMAL
        -:  798:    #define RL_DEFAULT_SHADER_ATTRIB_NAME_NORMAL       "vertexNormal"      // Binded by default to shader location: 2
        -:  799:#endif
        -:  800:#ifndef RL_DEFAULT_SHADER_ATTRIB_NAME_COLOR
        -:  801:    #define RL_DEFAULT_SHADER_ATTRIB_NAME_COLOR        "vertexColor"       // Binded by default to shader location: 3
        -:  802:#endif
        -:  803:#ifndef RL_DEFAULT_SHADER_ATTRIB_NAME_TANGENT
        -:  804:    #define RL_DEFAULT_SHADER_ATTRIB_NAME_TANGENT      "vertexTangent"     // Binded by default to shader location: 4
        -:  805:#endif
        -:  806:#ifndef RL_DEFAULT_SHADER_ATTRIB_NAME_TEXCOORD2
        -:  807:    #define RL_DEFAULT_SHADER_ATTRIB_NAME_TEXCOORD2    "vertexTexCoord2"   // Binded by default to shader location: 5
        -:  808:#endif
        -:  809:
        -:  810:#ifndef RL_DEFAULT_SHADER_UNIFORM_NAME_MVP
        -:  811:    #define RL_DEFAULT_SHADER_UNIFORM_NAME_MVP         "mvp"               // model-view-projection matrix
        -:  812:#endif
        -:  813:#ifndef RL_DEFAULT_SHADER_UNIFORM_NAME_VIEW
        -:  814:    #define RL_DEFAULT_SHADER_UNIFORM_NAME_VIEW        "matView"           // view matrix
        -:  815:#endif
        -:  816:#ifndef RL_DEFAULT_SHADER_UNIFORM_NAME_PROJECTION
        -:  817:    #define RL_DEFAULT_SHADER_UNIFORM_NAME_PROJECTION  "matProjection"     // projection matrix
        -:  818:#endif
        -:  819:#ifndef RL_DEFAULT_SHADER_UNIFORM_NAME_MODEL
        -:  820:    #define RL_DEFAULT_SHADER_UNIFORM_NAME_MODEL       "matModel"          // model matrix
        -:  821:#endif
        -:  822:#ifndef RL_DEFAULT_SHADER_UNIFORM_NAME_NORMAL
        -:  823:    #define RL_DEFAULT_SHADER_UNIFORM_NAME_NORMAL      "matNormal"         // normal matrix (transpose(inverse(matModelView))
        -:  824:#endif
        -:  825:#ifndef RL_DEFAULT_SHADER_UNIFORM_NAME_COLOR
        -:  826:    #define RL_DEFAULT_SHADER_UNIFORM_NAME_COLOR       "colDiffuse"        // color diffuse (base tint color, multiplied by texture color)
        -:  827:#endif
        -:  828:#ifndef RL_DEFAULT_SHADER_SAMPLER2D_NAME_TEXTURE0
        -:  829:    #define RL_DEFAULT_SHADER_SAMPLER2D_NAME_TEXTURE0  "texture0"          // texture0 (texture slot active 0)
        -:  830:#endif
        -:  831:#ifndef RL_DEFAULT_SHADER_SAMPLER2D_NAME_TEXTURE1
        -:  832:    #define RL_DEFAULT_SHADER_SAMPLER2D_NAME_TEXTURE1  "texture1"          // texture1 (texture slot active 1)
        -:  833:#endif
        -:  834:#ifndef RL_DEFAULT_SHADER_SAMPLER2D_NAME_TEXTURE2
        -:  835:    #define RL_DEFAULT_SHADER_SAMPLER2D_NAME_TEXTURE2  "texture2"          // texture2 (texture slot active 2)
        -:  836:#endif
        -:  837:
        -:  838://----------------------------------------------------------------------------------
        -:  839:// Types and Structures Definition
        -:  840://----------------------------------------------------------------------------------
        -:  841:#if defined(GRAPHICS_API_OPENGL_33) || defined(GRAPHICS_API_OPENGL_ES2)
        -:  842:typedef struct rlglData {
        -:  843:    rlRenderBatch *currentBatch;            // Current render batch
        -:  844:    rlRenderBatch defaultBatch;             // Default internal render batch
        -:  845:
        -:  846:    struct {
        -:  847:        int currentMatrixMode;              // Current matrix mode
        -:  848:        Matrix *currentMatrix;            // Current matrix pointer
        -:  849:        Matrix modelview;                 // Default modelview matrix
        -:  850:        Matrix projection;                // Default projection matrix
        -:  851:        Matrix transform;                 // Transform matrix to be used with rlTranslate, rlRotate, rlScale
        -:  852:        bool transformRequired;             // Require transform matrix application to current draw-call vertex (if required)
        -:  853:        Matrix stack[RL_MAX_MATRIX_STACK_SIZE];// Matrix stack for push/pop
        -:  854:        int stackCounter;                   // Matrix stack counter
        -:  855:
        -:  856:        unsigned int defaultTextureId;      // Default texture used on shapes/poly drawing (required by shader)
        -:  857:        unsigned int activeTextureId[RL_DEFAULT_BATCH_MAX_TEXTURE_UNITS];    // Active texture ids to be enabled on batch drawing (0 active by default)
        -:  858:        unsigned int defaultVShaderId;      // Default vertex shader id (used by default shader program)
        -:  859:        unsigned int defaultFShaderId;      // Default fragment shader id (used by default shader program)
        -:  860:        unsigned int defaultShaderId;       // Default shader program id, supports vertex color and diffuse texture
        -:  861:        int *defaultShaderLocs;             // Default shader locations pointer to be used on rendering
        -:  862:        unsigned int currentShaderId;       // Current shader id to be used on rendering (by default, defaultShaderId)
        -:  863:        int *currentShaderLocs;             // Current shader locations pointer to be used on rendering (by default, defaultShaderLocs)
        -:  864:
        -:  865:        bool stereoRender;                  // Stereo rendering flag
        -:  866:        Matrix projectionStereo[2];       // VR stereo rendering eyes projection matrices
        -:  867:        Matrix viewOffsetStereo[2];       // VR stereo rendering eyes view offset matrices
        -:  868:
        -:  869:        int currentBlendMode;               // Blending mode active
        -:  870:        int glBlendSrcFactor;               // Blending source factor
        -:  871:        int glBlendDstFactor;               // Blending destination factor
        -:  872:        int glBlendEquation;                // Blending equation
        -:  873:
        -:  874:        int framebufferWidth;               // Default framebuffer width
        -:  875:        int framebufferHeight;              // Default framebuffer height
        -:  876:
        -:  877:    } State;            // Renderer state
        -:  878:    struct {
        -:  879:        bool vao;                           // VAO support (OpenGL ES2 could not support VAO extension) (GL_ARB_vertex_array_object)
        -:  880:        bool instancing;                    // Instancing supported (GL_ANGLE_instanced_arrays, GL_EXT_draw_instanced + GL_EXT_instanced_arrays)
        -:  881:        bool texNPOT;                       // NPOT textures full support (GL_ARB_texture_non_power_of_two, GL_OES_texture_npot)
        -:  882:        bool texDepth;                      // Depth textures supported (GL_ARB_depth_texture, GL_WEBGL_depth_texture, GL_OES_depth_texture)
        -:  883:        bool texFloat32;                    // float textures support (32 bit per channel) (GL_OES_texture_float)
        -:  884:        bool texCompDXT;                    // DDS texture compression support (GL_EXT_texture_compression_s3tc, GL_WEBGL_compressed_texture_s3tc, GL_WEBKIT_WEBGL_compressed_texture_s3tc)
        -:  885:        bool texCompETC1;                   // ETC1 texture compression support (GL_OES_compressed_ETC1_RGB8_texture, GL_WEBGL_compressed_texture_etc1)
        -:  886:        bool texCompETC2;                   // ETC2/EAC texture compression support (GL_ARB_ES3_compatibility)
        -:  887:        bool texCompPVRT;                   // PVR texture compression support (GL_IMG_texture_compression_pvrtc)
        -:  888:        bool texCompASTC;                   // ASTC texture compression support (GL_KHR_texture_compression_astc_hdr, GL_KHR_texture_compression_astc_ldr)
        -:  889:        bool texMirrorClamp;                // Clamp mirror wrap mode supported (GL_EXT_texture_mirror_clamp)
        -:  890:        bool texAnisoFilter;                // Anisotropic texture filtering support (GL_EXT_texture_filter_anisotropic)
        -:  891:
        -:  892:        float maxAnisotropyLevel;           // Maximum anisotropy level supported (minimum is 2.0f)
        -:  893:        int maxDepthBits;                   // Maximum bits for depth component
        -:  894:
        -:  895:    } ExtSupported;     // Extensions supported flags
        -:  896:} rlglData;
        -:  897:
        -:  898:typedef void *(*rlglLoadProc)(const char *name);   // OpenGL extension functions loader signature (same as GLADloadproc)
        -:  899:
        -:  900:#endif  // GRAPHICS_API_OPENGL_33 || GRAPHICS_API_OPENGL_ES2
        -:  901:
        -:  902://----------------------------------------------------------------------------------
        -:  903:// Global Variables Definition
        -:  904://----------------------------------------------------------------------------------
        -:  905:#if defined(GRAPHICS_API_OPENGL_33) || defined(GRAPHICS_API_OPENGL_ES2)
        -:  906:static rlglData RLGL = { 0 };
        -:  907:#endif  // GRAPHICS_API_OPENGL_33 || GRAPHICS_API_OPENGL_ES2
        -:  908:
        -:  909:#if defined(GRAPHICS_API_OPENGL_ES2)
        -:  910:// NOTE: VAO functionality is exposed through extensions (OES)
        -:  911:static PFNGLGENVERTEXARRAYSOESPROC glGenVertexArrays = NULL;
        -:  912:static PFNGLBINDVERTEXARRAYOESPROC glBindVertexArray = NULL;
        -:  913:static PFNGLDELETEVERTEXARRAYSOESPROC glDeleteVertexArrays = NULL;
        -:  914:
        -:  915:// NOTE: Instancing functionality could also be available through extension
        -:  916:static PFNGLDRAWARRAYSINSTANCEDEXTPROC glDrawArraysInstanced = NULL;
        -:  917:static PFNGLDRAWELEMENTSINSTANCEDEXTPROC glDrawElementsInstanced = NULL;
        -:  918:static PFNGLVERTEXATTRIBDIVISOREXTPROC glVertexAttribDivisor = NULL;
        -:  919:#endif
        -:  920:
        -:  921://----------------------------------------------------------------------------------
        -:  922:// Module specific Functions Declaration
        -:  923://----------------------------------------------------------------------------------
        -:  924:#if defined(GRAPHICS_API_OPENGL_33) || defined(GRAPHICS_API_OPENGL_ES2)
        -:  925:static void rlLoadShaderDefault(void);      // Load default shader
        -:  926:static void rlUnloadShaderDefault(void);    // Unload default shader
        -:  927:#if defined(SUPPORT_GL_DETAILS_INFO)
        -:  928:static char *rlGetCompressedFormatName(int format); // Get compressed format official GL identifier name
        -:  929:#endif  // SUPPORT_GL_DETAILS_INFO
        -:  930:#endif  // GRAPHICS_API_OPENGL_33 || GRAPHICS_API_OPENGL_ES2
        -:  931:#if defined(GRAPHICS_API_OPENGL_11)
        -:  932:static int rlGenTextureMipmapsData(unsigned char *data, int baseWidth, int baseHeight);         // Generate mipmaps data on CPU side
        -:  933:static unsigned char *rlGenNextMipmapData(unsigned char *srcData, int srcWidth, int srcHeight); // Generate next mipmap level on CPU side
        -:  934:#endif
        -:  935:static int rlGetPixelDataSize(int width, int height, int format);   // Get pixel data size in bytes (image or texture)
        -:  936:// Auxiliar matrix math functions
        -:  937:static Matrix rlMatrixIdentity(void);                             // Get identity matrix
        -:  938:static Matrix rlMatrixMultiply(Matrix left, Matrix right);    // Multiply two matrices
        -:  939:
        -:  940://----------------------------------------------------------------------------------
        -:  941:// Module Functions Definition - Matrix operations
        -:  942://----------------------------------------------------------------------------------
        -:  943:
        -:  944:#if defined(GRAPHICS_API_OPENGL_11)
        -:  945:// Fallback to OpenGL 1.1 function calls
        -:  946://---------------------------------------
        -:  947:void rlMatrixMode(int mode)
        -:  948:{
        -:  949:    switch (mode)
        -:  950:    {
        -:  951:        case RL_PROJECTION: glMatrixMode(GL_PROJECTION); break;
        -:  952:        case RL_MODELVIEW: glMatrixMode(GL_MODELVIEW); break;
        -:  953:        case RL_TEXTURE: glMatrixMode(GL_TEXTURE); break;
        -:  954:        default: break;
        -:  955:    }
        -:  956:}
        -:  957:
        -:  958:void rlFrustum(double left, double right, double bottom, double top, double znear, double zfar)
        -:  959:{
        -:  960:    glFrustum(left, right, bottom, top, znear, zfar);
        -:  961:}
        -:  962:
        -:  963:void rlOrtho(double left, double right, double bottom, double top, double znear, double zfar)
        -:  964:{
        -:  965:    glOrtho(left, right, bottom, top, znear, zfar);
        -:  966:}
        -:  967:
        -:  968:void rlPushMatrix(void) { glPushMatrix(); }
        -:  969:void rlPopMatrix(void) { glPopMatrix(); }
        -:  970:void rlLoadIdentity(void) { glLoadIdentity(); }
        -:  971:void rlTranslatef(float x, float y, float z) { glTranslatef(x, y, z); }
        -:  972:void rlRotatef(float angle, float x, float y, float z) { glRotatef(angle, x, y, z); }
        -:  973:void rlScalef(float x, float y, float z) { glScalef(x, y, z); }
        -:  974:void rlMultMatrixf(float *matf) { glMultMatrixf(matf); }
        -:  975:#endif
        -:  976:#if defined(GRAPHICS_API_OPENGL_33) || defined(GRAPHICS_API_OPENGL_ES2)
        -:  977:// Choose the current matrix to be transformed
function rlMatrixMode called 2 returned 100% blocks executed 100%
        2:  978:void rlMatrixMode(int mode)
        -:  979:{
        2:  980:    if (mode == RL_PROJECTION) RLGL.State.currentMatrix = &RLGL.State.projection;
        2:  980-block  0
branch  0 taken 1 (fallthrough)
branch  1 taken 1
        1:  980-block  1
        1:  981:    else if (mode == RL_MODELVIEW) RLGL.State.currentMatrix = &RLGL.State.modelview;
        1:  981-block  0
branch  0 taken 1 (fallthrough)
branch  1 taken 0
        1:  981-block  1
        -:  982:    //else if (mode == RL_TEXTURE) // Not supported
        -:  983:
        2:  984:    RLGL.State.currentMatrixMode = mode;
        2:  985:}
        -:  986:
        -:  987:// Push the current matrix into RLGL.State.stack
function rlPushMatrix called 0 returned 0% blocks executed 0%
    #####:  988:void rlPushMatrix(void)
        -:  989:{
    #####:  990:    if (RLGL.State.stackCounter >= RL_MAX_MATRIX_STACK_SIZE) TRACELOG(RL_LOG_ERROR, "RLGL: Matrix stack overflow (RL_MAX_MATRIX_STACK_SIZE)");
    %%%%%:  990-block  0
branch  0 never executed
branch  1 never executed
    %%%%%:  990-block  1
call    2 never executed
        -:  991:
    #####:  992:    if (RLGL.State.currentMatrixMode == RL_MODELVIEW)
    %%%%%:  992-block  0
branch  0 never executed
branch  1 never executed
        -:  993:    {
    #####:  994:        RLGL.State.transformRequired = true;
    #####:  995:        RLGL.State.currentMatrix = &RLGL.State.transform;
    %%%%%:  995-block  0
        -:  996:    }
        -:  997:
    #####:  998:    RLGL.State.stack[RLGL.State.stackCounter] = *RLGL.State.currentMatrix;
    #####:  999:    RLGL.State.stackCounter++;
    #####: 1000:}
        -: 1001:
        -: 1002:// Pop lattest inserted matrix from RLGL.State.stack
function rlPopMatrix called 0 returned 0% blocks executed 0%
    #####: 1003:void rlPopMatrix(void)
        -: 1004:{
    #####: 1005:    if (RLGL.State.stackCounter > 0)
    %%%%%: 1005-block  0
branch  0 never executed
branch  1 never executed
        -: 1006:    {
    #####: 1007:        Matrix mat = RLGL.State.stack[RLGL.State.stackCounter - 1];
    #####: 1008:        *RLGL.State.currentMatrix = mat;
    #####: 1009:        RLGL.State.stackCounter--;
    %%%%%: 1009-block  0
        -: 1010:    }
        -: 1011:
    #####: 1012:    if ((RLGL.State.stackCounter == 0) && (RLGL.State.currentMatrixMode == RL_MODELVIEW))
    %%%%%: 1012-block  0
branch  0 never executed
branch  1 never executed
    %%%%%: 1012-block  1
branch  2 never executed
branch  3 never executed
        -: 1013:    {
    #####: 1014:        RLGL.State.currentMatrix = &RLGL.State.modelview;
    #####: 1015:        RLGL.State.transformRequired = false;
    %%%%%: 1015-block  0
        -: 1016:    }
    #####: 1017:}
        -: 1018:
        -: 1019:// Reset current matrix to identity matrix
function rlLoadIdentity called 106 returned 100% blocks executed 100%
      106: 1020:void rlLoadIdentity(void)
        -: 1021:{
      106: 1022:    *RLGL.State.currentMatrix = rlMatrixIdentity();
      106: 1022-block  0
call    0 returned 106
      106: 1023:}
        -: 1024:
        -: 1025:// Multiply the current matrix by a translation matrix
function rlTranslatef called 0 returned 0% blocks executed 0%
    #####: 1026:void rlTranslatef(float x, float y, float z)
        -: 1027:{
    #####: 1028:    Matrix matTranslation = {
        -: 1029:        1.0f, 0.0f, 0.0f, x,
        -: 1030:        0.0f, 1.0f, 0.0f, y,
        -: 1031:        0.0f, 0.0f, 1.0f, z,
        -: 1032:        0.0f, 0.0f, 0.0f, 1.0f
        -: 1033:    };
        -: 1034:
        -: 1035:    // NOTE: We transpose matrix with multiplication order
    #####: 1036:    *RLGL.State.currentMatrix = rlMatrixMultiply(matTranslation, *RLGL.State.currentMatrix);
    %%%%%: 1036-block  0
call    0 never executed
    #####: 1037:}
        -: 1038:
        -: 1039:// Multiply the current matrix by a rotation matrix
        -: 1040:// NOTE: The provided angle must be in degrees
function rlRotatef called 0 returned 0% blocks executed 0%
    #####: 1041:void rlRotatef(float angle, float x, float y, float z)
        -: 1042:{
    #####: 1043:    Matrix matRotation = rlMatrixIdentity();
    %%%%%: 1043-block  0
call    0 never executed
        -: 1044:
        -: 1045:    // Axis vector (x, y, z) normalization
    #####: 1046:    float lengthSquared = x*x + y*y + z*z;
    #####: 1047:    if ((lengthSquared != 1.0f) && (lengthSquared != 0.0f))
branch  0 never executed
branch  1 never executed
    %%%%%: 1047-block  0
branch  2 never executed
branch  3 never executed
        -: 1048:    {
    #####: 1049:        float inverseLength = 1.0f/sqrtf(lengthSquared);
    #####: 1050:        x *= inverseLength;
    #####: 1051:        y *= inverseLength;
    #####: 1052:        z *= inverseLength;
    %%%%%: 1052-block  0
        -: 1053:    }
        -: 1054:
        -: 1055:    // Rotation matrix generation
    #####: 1056:    float sinres = sinf(DEG2RAD*angle);
    #####: 1057:    float cosres = cosf(DEG2RAD*angle);
    #####: 1058:    float t = 1.0f - cosres;
        -: 1059:
    #####: 1060:    matRotation.m0 = x*x*t + cosres;
    #####: 1061:    matRotation.m1 = y*x*t + z*sinres;
    #####: 1062:    matRotation.m2 = z*x*t - y*sinres;
    #####: 1063:    matRotation.m3 = 0.0f;
        -: 1064:
    #####: 1065:    matRotation.m4 = x*y*t - z*sinres;
    #####: 1066:    matRotation.m5 = y*y*t + cosres;
    #####: 1067:    matRotation.m6 = z*y*t + x*sinres;
    #####: 1068:    matRotation.m7 = 0.0f;
        -: 1069:
    #####: 1070:    matRotation.m8 = x*z*t + y*sinres;
    #####: 1071:    matRotation.m9 = y*z*t - x*sinres;
    #####: 1072:    matRotation.m10 = z*z*t + cosres;
    #####: 1073:    matRotation.m11 = 0.0f;
        -: 1074:
    #####: 1075:    matRotation.m12 = 0.0f;
    #####: 1076:    matRotation.m13 = 0.0f;
    #####: 1077:    matRotation.m14 = 0.0f;
    #####: 1078:    matRotation.m15 = 1.0f;
        -: 1079:
        -: 1080:    // NOTE: We transpose matrix with multiplication order
    #####: 1081:    *RLGL.State.currentMatrix = rlMatrixMultiply(matRotation, *RLGL.State.currentMatrix);
    %%%%%: 1081-block  0
call    0 never executed
    #####: 1082:}
        -: 1083:
        -: 1084:// Multiply the current matrix by a scaling matrix
function rlScalef called 0 returned 0% blocks executed 0%
    #####: 1085:void rlScalef(float x, float y, float z)
        -: 1086:{
    #####: 1087:    Matrix matScale = {
        -: 1088:        x, 0.0f, 0.0f, 0.0f,
        -: 1089:        0.0f, y, 0.0f, 0.0f,
        -: 1090:        0.0f, 0.0f, z, 0.0f,
        -: 1091:        0.0f, 0.0f, 0.0f, 1.0f
        -: 1092:    };
        -: 1093:
        -: 1094:    // NOTE: We transpose matrix with multiplication order
    #####: 1095:    *RLGL.State.currentMatrix = rlMatrixMultiply(matScale, *RLGL.State.currentMatrix);
    %%%%%: 1095-block  0
call    0 never executed
    #####: 1096:}
        -: 1097:
        -: 1098:// Multiply the current matrix by another matrix
function rlMultMatrixf called 104 returned 100% blocks executed 100%
      104: 1099:void rlMultMatrixf(float *matf)
        -: 1100:{
        -: 1101:    // Matrix creation from array
      104: 1102:    Matrix mat = { matf[0], matf[4], matf[8], matf[12],
        -: 1103:                   matf[1], matf[5], matf[9], matf[13],
        -: 1104:                   matf[2], matf[6], matf[10], matf[14],
        -: 1105:                   matf[3], matf[7], matf[11], matf[15] };
        -: 1106:
      104: 1107:    *RLGL.State.currentMatrix = rlMatrixMultiply(*RLGL.State.currentMatrix, mat);
      104: 1107-block  0
call    0 returned 104
      104: 1108:}
        -: 1109:
        -: 1110:// Multiply the current matrix by a perspective matrix generated by parameters
function rlFrustum called 0 returned 0% blocks executed 0%
    #####: 1111:void rlFrustum(double left, double right, double bottom, double top, double znear, double zfar)
        -: 1112:{
    #####: 1113:    Matrix matFrustum = { 0 };
        -: 1114:
    #####: 1115:    float rl = (float)(right - left);
    #####: 1116:    float tb = (float)(top - bottom);
    #####: 1117:    float fn = (float)(zfar - znear);
        -: 1118:
    #####: 1119:    matFrustum.m0 = ((float) znear*2.0f)/rl;
    #####: 1120:    matFrustum.m1 = 0.0f;
    #####: 1121:    matFrustum.m2 = 0.0f;
    #####: 1122:    matFrustum.m3 = 0.0f;
        -: 1123:
    #####: 1124:    matFrustum.m4 = 0.0f;
    #####: 1125:    matFrustum.m5 = ((float) znear*2.0f)/tb;
    #####: 1126:    matFrustum.m6 = 0.0f;
    #####: 1127:    matFrustum.m7 = 0.0f;
        -: 1128:
    #####: 1129:    matFrustum.m8 = ((float)right + (float)left)/rl;
    #####: 1130:    matFrustum.m9 = ((float)top + (float)bottom)/tb;
[...]
call    0 returned 1
        1: 4120:}
        -: 4121:
        -: 4122:#if defined(SUPPORT_GL_DETAILS_INFO)
        -: 4123:// Get compressed format official GL identifier name
        -: 4124:static char *rlGetCompressedFormatName(int format)
        -: 4125:{
        -: 4126:    static char compName[64] = { 0 };
        -: 4127:    memset(compName, 0, 64);
        -: 4128:
        -: 4129:    switch (format)
        -: 4130:    {
        -: 4131:        // GL_EXT_texture_compression_s3tc
        -: 4132:        case 0x83F0: strcpy(compName, "GL_COMPRESSED_RGB_S3TC_DXT1_EXT"); break;
        -: 4133:        case 0x83F1: strcpy(compName, "GL_COMPRESSED_RGBA_S3TC_DXT1_EXT"); break;
        -: 4134:        case 0x83F2: strcpy(compName, "GL_COMPRESSED_RGBA_S3TC_DXT3_EXT"); break;
        -: 4135:        case 0x83F3: strcpy(compName, "GL_COMPRESSED_RGBA_S3TC_DXT5_EXT"); break;
        -: 4136:        // GL_3DFX_texture_compression_FXT1
        -: 4137:        case 0x86B0: strcpy(compName, "GL_COMPRESSED_RGB_FXT1_3DFX"); break;
        -: 4138:        case 0x86B1: strcpy(compName, "GL_COMPRESSED_RGBA_FXT1_3DFX"); break;
        -: 4139:        // GL_IMG_texture_compression_pvrtc
        -: 4140:        case 0x8C00: strcpy(compName, "GL_COMPRESSED_RGB_PVRTC_4BPPV1_IMG"); break;
        -: 4141:        case 0x8C01: strcpy(compName, "GL_COMPRESSED_RGB_PVRTC_2BPPV1_IMG"); break;
        -: 4142:        case 0x8C02: strcpy(compName, "GL_COMPRESSED_RGBA_PVRTC_4BPPV1_IMG"); break;
        -: 4143:        case 0x8C03: strcpy(compName, "GL_COMPRESSED_RGBA_PVRTC_2BPPV1_IMG"); break;
        -: 4144:        // GL_OES_compressed_ETC1_RGB8_texture
        -: 4145:        case 0x8D64: strcpy(compName, "GL_ETC1_RGB8_OES"); break;
        -: 4146:        // GL_ARB_texture_compression_rgtc
        -: 4147:        case 0x8DBB: strcpy(compName, "GL_COMPRESSED_RED_RGTC1"); break;
        -: 4148:        case 0x8DBC: strcpy(compName, "GL_COMPRESSED_SIGNED_RED_RGTC1"); break;
        -: 4149:        case 0x8DBD: strcpy(compName, "GL_COMPRESSED_RG_RGTC2"); break;
        -: 4150:        case 0x8DBE: strcpy(compName, "GL_COMPRESSED_SIGNED_RG_RGTC2"); break;
        -: 4151:        // GL_ARB_texture_compression_bptc
        -: 4152:        case 0x8E8C: strcpy(compName, "GL_COMPRESSED_RGBA_BPTC_UNORM_ARB"); break;
        -: 4153:        case 0x8E8D: strcpy(compName, "GL_COMPRESSED_SRGB_ALPHA_BPTC_UNORM_ARB"); break;
        -: 4154:        case 0x8E8E: strcpy(compName, "GL_COMPRESSED_RGB_BPTC_SIGNED_FLOAT_ARB"); break;
        -: 4155:        case 0x8E8F: strcpy(compName, "GL_COMPRESSED_RGB_BPTC_UNSIGNED_FLOAT_ARB"); break;
        -: 4156:        // GL_ARB_ES3_compatibility
        -: 4157:        case 0x9274: strcpy(compName, "GL_COMPRESSED_RGB8_ETC2"); break;
        -: 4158:        case 0x9275: strcpy(compName, "GL_COMPRESSED_SRGB8_ETC2"); break;
        -: 4159:        case 0x9276: strcpy(compName, "GL_COMPRESSED_RGB8_PUNCHTHROUGH_ALPHA1_ETC2"); break;
        -: 4160:        case 0x9277: strcpy(compName, "GL_COMPRESSED_SRGB8_PUNCHTHROUGH_ALPHA1_ETC2"); break;
        -: 4161:        case 0x9278: strcpy(compName, "GL_COMPRESSED_RGBA8_ETC2_EAC"); break;
        -: 4162:        case 0x9279: strcpy(compName, "GL_COMPRESSED_SRGB8_ALPHA8_ETC2_EAC"); break;
        -: 4163:        case 0x9270: strcpy(compName, "GL_COMPRESSED_R11_EAC"); break;
        -: 4164:        case 0x9271: strcpy(compName, "GL_COMPRESSED_SIGNED_R11_EAC"); break;
        -: 4165:        case 0x9272: strcpy(compName, "GL_COMPRESSED_RG11_EAC"); break;
        -: 4166:        case 0x9273: strcpy(compName, "GL_COMPRESSED_SIGNED_RG11_EAC"); break;
        -: 4167:        // GL_KHR_texture_compression_astc_hdr
        -: 4168:        case 0x93B0: strcpy(compName, "GL_COMPRESSED_RGBA_ASTC_4x4_KHR"); break;
        -: 4169:        case 0x93B1: strcpy(compName, "GL_COMPRESSED_RGBA_ASTC_5x4_KHR"); break;
        -: 4170:        case 0x93B2: strcpy(compName, "GL_COMPRESSED_RGBA_ASTC_5x5_KHR"); break;
        -: 4171:        case 0x93B3: strcpy(compName, "GL_COMPRESSED_RGBA_ASTC_6x5_KHR"); break;
        -: 4172:        case 0x93B4: strcpy(compName, "GL_COMPRESSED_RGBA_ASTC_6x6_KHR"); break;
        -: 4173:        case 0x93B5: strcpy(compName, "GL_COMPRESSED_RGBA_ASTC_8x5_KHR"); break;
        -: 4174:        case 0x93B6: strcpy(compName, "GL_COMPRESSED_RGBA_ASTC_8x6_KHR"); break;
        -: 4175:        case 0x93B7: strcpy(compName, "GL_COMPRESSED_RGBA_ASTC_8x8_KHR"); break;
        -: 4176:        case 0x93B8: strcpy(compName, "GL_COMPRESSED_RGBA_ASTC_10x5_KHR"); break;
        -: 4177:        case 0x93B9: strcpy(compName, "GL_COMPRESSED_RGBA_ASTC_10x6_KHR"); break;
        -: 4178:        case 0x93BA: strcpy(compName, "GL_COMPRESSED_RGBA_ASTC_10x8_KHR"); break;
        -: 4179:        case 0x93BB: strcpy(compName, "GL_COMPRESSED_RGBA_ASTC_10x10_KHR"); break;
        -: 4180:        case 0x93BC: strcpy(compName, "GL_COMPRESSED_RGBA_ASTC_12x10_KHR"); break;
        -: 4181:        case 0x93BD: strcpy(compName, "GL_COMPRESSED_RGBA_ASTC_12x12_KHR"); break;
        -: 4182:        case 0x93D0: strcpy(compName, "GL_COMPRESSED_SRGB8_ALPHA8_ASTC_4x4_KHR"); break;
        -: 4183:        case 0x93D1: strcpy(compName, "GL_COMPRESSED_SRGB8_ALPHA8_ASTC_5x4_KHR"); break;
        -: 4184:        case 0x93D2: strcpy(compName, "GL_COMPRESSED_SRGB8_ALPHA8_ASTC_5x5_KHR"); break;
        -: 4185:        case 0x93D3: strcpy(compName, "GL_COMPRESSED_SRGB8_ALPHA8_ASTC_6x5_KHR"); break;
        -: 4186:        case 0x93D4: strcpy(compName, "GL_COMPRESSED_SRGB8_ALPHA8_ASTC_6x6_KHR"); break;
        -: 4187:        case 0x93D5: strcpy(compName, "GL_COMPRESSED_SRGB8_ALPHA8_ASTC_8x5_KHR"); break;
        -: 4188:        case 0x93D6: strcpy(compName, "GL_COMPRESSED_SRGB8_ALPHA8_ASTC_8x6_KHR"); break;
        -: 4189:        case 0x93D7: strcpy(compName, "GL_COMPRESSED_SRGB8_ALPHA8_ASTC_8x8_KHR"); break;
        -: 4190:        case 0x93D8: strcpy(compName, "GL_COMPRESSED_SRGB8_ALPHA8_ASTC_10x5_KHR"); break;
        -: 4191:        case 0x93D9: strcpy(compName, "GL_COMPRESSED_SRGB8_ALPHA8_ASTC_10x6_KHR"); break;
        -: 4192:        case 0x93DA: strcpy(compName, "GL_COMPRESSED_SRGB8_ALPHA8_ASTC_10x8_KHR"); break;
        -: 4193:        case 0x93DB: strcpy(compName, "GL_COMPRESSED_SRGB8_ALPHA8_ASTC_10x10_KHR"); break;
        -: 4194:        case 0x93DC: strcpy(compName, "GL_COMPRESSED_SRGB8_ALPHA8_ASTC_12x10_KHR"); break;
        -: 4195:        case 0x93DD: strcpy(compName, "GL_COMPRESSED_SRGB8_ALPHA8_ASTC_12x12_KHR"); break;
        -: 4196:        default: strcpy(compName, "GL_COMPRESSED_UNKNOWN"); break;
        -: 4197:    }
        -: 4198:
        -: 4199:    return compName;
        -: 4200:}
        -: 4201:#endif  // SUPPORT_GL_DETAILS_INFO
        -: 4202:
        -: 4203:#endif  // GRAPHICS_API_OPENGL_33 || GRAPHICS_API_OPENGL_ES2
        -: 4204:
        -: 4205:#if defined(GRAPHICS_API_OPENGL_11)
        -: 4206:// Mipmaps data is generated after image data
        -: 4207:// NOTE: Only works with RGBA (4 bytes) data!
        -: 4208:static int rlGenTextureMipmapsData(unsigned char *data, int baseWidth, int baseHeight)
        -: 4209:{
        -: 4210:    int mipmapCount = 1;                // Required mipmap levels count (including base level)
        -: 4211:    int width = baseWidth;
        -: 4212:    int height = baseHeight;
        -: 4213:    int size = baseWidth*baseHeight*4;  // Size in bytes (will include mipmaps...), RGBA only
        -: 4214:
        -: 4215:    // Count mipmap levels required
        -: 4216:    while ((width != 1) && (height != 1))
        -: 4217:    {
        -: 4218:        width /= 2;
        -: 4219:        height /= 2;
        -: 4220:
        -: 4221:        TRACELOGD("TEXTURE: Next mipmap size: %i x %i", width, height);
        -: 4222:
        -: 4223:        mipmapCount++;
        -: 4224:
        -: 4225:        size += (width*height*4);       // Add mipmap size (in bytes)
        -: 4226:    }
        -: 4227:
        -: 4228:    TRACELOGD("TEXTURE: Total mipmaps required: %i", mipmapCount);
        -: 4229:    TRACELOGD("TEXTURE: Total size of data required: %i", size);
        -: 4230:
        -: 4231:    unsigned char *temp = RL_REALLOC(data, size);
        -: 4232:
        -: 4233:    if (temp != NULL) data = temp;
        -: 4234:    else TRACELOG(RL_LOG_WARNING, "TEXTURE: Failed to re-allocate required mipmaps memory");
        -: 4235:
        -: 4236:    width = baseWidth;
        -: 4237:    height = baseHeight;
        -: 4238:    size = (width*height*4);    // RGBA: 4 bytes
        -: 4239:
        -: 4240:    // Generate mipmaps
        -: 4241:    // NOTE: Every mipmap data is stored after data (RGBA - 4 bytes)
        -: 4242:    unsigned char *image = (unsigned char *)RL_MALLOC(width*height*4);
        -: 4243:    unsigned char *mipmap = NULL;
        -: 4244:    int offset = 0;
        -: 4245:
        -: 4246:    for (int i = 0; i < size; i += 4)
        -: 4247:    {
        -: 4248:        image[i] = data[i];
        -: 4249:        image[i + 1] = data[i + 1];
        -: 4250:        image[i + 2] = data[i + 2];
        -: 4251:        image[i + 3] = data[i + 3];
        -: 4252:    }
        -: 4253:
        -: 4254:    TRACELOGD("TEXTURE: Mipmap base size (%ix%i)", width, height);
        -: 4255:
        -: 4256:    for (int mip = 1; mip < mipmapCount; mip++)
        -: 4257:    {
        -: 4258:        mipmap = rlGenNextMipmapData(image, width, height);
        -: 4259:
        -: 4260:        offset += (width*height*4); // Size of last mipmap
        -: 4261:
        -: 4262:        width /= 2;
        -: 4263:        height /= 2;
        -: 4264:        size = (width*height*4);    // Mipmap size to store after offset
        -: 4265:
        -: 4266:        // Add mipmap to data
        -: 4267:        for (int i = 0; i < size; i += 4)
        -: 4268:        {
        -: 4269:            data[offset + i] = mipmap[i];
        -: 4270:            data[offset + i + 1] = mipmap[i + 1];
        -: 4271:            data[offset + i + 2] = mipmap[i + 2];
        -: 4272:            data[offset + i + 3] = mipmap[i + 3];
        -: 4273:        }
        -: 4274:
        -: 4275:        RL_FREE(image);
        -: 4276:
        -: 4277:        image = mipmap;
        -: 4278:        mipmap = NULL;
        -: 4279:    }
        -: 4280:
        -: 4281:    RL_FREE(mipmap);       // free mipmap data
        -: 4282:
        -: 4283:    return mipmapCount;
        -: 4284:}
        -: 4285:
        -: 4286:// Manual mipmap generation (basic scaling algorithm)
        -: 4287:static unsigned char *rlGenNextMipmapData(unsigned char *srcData, int srcWidth, int srcHeight)
        -: 4288:{
        -: 4289:    int x2 = 0;
        -: 4290:    int y2 = 0;
        -: 4291:    unsigned char prow[4];
        -: 4292:    unsigned char pcol[4];
        -: 4293:
        -: 4294:    int width = srcWidth/2;
        -: 4295:    int height = srcHeight/2;
        -: 4296:
        -: 4297:    unsigned char *mipmap = (unsigned char *)RL_MALLOC(width*height*4);
        -: 4298:
        -: 4299:    // Scaling algorithm works perfectly (box-filter)
        -: 4300:    for (int y = 0; y < height; y++)
        -: 4301:    {
        -: 4302:        y2 = 2*y;
        -: 4303:
        -: 4304:        for (int x = 0; x < width; x++)
        -: 4305:        {
        -: 4306:            x2 = 2*x;
        -: 4307:
        -: 4308:            prow[0] = (srcData[(y2*srcWidth + x2)*4 + 0] + srcData[(y2*srcWidth + x2 + 1)*4 + 0])/2;
        -: 4309:            prow[1] = (srcData[(y2*srcWidth + x2)*4 + 1] + srcData[(y2*srcWidth + x2 + 1)*4 + 1])/2;
        -: 4310:            prow[2] = (srcData[(y2*srcWidth + x2)*4 + 2] + srcData[(y2*srcWidth + x2 + 1)*4 + 2])/2;
        -: 4311:            prow[3] = (srcData[(y2*srcWidth + x2)*4 + 3] + srcData[(y2*srcWidth + x2 + 1)*4 + 3])/2;
        -: 4312:
        -: 4313:            pcol[0] = (srcData[((y2 + 1)*srcWidth + x2)*4 + 0] + srcData[((y2 + 1)*srcWidth + x2 + 1)*4 + 0])/2;
        -: 4314:            pcol[1] = (srcData[((y2 + 1)*srcWidth + x2)*4 + 1] + srcData[((y2 + 1)*srcWidth + x2 + 1)*4 + 1])/2;
        -: 4315:            pcol[2] = (srcData[((y2 + 1)*srcWidth + x2)*4 + 2] + srcData[((y2 + 1)*srcWidth + x2 + 1)*4 + 2])/2;
        -: 4316:            pcol[3] = (srcData[((y2 + 1)*srcWidth + x2)*4 + 3] + srcData[((y2 + 1)*srcWidth + x2 + 1)*4 + 3])/2;
        -: 4317:
        -: 4318:            mipmap[(y*width + x)*4 + 0] = (prow[0] + pcol[0])/2;
        -: 4319:            mipmap[(y*width + x)*4 + 1] = (prow[1] + pcol[1])/2;
        -: 4320:            mipmap[(y*width + x)*4 + 2] = (prow[2] + pcol[2])/2;
        -: 4321:            mipmap[(y*width + x)*4 + 3] = (prow[3] + pcol[3])/2;
        -: 4322:        }
        -: 4323:    }
        -: 4324:
        -: 4325:    TRACELOGD("TEXTURE: Mipmap generated successfully (%ix%i)", width, height);
        -: 4326:
        -: 4327:    return mipmap;
        -: 4328:}
        -: 4329:#endif  // GRAPHICS_API_OPENGL_11
        -: 4330:
        -: 4331:// Get pixel data size in bytes (image or texture)
        -: 4332:// NOTE: Size depends on pixel format
function rlGetPixelDataSize called 2 returned 100% blocks executed 41%
        2: 4333:static int rlGetPixelDataSize(int width, int height, int format)
        -: 4334:{
        2: 4335:    int dataSize = 0;       // Size in bytes
        2: 4336:    int bpp = 0;            // Bits per pixel
        -: 4337:
        2: 4338:    switch (format)
        2: 4338-block  0
branch  0 taken 0
branch  1 taken 1
branch  2 taken 1
branch  3 taken 0
branch  4 taken 0
branch  5 taken 0
branch  6 taken 0
branch  7 taken 0
branch  8 taken 0
branch  9 taken 0
branch 10 taken 0
        -: 4339:    {
    #####: 4340:        case RL_PIXELFORMAT_UNCOMPRESSED_GRAYSCALE: bpp = 8; break;
    %%%%%: 4340-block  0
        1: 4341:        case RL_PIXELFORMAT_UNCOMPRESSED_GRAY_ALPHA:
        -: 4342:        case RL_PIXELFORMAT_UNCOMPRESSED_R5G6B5:
        -: 4343:        case RL_PIXELFORMAT_UNCOMPRESSED_R5G5B5A1:
        1: 4344:        case RL_PIXELFORMAT_UNCOMPRESSED_R4G4B4A4: bpp = 16; break;
        1: 4344-block  0
        1: 4345:        case RL_PIXELFORMAT_UNCOMPRESSED_R8G8B8A8: bpp = 32; break;
        1: 4345-block  0
    #####: 4346:        case RL_PIXELFORMAT_UNCOMPRESSED_R8G8B8: bpp = 24; break;
    %%%%%: 4346-block  0
    #####: 4347:        case RL_PIXELFORMAT_UNCOMPRESSED_R32: bpp = 32; break;
    %%%%%: 4347-block  0
    #####: 4348:        case RL_PIXELFORMAT_UNCOMPRESSED_R32G32B32: bpp = 32*3; break;
    %%%%%: 4348-block  0
    #####: 4349:        case RL_PIXELFORMAT_UNCOMPRESSED_R32G32B32A32: bpp = 32*4; break;
    %%%%%: 4349-block  0
    #####: 4350:        case RL_PIXELFORMAT_COMPRESSED_DXT1_RGB:
        -: 4351:        case RL_PIXELFORMAT_COMPRESSED_DXT1_RGBA:
        -: 4352:        case RL_PIXELFORMAT_COMPRESSED_ETC1_RGB:
        -: 4353:        case RL_PIXELFORMAT_COMPRESSED_ETC2_RGB:
        -: 4354:        case RL_PIXELFORMAT_COMPRESSED_PVRT_RGB:
    #####: 4355:        case RL_PIXELFORMAT_COMPRESSED_PVRT_RGBA: bpp = 4; break;
    %%%%%: 4355-block  0
    #####: 4356:        case RL_PIXELFORMAT_COMPRESSED_DXT3_RGBA:
        -: 4357:        case RL_PIXELFORMAT_COMPRESSED_DXT5_RGBA:
        -: 4358:        case RL_PIXELFORMAT_COMPRESSED_ETC2_EAC_RGBA:
    #####: 4359:        case RL_PIXELFORMAT_COMPRESSED_ASTC_4x4_RGBA: bpp = 8; break;
    %%%%%: 4359-block  0
    #####: 4360:        case RL_PIXELFORMAT_COMPRESSED_ASTC_8x8_RGBA: bpp = 2; break;
    %%%%%: 4360-block  0
    #####: 4361:        default: break;
    %%%%%: 4361-block  0
        -: 4362:    }
        -: 4363:
        2: 4364:    dataSize = width*height*bpp/8;  // Total data size in bytes
        -: 4365:
        -: 4366:    // Most compressed formats works on 4x4 blocks,
        -: 4367:    // if texture is smaller, minimum dataSize is 8 or 16
        2: 4368:    if ((width < 4) && (height < 4))
        2: 4368-block  0
branch  0 taken 1 (fallthrough)
branch  1 taken 1
        1: 4368-block  1
branch  2 taken 1 (fallthrough)
branch  3 taken 0
        -: 4369:    {
       1*: 4370:        if ((format >= RL_PIXELFORMAT_COMPRESSED_DXT1_RGB) && (format < RL_PIXELFORMAT_COMPRESSED_DXT3_RGBA)) dataSize = 8;
        1: 4370-block  0
branch  0 taken 0 (fallthrough)
branch  1 taken 1
    %%%%%: 4370-block  1
branch  2 never executed
branch  3 never executed
    %%%%%: 4370-block  2
       1*: 4371:        else if ((format >= RL_PIXELFORMAT_COMPRESSED_DXT3_RGBA) && (format < RL_PIXELFORMAT_COMPRESSED_ASTC_8x8_RGBA)) dataSize = 16;
        1: 4371-block  0
branch  0 taken 0 (fallthrough)
branch  1 taken 1
    %%%%%: 4371-block  1
branch  2 never executed
branch  3 never executed
    %%%%%: 4371-block  2
        -: 4372:    }
        -: 4373:
        2: 4374:    return dataSize;
        2: 4374-block  0
        -: 4375:}
        -: 4376:
        -: 4377:// Auxiliar math functions
        -: 4378:
        -: 4379:// Get identity matrix
function rlMatrixIdentity called 141 returned 100% blocks executed 100%
      141: 4380:static Matrix rlMatrixIdentity(void)
        -: 4381:{
      141: 4382:    Matrix result = {
        -: 4383:        1.0f, 0.0f, 0.0f, 0.0f,
        -: 4384:        0.0f, 1.0f, 0.0f, 0.0f,
        -: 4385:        0.0f, 0.0f, 1.0f, 0.0f,
        -: 4386:        0.0f, 0.0f, 0.0f, 1.0f
        -: 4387:    };
        -: 4388:
      141: 4389:    return result;
      141: 4389-block  0
        -: 4390:}
        -: 4391:
        -: 4392:// Get two matrix multiplication
        -: 4393:// NOTE: When multiplying matrices... the order matters!
function rlMatrixMultiply called 209 returned 100% blocks executed 100%
      209: 4394:static Matrix rlMatrixMultiply(Matrix left, Matrix right)
        -: 4395:{
      209: 4396:    Matrix result = { 0 };
        -: 4397:
      209: 4398:    result.m0 = left.m0*right.m0 + left.m1*right.m4 + left.m2*right.m8 + left.m3*right.m12;
      209: 4399:    result.m1 = left.m0*right.m1 + left.m1*right.m5 + left.m2*right.m9 + left.m3*right.m13;
      209: 4400:    result.m2 = left.m0*right.m2 + left.m1*right.m6 + left.m2*right.m10 + left.m3*right.m14;
      209: 4401:    result.m3 = left.m0*right.m3 + left.m1*right.m7 + left.m2*right.m11 + left.m3*right.m15;
      209: 4402:    result.m4 = left.m4*right.m0 + left.m5*right.m4 + left.m6*right.m8 + left.m7*right.m12;
      209: 4403:    result.m5 = left.m4*right.m1 + left.m5*right.m5 + left.m6*right.m9 + left.m7*right.m13;
      209: 4404:    result.m6 = left.m4*right.m2 + left.m5*right.m6 + left.m6*right.m10 + left.m7*right.m14;
      209: 4405:    result.m7 = left.m4*right.m3 + left.m5*right.m7 + left.m6*right.m11 + left.m7*right.m15;
      209: 4406:    result.m8 = left.m8*right.m0 + left.m9*right.m4 + left.m10*right.m8 + left.m11*right.m12;
      209: 4407:    result.m9 = left.m8*right.m1 + left.m9*right.m5 + left.m10*right.m9 + left.m11*right.m13;
      209: 4408:    result.m10 = left.m8*right.m2 + left.m9*right.m6 + left.m10*right.m10 + left.m11*right.m14;
      209: 4409:    result.m11 = left.m8*right.m3 + left.m9*right.m7 + left.m10*right.m11 + left.m11*right.m15;
      209: 4410:    result.m12 = left.m12*right.m0 + left.m13*right.m4 + left.m14*right.m8 + left.m15*right.m12;
      209: 4411:    result.m13 = left.m12*right.m1 + left.m13*right.m5 + left.m14*right.m9 + left.m15*right.m13;
      209: 4412:    result.m14 = left.m12*right.m2 + left.m13*right.m6 + left.m14*right.m10 + left.m15*right.m14;
      209: 4413:    result.m15 = left.m12*right.m3 + left.m13*right.m7 + left.m14*right.m11 + left.m15*right.m15;
        -: 4414:
      209: 4415:    return result;
      209: 4415-block  0
        -: 4416:}
        -: 4417:
        -: 4418:#endif  // RLGL_IMPLEMENTATION
