        -:    0:Source:C:/Dev/CLionProjects/Snake-raylib/src/Food.cpp
        -:    0:Graph:C:\Dev\CLionProjects\Snake-raylib\cmake-build-debug-coverage\CMakeFiles\Snake-raylib.dir\src\Food.cpp.gcno
        -:    0:Data:C:\Dev\CLionProjects\Snake-raylib\cmake-build-debug-coverage\CMakeFiles\Snake-raylib.dir\src\Food.cpp.gcda
        -:    0:Runs:1
        -:    1://
        -:    2:// Created by rambo3441 on 9/16/2021.
        -:    3://
        -:    4:
        -:    5:#include "Food.h"
        -:    6:#include <random>
        -:    7:#include <iostream>
        -:    8:
function _ZN4FoodC2Ev called 1 returned 100% blocks executed 100%
        1:    9:Food::Food()
        -:   10:{
        1:   11:    Food::x = (rand() % 19) * 30;
        1:   11-block  0
call    0 returned 1
        1:   12:    Food::y = (rand() % 19) * 30;
call    0 returned 1
        1:   13:}
        -:   14:
function _ZN4FoodD2Ev called 0 returned 0% blocks executed 0%
    #####:   15:Food::~Food()
        -:   16:{
        -:   17:
    #####:   18:}
