        -:    0:Source:C:/Dev/CLionProjects/Snake-raylib/src/Segment.cpp
        -:    0:Graph:C:\Dev\CLionProjects\Snake-raylib\cmake-build-debug-coverage\CMakeFiles\Snake-raylib.dir\src\Segment.cpp.gcno
        -:    0:Data:C:\Dev\CLionProjects\Snake-raylib\cmake-build-debug-coverage\CMakeFiles\Snake-raylib.dir\src\Segment.cpp.gcda
        -:    0:Runs:1
        -:    1://
        -:    2:// Created by rambo3441 on 9/15/2021.
        -:    3://
        -:    4:
        -:    5:#include "Segment.h"
        -:    6:#include "raylib.h"
        -:    7:
function _ZN7SegmentC2Ev called 6 returned 100% blocks executed 100%
        6:    8:Segment::Segment()
        -:    9:{
        6:   10:    Segment::x = 10 * 30;
        6:   11:    Segment::y = 10 * 30;
        6:   12:}
        -:   13:
function _ZN7SegmentD2Ev called 0 returned 0% blocks executed 0%
    #####:   14:Segment::~Segment()
        -:   15:{
        -:   16:
    #####:   17:}
        -:   18:
function _ZN7Segment8moveHeadEv called 104 returned 100% blocks executed 86%
      104:   19:void Segment::moveHead()
        -:   20:{
      104:   21:    if (isHead)
      104:   21-block  0
branch  0 taken 104 (fallthrough)
branch  1 taken 0
        -:   22:    {
      104:   23:        if (IsKeyPressed(KEY_W))
      104:   23-block  0
call    0 returned 104
branch  1 taken 0 (fallthrough)
branch  2 taken 104
        -:   24:        {
    #####:   25:            Segment::direction = 'N';
    %%%%%:   25-block  0
        -:   26:        }
      104:   27:        if (IsKeyPressed(KEY_S))
      104:   27-block  0
call    0 returned 104
branch  1 taken 3 (fallthrough)
branch  2 taken 101
        -:   28:        {
        3:   29:            Segment::direction = 'S';
        3:   29-block  0
        -:   30:        }
      104:   31:        if (IsKeyPressed(KEY_A))
      104:   31-block  0
call    0 returned 104
branch  1 taken 2 (fallthrough)
branch  2 taken 102
        -:   32:        {
        2:   33:            Segment::direction = 'W';
        2:   33-block  0
        -:   34:        }
      104:   35:        if (IsKeyPressed(KEY_D))
      104:   35-block  0
call    0 returned 104
branch  1 taken 0 (fallthrough)
branch  2 taken 104
        -:   36:        {
    #####:   37:            Segment::direction = 'E';
    %%%%%:   37-block  0
        -:   38:        }
        -:   39:    }
      104:   40:}
function _ZN7SegmentC2ERKS_ called 0 returned 0% blocks executed 0%
    #####:   41:Segment::Segment(const Segment &p1)
        -:   42:{
    #####:   43:    x = p1.x;
    #####:   44:    y = p1.y;
    #####:   45:    isHead = false;
    #####:   46:}
