        -:    0:Source:C:/Dev/CLionProjects/Snake-raylib/cmake-build-debug-coverage/_deps/raylib-src/src/textures.c
        -:    0:Graph:C:\Dev\CLionProjects\Snake-raylib\cmake-build-debug-coverage\_deps\raylib-build\raylib\CMakeFiles\raylib.dir\textures.c.gcno
        -:    0:Data:C:\Dev\CLionProjects\Snake-raylib\cmake-build-debug-coverage\_deps\raylib-build\raylib\CMakeFiles\raylib.dir\textures.c.gcda
        -:    0:Runs:1
        -:    1:/**********************************************************************************************
        -:    2:*
        -:    3:*   raylib.textures - Basic functions to load and draw Textures (2d)
        -:    4:*
        -:    5:*   CONFIGURATION:
        -:    6:*
        -:    7:*   #define SUPPORT_FILEFORMAT_BMP
        -:    8:*   #define SUPPORT_FILEFORMAT_PNG
        -:    9:*   #define SUPPORT_FILEFORMAT_TGA
        -:   10:*   #define SUPPORT_FILEFORMAT_JPG
        -:   11:*   #define SUPPORT_FILEFORMAT_GIF
        -:   12:*   #define SUPPORT_FILEFORMAT_PSD
        -:   13:*   #define SUPPORT_FILEFORMAT_PIC
        -:   14:*   #define SUPPORT_FILEFORMAT_HDR
        -:   15:*   #define SUPPORT_FILEFORMAT_DDS
        -:   16:*   #define SUPPORT_FILEFORMAT_PKM
        -:   17:*   #define SUPPORT_FILEFORMAT_KTX
        -:   18:*   #define SUPPORT_FILEFORMAT_PVR
        -:   19:*   #define SUPPORT_FILEFORMAT_ASTC
        -:   20:*       Select desired fileformats to be supported for image data loading. Some of those formats are
        -:   21:*       supported by default, to remove support, just comment unrequired #define in this module
        -:   22:*
        -:   23:*   #define SUPPORT_IMAGE_EXPORT
        -:   24:*       Support image export in multiple file formats
        -:   25:*
        -:   26:*   #define SUPPORT_IMAGE_MANIPULATION
        -:   27:*       Support multiple image editing functions to scale, adjust colors, flip, draw on images, crop...
        -:   28:*       If not defined only three image editing functions supported: ImageFormat(), ImageAlphaMask(), ImageToPOT()
        -:   29:*
        -:   30:*   #define SUPPORT_IMAGE_GENERATION
        -:   31:*       Support procedural image generation functionality (gradient, spot, perlin-noise, cellular)
        -:   32:*
        -:   33:*   DEPENDENCIES:
        -:   34:*       stb_image        - Multiple image formats loading (JPEG, PNG, BMP, TGA, PSD, GIF, PIC)
        -:   35:*                          NOTE: stb_image has been slightly modified to support Android platform.
        -:   36:*       stb_image_resize - Multiple image resize algorythms
        -:   37:*
        -:   38:*
        -:   39:*   LICENSE: zlib/libpng
        -:   40:*
        -:   41:*   Copyright (c) 2013-2021 Ramon Santamaria (@raysan5)
        -:   42:*
        -:   43:*   This software is provided "as-is", without any express or implied warranty. In no event
        -:   44:*   will the authors be held liable for any damages arising from the use of this software.
        -:   45:*
        -:   46:*   Permission is granted to anyone to use this software for any purpose, including commercial
        -:   47:*   applications, and to alter it and redistribute it freely, subject to the following restrictions:
        -:   48:*
        -:   49:*     1. The origin of this software must not be misrepresented; you must not claim that you
        -:   50:*     wrote the original software. If you use this software in a product, an acknowledgment
        -:   51:*     in the product documentation would be appreciated but is not required.
        -:   52:*
        -:   53:*     2. Altered source versions must be plainly marked as such, and must not be misrepresented
        -:   54:*     as being the original software.
        -:   55:*
        -:   56:*     3. This notice may not be removed or altered from any source distribution.
        -:   57:*
        -:   58:**********************************************************************************************/
        -:   59:
        -:   60:#include "raylib.h"             // Declares module functions
        -:   61:
        -:   62:// Check if config flags have been externally provided on compilation line
        -:   63:#if !defined(EXTERNAL_CONFIG_FLAGS)
        -:   64:    #include "config.h"         // Defines module configuration flags
        -:   65:#endif
        -:   66:
        -:   67:#include "utils.h"              // Required for: TRACELOG() and fopen() Android mapping
        -:   68:#include "rlgl.h"               // OpenGL abstraction layer to OpenGL 1.1, 3.3 or ES2
        -:   69:
        -:   70:#include <stdlib.h>             // Required for: malloc(), free()
        -:   71:#include <string.h>             // Required for: strlen() [Used in ImageTextEx()]
        -:   72:#include <math.h>               // Required for: fabsf()
        -:   73:#include <stdio.h>              // Required for: sprintf() [Used in ExportImageAsCode()]
        -:   74:
        -:   75:// Support only desired texture formats on stb_image
        -:   76:#if !defined(SUPPORT_FILEFORMAT_BMP)
        -:   77:    #define STBI_NO_BMP
        -:   78:#endif
        -:   79:#if !defined(SUPPORT_FILEFORMAT_PNG)
        -:   80:    #define STBI_NO_PNG
        -:   81:#endif
        -:   82:#if !defined(SUPPORT_FILEFORMAT_TGA)
        -:   83:    #define STBI_NO_TGA
        -:   84:#endif
        -:   85:#if !defined(SUPPORT_FILEFORMAT_JPG)
        -:   86:    #define STBI_NO_JPEG        // Image format .jpg and .jpeg
        -:   87:#endif
        -:   88:#if !defined(SUPPORT_FILEFORMAT_PSD)
        -:   89:    #define STBI_NO_PSD
        -:   90:#endif
        -:   91:#if !defined(SUPPORT_FILEFORMAT_GIF)
        -:   92:    #define STBI_NO_GIF
        -:   93:#endif
        -:   94:#if !defined(SUPPORT_FILEFORMAT_PIC)
        -:   95:    #define STBI_NO_PIC
        -:   96:#endif
        -:   97:#if !defined(SUPPORT_FILEFORMAT_HDR)
        -:   98:    #define STBI_NO_HDR
        -:   99:#endif
        -:  100:
        -:  101:// Image fileformats not supported by default
        -:  102:#define STBI_NO_PIC
        -:  103:#define STBI_NO_PNM             // Image format .ppm and .pgm
        -:  104:
        -:  105:#if defined(__TINYC__)
        -:  106:    #define STBI_NO_SIMD
        -:  107:#endif
        -:  108:
        -:  109:#if (defined(SUPPORT_FILEFORMAT_BMP) || \
        -:  110:     defined(SUPPORT_FILEFORMAT_PNG) || \
        -:  111:     defined(SUPPORT_FILEFORMAT_TGA) || \
        -:  112:     defined(SUPPORT_FILEFORMAT_JPG) || \
        -:  113:     defined(SUPPORT_FILEFORMAT_PSD) || \
        -:  114:     defined(SUPPORT_FILEFORMAT_GIF) || \
        -:  115:     defined(SUPPORT_FILEFORMAT_PIC) || \
        -:  116:     defined(SUPPORT_FILEFORMAT_HDR))
        -:  117:
        -:  118:    #define STBI_MALLOC RL_MALLOC
        -:  119:    #define STBI_FREE RL_FREE
        -:  120:    #define STBI_REALLOC RL_REALLOC
        -:  121:
        -:  122:    #define STB_IMAGE_IMPLEMENTATION
        -:  123:    #include "external/stb_image.h"         // Required for: stbi_load_from_file()
        -:  124:                                            // NOTE: Used to read image data (multiple formats support)
        -:  125:#endif
        -:  126:
        -:  127:#if defined(SUPPORT_IMAGE_EXPORT)
        -:  128:    #define STBIW_MALLOC RL_MALLOC
        -:  129:    #define STBIW_FREE RL_FREE
        -:  130:    #define STBIW_REALLOC RL_REALLOC
        -:  131:
        -:  132:    #define STB_IMAGE_WRITE_IMPLEMENTATION
        -:  133:    #include "external/stb_image_write.h"   // Required for: stbi_write_*()
        -:  134:#endif
        -:  135:
        -:  136:#if defined(SUPPORT_IMAGE_MANIPULATION)
        -:  137:    #define STBIR_MALLOC(size,c) ((void)(c), RL_MALLOC(size))
        -:  138:    #define STBIR_FREE(ptr,c) ((void)(c), RL_FREE(ptr))
        -:  139:
        -:  140:    #define STB_IMAGE_RESIZE_IMPLEMENTATION
        -:  141:    #include "external/stb_image_resize.h"  // Required for: stbir_resize_uint8() [ImageResize()]
        -:  142:#endif
        -:  143:
        -:  144:#if defined(SUPPORT_IMAGE_GENERATION)
        -:  145:    #define STB_PERLIN_IMPLEMENTATION
        -:  146:    #include "external/stb_perlin.h"        // Required for: stb_perlin_fbm_noise3
        -:  147:#endif
        -:  148:
        -:  149://----------------------------------------------------------------------------------
        -:  150:// Defines and Macros
        -:  151://----------------------------------------------------------------------------------
        -:  152:#ifndef PIXELFORMAT_UNCOMPRESSED_R5G5B5A1_ALPHA_THRESHOLD
        -:  153:    #define PIXELFORMAT_UNCOMPRESSED_R5G5B5A1_ALPHA_THRESHOLD  50    // Threshold over 255 to set alpha as 0
        -:  154:#endif
        -:  155:
        -:  156://----------------------------------------------------------------------------------
        -:  157:// Types and Structures Definition
        -:  158://----------------------------------------------------------------------------------
        -:  159:// ...
        -:  160:
        -:  161://----------------------------------------------------------------------------------
        -:  162:// Global Variables Definition
        -:  163://----------------------------------------------------------------------------------
        -:  164:// It's lonely here...
        -:  165:
        -:  166://----------------------------------------------------------------------------------
        -:  167:// Other Modules Functions Declaration (required by text)
        -:  168://----------------------------------------------------------------------------------
        -:  169:// ...
        -:  170:
        -:  171://----------------------------------------------------------------------------------
        -:  172:// Module specific Functions Declaration
        -:  173://----------------------------------------------------------------------------------
        -:  174:#if defined(SUPPORT_FILEFORMAT_DDS)
        -:  175:static Image LoadDDS(const unsigned char *fileData, unsigned int fileSize);   // Load DDS file data
        -:  176:#endif
        -:  177:#if defined(SUPPORT_FILEFORMAT_PKM)
        -:  178:static Image LoadPKM(const unsigned char *fileData, unsigned int fileSize);   // Load PKM file data
        -:  179:#endif
        -:  180:#if defined(SUPPORT_FILEFORMAT_KTX)
        -:  181:static Image LoadKTX(const unsigned char *fileData, unsigned int fileSize);   // Load KTX file data
        -:  182:static int SaveKTX(Image image, const char *fileName);  // Save image data as KTX file
        -:  183:#endif
        -:  184:#if defined(SUPPORT_FILEFORMAT_PVR)
        -:  185:static Image LoadPVR(const unsigned char *fileData, unsigned int fileSize);   // Load PVR file data
        -:  186:#endif
        -:  187:#if defined(SUPPORT_FILEFORMAT_ASTC)
        -:  188:static Image LoadASTC(const unsigned char *fileData, unsigned int fileSize);  // Load ASTC file data
        -:  189:#endif
        -:  190:
        -:  191:static Vector4 *LoadImageDataNormalized(Image image);       // Load pixel data from image as Vector4 array (float normalized)
        -:  192:
        -:  193://----------------------------------------------------------------------------------
        -:  194:// Module Functions Definition
        -:  195://----------------------------------------------------------------------------------
        -:  196:
        -:  197:// Load image from file into CPU memory (RAM)
function LoadImage called 0 returned 0% blocks executed 0%
    #####:  198:Image LoadImage(const char *fileName)
        -:  199:{
    #####:  200:    Image image = { 0 };
        -:  201:
        -:  202:#if defined(SUPPORT_FILEFORMAT_PNG) || \
        -:  203:    defined(SUPPORT_FILEFORMAT_BMP) || \
        -:  204:    defined(SUPPORT_FILEFORMAT_TGA) || \
        -:  205:    defined(SUPPORT_FILEFORMAT_JPG) || \
        -:  206:    defined(SUPPORT_FILEFORMAT_GIF) || \
        -:  207:    defined(SUPPORT_FILEFORMAT_PIC) || \
        -:  208:    defined(SUPPORT_FILEFORMAT_HDR) || \
        -:  209:    defined(SUPPORT_FILEFORMAT_PSD)
        -:  210:#define STBI_REQUIRED
        -:  211:#endif
        -:  212:
        -:  213:    // Loading file to memory
    #####:  214:    unsigned int fileSize = 0;
    #####:  215:    unsigned char *fileData = LoadFileData(fileName, &fileSize);
    %%%%%:  215-block  0
call    0 never executed
        -:  216:
        -:  217:    // Loading image from memory data
    #####:  218:    if (fileData != NULL) image = LoadImageFromMemory(GetFileExtension(fileName), fileData, fileSize);
branch  0 never executed
branch  1 never executed
    %%%%%:  218-block  0
call    2 never executed
call    3 never executed
        -:  219:
    #####:  220:    RL_FREE(fileData);
        -:  221:
    #####:  222:    return image;
    %%%%%:  222-block  0
        -:  223:}
        -:  224:
        -:  225:// Load an image from RAW file data
function LoadImageRaw called 0 returned 0% blocks executed 0%
    #####:  226:Image LoadImageRaw(const char *fileName, int width, int height, int format, int headerSize)
        -:  227:{
    #####:  228:    Image image = { 0 };
        -:  229:
    #####:  230:    unsigned int dataSize = 0;
    #####:  231:    unsigned char *fileData = LoadFileData(fileName, &dataSize);
    %%%%%:  231-block  0
call    0 never executed
        -:  232:
    #####:  233:    if (fileData != NULL)
branch  0 never executed
branch  1 never executed
        -:  234:    {
    #####:  235:        unsigned char *dataPtr = fileData;
    #####:  236:        unsigned int size = GetPixelDataSize(width, height, format);
    %%%%%:  236-block  0
call    0 never executed
        -:  237:
    #####:  238:        if (headerSize > 0) dataPtr += headerSize;
branch  0 never executed
branch  1 never executed
    %%%%%:  238-block  0
        -:  239:
    #####:  240:        image.data = RL_MALLOC(size);      // Allocate required memory in bytes
    #####:  241:        memcpy(image.data, dataPtr, size); // Copy required data to image
    #####:  242:        image.width = width;
    #####:  243:        image.height = height;
    #####:  244:        image.mipmaps = 1;
    #####:  245:        image.format = format;
        -:  246:
    #####:  247:        RL_FREE(fileData);
    %%%%%:  247-block  0
        -:  248:    }
        -:  249:
    #####:  250:    return image;
    %%%%%:  250-block  0
        -:  251:}
        -:  252:
        -:  253:// Load animated image data
        -:  254://  - Image.data buffer includes all frames: [image#0][image#1][image#2][...]
        -:  255://  - Number of frames is returned through 'frames' parameter
        -:  256://  - All frames are returned in RGBA format
        -:  257://  - Frames delay data is discarded
function LoadImageAnim called 0 returned 0% blocks executed 0%
    #####:  258:Image LoadImageAnim(const char *fileName, int *frames)
        -:  259:{
    #####:  260:    Image image = { 0 };
    #####:  261:    int frameCount = 1;
        -:  262:
        -:  263:#if defined(SUPPORT_FILEFORMAT_GIF)
    #####:  264:    if (IsFileExtension(fileName, ".gif"))
    %%%%%:  264-block  0
call    0 never executed
branch  1 never executed
branch  2 never executed
        -:  265:    {
    #####:  266:        unsigned int dataSize = 0;
    #####:  267:        unsigned char *fileData = LoadFileData(fileName, &dataSize);
    %%%%%:  267-block  0
call    0 never executed
        -:  268:
    #####:  269:        if (fileData != NULL)
branch  0 never executed
branch  1 never executed
        -:  270:        {
    #####:  271:            int comp = 0;
    #####:  272:            int **delays = NULL;
    #####:  273:            image.data = stbi_load_gif_from_memory(fileData, dataSize, delays, &image.width, &image.height, &frameCount, &comp, 4);
    %%%%%:  273-block  0
call    0 never executed
        -:  274:
    #####:  275:            image.mipmaps = 1;
    #####:  276:            image.format = PIXELFORMAT_UNCOMPRESSED_R8G8B8A8;
        -:  277:
    #####:  278:            RL_FREE(fileData);
    #####:  279:            RL_FREE(delays);        // NOTE: Frames delays are discarded
        -:  280:        }
        -:  281:    }
        -:  282:#else
        -:  283:    if (false) { }
        -:  284:#endif
    #####:  285:    else image = LoadImage(fileName);
    %%%%%:  285-block  0
call    0 never executed
        -:  286:
        -:  287:    // TODO: Support APNG animated images?
        -:  288:
    #####:  289:    *frames = frameCount;
    #####:  290:    return image;
    %%%%%:  290-block  0
        -:  291:}
        -:  292:
        -:  293:// Load image from memory buffer, fileType refers to extension: i.e. ".png"
function LoadImageFromMemory called 0 returned 0% blocks executed 0%
    #####:  294:Image LoadImageFromMemory(const char *fileType, const unsigned char *fileData, int dataSize)
        -:  295:{
    #####:  296:    Image image = { 0 };
        -:  297:
    #####:  298:    char fileExtLower[16] = { 0 };
    #####:  299:    strcpy(fileExtLower, TextToLower(fileType));
    %%%%%:  299-block  0
call    0 never executed
        -:  300:
        -:  301:#if defined(SUPPORT_FILEFORMAT_PNG)
    #####:  302:    if ((TextIsEqual(fileExtLower, ".png"))
call    0 never executed
branch  1 never executed
branch  2 never executed
        -:  303:#else
        -:  304:    if ((false)
        -:  305:#endif
        -:  306:#if defined(SUPPORT_FILEFORMAT_BMP)
        -:  307:        || (TextIsEqual(fileExtLower, ".bmp"))
        -:  308:#endif
        -:  309:#if defined(SUPPORT_FILEFORMAT_TGA)
        -:  310:        || (TextIsEqual(fileExtLower, ".tga"))
        -:  311:#endif
        -:  312:#if defined(SUPPORT_FILEFORMAT_JPG)
        -:  313:        || (TextIsEqual(fileExtLower, ".jpg") ||
        -:  314:            TextIsEqual(fileExtLower, ".jpeg"))
        -:  315:#endif
        -:  316:#if defined(SUPPORT_FILEFORMAT_GIF)
    #####:  317:        || (TextIsEqual(fileExtLower, ".gif"))
    %%%%%:  317-block  0
call    0 never executed
branch  1 never executed
branch  2 never executed
        -:  318:#endif
        -:  319:#if defined(SUPPORT_FILEFORMAT_PIC)
        -:  320:        || (TextIsEqual(fileExtLower, ".pic"))
        -:  321:#endif
        -:  322:#if defined(SUPPORT_FILEFORMAT_PSD)
        -:  323:        || (TextIsEqual(fileExtLower, ".psd"))
        -:  324:#endif
        -:  325:       )
        -:  326:    {
        -:  327:#if defined(STBI_REQUIRED)
        -:  328:        // NOTE: Using stb_image to load images (Supports multiple image formats)
        -:  329:
    #####:  330:        if (fileData != NULL)
    %%%%%:  330-block  0
branch  0 never executed
branch  1 never executed
        -:  331:        {
    #####:  332:            int comp = 0;
    #####:  333:            image.data = stbi_load_from_memory(fileData, dataSize, &image.width, &image.height, &comp, 0);
    %%%%%:  333-block  0
call    0 never executed
        -:  334:
    #####:  335:            if (image.data != NULL)
branch  0 never executed
branch  1 never executed
        -:  336:            {
    #####:  337:                image.mipmaps = 1;
        -:  338:
    #####:  339:                if (comp == 1) image.format = PIXELFORMAT_UNCOMPRESSED_GRAYSCALE;
    %%%%%:  339-block  0
branch  0 never executed
branch  1 never executed
    %%%%%:  339-block  1
    #####:  340:                else if (comp == 2) image.format = PIXELFORMAT_UNCOMPRESSED_GRAY_ALPHA;
    %%%%%:  340-block  0
branch  0 never executed
branch  1 never executed
    %%%%%:  340-block  1
    #####:  341:                else if (comp == 3) image.format = PIXELFORMAT_UNCOMPRESSED_R8G8B8;
    %%%%%:  341-block  0
branch  0 never executed
branch  1 never executed
    %%%%%:  341-block  1
    #####:  342:                else if (comp == 4) image.format = PIXELFORMAT_UNCOMPRESSED_R8G8B8A8;
    %%%%%:  342-block  0
branch  0 never executed
branch  1 never executed
    %%%%%:  342-block  1
        -:  343:            }
        -:  344:        }
        -:  345:#endif
        -:  346:    }
        -:  347:#if defined(SUPPORT_FILEFORMAT_HDR)
    #####:  348:    else if (TextIsEqual(fileExtLower, ".hdr"))
    %%%%%:  348-block  0
call    0 never executed
branch  1 never executed
branch  2 never executed
        -:  349:    {
        -:  350:#if defined(STBI_REQUIRED)
    #####:  351:        if (fileData != NULL)
    %%%%%:  351-block  0
branch  0 never executed
branch  1 never executed
        -:  352:        {
    #####:  353:            int comp = 0;
    #####:  354:            image.data = stbi_loadf_from_memory(fileData, dataSize, &image.width, &image.height, &comp, 0);
    %%%%%:  354-block  0
call    0 never executed
        -:  355:
    #####:  356:            image.mipmaps = 1;
        -:  357:
    #####:  358:            if (comp == 1) image.format = PIXELFORMAT_UNCOMPRESSED_R32;
branch  0 never executed
branch  1 never executed
    %%%%%:  358-block  0
    #####:  359:            else if (comp == 3) image.format = PIXELFORMAT_UNCOMPRESSED_R32G32B32;
    %%%%%:  359-block  0
branch  0 never executed
branch  1 never executed
    %%%%%:  359-block  1
    #####:  360:            else if (comp == 4) image.format = PIXELFORMAT_UNCOMPRESSED_R32G32B32A32;
    %%%%%:  360-block  0
branch  0 never executed
branch  1 never executed
    %%%%%:  360-block  1
        -:  361:            else
        -:  362:            {
    #####:  363:                TRACELOG(LOG_WARNING, "IMAGE: HDR file format not supported");
    %%%%%:  363-block  0
call    0 never executed
    #####:  364:                UnloadImage(image);
call    0 never executed
        -:  365:            }
        -:  366:        }
        -:  367:#endif
        -:  368:    }
        -:  369:#endif
        -:  370:#if defined(SUPPORT_FILEFORMAT_DDS)
    #####:  371:    else if (TextIsEqual(fileExtLower, ".dds")) image = LoadDDS(fileData, dataSize);
    %%%%%:  371-block  0
call    0 never executed
branch  1 never executed
branch  2 never executed
    %%%%%:  371-block  1
call    3 never executed
        -:  372:#endif
        -:  373:#if defined(SUPPORT_FILEFORMAT_PKM)
        -:  374:    else if (TextIsEqual(fileExtLower, ".pkm")) image = LoadPKM(fileData, dataSize);
        -:  375:#endif
        -:  376:#if defined(SUPPORT_FILEFORMAT_KTX)
        -:  377:    else if (TextIsEqual(fileExtLower, ".ktx")) image = LoadKTX(fileData, dataSize);
        -:  378:#endif
        -:  379:#if defined(SUPPORT_FILEFORMAT_PVR)
        -:  380:    else if (TextIsEqual(fileExtLower, ".pvr")) image = LoadPVR(fileData, dataSize);
        -:  381:#endif
        -:  382:#if defined(SUPPORT_FILEFORMAT_ASTC)
        -:  383:    else if (TextIsEqual(fileExtLower, ".astc")) image = LoadASTC(fileData, dataSize);
        -:  384:#endif
    #####:  385:    else TRACELOG(LOG_WARNING, "IMAGE: Data format not supported");
    %%%%%:  385-block  0
call    0 never executed
        -:  386:
    #####:  387:    if (image.data != NULL) TRACELOG(LOG_INFO, "IMAGE: Data loaded successfully (%ix%i | %s | %i mipmaps)", image.width, image.height, rlGetPixelFormatName(image.format), image.mipmaps);
    %%%%%:  387-block  0
branch  0 never executed
branch  1 never executed
    %%%%%:  387-block  1
call    2 never executed
call    3 never executed
    #####:  388:    else TRACELOG(LOG_WARNING, "IMAGE: Failed to load image data");
    %%%%%:  388-block  0
call    0 never executed
        -:  389:
    #####:  390:    return image;
    %%%%%:  390-block  0
        -:  391:}
        -:  392:
        -:  393:// Load image from GPU texture data
        -:  394:// NOTE: Compressed texture formats not supported
function LoadImageFromTexture called 0 returned 0% blocks executed 0%
    #####:  395:Image LoadImageFromTexture(Texture2D texture)
        -:  396:{
    #####:  397:    Image image = { 0 };
        -:  398:
    #####:  399:    if (texture.format < PIXELFORMAT_COMPRESSED_DXT1_RGB)
    %%%%%:  399-block  0
branch  0 never executed
branch  1 never executed
        -:  400:    {
    #####:  401:        image.data = rlReadTexturePixels(texture.id, texture.width, texture.height, texture.format);
    %%%%%:  401-block  0
call    0 never executed
        -:  402:
    #####:  403:        if (image.data != NULL)
branch  0 never executed
branch  1 never executed
        -:  404:        {
    #####:  405:            image.width = texture.width;
    #####:  406:            image.height = texture.height;
    #####:  407:            image.format = texture.format;
    #####:  408:            image.mipmaps = 1;
        -:  409:
        -:  410:#if defined(GRAPHICS_API_OPENGL_ES2)
        -:  411:            // NOTE: Data retrieved on OpenGL ES 2.0 should be RGBA,
        -:  412:            // coming from FBO color buffer attachment, but it seems
        -:  413:            // original texture format is retrieved on RPI...
        -:  414:            image.format = PIXELFORMAT_UNCOMPRESSED_R8G8B8A8;
        -:  415:#endif
    #####:  416:            TRACELOG(LOG_INFO, "TEXTURE: [ID %i] Pixel data retrieved successfully", texture.id);
    %%%%%:  416-block  0
call    0 never executed
        -:  417:        }
    #####:  418:        else TRACELOG(LOG_WARNING, "TEXTURE: [ID %i] Failed to retrieve pixel data", texture.id);
    %%%%%:  418-block  0
call    0 never executed
        -:  419:    }
    #####:  420:    else TRACELOG(LOG_WARNING, "TEXTURE: [ID %i] Failed to retrieve compressed pixel data", texture.id);
    %%%%%:  420-block  0
call    0 never executed
        -:  421:
    #####:  422:    return image;
    %%%%%:  422-block  0
        -:  423:}
        -:  424:
        -:  425:// Load image from screen buffer and (screenshot)
function LoadImageFromScreen called 0 returned 0% blocks executed 0%
    #####:  426:Image LoadImageFromScreen(void)
        -:  427:{
    #####:  428:    Image image = { 0 };
        -:  429:
    #####:  430:    image.width = GetScreenWidth();
    %%%%%:  430-block  0
call    0 never executed
    #####:  431:    image.height = GetScreenHeight();
call    0 never executed
    #####:  432:    image.mipmaps = 1;
    #####:  433:    image.format = PIXELFORMAT_UNCOMPRESSED_R8G8B8A8;
    #####:  434:    image.data = rlReadScreenPixels(image.width, image.height);
call    0 never executed
        -:  435:
    #####:  436:    return image;
        -:  437:}
        -:  438:
        -:  439:// Unload image from CPU memory (RAM)
function UnloadImage called 225 returned 100% blocks executed 100%
      225:  440:void UnloadImage(Image image)
        -:  441:{
      225:  442:    RL_FREE(image.data);
      225:  443:}
        -:  444:
        -:  445:// Export image data to file
        -:  446:// NOTE: File format depends on fileName extension
function ExportImage called 0 returned 0% blocks executed 0%
    #####:  447:bool ExportImage(Image image, const char *fileName)
        -:  448:{
    #####:  449:    int success = 0;
        -:  450:
        -:  451:#if defined(SUPPORT_IMAGE_EXPORT)
    #####:  452:    int channels = 4;
    #####:  453:    bool allocatedData = false;
    #####:  454:    unsigned char *imgData = (unsigned char *)image.data;
        -:  455:
    #####:  456:    if (image.format == PIXELFORMAT_UNCOMPRESSED_GRAYSCALE) channels = 1;
    %%%%%:  456-block  0
branch  0 never executed
branch  1 never executed
    %%%%%:  456-block  1
    #####:  457:    else if (image.format == PIXELFORMAT_UNCOMPRESSED_GRAY_ALPHA) channels = 2;
    %%%%%:  457-block  0
branch  0 never executed
branch  1 never executed
    %%%%%:  457-block  1
    #####:  458:    else if (image.format == PIXELFORMAT_UNCOMPRESSED_R8G8B8) channels = 3;
    %%%%%:  458-block  0
branch  0 never executed
branch  1 never executed
    %%%%%:  458-block  1
    #####:  459:    else if (image.format == PIXELFORMAT_UNCOMPRESSED_R8G8B8A8) channels = 4;
    %%%%%:  459-block  0
branch  0 never executed
branch  1 never executed
    %%%%%:  459-block  1
        -:  460:    else
        -:  461:    {
        -:  462:        // NOTE: Getting Color array as RGBA unsigned char values
    #####:  463:        imgData = (unsigned char *)LoadImageColors(image);
    %%%%%:  463-block  0
call    0 never executed
    #####:  464:        allocatedData = true;
        -:  465:    }
        -:  466:
        -:  467:#if defined(SUPPORT_FILEFORMAT_PNG)
    #####:  468:    if (IsFileExtension(fileName, ".png"))
    %%%%%:  468-block  0
call    0 never executed
branch  1 never executed
branch  2 never executed
        -:  469:    {
    #####:  470:        int dataSize = 0;
    #####:  471:        unsigned char *fileData = stbi_write_png_to_mem((const unsigned char *)imgData, image.width*channels, image.width, image.height, channels, &dataSize);
    %%%%%:  471-block  0
call    0 never executed
    #####:  472:        success = SaveFileData(fileName, fileData, dataSize);
call    0 never executed
    #####:  473:        RL_FREE(fileData);
        -:  474:    }
        -:  475:#else
        -:  476:    if (false) { }
        -:  477:#endif
        -:  478:#if defined(SUPPORT_FILEFORMAT_BMP)
        -:  479:    else if (IsFileExtension(fileName, ".bmp")) success = stbi_write_bmp(fileName, image.width, image.height, channels, imgData);
        -:  480:#endif
        -:  481:#if defined(SUPPORT_FILEFORMAT_TGA)
        -:  482:    else if (IsFileExtension(fileName, ".tga")) success = stbi_write_tga(fileName, image.width, image.height, channels, imgData);
        -:  483:#endif
        -:  484:#if defined(SUPPORT_FILEFORMAT_JPG)
        -:  485:    else if (IsFileExtension(fileName, ".jpg")) success = stbi_write_jpg(fileName, image.width, image.height, channels, imgData, 90);  // JPG quality: between 1 and 100
        -:  486:#endif
        -:  487:#if defined(SUPPORT_FILEFORMAT_KTX)
        -:  488:    else if (IsFileExtension(fileName, ".ktx")) success = SaveKTX(image, fileName);
        -:  489:#endif
    #####:  490:    else if (IsFileExtension(fileName, ".raw"))
    %%%%%:  490-block  0
call    0 never executed
branch  1 never executed
branch  2 never executed
        -:  491:    {
        -:  492:        // Export raw pixel data (without header)
        -:  493:        // NOTE: It's up to the user to track image parameters
    #####:  494:        success = SaveFileData(fileName, image.data, GetPixelDataSize(image.width, image.height, image.format));
    %%%%%:  494-block  0
call    0 never executed
call    1 never executed
        -:  495:    }
        -:  496:
    #####:  497:    if (allocatedData) RL_FREE(imgData);
    %%%%%:  497-block  0
branch  0 never executed
branch  1 never executed
    %%%%%:  497-block  1
        -:  498:#endif      // SUPPORT_IMAGE_EXPORT
        -:  499:
    #####:  500:    if (success != 0) TRACELOG(LOG_INFO, "FILEIO: [%s] Image exported successfully", fileName);
    %%%%%:  500-block  0
branch  0 never executed
branch  1 never executed
    %%%%%:  500-block  1
call    2 never executed
    #####:  501:    else TRACELOG(LOG_WARNING, "FILEIO: [%s] Failed to export image", fileName);
    %%%%%:  501-block  0
call    0 never executed
        -:  502:
    #####:  503:    return success;
    %%%%%:  503-block  0
        -:  504:}
        -:  505:
        -:  506:// Export image as code file (.h) defining an array of bytes
function ExportImageAsCode called 0 returned 0% blocks executed 0%
    #####:  507:bool ExportImageAsCode(Image image, const char *fileName)
        -:  508:{
    #####:  509:    bool success = false;
        -:  510:
        -:  511:#if defined(SUPPORT_IMAGE_EXPORT)
        -:  512:
        -:  513:#ifndef TEXT_BYTES_PER_LINE
        -:  514:    #define TEXT_BYTES_PER_LINE     20
        -:  515:#endif
        -:  516:
    #####:  517:    int dataSize = GetPixelDataSize(image.width, image.height, image.format);
    %%%%%:  517-block  0
call    0 never executed
        -:  518:
        -:  519:    // NOTE: Text data buffer size is estimated considering image data size in bytes
        -:  520:    // and requiring 6 char bytes for every byte: "0x00, "
    #####:  521:    char *txtData = (char *)RL_CALLOC(dataSize*6 + 2000, sizeof(char));
        -:  522:
    #####:  523:    int byteCount = 0;
    #####:  524:    byteCount += sprintf(txtData + byteCount, "////////////////////////////////////////////////////////////////////////////////////////\n");
call    0 never executed
    #####:  525:    byteCount += sprintf(txtData + byteCount, "//                                                                                    //\n");
call    0 never executed
    #####:  526:    byteCount += sprintf(txtData + byteCount, "// ImageAsCode exporter v1.0 - Image pixel data exported as an array of bytes         //\n");
call    0 never executed
    #####:  527:    byteCount += sprintf(txtData + byteCount, "//                                                                                    //\n");
call    0 never executed
    #####:  528:    byteCount += sprintf(txtData + byteCount, "// more info and bugs-report:  github.com/raysan5/raylib                              //\n");
call    0 never executed
    #####:  529:    byteCount += sprintf(txtData + byteCount, "// feedback and support:       ray[at]raylib.com                                      //\n");
call    0 never executed
    #####:  530:    byteCount += sprintf(txtData + byteCount, "//                                                                                    //\n");
call    0 never executed
    #####:  531:    byteCount += sprintf(txtData + byteCount, "// Copyright (c) 2018-2021 Ramon Santamaria (@raysan5)                                //\n");
call    0 never executed
    #####:  532:    byteCount += sprintf(txtData + byteCount, "//                                                                                    //\n");
call    0 never executed
    #####:  533:    byteCount += sprintf(txtData + byteCount, "////////////////////////////////////////////////////////////////////////////////////////\n\n");
call    0 never executed
        -:  534:
        -:  535:    // Get file name from path and convert variable name to uppercase
    #####:  536:    char varFileName[256] = { 0 };
    #####:  537:    strcpy(varFileName, GetFileNameWithoutExt(fileName));
call    0 never executed
    #####:  538:    for (int i = 0; varFileName[i] != '\0'; i++) if ((varFileName[i] >= 'a') && (varFileName[i] <= 'z')) { varFileName[i] = varFileName[i] - 32; }
    %%%%%:  538-block  0
branch  0 never executed
branch  1 never executed
    %%%%%:  538-block  1
branch  2 never executed
branch  3 never executed
    %%%%%:  538-block  2
    %%%%%:  538-block  3
    %%%%%:  538-block  4
branch  4 never executed
branch  5 never executed
        -:  539:
        -:  540:    // Add image information
    #####:  541:    byteCount += sprintf(txtData + byteCount, "// Image data information\n");
    %%%%%:  541-block  0
call    0 never executed
    #####:  542:    byteCount += sprintf(txtData + byteCount, "#define %s_WIDTH    %i\n", varFileName, image.width);
call    0 never executed
    #####:  543:    byteCount += sprintf(txtData + byteCount, "#define %s_HEIGHT   %i\n", varFileName, image.height);
call    0 never executed
    #####:  544:    byteCount += sprintf(txtData + byteCount, "#define %s_FORMAT   %i          // raylib internal pixel format\n\n", varFileName, image.format);
call    0 never executed
        -:  545:
    #####:  546:    byteCount += sprintf(txtData + byteCount, "static unsigned char %s_DATA[%i] = { ", varFileName, dataSize);
call    0 never executed
    #####:  547:    for (int i = 0; i < dataSize - 1; i++) byteCount += sprintf(txtData + byteCount, ((i%TEXT_BYTES_PER_LINE == 0)? "0x%x,\n" : "0x%x, "), ((unsigned char *)image.data)[i]);
    %%%%%:  547-block  0
branch  0 never executed
branch  1 never executed
    %%%%%:  547-block  1
    %%%%%:  547-block  2
    %%%%%:  547-block  3
call    2 never executed
    %%%%%:  547-block  4
branch  3 never executed
branch  4 never executed
    #####:  548:    byteCount += sprintf(txtData + byteCount, "0x%x };\n", ((unsigned char *)image.data)[dataSize - 1]);
    %%%%%:  548-block  0
call    0 never executed
        -:  549:
        -:  550:    // NOTE: Text data size exported is determined by '\0' (NULL) character
    #####:  551:    success = SaveFileText(fileName, txtData);
call    0 never executed
        -:  552:
    #####:  553:    RL_FREE(txtData);
        -:  554:
        -:  555:#endif      // SUPPORT_IMAGE_EXPORT
        -:  556:
    #####:  557:    if (success != 0) TRACELOG(LOG_INFO, "FILEIO: [%s] Image exported successfully", fileName);
branch  0 never executed
branch  1 never executed
    %%%%%:  557-block  0
call    2 never executed
    #####:  558:    else TRACELOG(LOG_WARNING, "FILEIO: [%s] Failed to export image", fileName);
    %%%%%:  558-block  0
call    0 never executed
        -:  559:
    #####:  560:    return success;
    %%%%%:  560-block  0
        -:  561:}
        -:  562:
        -:  563://------------------------------------------------------------------------------------
        -:  564:// Image generation functions
        -:  565://------------------------------------------------------------------------------------
        -:  566:// Generate image: plain color
function GenImageColor called 0 returned 0% blocks executed 0%
    #####:  567:Image GenImageColor(int width, int height, Color color)
        -:  568:{
    #####:  569:    Color *pixels = (Color *)RL_CALLOC(width*height, sizeof(Color));
        -:  570:
    #####:  571:    for (int i = 0; i < width*height; i++) pixels[i] = color;
    %%%%%:  571-block  0
    %%%%%:  571-block  1
    %%%%%:  571-block  2
branch  0 never executed
branch  1 never executed
        -:  572:
    #####:  573:    Image image = {
        -:  574:        .data = pixels,
        -:  575:        .width = width,
        -:  576:        .height = height,
        -:  577:        .format = PIXELFORMAT_UNCOMPRESSED_R8G8B8A8,
        -:  578:        .mipmaps = 1
        -:  579:    };
        -:  580:
    #####:  581:    return image;
    %%%%%:  581-block  0
        -:  582:}
        -:  583:
        -:  584:#if defined(SUPPORT_IMAGE_GENERATION)
        -:  585:// Generate image: vertical gradient
function GenImageGradientV called 0 returned 0% blocks executed 0%
    #####:  586:Image GenImageGradientV(int width, int height, Color top, Color bottom)
        -:  587:{
    #####:  588:    Color *pixels = (Color *)RL_MALLOC(width*height*sizeof(Color));
        -:  589:
    #####:  590:    for (int j = 0; j < height; j++)
    %%%%%:  590-block  0
    %%%%%:  590-block  1
    %%%%%:  590-block  2
branch  0 never executed
branch  1 never executed
        -:  591:    {
    #####:  592:        float factor = (float)j/(float)height;
    #####:  593:        for (int i = 0; i < width; i++)
    %%%%%:  593-block  0
    %%%%%:  593-block  1
branch  0 never executed
branch  1 never executed
        -:  594:        {
    #####:  595:            pixels[j*width + i].r = (int)((float)bottom.r*factor + (float)top.r*(1.f - factor));
    #####:  596:            pixels[j*width + i].g = (int)((float)bottom.g*factor + (float)top.g*(1.f - factor));
    #####:  597:            pixels[j*width + i].b = (int)((float)bottom.b*factor + (float)top.b*(1.f - factor));
    #####:  598:            pixels[j*width + i].a = (int)((float)bottom.a*factor + (float)top.a*(1.f - factor));
    %%%%%:  598-block  0
        -:  599:        }
        -:  600:    }
        -:  601:
    #####:  602:    Image image = {
        -:  603:        .data = pixels,
        -:  604:        .width = width,
        -:  605:        .height = height,
        -:  606:        .format = PIXELFORMAT_UNCOMPRESSED_R8G8B8A8,
        -:  607:        .mipmaps = 1
        -:  608:    };
        -:  609:
    #####:  610:    return image;
    %%%%%:  610-block  0
        -:  611:}
        -:  612:
        -:  613:// Generate image: horizontal gradient
function GenImageGradientH called 0 returned 0% blocks executed 0%
    #####:  614:Image GenImageGradientH(int width, int height, Color left, Color right)
        -:  615:{
    #####:  616:    Color *pixels = (Color *)RL_MALLOC(width*height*sizeof(Color));
        -:  617:
    #####:  618:    for (int i = 0; i < width; i++)
    %%%%%:  618-block  0
    %%%%%:  618-block  1
    %%%%%:  618-block  2
branch  0 never executed
branch  1 never executed
        -:  619:    {
    #####:  620:        float factor = (float)i/(float)width;
    #####:  621:        for (int j = 0; j < height; j++)
    %%%%%:  621-block  0
    %%%%%:  621-block  1
branch  0 never executed
branch  1 never executed
        -:  622:        {
    #####:  623:            pixels[j*width + i].r = (int)((float)right.r*factor + (float)left.r*(1.f - factor));
    #####:  624:            pixels[j*width + i].g = (int)((float)right.g*factor + (float)left.g*(1.f - factor));
    #####:  625:            pixels[j*width + i].b = (int)((float)right.b*factor + (float)left.b*(1.f - factor));
    #####:  626:            pixels[j*width + i].a = (int)((float)right.a*factor + (float)left.a*(1.f - factor));
    %%%%%:  626-block  0
        -:  627:        }
        -:  628:    }
        -:  629:
    #####:  630:    Image image = {
        -:  631:        .data = pixels,
        -:  632:        .width = width,
        -:  633:        .height = height,
        -:  634:        .format = PIXELFORMAT_UNCOMPRESSED_R8G8B8A8,
        -:  635:        .mipmaps = 1
        -:  636:    };
        -:  637:
    #####:  638:    return image;
    %%%%%:  638-block  0
        -:  639:}
        -:  640:
        -:  641:// Generate image: radial gradient
function GenImageGradientRadial called 0 returned 0% blocks executed 0%
    #####:  642:Image GenImageGradientRadial(int width, int height, float density, Color inner, Color outer)
        -:  643:{
    #####:  644:    Color *pixels = (Color *)RL_MALLOC(width*height*sizeof(Color));
    #####:  645:    float radius = (width < height)? (float)width/2.0f : (float)height/2.0f;
    %%%%%:  645-block  0
branch  0 never executed
branch  1 never executed
    %%%%%:  645-block  1
    %%%%%:  645-block  2
        -:  646:
    #####:  647:    float centerX = (float)width/2.0f;
    #####:  648:    float centerY = (float)height/2.0f;
        -:  649:
    #####:  650:    for (int y = 0; y < height; y++)
    %%%%%:  650-block  0
    %%%%%:  650-block  1
    %%%%%:  650-block  2
branch  0 never executed
branch  1 never executed
        -:  651:    {
    #####:  652:        for (int x = 0; x < width; x++)
    %%%%%:  652-block  0
    %%%%%:  652-block  1
branch  0 never executed
branch  1 never executed
        -:  653:        {
    #####:  654:            float dist = hypotf((float)x - centerX, (float)y - centerY);
    #####:  655:            float factor = (dist - radius*density)/(radius*(1.0f - density));
        -:  656:
    #####:  657:            factor = (float)fmax(factor, 0.0f);
    #####:  658:            factor = (float)fmin(factor, 1.f); // dist can be bigger than radius so we have to check
        -:  659:
    #####:  660:            pixels[y*width + x].r = (int)((float)outer.r*factor + (float)inner.r*(1.0f - factor));
    #####:  661:            pixels[y*width + x].g = (int)((float)outer.g*factor + (float)inner.g*(1.0f - factor));
    #####:  662:            pixels[y*width + x].b = (int)((float)outer.b*factor + (float)inner.b*(1.0f - factor));
    #####:  663:            pixels[y*width + x].a = (int)((float)outer.a*factor + (float)inner.a*(1.0f - factor));
    %%%%%:  663-block  0
        -:  664:        }
        -:  665:    }
        -:  666:
    #####:  667:    Image image = {
        -:  668:        .data = pixels,
        -:  669:        .width = width,
        -:  670:        .height = height,
        -:  671:        .format = PIXELFORMAT_UNCOMPRESSED_R8G8B8A8,
        -:  672:        .mipmaps = 1
        -:  673:    };
        -:  674:
    #####:  675:    return image;
    %%%%%:  675-block  0
        -:  676:}
        -:  677:
        -:  678:// Generate image: checked
function GenImageChecked called 0 returned 0% blocks executed 0%
    #####:  679:Image GenImageChecked(int width, int height, int checksX, int checksY, Color col1, Color col2)
        -:  680:{
    #####:  681:    Color *pixels = (Color *)RL_MALLOC(width*height*sizeof(Color));
        -:  682:
    #####:  683:    for (int y = 0; y < height; y++)
    %%%%%:  683-block  0
    %%%%%:  683-block  1
    %%%%%:  683-block  2
branch  0 never executed
branch  1 never executed
        -:  684:    {
    #####:  685:        for (int x = 0; x < width; x++)
    %%%%%:  685-block  0
    %%%%%:  685-block  1
    %%%%%:  685-block  2
branch  0 never executed
branch  1 never executed
        -:  686:        {
    #####:  687:            if ((x/checksX + y/checksY)%2 == 0) pixels[y*width + x] = col1;
    %%%%%:  687-block  0
branch  0 never executed
branch  1 never executed
    %%%%%:  687-block  1
    #####:  688:            else pixels[y*width + x] = col2;
    %%%%%:  688-block  0
        -:  689:        }
        -:  690:    }
        -:  691:
    #####:  692:    Image image = {
        -:  693:        .data = pixels,
        -:  694:        .width = width,
        -:  695:        .height = height,
        -:  696:        .format = PIXELFORMAT_UNCOMPRESSED_R8G8B8A8,
        -:  697:        .mipmaps = 1
        -:  698:    };
        -:  699:
    #####:  700:    return image;
    %%%%%:  700-block  0
        -:  701:}
        -:  702:
        -:  703:// Generate image: white noise
function GenImageWhiteNoise called 0 returned 0% blocks executed 0%
    #####:  704:Image GenImageWhiteNoise(int width, int height, float factor)
        -:  705:{
    #####:  706:    Color *pixels = (Color *)RL_MALLOC(width*height*sizeof(Color));
        -:  707:
    #####:  708:    for (int i = 0; i < width*height; i++)
    %%%%%:  708-block  0
    %%%%%:  708-block  1
    %%%%%:  708-block  2
branch  0 never executed
branch  1 never executed
        -:  709:    {
    #####:  710:        if (GetRandomValue(0, 99) < (int)(factor*100.0f)) pixels[i] = WHITE;
    %%%%%:  710-block  0
call    0 never executed
branch  1 never executed
branch  2 never executed
    %%%%%:  710-block  1
    #####:  711:        else pixels[i] = BLACK;
    %%%%%:  711-block  0
        -:  712:    }
        -:  713:
    #####:  714:    Image image = {
        -:  715:        .data = pixels,
        -:  716:        .width = width,
        -:  717:        .height = height,
        -:  718:        .format = PIXELFORMAT_UNCOMPRESSED_R8G8B8A8,
        -:  719:        .mipmaps = 1
        -:  720:    };
        -:  721:
    #####:  722:    return image;
    %%%%%:  722-block  0
        -:  723:}
        -:  724:
        -:  725:// Generate image: perlin noise
function GenImagePerlinNoise called 0 returned 0% blocks executed 0%
    #####:  726:Image GenImagePerlinNoise(int width, int height, int offsetX, int offsetY, float scale)
        -:  727:{
    #####:  728:    Color *pixels = (Color *)RL_MALLOC(width*height*sizeof(Color));
        -:  729:
    #####:  730:    for (int y = 0; y < height; y++)
    %%%%%:  730-block  0
    %%%%%:  730-block  1
    %%%%%:  730-block  2
branch  0 never executed
branch  1 never executed
        -:  731:    {
    #####:  732:        for (int x = 0; x < width; x++)
    %%%%%:  732-block  0
    %%%%%:  732-block  1
branch  0 never executed
branch  1 never executed
        -:  733:        {
    #####:  734:            float nx = (float)(x + offsetX)*scale/(float)width;
    #####:  735:            float ny = (float)(y + offsetY)*scale/(float)height;
        -:  736:
        -:  737:            // Typical values to start playing with:
        -:  738:            //   lacunarity = ~2.0   -- spacing between successive octaves (use exactly 2.0 for wrapping output)
        -:  739:            //   gain       =  0.5   -- relative weighting applied to each successive octave
        -:  740:            //   octaves    =  6     -- number of "octaves" of noise3() to sum
        -:  741:
        -:  742:            // NOTE: We need to translate the data from [-1..1] to [0..1]
    #####:  743:            float p = (stb_perlin_fbm_noise3(nx, ny, 1.0f, 2.0f, 0.5f, 6) + 1.0f)/2.0f;
    %%%%%:  743-block  0
call    0 never executed
        -:  744:
    #####:  745:            int intensity = (int)(p*255.0f);
    #####:  746:            pixels[y*width + x] = (Color){intensity, intensity, intensity, 255};
        -:  747:        }
        -:  748:    }
        -:  749:
    #####:  750:    Image image = {
        -:  751:        .data = pixels,
        -:  752:        .width = width,
        -:  753:        .height = height,
        -:  754:        .format = PIXELFORMAT_UNCOMPRESSED_R8G8B8A8,
        -:  755:        .mipmaps = 1
        -:  756:    };
        -:  757:
    #####:  758:    return image;
    %%%%%:  758-block  0
        -:  759:}
        -:  760:
        -:  761:// Generate image: cellular algorithm. Bigger tileSize means bigger cells
function GenImageCellular called 0 returned 0% blocks executed 0%
    #####:  762:Image GenImageCellular(int width, int height, int tileSize)
        -:  763:{
    #####:  764:    Color *pixels = (Color *)RL_MALLOC(width*height*sizeof(Color));
        -:  765:
    #####:  766:    int seedsPerRow = width/tileSize;
    #####:  767:    int seedsPerCol = height/tileSize;
    #####:  768:    int seedCount = seedsPerRow*seedsPerCol;
        -:  769:
    #####:  770:    Vector2 *seeds = (Vector2 *)RL_MALLOC(seedCount*sizeof(Vector2));
        -:  771:
    #####:  772:    for (int i = 0; i < seedCount; i++)
    %%%%%:  772-block  0
    %%%%%:  772-block  1
branch  0 never executed
branch  1 never executed
        -:  773:    {
    #####:  774:        int y = (i/seedsPerRow)*tileSize + GetRandomValue(0, tileSize - 1);
    %%%%%:  774-block  0
call    0 never executed
    #####:  775:        int x = (i%seedsPerRow)*tileSize + GetRandomValue(0, tileSize - 1);
call    0 never executed
    #####:  776:        seeds[i] = (Vector2){ (float)x, (float)y};
        -:  777:    }
        -:  778:
    #####:  779:    for (int y = 0; y < height; y++)
    %%%%%:  779-block  0
    %%%%%:  779-block  1
    %%%%%:  779-block  2
branch  0 never executed
branch  1 never executed
        -:  780:    {
    #####:  781:        int tileY = y/tileSize;
        -:  782:
    #####:  783:        for (int x = 0; x < width; x++)
    %%%%%:  783-block  0
    %%%%%:  783-block  1
branch  0 never executed
branch  1 never executed
        -:  784:        {
    #####:  785:            int tileX = x/tileSize;
        -:  786:
    #####:  787:            float minDistance = (float)strtod("Inf", NULL);
    %%%%%:  787-block  0
call    0 never executed
        -:  788:
        -:  789:            // Check all adjacent tiles
    #####:  790:            for (int i = -1; i < 2; i++)
    %%%%%:  790-block  0
    %%%%%:  790-block  1
branch  0 never executed
branch  1 never executed
        -:  791:            {
    #####:  792:                if ((tileX + i < 0) || (tileX + i >= seedsPerRow)) continue;
    %%%%%:  792-block  0
branch  0 never executed
branch  1 never executed
    %%%%%:  792-block  1
branch  2 never executed
branch  3 never executed
    %%%%%:  792-block  2
        -:  793:
    #####:  794:                for (int j = -1; j < 2; j++)
    %%%%%:  794-block  0
    %%%%%:  794-block  1
    %%%%%:  794-block  2
branch  0 never executed
branch  1 never executed
        -:  795:                {
    #####:  796:                    if ((tileY + j < 0) || (tileY + j >= seedsPerCol)) continue;
    %%%%%:  796-block  0
branch  0 never executed
branch  1 never executed
    %%%%%:  796-block  1
branch  2 never executed
branch  3 never executed
    %%%%%:  796-block  2
        -:  797:
    #####:  798:                    Vector2 neighborSeed = seeds[(tileY + j)*seedsPerRow + tileX + i];
        -:  799:
    #####:  800:                    float dist = (float)hypot(x - (int)neighborSeed.x, y - (int)neighborSeed.y);
    #####:  801:                    minDistance = (float)fmin(minDistance, dist);
    %%%%%:  801-block  0
        -:  802:                }
        -:  803:            }
        -:  804:
        -:  805:            // I made this up but it seems to give good results at all tile sizes
    #####:  806:            int intensity = (int)(minDistance*256.0f/tileSize);
    #####:  807:            if (intensity > 255) intensity = 255;
    %%%%%:  807-block  0
branch  0 never executed
branch  1 never executed
    %%%%%:  807-block  1
        -:  808:
    #####:  809:            pixels[y*width + x] = (Color){ intensity, intensity, intensity, 255 };
    %%%%%:  809-block  0
        -:  810:        }
        -:  811:    }
        -:  812:
    #####:  813:    RL_FREE(seeds);
        -:  814:
    #####:  815:    Image image = {
        -:  816:        .data = pixels,
        -:  817:        .width = width,
        -:  818:        .height = height,
        -:  819:        .format = PIXELFORMAT_UNCOMPRESSED_R8G8B8A8,
        -:  820:        .mipmaps = 1
        -:  821:    };
        -:  822:
    #####:  823:    return image;
    %%%%%:  823-block  0
        -:  824:}
        -:  825:#endif      // SUPPORT_IMAGE_GENERATION
        -:  826:
        -:  827://------------------------------------------------------------------------------------
        -:  828:// Image manipulation functions
        -:  829://------------------------------------------------------------------------------------
        -:  830:// Copy an image to a new image
function ImageCopy called 0 returned 0% blocks executed 0%
    #####:  831:Image ImageCopy(Image image)
        -:  832:{
    #####:  833:    Image newImage = { 0 };
        -:  834:
    #####:  835:    int width = image.width;
    #####:  836:    int height = image.height;
    #####:  837:    int size = 0;
        -:  838:
    #####:  839:    for (int i = 0; i < image.mipmaps; i++)
    %%%%%:  839-block  0
    %%%%%:  839-block  1
    %%%%%:  839-block  2
branch  0 never executed
branch  1 never executed
        -:  840:    {
    #####:  841:        size += GetPixelDataSize(width, height, image.format);
    %%%%%:  841-block  0
call    0 never executed
        -:  842:
    #####:  843:        width /= 2;
    #####:  844:        height /= 2;
        -:  845:
        -:  846:        // Security check for NPOT textures
    #####:  847:        if (width < 1) width = 1;
branch  0 never executed
branch  1 never executed
    %%%%%:  847-block  0
    #####:  848:        if (height < 1) height = 1;
    %%%%%:  848-block  0
branch  0 never executed
branch  1 never executed
    %%%%%:  848-block  1
        -:  849:    }
        -:  850:
    #####:  851:    newImage.data = RL_MALLOC(size);
        -:  852:
    #####:  853:    if (newImage.data != NULL)
    %%%%%:  853-block  0
branch  0 never executed
branch  1 never executed
        -:  854:    {
        -:  855:        // NOTE: Size must be provided in bytes
    #####:  856:        memcpy(newImage.data, image.data, size);
        -:  857:
    #####:  858:        newImage.width = image.width;
    #####:  859:        newImage.height = image.height;
    #####:  860:        newImage.mipmaps = image.mipmaps;
    #####:  861:        newImage.format = image.format;
    %%%%%:  861-block  0
        -:  862:    }
        -:  863:
    #####:  864:    return newImage;
    %%%%%:  864-block  0
        -:  865:}
        -:  866:
        -:  867:// Create an image from another image piece
function ImageFromImage called 224 returned 100% blocks executed 100%
      224:  868:Image ImageFromImage(Image image, Rectangle rec)
        -:  869:{
      224:  870:    Image result = { 0 };
        -:  871:
      224:  872:    int bytesPerPixel = GetPixelDataSize(1, 1, image.format);
      224:  872-block  0
call    0 returned 224
        -:  873:
        -:  874:    // TODO: Check rec is valid?
        -:  875:
      224:  876:    result.width = (int)rec.width;
      224:  877:    result.height = (int)rec.height;
      224:  878:    result.data = RL_CALLOC((int)(rec.width*rec.height)*bytesPerPixel, 1);
      224:  879:    result.format = image.format;
      224:  880:    result.mipmaps = 1;
        -:  881:
     2464:  882:    for (int y = 0; y < rec.height; y++)
     2464:  882-block  0
branch  0 taken 2240
branch  1 taken 224 (fallthrough)
        -:  883:    {
     2240:  884:        memcpy(((unsigned char *)result.data) + y*(int)rec.width*bytesPerPixel, ((unsigned char *)image.data) + ((y + (int)rec.y)*image.width + (int)rec.x)*bytesPerPixel, (int)rec.width*bytesPerPixel);
     2240:  884-block  0
        -:  885:    }
        -:  886:
      224:  887:    return result;
      224:  887-block  0
        -:  888:}
        -:  889:
        -:  890:// Crop an image to area defined by a rectangle
        -:  891:// NOTE: Security checks are performed in case rectangle goes out of bounds
function ImageCrop called 0 returned 0% blocks executed 0%
    #####:  892:void ImageCrop(Image *image, Rectangle crop)
        -:  893:{
        -:  894:    // Security check to avoid program crash
    #####:  895:    if ((image->data == NULL) || (image->width == 0) || (image->height == 0)) return;
    %%%%%:  895-block  0
branch  0 never executed
branch  1 never executed
    %%%%%:  895-block  1
branch  2 never executed
branch  3 never executed
    %%%%%:  895-block  2
branch  4 never executed
branch  5 never executed
    %%%%%:  895-block  3
        -:  896:
        -:  897:    // Security checks to validate crop rectangle
    #####:  898:    if (crop.x < 0) { crop.width += crop.x; crop.x = 0; }
    %%%%%:  898-block  0
branch  0 never executed
branch  1 never executed
    %%%%%:  898-block  1
    #####:  899:    if (crop.y < 0) { crop.height += crop.y; crop.y = 0; }
    %%%%%:  899-block  0
branch  0 never executed
branch  1 never executed
    %%%%%:  899-block  1
    #####:  900:    if ((crop.x + crop.width) > image->width) crop.width = image->width - crop.x;
    %%%%%:  900-block  0
branch  0 never executed
branch  1 never executed
    %%%%%:  900-block  1
    #####:  901:    if ((crop.y + crop.height) > image->height) crop.height = image->height - crop.y;
    %%%%%:  901-block  0
branch  0 never executed
branch  1 never executed
    %%%%%:  901-block  1
    #####:  902:    if ((crop.x > image->width) || (crop.y > image->height))
    %%%%%:  902-block  0
branch  0 never executed
branch  1 never executed
    %%%%%:  902-block  1
branch  2 never executed
branch  3 never executed
        -:  903:    {
    #####:  904:        TRACELOG(LOG_WARNING, "IMAGE: Failed to crop, rectangle out of bounds");
    %%%%%:  904-block  0
call    0 never executed
    #####:  905:        return;
        -:  906:    }
        -:  907:
    #####:  908:    if (image->mipmaps > 1) TRACELOG(LOG_WARNING, "Image manipulation only applied to base mipmap level");
    %%%%%:  908-block  0
branch  0 never executed
branch  1 never executed
    %%%%%:  908-block  1
call    2 never executed
    #####:  909:    if (image->format >= PIXELFORMAT_COMPRESSED_DXT1_RGB) TRACELOG(LOG_WARNING, "Image manipulation not supported for compressed formats");
    %%%%%:  909-block  0
branch  0 never executed
branch  1 never executed
    %%%%%:  909-block  1
call    2 never executed
        -:  910:    else
        -:  911:    {
    #####:  912:        int bytesPerPixel = GetPixelDataSize(1, 1, image->format);
    %%%%%:  912-block  0
call    0 never executed
        -:  913:
    #####:  914:        unsigned char *croppedData = (unsigned char *)RL_MALLOC((int)(crop.width*crop.height)*bytesPerPixel);
        -:  915:
        -:  916:        // OPTION 1: Move cropped data line-by-line
    #####:  917:        for (int y = (int)crop.y, offsetSize = 0; y < (int)(crop.y + crop.height); y++)
    %%%%%:  917-block  0
branch  0 never executed
branch  1 never executed
        -:  918:        {
    #####:  919:            memcpy(croppedData + offsetSize, ((unsigned char *)image->data) + (y*image->width + (int)crop.x)*bytesPerPixel, (int)crop.width*bytesPerPixel);
    #####:  920:            offsetSize += ((int)crop.width*bytesPerPixel);
    %%%%%:  920-block  0
        -:  921:        }
        -:  922:
        -:  923:        /*
        -:  924:        // OPTION 2: Move cropped data pixel-by-pixel or byte-by-byte
        -:  925:        for (int y = (int)crop.y; y < (int)(crop.y + crop.height); y++)
        -:  926:        {
        -:  927:            for (int x = (int)crop.x; x < (int)(crop.x + crop.width); x++)
        -:  928:            {
        -:  929:                //memcpy(croppedData + ((y - (int)crop.y)*(int)crop.width + (x - (int)crop.x))*bytesPerPixel, ((unsigned char *)image->data) + (y*image->width + x)*bytesPerPixel, bytesPerPixel);
        -:  930:                for (int i = 0; i < bytesPerPixel; i++) croppedData[((y - (int)crop.y)*(int)crop.width + (x - (int)crop.x))*bytesPerPixel + i] = ((unsigned char *)image->data)[(y*image->width + x)*bytesPerPixel + i];
        -:  931:            }
        -:  932:        }
        -:  933:        */
        -:  934:
    #####:  935:        RL_FREE(image->data);
    #####:  936:        image->data = croppedData;
    #####:  937:        image->width = (int)crop.width;
    #####:  938:        image->height = (int)crop.height;
    %%%%%:  938-block  0
        -:  939:    }
        -:  940:}
        -:  941:
        -:  942:// Convert image data to desired format
function ImageFormat called 0 returned 0% blocks executed 0%
    #####:  943:void ImageFormat(Image *image, int newFormat)
        -:  944:{
        -:  945:    // Security check to avoid program crash
    #####:  946:    if ((image->data == NULL) || (image->width == 0) || (image->height == 0)) return;
    %%%%%:  946-block  0
branch  0 never executed
branch  1 never executed
    %%%%%:  946-block  1
branch  2 never executed
branch  3 never executed
    %%%%%:  946-block  2
branch  4 never executed
branch  5 never executed
    %%%%%:  946-block  3
        -:  947:
    #####:  948:    if ((newFormat != 0) && (image->format != newFormat))
    %%%%%:  948-block  0
branch  0 never executed
branch  1 never executed
    %%%%%:  948-block  1
branch  2 never executed
branch  3 never executed
        -:  949:    {
    #####:  950:        if ((image->format < PIXELFORMAT_COMPRESSED_DXT1_RGB) && (newFormat < PIXELFORMAT_COMPRESSED_DXT1_RGB))
    %%%%%:  950-block  0
branch  0 never executed
branch  1 never executed
    %%%%%:  950-block  1
branch  2 never executed
branch  3 never executed
    #####:  951:        {
    %%%%%:  951-block  0
    #####:  952:            Vector4 *pixels = LoadImageDataNormalized(*image);     // Supports 8 to 32 bit per channel
    %%%%%:  952-block  0
call    0 never executed
        -:  953:
    #####:  954:            RL_FREE(image->data);      // WARNING! We loose mipmaps data --> Regenerated at the end...
    #####:  955:            image->data = NULL;
    #####:  956:            image->format = newFormat;
        -:  957:
    #####:  958:            int k = 0;
        -:  959:
    #####:  960:            switch (image->format)
branch  0 never executed
branch  1 never executed
branch  2 never executed
branch  3 never executed
branch  4 never executed
branch  5 never executed
branch  6 never executed
branch  7 never executed
branch  8 never executed
branch  9 never executed
branch 10 never executed
        -:  961:            {
    #####:  962:                case PIXELFORMAT_UNCOMPRESSED_GRAYSCALE:
        -:  963:                {
    #####:  964:                    image->data = (unsigned char *)RL_MALLOC(image->width*image->height*sizeof(unsigned char));
        -:  965:
    #####:  966:                    for (int i = 0; i < image->width*image->height; i++)
    %%%%%:  966-block  0
    %%%%%:  966-block  1
branch  0 never executed
branch  1 never executed
        -:  967:                    {
    #####:  968:                        ((unsigned char *)image->data)[i] = (unsigned char)((pixels[i].x*0.299f + pixels[i].y*0.587f + pixels[i].z*0.114f)*255.0f);
    %%%%%:  968-block  0
        -:  969:                    }
        -:  970:
    #####:  971:                } break;
    %%%%%:  971-block  0
    #####:  972:                case PIXELFORMAT_UNCOMPRESSED_GRAY_ALPHA:
        -:  973:                {
    #####:  974:                    image->data = (unsigned char *)RL_MALLOC(image->width*image->height*2*sizeof(unsigned char));
        -:  975:
    #####:  976:                    for (int i = 0; i < image->width*image->height*2; i += 2, k++)
    %%%%%:  976-block  0
    %%%%%:  976-block  1
branch  0 never executed
branch  1 never executed
        -:  977:                    {
    #####:  978:                        ((unsigned char *)image->data)[i] = (unsigned char)((pixels[k].x*0.299f + (float)pixels[k].y*0.587f + (float)pixels[k].z*0.114f)*255.0f);
    #####:  979:                        ((unsigned char *)image->data)[i + 1] = (unsigned char)(pixels[k].w*255.0f);
    %%%%%:  979-block  0
        -:  980:                    }
        -:  981:
    #####:  982:                } break;
    %%%%%:  982-block  0
    #####:  983:                case PIXELFORMAT_UNCOMPRESSED_R5G6B5:
        -:  984:                {
    #####:  985:                    image->data = (unsigned short *)RL_MALLOC(image->width*image->height*sizeof(unsigned short));
        -:  986:
    #####:  987:                    unsigned char r = 0;
    #####:  988:                    unsigned char g = 0;
    #####:  989:                    unsigned char b = 0;
        -:  990:
    #####:  991:                    for (int i = 0; i < image->width*image->height; i++)
    %%%%%:  991-block  0
    %%%%%:  991-block  1
branch  0 never executed
branch  1 never executed
        -:  992:                    {
    #####:  993:                        r = (unsigned char)(round(pixels[i].x*31.0f));
    #####:  994:                        g = (unsigned char)(round(pixels[i].y*63.0f));
    #####:  995:                        b = (unsigned char)(round(pixels[i].z*31.0f));
        -:  996:
    #####:  997:                        ((unsigned short *)image->data)[i] = (unsigned short)r << 11 | (unsigned short)g << 5 | (unsigned short)b;
    %%%%%:  997-block  0
        -:  998:                    }
        -:  999:
    #####: 1000:                } break;
    %%%%%: 1000-block  0
    #####: 1001:                case PIXELFORMAT_UNCOMPRESSED_R8G8B8:
        -: 1002:                {
    #####: 1003:                    image->data = (unsigned char *)RL_MALLOC(image->width*image->height*3*sizeof(unsigned char));
        -: 1004:
    #####: 1005:                    for (int i = 0, k = 0; i < image->width*image->height*3; i += 3, k++)
    %%%%%: 1005-block  0
    %%%%%: 1005-block  1
branch  0 never executed
branch  1 never executed
        -: 1006:                    {
    #####: 1007:                        ((unsigned char *)image->data)[i] = (unsigned char)(pixels[k].x*255.0f);
    #####: 1008:                        ((unsigned char *)image->data)[i + 1] = (unsigned char)(pixels[k].y*255.0f);
    #####: 1009:                        ((unsigned char *)image->data)[i + 2] = (unsigned char)(pixels[k].z*255.0f);
    %%%%%: 1009-block  0
        -: 1010:                    }
    #####: 1011:                } break;
    %%%%%: 1011-block  0
    #####: 1012:                case PIXELFORMAT_UNCOMPRESSED_R5G5B5A1:
        -: 1013:                {
    #####: 1014:                    image->data = (unsigned short *)RL_MALLOC(image->width*image->height*sizeof(unsigned short));
        -: 1015:
    #####: 1016:                    unsigned char r = 0;
    #####: 1017:                    unsigned char g = 0;
    #####: 1018:                    unsigned char b = 0;
    #####: 1019:                    unsigned char a = 0;
        -: 1020:
    #####: 1021:                    for (int i = 0; i < image->width*image->height; i++)
    %%%%%: 1021-block  0
    %%%%%: 1021-block  1
branch  0 never executed
branch  1 never executed
        -: 1022:                    {
    #####: 1023:                        r = (unsigned char)(round(pixels[i].x*31.0f));
    #####: 1024:                        g = (unsigned char)(round(pixels[i].y*31.0f));
    #####: 1025:                        b = (unsigned char)(round(pixels[i].z*31.0f));
    #####: 1026:                        a = (pixels[i].w > ((float)PIXELFORMAT_UNCOMPRESSED_R5G5B5A1_ALPHA_THRESHOLD/255.0f))? 1 : 0;
        -: 1027:
    #####: 1028:                        ((unsigned short *)image->data)[i] = (unsigned short)r << 11 | (unsigned short)g << 6 | (unsigned short)b << 1 | (unsigned short)a;
    %%%%%: 1028-block  0
        -: 1029:                    }
        -: 1030:
    #####: 1031:                } break;
    %%%%%: 1031-block  0
    #####: 1032:                case PIXELFORMAT_UNCOMPRESSED_R4G4B4A4:
        -: 1033:                {
    #####: 1034:                    image->data = (unsigned short *)RL_MALLOC(image->width*image->height*sizeof(unsigned short));
        -: 1035:
    #####: 1036:                    unsigned char r = 0;
    #####: 1037:                    unsigned char g = 0;
    #####: 1038:                    unsigned char b = 0;
    #####: 1039:                    unsigned char a = 0;
        -: 1040:
    #####: 1041:                    for (int i = 0; i < image->width*image->height; i++)
    %%%%%: 1041-block  0
    %%%%%: 1041-block  1
branch  0 never executed
branch  1 never executed
        -: 1042:                    {
    #####: 1043:                        r = (unsigned char)(round(pixels[i].x*15.0f));
    #####: 1044:                        g = (unsigned char)(round(pixels[i].y*15.0f));
    #####: 1045:                        b = (unsigned char)(round(pixels[i].z*15.0f));
    #####: 1046:                        a = (unsigned char)(round(pixels[i].w*15.0f));
        -: 1047:
    #####: 1048:                        ((unsigned short *)image->data)[i] = (unsigned short)r << 12 | (unsigned short)g << 8 | (unsigned short)b << 4 | (unsigned short)a;
    %%%%%: 1048-block  0
        -: 1049:                    }
        -: 1050:
    #####: 1051:                } break;
    %%%%%: 1051-block  0
    #####: 1052:                case PIXELFORMAT_UNCOMPRESSED_R8G8B8A8:
        -: 1053:                {
    #####: 1054:                    image->data = (unsigned char *)RL_MALLOC(image->width*image->height*4*sizeof(unsigned char));
        -: 1055:
    #####: 1056:                    for (int i = 0, k = 0; i < image->width*image->height*4; i += 4, k++)
    %%%%%: 1056-block  0
    %%%%%: 1056-block  1
branch  0 never executed
branch  1 never executed
        -: 1057:                    {
    #####: 1058:                        ((unsigned char *)image->data)[i] = (unsigned char)(pixels[k].x*255.0f);
    #####: 1059:                        ((unsigned char *)image->data)[i + 1] = (unsigned char)(pixels[k].y*255.0f);
    #####: 1060:                        ((unsigned char *)image->data)[i + 2] = (unsigned char)(pixels[k].z*255.0f);
    #####: 1061:                        ((unsigned char *)image->data)[i + 3] = (unsigned char)(pixels[k].w*255.0f);
    %%%%%: 1061-block  0
        -: 1062:                    }
    #####: 1063:                } break;
    %%%%%: 1063-block  0
    #####: 1064:                case PIXELFORMAT_UNCOMPRESSED_R32:
        -: 1065:                {
        -: 1066:                    // WARNING: Image is converted to GRAYSCALE eqeuivalent 32bit
        -: 1067:
    #####: 1068:                    image->data = (float *)RL_MALLOC(image->width*image->height*sizeof(float));
        -: 1069:
    #####: 1070:                    for (int i = 0; i < image->width*image->height; i++)
    %%%%%: 1070-block  0
    %%%%%: 1070-block  1
branch  0 never executed
branch  1 never executed
        -: 1071:                    {
    #####: 1072:                        ((float *)image->data)[i] = (float)(pixels[i].x*0.299f + pixels[i].y*0.587f + pixels[i].z*0.114f);
    %%%%%: 1072-block  0
        -: 1073:                    }
    #####: 1074:                } break;
    %%%%%: 1074-block  0
    #####: 1075:                case PIXELFORMAT_UNCOMPRESSED_R32G32B32:
        -: 1076:                {
    #####: 1077:                    image->data = (float *)RL_MALLOC(image->width*image->height*3*sizeof(float));
        -: 1078:
    #####: 1079:                    for (int i = 0, k = 0; i < image->width*image->height*3; i += 3, k++)
    %%%%%: 1079-block  0
    %%%%%: 1079-block  1
branch  0 never executed
branch  1 never executed
        -: 1080:                    {
    #####: 1081:                        ((float *)image->data)[i] = pixels[k].x;
    #####: 1082:                        ((float *)image->data)[i + 1] = pixels[k].y;
    #####: 1083:                        ((float *)image->data)[i + 2] = pixels[k].z;
    %%%%%: 1083-block  0
        -: 1084:                    }
    #####: 1085:                } break;
    %%%%%: 1085-block  0
    #####: 1086:                case PIXELFORMAT_UNCOMPRESSED_R32G32B32A32:
        -: 1087:                {
    #####: 1088:                    image->data = (float *)RL_MALLOC(image->width*image->height*4*sizeof(float));
        -: 1089:
    #####: 1090:                    for (int i = 0, k = 0; i < image->width*image->height*4; i += 4, k++)
    %%%%%: 1090-block  0
    %%%%%: 1090-block  1
branch  0 never executed
branch  1 never executed
        -: 1091:                    {
    #####: 1092:                        ((float *)image->data)[i] = pixels[k].x;
    #####: 1093:                        ((float *)image->data)[i + 1] = pixels[k].y;
    #####: 1094:                        ((float *)image->data)[i + 2] = pixels[k].z;
    #####: 1095:                        ((float *)image->data)[i + 3] = pixels[k].w;
    %%%%%: 1095-block  0
        -: 1096:                    }
    #####: 1097:                } break;
    %%%%%: 1097-block  0
    #####: 1098:                default: break;
    %%%%%: 1098-block  0
        -: 1099:            }
        -: 1100:
    #####: 1101:            RL_FREE(pixels);
    #####: 1102:            pixels = NULL;
        -: 1103:
        -: 1104:            // In case original image had mipmaps, generate mipmaps for formated image
        -: 1105:            // NOTE: Original mipmaps are replaced by new ones, if custom mipmaps were used, they are lost
    #####: 1106:            if (image->mipmaps > 1)
    %%%%%: 1106-block  0
branch  0 never executed
branch  1 never executed
        -: 1107:            {
    #####: 1108:                image->mipmaps = 1;
        -: 1109:            #if defined(SUPPORT_IMAGE_MANIPULATION)
    #####: 1110:                if (image->data != NULL) ImageMipmaps(image);
    %%%%%: 1110-block  0
branch  0 never executed
branch  1 never executed
    %%%%%: 1110-block  1
call    2 never executed
        -: 1111:            #endif
        -: 1112:            }
        -: 1113:        }
    #####: 1114:        else TRACELOG(LOG_WARNING, "IMAGE: Data format is compressed, can not be converted");
    %%%%%: 1114-block  0
call    0 never executed
        -: 1115:    }
        -: 1116:}
        -: 1117:
        -: 1118:// Convert image to POT (power-of-two)
        -: 1119:// NOTE: It could be useful on OpenGL ES 2.0 (RPI, HTML5)
function ImageToPOT called 0 returned 0% blocks executed 0%
    #####: 1120:void ImageToPOT(Image *image, Color fill)
        -: 1121:{
        -: 1122:    // Security check to avoid program crash
    #####: 1123:    if ((image->data == NULL) || (image->width == 0) || (image->height == 0)) return;
    %%%%%: 1123-block  0
branch  0 never executed
branch  1 never executed
    %%%%%: 1123-block  1
branch  2 never executed
branch  3 never executed
    %%%%%: 1123-block  2
branch  4 never executed
branch  5 never executed
    %%%%%: 1123-block  3
        -: 1124:
        -: 1125:    // Calculate next power-of-two values
        -: 1126:    // NOTE: Just add the required amount of pixels at the right and bottom sides of image...
    #####: 1127:    int potWidth = (int)powf(2, ceilf(logf((float)image->width)/logf(2)));
    #####: 1128:    int potHeight = (int)powf(2, ceilf(logf((float)image->height)/logf(2)));
        -: 1129:
        -: 1130:    // Check if POT texture generation is required (if texture is not already POT)
    #####: 1131:    if ((potWidth != image->width) || (potHeight != image->height)) ImageResizeCanvas(image, potWidth, potHeight, 0, 0, fill);
    %%%%%: 1131-block  0
branch  0 never executed
branch  1 never executed
    %%%%%: 1131-block  1
branch  2 never executed
branch  3 never executed
    %%%%%: 1131-block  2
call    4 never executed
        -: 1132:}
        -: 1133:
        -: 1134:#if defined(SUPPORT_IMAGE_MANIPULATION)
        -: 1135:// Create an image from text (default font)
function ImageText called 0 returned 0% blocks executed 0%
    #####: 1136:Image ImageText(const char *text, int fontSize, Color color)
        -: 1137:{
    #####: 1138:    int defaultFontSize = 10;   // Default Font chars height in pixel
    #####: 1139:    if (fontSize < defaultFontSize) fontSize = defaultFontSize;
    %%%%%: 1139-block  0
branch  0 never executed
branch  1 never executed
    %%%%%: 1139-block  1
    #####: 1140:    int spacing = fontSize/defaultFontSize;
        -: 1141:
    #####: 1142:    Image imText = ImageTextEx(GetFontDefault(), text, (float)fontSize, (float)spacing, color);
    %%%%%: 1142-block  0
call    0 never executed
call    1 never executed
        -: 1143:
    #####: 1144:    return imText;
        -: 1145:}
        -: 1146:
        -: 1147:// Create an image from text (custom sprite font)
function ImageTextEx called 0 returned 0% blocks executed 0%
    #####: 1148:Image ImageTextEx(Font font, const char *text, float fontSize, float spacing, Color tint)
        -: 1149:{
    #####: 1150:    int size = (int)strlen(text);   // Get size in bytes of text
        -: 1151:
    #####: 1152:    int textOffsetX = 0;            // Image drawing position X
    #####: 1153:    int textOffsetY = 0;            // Offset between lines (on line break '\n')
        -: 1154:
        -: 1155:    // NOTE: Text image is generated at font base size, later scaled to desired font size
    #####: 1156:    Vector2 imSize = MeasureTextEx(font, text, (float)font.baseSize, spacing);
    %%%%%: 1156-block  0
call    0 never executed
        -: 1157:
        -: 1158:    // Create image to store text
    #####: 1159:    Image imText = GenImageColor((int)imSize.x, (int)imSize.y, BLANK);
call    0 never executed
        -: 1160:
    #####: 1161:    for (int i = 0; i < size; i++)
    %%%%%: 1161-block  0
branch  0 never executed
branch  1 never executed
        -: 1162:    {
        -: 1163:        // Get next codepoint from byte string and glyph index in font
    #####: 1164:        int codepointByteCount = 0;
    #####: 1165:        int codepoint = GetCodepoint(&text[i], &codepointByteCount);
    %%%%%: 1165-block  0
call    0 never executed
    #####: 1166:        int index = GetGlyphIndex(font, codepoint);
call    0 never executed
        -: 1167:
        -: 1168:        // NOTE: Normally we exit the decoding sequence as soon as a bad byte is found (and return 0x3f)
        -: 1169:        // but we need to draw all of the bad bytes using the '?' symbol moving one byte
    #####: 1170:        if (codepoint == 0x3f) codepointByteCount = 1;
branch  0 never executed
branch  1 never executed
    %%%%%: 1170-block  0
        -: 1171:
    #####: 1172:        if (codepoint == '\n')
    %%%%%: 1172-block  0
branch  0 never executed
branch  1 never executed
[...]
        -: 4361:// NOTE: PVR v2 not supported, use PVR v3 instead
        -: 4362:static Image LoadPVR(const unsigned char *fileData, unsigned int fileSize)
        -: 4363:{
        -: 4364:    unsigned char *fileDataPtr = (unsigned char *)fileData;
        -: 4365:
        -: 4366:    // Required extension:
        -: 4367:    // GL_IMG_texture_compression_pvrtc
        -: 4368:
        -: 4369:    // Supported tokens (defined by extensions)
        -: 4370:    // GL_COMPRESSED_RGB_PVRTC_4BPPV1_IMG       0x8C00
        -: 4371:    // GL_COMPRESSED_RGBA_PVRTC_4BPPV1_IMG      0x8C02
        -: 4372:
        -: 4373:#if 0   // Not used...
        -: 4374:    // PVR file v2 Header (52 bytes)
        -: 4375:    typedef struct {
        -: 4376:        unsigned int headerLength;
        -: 4377:        unsigned int height;
        -: 4378:        unsigned int width;
        -: 4379:        unsigned int numMipmaps;
        -: 4380:        unsigned int flags;
        -: 4381:        unsigned int dataLength;
        -: 4382:        unsigned int bpp;
        -: 4383:        unsigned int bitmaskRed;
        -: 4384:        unsigned int bitmaskGreen;
        -: 4385:        unsigned int bitmaskBlue;
        -: 4386:        unsigned int bitmaskAlpha;
        -: 4387:        unsigned int pvrTag;
        -: 4388:        unsigned int numSurfs;
        -: 4389:    } PVRHeaderV2;
        -: 4390:#endif
        -: 4391:
        -: 4392:    // PVR file v3 Header (52 bytes)
        -: 4393:    // NOTE: After it could be metadata (15 bytes?)
        -: 4394:    typedef struct {
        -: 4395:        char id[4];
        -: 4396:        unsigned int flags;
        -: 4397:        unsigned char channels[4];      // pixelFormat high part
        -: 4398:        unsigned char channelDepth[4];  // pixelFormat low part
        -: 4399:        unsigned int colourSpace;
        -: 4400:        unsigned int channelType;
        -: 4401:        unsigned int height;
        -: 4402:        unsigned int width;
        -: 4403:        unsigned int depth;
        -: 4404:        unsigned int numSurfaces;
        -: 4405:        unsigned int numFaces;
        -: 4406:        unsigned int numMipmaps;
        -: 4407:        unsigned int metaDataSize;
        -: 4408:    } PVRHeaderV3;
        -: 4409:
        -: 4410:#if 0   // Not used...
        -: 4411:    // Metadata (usually 15 bytes)
        -: 4412:    typedef struct {
        -: 4413:        unsigned int devFOURCC;
        -: 4414:        unsigned int key;
        -: 4415:        unsigned int dataSize;      // Not used?
        -: 4416:        unsigned char *data;        // Not used?
        -: 4417:    } PVRMetadata;
        -: 4418:#endif
        -: 4419:
        -: 4420:    Image image = { 0 };
        -: 4421:
        -: 4422:    if (fileDataPtr != NULL)
        -: 4423:    {
        -: 4424:        // Check PVR image version
        -: 4425:        unsigned char pvrVersion = fileDataPtr[0];
        -: 4426:
        -: 4427:        // Load different PVR data formats
        -: 4428:        if (pvrVersion == 0x50)
        -: 4429:        {
        -: 4430:            PVRHeaderV3 *pvrHeader = (PVRHeaderV3 *)fileDataPtr;
        -: 4431:
        -: 4432:            if ((pvrHeader->id[0] != 'P') || (pvrHeader->id[1] != 'V') || (pvrHeader->id[2] != 'R') || (pvrHeader->id[3] != 3))
        -: 4433:            {
        -: 4434:                TRACELOG(LOG_WARNING, "IMAGE: PVR file data not valid");
        -: 4435:            }
        -: 4436:            else
        -: 4437:            {
        -: 4438:                fileDataPtr += sizeof(PVRHeaderV3);   // Skip header
        -: 4439:
        -: 4440:                image.width = pvrHeader->width;
        -: 4441:                image.height = pvrHeader->height;
        -: 4442:                image.mipmaps = pvrHeader->numMipmaps;
        -: 4443:
        -: 4444:                // Check data format
        -: 4445:                if (((pvrHeader->channels[0] == 'l') && (pvrHeader->channels[1] == 0)) && (pvrHeader->channelDepth[0] == 8)) image.format = PIXELFORMAT_UNCOMPRESSED_GRAYSCALE;
        -: 4446:                else if (((pvrHeader->channels[0] == 'l') && (pvrHeader->channels[1] == 'a')) && ((pvrHeader->channelDepth[0] == 8) && (pvrHeader->channelDepth[1] == 8))) image.format = PIXELFORMAT_UNCOMPRESSED_GRAY_ALPHA;
        -: 4447:                else if ((pvrHeader->channels[0] == 'r') && (pvrHeader->channels[1] == 'g') && (pvrHeader->channels[2] == 'b'))
        -: 4448:                {
        -: 4449:                    if (pvrHeader->channels[3] == 'a')
        -: 4450:                    {
        -: 4451:                        if ((pvrHeader->channelDepth[0] == 5) && (pvrHeader->channelDepth[1] == 5) && (pvrHeader->channelDepth[2] == 5) && (pvrHeader->channelDepth[3] == 1)) image.format = PIXELFORMAT_UNCOMPRESSED_R5G5B5A1;
        -: 4452:                        else if ((pvrHeader->channelDepth[0] == 4) && (pvrHeader->channelDepth[1] == 4) && (pvrHeader->channelDepth[2] == 4) && (pvrHeader->channelDepth[3] == 4)) image.format = PIXELFORMAT_UNCOMPRESSED_R4G4B4A4;
        -: 4453:                        else if ((pvrHeader->channelDepth[0] == 8) && (pvrHeader->channelDepth[1] == 8) && (pvrHeader->channelDepth[2] == 8) && (pvrHeader->channelDepth[3] == 8)) image.format = PIXELFORMAT_UNCOMPRESSED_R8G8B8A8;
        -: 4454:                    }
        -: 4455:                    else if (pvrHeader->channels[3] == 0)
        -: 4456:                    {
        -: 4457:                        if ((pvrHeader->channelDepth[0] == 5) && (pvrHeader->channelDepth[1] == 6) && (pvrHeader->channelDepth[2] == 5)) image.format = PIXELFORMAT_UNCOMPRESSED_R5G6B5;
        -: 4458:                        else if ((pvrHeader->channelDepth[0] == 8) && (pvrHeader->channelDepth[1] == 8) && (pvrHeader->channelDepth[2] == 8)) image.format = PIXELFORMAT_UNCOMPRESSED_R8G8B8;
        -: 4459:                    }
        -: 4460:                }
        -: 4461:                else if (pvrHeader->channels[0] == 2) image.format = PIXELFORMAT_COMPRESSED_PVRT_RGB;
        -: 4462:                else if (pvrHeader->channels[0] == 3) image.format = PIXELFORMAT_COMPRESSED_PVRT_RGBA;
        -: 4463:
        -: 4464:                fileDataPtr += pvrHeader->metaDataSize;    // Skip meta data header
        -: 4465:
        -: 4466:                // Calculate data size (depends on format)
        -: 4467:                int bpp = 0;
        -: 4468:                switch (image.format)
        -: 4469:                {
        -: 4470:                    case PIXELFORMAT_UNCOMPRESSED_GRAYSCALE: bpp = 8; break;
        -: 4471:                    case PIXELFORMAT_UNCOMPRESSED_GRAY_ALPHA:
        -: 4472:                    case PIXELFORMAT_UNCOMPRESSED_R5G5B5A1:
        -: 4473:                    case PIXELFORMAT_UNCOMPRESSED_R5G6B5:
        -: 4474:                    case PIXELFORMAT_UNCOMPRESSED_R4G4B4A4: bpp = 16; break;
        -: 4475:                    case PIXELFORMAT_UNCOMPRESSED_R8G8B8A8: bpp = 32; break;
        -: 4476:                    case PIXELFORMAT_UNCOMPRESSED_R8G8B8: bpp = 24; break;
        -: 4477:                    case PIXELFORMAT_COMPRESSED_PVRT_RGB:
        -: 4478:                    case PIXELFORMAT_COMPRESSED_PVRT_RGBA: bpp = 4; break;
        -: 4479:                    default: break;
        -: 4480:                }
        -: 4481:
        -: 4482:                int dataSize = image.width*image.height*bpp/8;  // Total data size in bytes
        -: 4483:                image.data = (unsigned char *)RL_MALLOC(dataSize*sizeof(unsigned char));
        -: 4484:
        -: 4485:                memcpy(image.data, fileDataPtr, dataSize);
        -: 4486:            }
        -: 4487:        }
        -: 4488:        else if (pvrVersion == 52) TRACELOG(LOG_INFO, "IMAGE: PVRv2 format not supported, update your files to PVRv3");
        -: 4489:    }
        -: 4490:
        -: 4491:    return image;
        -: 4492:}
        -: 4493:#endif
        -: 4494:
        -: 4495:#if defined(SUPPORT_FILEFORMAT_ASTC)
        -: 4496:// Load ASTC compressed image data (ASTC compression)
        -: 4497:static Image LoadASTC(const unsigned char *fileData, unsigned int fileSize)
        -: 4498:{
        -: 4499:    unsigned char *fileDataPtr = (unsigned char *)fileData;
        -: 4500:
        -: 4501:    // Required extensions:
        -: 4502:    // GL_KHR_texture_compression_astc_hdr
        -: 4503:    // GL_KHR_texture_compression_astc_ldr
        -: 4504:
        -: 4505:    // Supported tokens (defined by extensions)
        -: 4506:    // GL_COMPRESSED_RGBA_ASTC_4x4_KHR      0x93b0
        -: 4507:    // GL_COMPRESSED_RGBA_ASTC_8x8_KHR      0x93b7
        -: 4508:
        -: 4509:    // ASTC file Header (16 bytes)
        -: 4510:    typedef struct {
        -: 4511:        unsigned char id[4];        // Signature: 0x13 0xAB 0xA1 0x5C
        -: 4512:        unsigned char blockX;       // Block X dimensions
        -: 4513:        unsigned char blockY;       // Block Y dimensions
        -: 4514:        unsigned char blockZ;       // Block Z dimensions (1 for 2D images)
        -: 4515:        unsigned char width[3];     // Image width in pixels (24bit value)
        -: 4516:        unsigned char height[3];    // Image height in pixels (24bit value)
        -: 4517:        unsigned char length[3];    // Image Z-size (1 for 2D images)
        -: 4518:    } ASTCHeader;
        -: 4519:
        -: 4520:    Image image = { 0 };
        -: 4521:
        -: 4522:    if (fileDataPtr != NULL)
        -: 4523:    {
        -: 4524:        ASTCHeader *astcHeader = (ASTCHeader *)fileDataPtr;
        -: 4525:
        -: 4526:        if ((astcHeader->id[3] != 0x5c) || (astcHeader->id[2] != 0xa1) || (astcHeader->id[1] != 0xab) || (astcHeader->id[0] != 0x13))
        -: 4527:        {
        -: 4528:            TRACELOG(LOG_WARNING, "IMAGE: ASTC file data not valid");
        -: 4529:        }
        -: 4530:        else
        -: 4531:        {
        -: 4532:            fileDataPtr += sizeof(ASTCHeader);   // Skip header
        -: 4533:
        -: 4534:            // NOTE: Assuming Little Endian (could it be wrong?)
        -: 4535:            image.width = 0x00000000 | ((int)astcHeader->width[2] << 16) | ((int)astcHeader->width[1] << 8) | ((int)astcHeader->width[0]);
        -: 4536:            image.height = 0x00000000 | ((int)astcHeader->height[2] << 16) | ((int)astcHeader->height[1] << 8) | ((int)astcHeader->height[0]);
        -: 4537:
        -: 4538:            TRACELOGD("IMAGE: ASTC file data info:");
        -: 4539:            TRACELOGD("    > Image width:  %i", image.width);
        -: 4540:            TRACELOGD("    > Image height: %i", image.height);
        -: 4541:            TRACELOGD("    > Image blocks: %ix%i", astcHeader->blockX, astcHeader->blockY);
        -: 4542:
        -: 4543:            image.mipmaps = 1;      // NOTE: ASTC format only contains one mipmap level
        -: 4544:
        -: 4545:            // NOTE: Each block is always stored in 128bit so we can calculate the bpp
        -: 4546:            int bpp = 128/(astcHeader->blockX*astcHeader->blockY);
        -: 4547:
        -: 4548:            // NOTE: Currently we only support 2 blocks configurations: 4x4 and 8x8
        -: 4549:            if ((bpp == 8) || (bpp == 2))
        -: 4550:            {
        -: 4551:                int dataSize = image.width*image.height*bpp/8;  // Data size in bytes
        -: 4552:
        -: 4553:                image.data = (unsigned char *)RL_MALLOC(dataSize*sizeof(unsigned char));
        -: 4554:
        -: 4555:                memcpy(image.data, fileDataPtr, dataSize);
        -: 4556:
        -: 4557:                if (bpp == 8) image.format = PIXELFORMAT_COMPRESSED_ASTC_4x4_RGBA;
        -: 4558:                else if (bpp == 2) image.format = PIXELFORMAT_COMPRESSED_ASTC_8x8_RGBA;
        -: 4559:            }
        -: 4560:            else TRACELOG(LOG_WARNING, "IMAGE: ASTC block size configuration not supported");
        -: 4561:        }
        -: 4562:    }
        -: 4563:
        -: 4564:    return image;
        -: 4565:}
        -: 4566:#endif
        -: 4567:
        -: 4568:// Get pixel data from image as Vector4 array (float normalized)
function LoadImageDataNormalized called 0 returned 0% blocks executed 0%
    #####: 4569:static Vector4 *LoadImageDataNormalized(Image image)
        -: 4570:{
    #####: 4571:    Vector4 *pixels = (Vector4 *)RL_MALLOC(image.width*image.height*sizeof(Vector4));
        -: 4572:
    #####: 4573:    if (image.format >= PIXELFORMAT_COMPRESSED_DXT1_RGB) TRACELOG(LOG_WARNING, "IMAGE: Pixel data retrieval not supported for compressed image formats");
    %%%%%: 4573-block  0
branch  0 never executed
branch  1 never executed
    %%%%%: 4573-block  1
call    2 never executed
        -: 4574:    else
        -: 4575:    {
    #####: 4576:        for (int i = 0, k = 0; i < image.width*image.height; i++)
    %%%%%: 4576-block  0
    %%%%%: 4576-block  1
    %%%%%: 4576-block  2
branch  0 never executed
branch  1 never executed
        -: 4577:        {
    #####: 4578:            switch (image.format)
    %%%%%: 4578-block  0
branch  0 never executed
branch  1 never executed
branch  2 never executed
branch  3 never executed
branch  4 never executed
branch  5 never executed
branch  6 never executed
branch  7 never executed
branch  8 never executed
branch  9 never executed
branch 10 never executed
        -: 4579:            {
    #####: 4580:                case PIXELFORMAT_UNCOMPRESSED_GRAYSCALE:
        -: 4581:                {
    #####: 4582:                    pixels[i].x = (float)((unsigned char *)image.data)[i]/255.0f;
    #####: 4583:                    pixels[i].y = (float)((unsigned char *)image.data)[i]/255.0f;
    #####: 4584:                    pixels[i].z = (float)((unsigned char *)image.data)[i]/255.0f;
    #####: 4585:                    pixels[i].w = 1.0f;
        -: 4586:
    #####: 4587:                } break;
    %%%%%: 4587-block  0
    #####: 4588:                case PIXELFORMAT_UNCOMPRESSED_GRAY_ALPHA:
        -: 4589:                {
    #####: 4590:                    pixels[i].x = (float)((unsigned char *)image.data)[k]/255.0f;
    #####: 4591:                    pixels[i].y = (float)((unsigned char *)image.data)[k]/255.0f;
    #####: 4592:                    pixels[i].z = (float)((unsigned char *)image.data)[k]/255.0f;
    #####: 4593:                    pixels[i].w = (float)((unsigned char *)image.data)[k + 1]/255.0f;
        -: 4594:
    #####: 4595:                    k += 2;
    #####: 4596:                } break;
    %%%%%: 4596-block  0
    #####: 4597:                case PIXELFORMAT_UNCOMPRESSED_R5G5B5A1:
        -: 4598:                {
    #####: 4599:                    unsigned short pixel = ((unsigned short *)image.data)[i];
        -: 4600:
    #####: 4601:                    pixels[i].x = (float)((pixel & 0b1111100000000000) >> 11)*(1.0f/31);
    #####: 4602:                    pixels[i].y = (float)((pixel & 0b0000011111000000) >> 6)*(1.0f/31);
    #####: 4603:                    pixels[i].z = (float)((pixel & 0b0000000000111110) >> 1)*(1.0f/31);
    #####: 4604:                    pixels[i].w = ((pixel & 0b0000000000000001) == 0)? 0.0f : 1.0f;
    %%%%%: 4604-block  0
branch  0 never executed
branch  1 never executed
    %%%%%: 4604-block  1
    %%%%%: 4604-block  2
        -: 4605:
    #####: 4606:                } break;
    %%%%%: 4606-block  0
    #####: 4607:                case PIXELFORMAT_UNCOMPRESSED_R5G6B5:
        -: 4608:                {
    #####: 4609:                    unsigned short pixel = ((unsigned short *)image.data)[i];
        -: 4610:
    #####: 4611:                    pixels[i].x = (float)((pixel & 0b1111100000000000) >> 11)*(1.0f/31);
    #####: 4612:                    pixels[i].y = (float)((pixel & 0b0000011111100000) >> 5)*(1.0f/63);
    #####: 4613:                    pixels[i].z = (float)(pixel & 0b0000000000011111)*(1.0f/31);
    #####: 4614:                    pixels[i].w = 1.0f;
        -: 4615:
    #####: 4616:                } break;
    %%%%%: 4616-block  0
    #####: 4617:                case PIXELFORMAT_UNCOMPRESSED_R4G4B4A4:
        -: 4618:                {
    #####: 4619:                    unsigned short pixel = ((unsigned short *)image.data)[i];
        -: 4620:
    #####: 4621:                    pixels[i].x = (float)((pixel & 0b1111000000000000) >> 12)*(1.0f/15);
    #####: 4622:                    pixels[i].y = (float)((pixel & 0b0000111100000000) >> 8)*(1.0f/15);
    #####: 4623:                    pixels[i].z = (float)((pixel & 0b0000000011110000) >> 4)*(1.0f/15);
    #####: 4624:                    pixels[i].w = (float)(pixel & 0b0000000000001111)*(1.0f/15);
        -: 4625:
    #####: 4626:                } break;
    %%%%%: 4626-block  0
    #####: 4627:                case PIXELFORMAT_UNCOMPRESSED_R8G8B8A8:
        -: 4628:                {
    #####: 4629:                    pixels[i].x = (float)((unsigned char *)image.data)[k]/255.0f;
    #####: 4630:                    pixels[i].y = (float)((unsigned char *)image.data)[k + 1]/255.0f;
    #####: 4631:                    pixels[i].z = (float)((unsigned char *)image.data)[k + 2]/255.0f;
    #####: 4632:                    pixels[i].w = (float)((unsigned char *)image.data)[k + 3]/255.0f;
        -: 4633:
    #####: 4634:                    k += 4;
    #####: 4635:                } break;
    %%%%%: 4635-block  0
    #####: 4636:                case PIXELFORMAT_UNCOMPRESSED_R8G8B8:
        -: 4637:                {
    #####: 4638:                    pixels[i].x = (float)((unsigned char *)image.data)[k]/255.0f;
    #####: 4639:                    pixels[i].y = (float)((unsigned char *)image.data)[k + 1]/255.0f;
    #####: 4640:                    pixels[i].z = (float)((unsigned char *)image.data)[k + 2]/255.0f;
    #####: 4641:                    pixels[i].w = 1.0f;
        -: 4642:
    #####: 4643:                    k += 3;
    #####: 4644:                } break;
    %%%%%: 4644-block  0
    #####: 4645:                case PIXELFORMAT_UNCOMPRESSED_R32:
        -: 4646:                {
    #####: 4647:                    pixels[i].x = ((float *)image.data)[k];
    #####: 4648:                    pixels[i].y = 0.0f;
    #####: 4649:                    pixels[i].z = 0.0f;
    #####: 4650:                    pixels[i].w = 1.0f;
        -: 4651:
    #####: 4652:                } break;
    %%%%%: 4652-block  0
    #####: 4653:                case PIXELFORMAT_UNCOMPRESSED_R32G32B32:
        -: 4654:                {
    #####: 4655:                    pixels[i].x = ((float *)image.data)[k];
    #####: 4656:                    pixels[i].y = ((float *)image.data)[k + 1];
    #####: 4657:                    pixels[i].z = ((float *)image.data)[k + 2];
    #####: 4658:                    pixels[i].w = 1.0f;
        -: 4659:
    #####: 4660:                    k += 3;
    #####: 4661:                } break;
    %%%%%: 4661-block  0
    #####: 4662:                case PIXELFORMAT_UNCOMPRESSED_R32G32B32A32:
        -: 4663:                {
    #####: 4664:                    pixels[i].x = ((float *)image.data)[k];
    #####: 4665:                    pixels[i].y = ((float *)image.data)[k + 1];
    #####: 4666:                    pixels[i].z = ((float *)image.data)[k + 2];
    #####: 4667:                    pixels[i].w = ((float *)image.data)[k + 3];
        -: 4668:
    #####: 4669:                    k += 4;
    %%%%%: 4669-block  0
        -: 4670:                }
    #####: 4671:                default: break;
    %%%%%: 4671-block  0
        -: 4672:            }
        -: 4673:        }
        -: 4674:    }
        -: 4675:
    #####: 4676:    return pixels;
    %%%%%: 4676-block  0
        -: 4677:}
