        -:    0:Source:C:/Dev/CLionProjects/Snake-raylib/cmake-build-debug-coverage/_deps/raylib-src/src/external/stb_truetype.h
        -:    0:Graph:C:\Dev\CLionProjects\Snake-raylib\cmake-build-debug-coverage\_deps\raylib-build\raylib\CMakeFiles\raylib.dir\text.c.gcno
        -:    0:Data:C:\Dev\CLionProjects\Snake-raylib\cmake-build-debug-coverage\_deps\raylib-build\raylib\CMakeFiles\raylib.dir\text.c.gcda
        -:    0:Runs:1
        -:    1:// stb_truetype.h - v1.24 - public domain
        -:    2:// authored from 2009-2020 by Sean Barrett / RAD Game Tools
        -:    3://
        -:    4:// =======================================================================
        -:    5://
        -:    6://    NO SECURITY GUARANTEE -- DO NOT USE THIS ON UNTRUSTED FONT FILES
        -:    7://
        -:    8:// This library does no range checking of the offsets found in the file,
        -:    9:// meaning an attacker can use it to read arbitrary memory.
        -:   10://
        -:   11:// =======================================================================
        -:   12://
        -:   13://   This library processes TrueType files:
        -:   14://        parse files
        -:   15://        extract glyph metrics
        -:   16://        extract glyph shapes
        -:   17://        render glyphs to one-channel bitmaps with antialiasing (box filter)
        -:   18://        render glyphs to one-channel SDF bitmaps (signed-distance field/function)
        -:   19://
        -:   20://   Todo:
        -:   21://        non-MS cmaps
        -:   22://        crashproof on bad data
        -:   23://        hinting? (no longer patented)
        -:   24://        cleartype-style AA?
        -:   25://        optimize: use simple memory allocator for intermediates
        -:   26://        optimize: build edge-list directly from curves
        -:   27://        optimize: rasterize directly from curves?
        -:   28://
        -:   29:// ADDITIONAL CONTRIBUTORS
        -:   30://
        -:   31://   Mikko Mononen: compound shape support, more cmap formats
        -:   32://   Tor Andersson: kerning, subpixel rendering
        -:   33://   Dougall Johnson: OpenType / Type 2 font handling
        -:   34://   Daniel Ribeiro Maciel: basic GPOS-based kerning
        -:   35://
        -:   36://   Misc other:
        -:   37://       Ryan Gordon
        -:   38://       Simon Glass
        -:   39://       github:IntellectualKitty
        -:   40://       Imanol Celaya
        -:   41://       Daniel Ribeiro Maciel
        -:   42://
        -:   43://   Bug/warning reports/fixes:
        -:   44://       "Zer" on mollyrocket       Fabian "ryg" Giesen   github:NiLuJe
        -:   45://       Cass Everitt               Martins Mozeiko       github:aloucks
        -:   46://       stoiko (Haemimont Games)   Cap Petschulat        github:oyvindjam
        -:   47://       Brian Hook                 Omar Cornut           github:vassvik
        -:   48://       Walter van Niftrik         Ryan Griege
        -:   49://       David Gow                  Peter LaValle
        -:   50://       David Given                Sergey Popov
        -:   51://       Ivan-Assen Ivanov          Giumo X. Clanjor
        -:   52://       Anthony Pesch              Higor Euripedes
        -:   53://       Johan Duparc               Thomas Fields
        -:   54://       Hou Qiming                 Derek Vinyard
        -:   55://       Rob Loach                  Cort Stratton
        -:   56://       Kenney Phillis Jr.         Brian Costabile            
        -:   57://       Ken Voskuil (kaesve)       
        -:   58://
        -:   59:// VERSION HISTORY
        -:   60://
        -:   61://   1.24 (2020-02-05) fix warning
        -:   62://   1.23 (2020-02-02) query SVG data for glyphs; query whole kerning table (but only kern not GPOS)
        -:   63://   1.22 (2019-08-11) minimize missing-glyph duplication; fix kerning if both 'GPOS' and 'kern' are defined
        -:   64://   1.21 (2019-02-25) fix warning
        -:   65://   1.20 (2019-02-07) PackFontRange skips missing codepoints; GetScaleFontVMetrics()
        -:   66://   1.19 (2018-02-11) GPOS kerning, STBTT_fmod
        -:   67://   1.18 (2018-01-29) add missing function
        -:   68://   1.17 (2017-07-23) make more arguments const; doc fix
        -:   69://   1.16 (2017-07-12) SDF support
        -:   70://   1.15 (2017-03-03) make more arguments const
        -:   71://   1.14 (2017-01-16) num-fonts-in-TTC function
        -:   72://   1.13 (2017-01-02) support OpenType fonts, certain Apple fonts
        -:   73://   1.12 (2016-10-25) suppress warnings about casting away const with -Wcast-qual
        -:   74://   1.11 (2016-04-02) fix unused-variable warning
        -:   75://   1.10 (2016-04-02) user-defined fabs(); rare memory leak; remove duplicate typedef
        -:   76://   1.09 (2016-01-16) warning fix; avoid crash on outofmem; use allocation userdata properly
        -:   77://   1.08 (2015-09-13) document stbtt_Rasterize(); fixes for vertical & horizontal edges
        -:   78://   1.07 (2015-08-01) allow PackFontRanges to accept arrays of sparse codepoints;
        -:   79://                     variant PackFontRanges to pack and render in separate phases;
        -:   80://                     fix stbtt_GetFontOFfsetForIndex (never worked for non-0 input?);
        -:   81://                     fixed an assert() bug in the new rasterizer
        -:   82://                     replace assert() with STBTT_assert() in new rasterizer
        -:   83://
        -:   84://   Full history can be found at the end of this file.
        -:   85://
        -:   86:// LICENSE
        -:   87://
        -:   88://   See end of file for license information.
        -:   89://
        -:   90:// USAGE
        -:   91://
        -:   92://   Include this file in whatever places need to refer to it. In ONE C/C++
        -:   93://   file, write:
        -:   94://      #define STB_TRUETYPE_IMPLEMENTATION
        -:   95://   before the #include of this file. This expands out the actual
        -:   96://   implementation into that C/C++ file.
        -:   97://
        -:   98://   To make the implementation private to the file that generates the implementation,
        -:   99://      #define STBTT_STATIC
        -:  100://
        -:  101://   Simple 3D API (don't ship this, but it's fine for tools and quick start)
        -:  102://           stbtt_BakeFontBitmap()               -- bake a font to a bitmap for use as texture
        -:  103://           stbtt_GetBakedQuad()                 -- compute quad to draw for a given char
        -:  104://
        -:  105://   Improved 3D API (more shippable):
        -:  106://           #include "stb_rect_pack.h"           -- optional, but you really want it
        -:  107://           stbtt_PackBegin()
        -:  108://           stbtt_PackSetOversampling()          -- for improved quality on small fonts
        -:  109://           stbtt_PackFontRanges()               -- pack and renders
        -:  110://           stbtt_PackEnd()
        -:  111://           stbtt_GetPackedQuad()
        -:  112://
        -:  113://   "Load" a font file from a memory buffer (you have to keep the buffer loaded)
        -:  114://           stbtt_InitFont()
        -:  115://           stbtt_GetFontOffsetForIndex()        -- indexing for TTC font collections
        -:  116://           stbtt_GetNumberOfFonts()             -- number of fonts for TTC font collections
        -:  117://
        -:  118://   Render a unicode codepoint to a bitmap
        -:  119://           stbtt_GetCodepointBitmap()           -- allocates and returns a bitmap
        -:  120://           stbtt_MakeCodepointBitmap()          -- renders into bitmap you provide
        -:  121://           stbtt_GetCodepointBitmapBox()        -- how big the bitmap must be
        -:  122://
        -:  123://   Character advance/positioning
        -:  124://           stbtt_GetCodepointHMetrics()
        -:  125://           stbtt_GetFontVMetrics()
        -:  126://           stbtt_GetFontVMetricsOS2()
        -:  127://           stbtt_GetCodepointKernAdvance()
        -:  128://
        -:  129://   Starting with version 1.06, the rasterizer was replaced with a new,
        -:  130://   faster and generally-more-precise rasterizer. The new rasterizer more
        -:  131://   accurately measures pixel coverage for anti-aliasing, except in the case
        -:  132://   where multiple shapes overlap, in which case it overestimates the AA pixel
        -:  133://   coverage. Thus, anti-aliasing of intersecting shapes may look wrong. If
        -:  134://   this turns out to be a problem, you can re-enable the old rasterizer with
        -:  135://        #define STBTT_RASTERIZER_VERSION 1
        -:  136://   which will incur about a 15% speed hit.
        -:  137://
        -:  138:// ADDITIONAL DOCUMENTATION
        -:  139://
        -:  140://   Immediately after this block comment are a series of sample programs.
        -:  141://
        -:  142://   After the sample programs is the "header file" section. This section
        -:  143://   includes documentation for each API function.
        -:  144://
        -:  145://   Some important concepts to understand to use this library:
        -:  146://
        -:  147://      Codepoint
        -:  148://         Characters are defined by unicode codepoints, e.g. 65 is
        -:  149://         uppercase A, 231 is lowercase c with a cedilla, 0x7e30 is
        -:  150://         the hiragana for "ma".
        -:  151://
        -:  152://      Glyph
        -:  153://         A visual character shape (every codepoint is rendered as
        -:  154://         some glyph)
        -:  155://
        -:  156://      Glyph index
        -:  157://         A font-specific integer ID representing a glyph
        -:  158://
        -:  159://      Baseline
        -:  160://         Glyph shapes are defined relative to a baseline, which is the
        -:  161://         bottom of uppercase characters. Characters extend both above
        -:  162://         and below the baseline.
        -:  163://
        -:  164://      Current Point
        -:  165://         As you draw text to the screen, you keep track of a "current point"
        -:  166://         which is the origin of each character. The current point's vertical
        -:  167://         position is the baseline. Even "baked fonts" use this model.
        -:  168://
        -:  169://      Vertical Font Metrics
        -:  170://         The vertical qualities of the font, used to vertically position
        -:  171://         and space the characters. See docs for stbtt_GetFontVMetrics.
        -:  172://
        -:  173://      Font Size in Pixels or Points
        -:  174://         The preferred interface for specifying font sizes in stb_truetype
        -:  175://         is to specify how tall the font's vertical extent should be in pixels.
        -:  176://         If that sounds good enough, skip the next paragraph.
        -:  177://
        -:  178://         Most font APIs instead use "points", which are a common typographic
        -:  179://         measurement for describing font size, defined as 72 points per inch.
        -:  180://         stb_truetype provides a point API for compatibility. However, true
        -:  181://         "per inch" conventions don't make much sense on computer displays
        -:  182://         since different monitors have different number of pixels per
        -:  183://         inch. For example, Windows traditionally uses a convention that
        -:  184://         there are 96 pixels per inch, thus making 'inch' measurements have
        -:  185://         nothing to do with inches, and thus effectively defining a point to
        -:  186://         be 1.333 pixels. Additionally, the TrueType font data provides
        -:  187://         an explicit scale factor to scale a given font's glyphs to points,
        -:  188://         but the author has observed that this scale factor is often wrong
        -:  189://         for non-commercial fonts, thus making fonts scaled in points
        -:  190://         according to the TrueType spec incoherently sized in practice.
        -:  191://
        -:  192:// DETAILED USAGE:
        -:  193://
        -:  194://  Scale:
        -:  195://    Select how high you want the font to be, in points or pixels.
        -:  196://    Call ScaleForPixelHeight or ScaleForMappingEmToPixels to compute
        -:  197://    a scale factor SF that will be used by all other functions.
        -:  198://
        -:  199://  Baseline:
        -:  200://    You need to select a y-coordinate that is the baseline of where
        -:  201://    your text will appear. Call GetFontBoundingBox to get the baseline-relative
        -:  202://    bounding box for all characters. SF*-y0 will be the distance in pixels
        -:  203://    that the worst-case character could extend above the baseline, so if
        -:  204://    you want the top edge of characters to appear at the top of the
        -:  205://    screen where y=0, then you would set the baseline to SF*-y0.
        -:  206://
        -:  207://  Current point:
        -:  208://    Set the current point where the first character will appear. The
        -:  209://    first character could extend left of the current point; this is font
        -:  210://    dependent. You can either choose a current point that is the leftmost
        -:  211://    point and hope, or add some padding, or check the bounding box or
        -:  212://    left-side-bearing of the first character to be displayed and set
        -:  213://    the current point based on that.
        -:  214://
        -:  215://  Displaying a character:
        -:  216://    Compute the bounding box of the character. It will contain signed values
        -:  217://    relative to <current_point, baseline>. I.e. if it returns x0,y0,x1,y1,
        -:  218://    then the character should be displayed in the rectangle from
        -:  219://    <current_point+SF*x0, baseline+SF*y0> to <current_point+SF*x1,baseline+SF*y1).
        -:  220://
        -:  221://  Advancing for the next character:
        -:  222://    Call GlyphHMetrics, and compute 'current_point += SF * advance'.
        -:  223://
        -:  224://
        -:  225:// ADVANCED USAGE
        -:  226://
        -:  227://   Quality:
        -:  228://
        -:  229://    - Use the functions with Subpixel at the end to allow your characters
        -:  230://      to have subpixel positioning. Since the font is anti-aliased, not
        -:  231://      hinted, this is very import for quality. (This is not possible with
        -:  232://      baked fonts.)
        -:  233://
        -:  234://    - Kerning is now supported, and if you're supporting subpixel rendering
        -:  235://      then kerning is worth using to give your text a polished look.
        -:  236://
        -:  237://   Performance:
        -:  238://
        -:  239://    - Convert Unicode codepoints to glyph indexes and operate on the glyphs;
        -:  240://      if you don't do this, stb_truetype is forced to do the conversion on
        -:  241://      every call.
        -:  242://
        -:  243://    - There are a lot of memory allocations. We should modify it to take
        -:  244://      a temp buffer and allocate from the temp buffer (without freeing),
        -:  245://      should help performance a lot.
        -:  246://
        -:  247:// NOTES
        -:  248://
        -:  249://   The system uses the raw data found in the .ttf file without changing it
        -:  250://   and without building auxiliary data structures. This is a bit inefficient
        -:  251://   on little-endian systems (the data is big-endian), but assuming you're
        -:  252://   caching the bitmaps or glyph shapes this shouldn't be a big deal.
        -:  253://
        -:  254://   It appears to be very hard to programmatically determine what font a
        -:  255://   given file is in a general way. I provide an API for this, but I don't
        -:  256://   recommend it.
        -:  257://
        -:  258://
        -:  259:// PERFORMANCE MEASUREMENTS FOR 1.06:
        -:  260://
        -:  261://                      32-bit     64-bit
        -:  262://   Previous release:  8.83 s     7.68 s
        -:  263://   Pool allocations:  7.72 s     6.34 s
        -:  264://   Inline sort     :  6.54 s     5.65 s
        -:  265://   New rasterizer  :  5.63 s     5.00 s
        -:  266:
        -:  267://////////////////////////////////////////////////////////////////////////////
        -:  268://////////////////////////////////////////////////////////////////////////////
        -:  269:////
        -:  270:////  SAMPLE PROGRAMS
        -:  271:////
        -:  272://
        -:  273://  Incomplete text-in-3d-api example, which draws quads properly aligned to be lossless
        -:  274://
        -:  275:#if 0
        -:  276:#define STB_TRUETYPE_IMPLEMENTATION  // force following include to generate implementation
        -:  277:#include "stb_truetype.h"
        -:  278:
        -:  279:unsigned char ttf_buffer[1<<20];
        -:  280:unsigned char temp_bitmap[512*512];
        -:  281:
        -:  282:stbtt_bakedchar cdata[96]; // ASCII 32..126 is 95 glyphs
        -:  283:GLuint ftex;
        -:  284:
        -:  285:void my_stbtt_initfont(void)
        -:  286:{
        -:  287:   fread(ttf_buffer, 1, 1<<20, fopen("c:/windows/fonts/times.ttf", "rb"));
        -:  288:   stbtt_BakeFontBitmap(ttf_buffer,0, 32.0, temp_bitmap,512,512, 32,96, cdata); // no guarantee this fits!
        -:  289:   // can free ttf_buffer at this point
        -:  290:   glGenTextures(1, &ftex);
        -:  291:   glBindTexture(GL_TEXTURE_2D, ftex);
        -:  292:   glTexImage2D(GL_TEXTURE_2D, 0, GL_ALPHA, 512,512, 0, GL_ALPHA, GL_UNSIGNED_BYTE, temp_bitmap);
        -:  293:   // can free temp_bitmap at this point
        -:  294:   glTexParameteri(GL_TEXTURE_2D, GL_TEXTURE_MIN_FILTER, GL_LINEAR);
        -:  295:}
        -:  296:
        -:  297:void my_stbtt_print(float x, float y, char *text)
        -:  298:{
        -:  299:   // assume orthographic projection with units = screen pixels, origin at top left
        -:  300:   glEnable(GL_TEXTURE_2D);
        -:  301:   glBindTexture(GL_TEXTURE_2D, ftex);
        -:  302:   glBegin(GL_QUADS);
        -:  303:   while (*text) {
        -:  304:      if (*text >= 32 && *text < 128) {
        -:  305:         stbtt_aligned_quad q;
        -:  306:         stbtt_GetBakedQuad(cdata, 512,512, *text-32, &x,&y,&q,1);//1=opengl & d3d10+,0=d3d9
        -:  307:         glTexCoord2f(q.s0,q.t1); glVertex2f(q.x0,q.y0);
        -:  308:         glTexCoord2f(q.s1,q.t1); glVertex2f(q.x1,q.y0);
        -:  309:         glTexCoord2f(q.s1,q.t0); glVertex2f(q.x1,q.y1);
        -:  310:         glTexCoord2f(q.s0,q.t0); glVertex2f(q.x0,q.y1);
        -:  311:      }
        -:  312:      ++text;
        -:  313:   }
        -:  314:   glEnd();
        -:  315:}
        -:  316:#endif
        -:  317://
        -:  318://
        -:  319://////////////////////////////////////////////////////////////////////////////
        -:  320://
        -:  321:// Complete program (this compiles): get a single bitmap, print as ASCII art
        -:  322://
        -:  323:#if 0
        -:  324:#include <stdio.h>
        -:  325:#define STB_TRUETYPE_IMPLEMENTATION  // force following include to generate implementation
        -:  326:#include "stb_truetype.h"
        -:  327:
        -:  328:char ttf_buffer[1<<25];
        -:  329:
        -:  330:int main(int argc, char **argv)
        -:  331:{
        -:  332:   stbtt_fontinfo font;
        -:  333:   unsigned char *bitmap;
        -:  334:   int w,h,i,j,c = (argc > 1 ? atoi(argv[1]) : 'a'), s = (argc > 2 ? atoi(argv[2]) : 20);
        -:  335:
        -:  336:   fread(ttf_buffer, 1, 1<<25, fopen(argc > 3 ? argv[3] : "c:/windows/fonts/arialbd.ttf", "rb"));
        -:  337:
        -:  338:   stbtt_InitFont(&font, ttf_buffer, stbtt_GetFontOffsetForIndex(ttf_buffer,0));
        -:  339:   bitmap = stbtt_GetCodepointBitmap(&font, 0,stbtt_ScaleForPixelHeight(&font, s), c, &w, &h, 0,0);
        -:  340:
        -:  341:   for (j=0; j < h; ++j) {
        -:  342:      for (i=0; i < w; ++i)
        -:  343:         putchar(" .:ioVM@"[bitmap[j*w+i]>>5]);
        -:  344:      putchar('\n');
        -:  345:   }
        -:  346:   return 0;
        -:  347:}
        -:  348:#endif
        -:  349://
        -:  350:// Output:
        -:  351://
        -:  352://     .ii.
        -:  353://    @@@@@@.
        -:  354://   V@Mio@@o
        -:  355://   :i.  V@V
        -:  356://     :oM@@M
        -:  357://   :@@@MM@M
        -:  358://   @@o  o@M
        -:  359://  :@@.  M@M
        -:  360://   @@@o@@@@
        -:  361://   :M@@V:@@.
        -:  362://
        -:  363://////////////////////////////////////////////////////////////////////////////
        -:  364://
        -:  365:// Complete program: print "Hello World!" banner, with bugs
        -:  366://
        -:  367:#if 0
        -:  368:char buffer[24<<20];
        -:  369:unsigned char screen[20][79];
        -:  370:
        -:  371:int main(int arg, char **argv)
        -:  372:{
        -:  373:   stbtt_fontinfo font;
        -:  374:   int i,j,ascent,baseline,ch=0;
        -:  375:   float scale, xpos=2; // leave a little padding in case the character extends left
        -:  376:   char *text = "Heljo World!"; // intentionally misspelled to show 'lj' brokenness
        -:  377:
        -:  378:   fread(buffer, 1, 1000000, fopen("c:/windows/fonts/arialbd.ttf", "rb"));
        -:  379:   stbtt_InitFont(&font, buffer, 0);
        -:  380:
        -:  381:   scale = stbtt_ScaleForPixelHeight(&font, 15);
        -:  382:   stbtt_GetFontVMetrics(&font, &ascent,0,0);
        -:  383:   baseline = (int) (ascent*scale);
        -:  384:
        -:  385:   while (text[ch]) {
        -:  386:      int advance,lsb,x0,y0,x1,y1;
        -:  387:      float x_shift = xpos - (float) floor(xpos);
        -:  388:      stbtt_GetCodepointHMetrics(&font, text[ch], &advance, &lsb);
        -:  389:      stbtt_GetCodepointBitmapBoxSubpixel(&font, text[ch], scale,scale,x_shift,0, &x0,&y0,&x1,&y1);
        -:  390:      stbtt_MakeCodepointBitmapSubpixel(&font, &screen[baseline + y0][(int) xpos + x0], x1-x0,y1-y0, 79, scale,scale,x_shift,0, text[ch]);
        -:  391:      // note that this stomps the old data, so where character boxes overlap (e.g. 'lj') it's wrong
        -:  392:      // because this API is really for baking character bitmaps into textures. if you want to render
        -:  393:      // a sequence of characters, you really need to render each bitmap to a temp buffer, then
        -:  394:      // "alpha blend" that into the working buffer
        -:  395:      xpos += (advance * scale);
        -:  396:      if (text[ch+1])
        -:  397:         xpos += scale*stbtt_GetCodepointKernAdvance(&font, text[ch],text[ch+1]);
        -:  398:      ++ch;
        -:  399:   }
        -:  400:
        -:  401:   for (j=0; j < 20; ++j) {
        -:  402:      for (i=0; i < 78; ++i)
        -:  403:         putchar(" .:ioVM@"[screen[j][i]>>5]);
        -:  404:      putchar('\n');
        -:  405:   }
        -:  406:
        -:  407:   return 0;
        -:  408:}
        -:  409:#endif
        -:  410:
        -:  411:
        -:  412://////////////////////////////////////////////////////////////////////////////
        -:  413://////////////////////////////////////////////////////////////////////////////
        -:  414:////
        -:  415:////   INTEGRATION WITH YOUR CODEBASE
        -:  416:////
        -:  417:////   The following sections allow you to supply alternate definitions
        -:  418:////   of C library functions used by stb_truetype, e.g. if you don't
        -:  419:////   link with the C runtime library.
        -:  420:
        -:  421:#ifdef STB_TRUETYPE_IMPLEMENTATION
        -:  422:   // #define your own (u)stbtt_int8/16/32 before including to override this
        -:  423:   #ifndef stbtt_uint8
        -:  424:   typedef unsigned char   stbtt_uint8;
        -:  425:   typedef signed   char   stbtt_int8;
        -:  426:   typedef unsigned short  stbtt_uint16;
        -:  427:   typedef signed   short  stbtt_int16;
        -:  428:   typedef unsigned int    stbtt_uint32;
        -:  429:   typedef signed   int    stbtt_int32;
        -:  430:   #endif
        -:  431:
        -:  432:   typedef char stbtt__check_size32[sizeof(stbtt_int32)==4 ? 1 : -1];
        -:  433:   typedef char stbtt__check_size16[sizeof(stbtt_int16)==2 ? 1 : -1];
        -:  434:
        -:  435:   // e.g. #define your own STBTT_ifloor/STBTT_iceil() to avoid math.h
        -:  436:   #ifndef STBTT_ifloor
        -:  437:   #include <math.h>
        -:  438:   #define STBTT_ifloor(x)   ((int) floor(x))
        -:  439:   #define STBTT_iceil(x)    ((int) ceil(x))
        -:  440:   #endif
        -:  441:
        -:  442:   #ifndef STBTT_sqrt
        -:  443:   #include <math.h>
        -:  444:   #define STBTT_sqrt(x)      sqrt(x)
        -:  445:   #define STBTT_pow(x,y)     pow(x,y)
        -:  446:   #endif
        -:  447:
        -:  448:   #ifndef STBTT_fmod
        -:  449:   #include <math.h>
        -:  450:   #define STBTT_fmod(x,y)    fmod(x,y)
        -:  451:   #endif
        -:  452:
        -:  453:   #ifndef STBTT_cos
        -:  454:   #include <math.h>
        -:  455:   #define STBTT_cos(x)       cos(x)
        -:  456:   #define STBTT_acos(x)      acos(x)
        -:  457:   #endif
        -:  458:
        -:  459:   #ifndef STBTT_fabs
        -:  460:   #include <math.h>
        -:  461:   #define STBTT_fabs(x)      fabs(x)
        -:  462:   #endif
        -:  463:
        -:  464:   // #define your own functions "STBTT_malloc" / "STBTT_free" to avoid malloc.h
        -:  465:   #ifndef STBTT_malloc
        -:  466:   #include <stdlib.h>
        -:  467:   #define STBTT_malloc(x,u)  ((void)(u),malloc(x))
        -:  468:   #define STBTT_free(x,u)    ((void)(u),free(x))
        -:  469:   #endif
        -:  470:
        -:  471:   #ifndef STBTT_assert
        -:  472:   #include <assert.h>
        -:  473:   #define STBTT_assert(x)    assert(x)
        -:  474:   #endif
        -:  475:
        -:  476:   #ifndef STBTT_strlen
        -:  477:   #include <string.h>
        -:  478:   #define STBTT_strlen(x)    strlen(x)
        -:  479:   #endif
        -:  480:
        -:  481:   #ifndef STBTT_memcpy
        -:  482:   #include <string.h>
        -:  483:   #define STBTT_memcpy       memcpy
        -:  484:   #define STBTT_memset       memset
        -:  485:   #endif
        -:  486:#endif
        -:  487:
        -:  488:///////////////////////////////////////////////////////////////////////////////
        -:  489:///////////////////////////////////////////////////////////////////////////////
        -:  490:////
        -:  491:////   INTERFACE
        -:  492:////
        -:  493:////
        -:  494:
        -:  495:#ifndef __STB_INCLUDE_STB_TRUETYPE_H__
        -:  496:#define __STB_INCLUDE_STB_TRUETYPE_H__
        -:  497:
        -:  498:#ifdef STBTT_STATIC
        -:  499:#define STBTT_DEF static
        -:  500:#else
        -:  501:#define STBTT_DEF extern
        -:  502:#endif
        -:  503:
        -:  504:#ifdef __cplusplus
        -:  505:extern "C" {
        -:  506:#endif
        -:  507:
        -:  508:// private structure
        -:  509:typedef struct
        -:  510:{
        -:  511:   unsigned char *data;
        -:  512:   int cursor;
        -:  513:   int size;
        -:  514:} stbtt__buf;
        -:  515:
        -:  516://////////////////////////////////////////////////////////////////////////////
        -:  517://
        -:  518:// TEXTURE BAKING API
        -:  519://
        -:  520:// If you use this API, you only have to call two functions ever.
        -:  521://
        -:  522:
        -:  523:typedef struct
        -:  524:{
        -:  525:   unsigned short x0,y0,x1,y1; // coordinates of bbox in bitmap
        -:  526:   float xoff,yoff,xadvance;
        -:  527:} stbtt_bakedchar;
        -:  528:
        -:  529:STBTT_DEF int stbtt_BakeFontBitmap(const unsigned char *data, int offset,  // font location (use offset=0 for plain .ttf)
        -:  530:                                float pixel_height,                     // height of font in pixels
        -:  531:                                unsigned char *pixels, int pw, int ph,  // bitmap to be filled in
        -:  532:                                int first_char, int num_chars,          // characters to bake
        -:  533:                                stbtt_bakedchar *chardata);             // you allocate this, it's num_chars long
        -:  534:// if return is positive, the first unused row of the bitmap
        -:  535:// if return is negative, returns the negative of the number of characters that fit
        -:  536:// if return is 0, no characters fit and no rows were used
        -:  537:// This uses a very crappy packing.
        -:  538:
        -:  539:typedef struct
        -:  540:{
        -:  541:   float x0,y0,s0,t0; // top-left
        -:  542:   float x1,y1,s1,t1; // bottom-right
        -:  543:} stbtt_aligned_quad;
        -:  544:
        -:  545:STBTT_DEF void stbtt_GetBakedQuad(const stbtt_bakedchar *chardata, int pw, int ph,  // same data as above
        -:  546:                               int char_index,             // character to display
        -:  547:                               float *xpos, float *ypos,   // pointers to current position in screen pixel space
        -:  548:                               stbtt_aligned_quad *q,      // output: quad to draw
        -:  549:                               int opengl_fillrule);       // true if opengl fill rule; false if DX9 or earlier
        -:  550:// Call GetBakedQuad with char_index = 'character - first_char', and it
        -:  551:// creates the quad you need to draw and advances the current position.
        -:  552://
        -:  553:// The coordinate system used assumes y increases downwards.
        -:  554://
        -:  555:// Characters will extend both above and below the current position;
        -:  556:// see discussion of "BASELINE" above.
        -:  557://
        -:  558:// It's inefficient; you might want to c&p it and optimize it.
        -:  559:
        -:  560:STBTT_DEF void stbtt_GetScaledFontVMetrics(const unsigned char *fontdata, int index, float size, float *ascent, float *descent, float *lineGap);
        -:  561:// Query the font vertical metrics without having to create a font first.
        -:  562:
        -:  563:
        -:  564://////////////////////////////////////////////////////////////////////////////
        -:  565://
        -:  566:// NEW TEXTURE BAKING API
        -:  567://
        -:  568:// This provides options for packing multiple fonts into one atlas, not
        -:  569:// perfectly but better than nothing.
        -:  570:
        -:  571:typedef struct
        -:  572:{
        -:  573:   unsigned short x0,y0,x1,y1; // coordinates of bbox in bitmap
        -:  574:   float xoff,yoff,xadvance;
        -:  575:   float xoff2,yoff2;
        -:  576:} stbtt_packedchar;
        -:  577:
        -:  578:typedef struct stbtt_pack_context stbtt_pack_context;
        -:  579:typedef struct stbtt_fontinfo stbtt_fontinfo;
        -:  580:#ifndef STB_RECT_PACK_VERSION
        -:  581:typedef struct stbrp_rect stbrp_rect;
        -:  582:#endif
        -:  583:
        -:  584:STBTT_DEF int  stbtt_PackBegin(stbtt_pack_context *spc, unsigned char *pixels, int width, int height, int stride_in_bytes, int padding, void *alloc_context);
        -:  585:// Initializes a packing context stored in the passed-in stbtt_pack_context.
        -:  586:// Future calls using this context will pack characters into the bitmap passed
        -:  587:// in here: a 1-channel bitmap that is width * height. stride_in_bytes is
        -:  588:// the distance from one row to the next (or 0 to mean they are packed tightly
        -:  589:// together). "padding" is the amount of padding to leave between each
        -:  590:// character (normally you want '1' for bitmaps you'll use as textures with
        -:  591:// bilinear filtering).
        -:  592://
        -:  593:// Returns 0 on failure, 1 on success.
        -:  594:
        -:  595:STBTT_DEF void stbtt_PackEnd  (stbtt_pack_context *spc);
        -:  596:// Cleans up the packing context and frees all memory.
        -:  597:
        -:  598:#define STBTT_POINT_SIZE(x)   (-(x))
        -:  599:
        -:  600:STBTT_DEF int  stbtt_PackFontRange(stbtt_pack_context *spc, const unsigned char *fontdata, int font_index, float font_size,
        -:  601:                                int first_unicode_char_in_range, int num_chars_in_range, stbtt_packedchar *chardata_for_range);
        -:  602:// Creates character bitmaps from the font_index'th font found in fontdata (use
        -:  603:// font_index=0 if you don't know what that is). It creates num_chars_in_range
        -:  604:// bitmaps for characters with unicode values starting at first_unicode_char_in_range
        -:  605:// and increasing. Data for how to render them is stored in chardata_for_range;
        -:  606:// pass these to stbtt_GetPackedQuad to get back renderable quads.
        -:  607://
        -:  608:// font_size is the full height of the character from ascender to descender,
        -:  609:// as computed by stbtt_ScaleForPixelHeight. To use a point size as computed
        -:  610:// by stbtt_ScaleForMappingEmToPixels, wrap the point size in STBTT_POINT_SIZE()
        -:  611:// and pass that result as 'font_size':
        -:  612://       ...,                  20 , ... // font max minus min y is 20 pixels tall
        -:  613://       ..., STBTT_POINT_SIZE(20), ... // 'M' is 20 pixels tall
        -:  614:
        -:  615:typedef struct
        -:  616:{
        -:  617:   float font_size;
        -:  618:   int first_unicode_codepoint_in_range;  // if non-zero, then the chars are continuous, and this is the first codepoint
        -:  619:   int *array_of_unicode_codepoints;       // if non-zero, then this is an array of unicode codepoints
        -:  620:   int num_chars;
        -:  621:   stbtt_packedchar *chardata_for_range; // output
        -:  622:   unsigned char h_oversample, v_oversample; // don't set these, they're used internally
        -:  623:} stbtt_pack_range;
        -:  624:
        -:  625:STBTT_DEF int  stbtt_PackFontRanges(stbtt_pack_context *spc, const unsigned char *fontdata, int font_index, stbtt_pack_range *ranges, int num_ranges);
        -:  626:// Creates character bitmaps from multiple ranges of characters stored in
        -:  627:// ranges. This will usually create a better-packed bitmap than multiple
        -:  628:// calls to stbtt_PackFontRange. Note that you can call this multiple
        -:  629:// times within a single PackBegin/PackEnd.
        -:  630:
        -:  631:STBTT_DEF void stbtt_PackSetOversampling(stbtt_pack_context *spc, unsigned int h_oversample, unsigned int v_oversample);
        -:  632:// Oversampling a font increases the quality by allowing higher-quality subpixel
        -:  633:// positioning, and is especially valuable at smaller text sizes.
        -:  634://
        -:  635:// This function sets the amount of oversampling for all following calls to
        -:  636:// stbtt_PackFontRange(s) or stbtt_PackFontRangesGatherRects for a given
        -:  637:// pack context. The default (no oversampling) is achieved by h_oversample=1
        -:  638:// and v_oversample=1. The total number of pixels required is
        -:  639:// h_oversample*v_oversample larger than the default; for example, 2x2
        -:  640:// oversampling requires 4x the storage of 1x1. For best results, render
        -:  641:// oversampled textures with bilinear filtering. Look at the readme in
        -:  642:// stb/tests/oversample for information about oversampled fonts
        -:  643://
        -:  644:// To use with PackFontRangesGather etc., you must set it before calls
        -:  645:// call to PackFontRangesGatherRects.
        -:  646:
        -:  647:STBTT_DEF void stbtt_PackSetSkipMissingCodepoints(stbtt_pack_context *spc, int skip);
        -:  648:// If skip != 0, this tells stb_truetype to skip any codepoints for which
        -:  649:// there is no corresponding glyph. If skip=0, which is the default, then
        -:  650:// codepoints without a glyph recived the font's "missing character" glyph,
        -:  651:// typically an empty box by convention.
        -:  652:
        -:  653:STBTT_DEF void stbtt_GetPackedQuad(const stbtt_packedchar *chardata, int pw, int ph,  // same data as above
        -:  654:                               int char_index,             // character to display
        -:  655:                               float *xpos, float *ypos,   // pointers to current position in screen pixel space
        -:  656:                               stbtt_aligned_quad *q,      // output: quad to draw
        -:  657:                               int align_to_integer);
        -:  658:
        -:  659:STBTT_DEF int  stbtt_PackFontRangesGatherRects(stbtt_pack_context *spc, const stbtt_fontinfo *info, stbtt_pack_range *ranges, int num_ranges, stbrp_rect *rects);
        -:  660:STBTT_DEF void stbtt_PackFontRangesPackRects(stbtt_pack_context *spc, stbrp_rect *rects, int num_rects);
        -:  661:STBTT_DEF int  stbtt_PackFontRangesRenderIntoRects(stbtt_pack_context *spc, const stbtt_fontinfo *info, stbtt_pack_range *ranges, int num_ranges, stbrp_rect *rects);
        -:  662:// Calling these functions in sequence is roughly equivalent to calling
        -:  663:// stbtt_PackFontRanges(). If you more control over the packing of multiple
        -:  664:// fonts, or if you want to pack custom data into a font texture, take a look
        -:  665:// at the source to of stbtt_PackFontRanges() and create a custom version
        -:  666:// using these functions, e.g. call GatherRects multiple times,
        -:  667:// building up a single array of rects, then call PackRects once,
        -:  668:// then call RenderIntoRects repeatedly. This may result in a
        -:  669:// better packing than calling PackFontRanges multiple times
        -:  670:// (or it may not).
        -:  671:
        -:  672:// this is an opaque structure that you shouldn't mess with which holds
        -:  673:// all the context needed from PackBegin to PackEnd.
        -:  674:struct stbtt_pack_context {
        -:  675:   void *user_allocator_context;
        -:  676:   void *pack_info;
        -:  677:   int   width;
        -:  678:   int   height;
        -:  679:   int   stride_in_bytes;
        -:  680:   int   padding;
        -:  681:   int   skip_missing;
        -:  682:   unsigned int   h_oversample, v_oversample;
        -:  683:   unsigned char *pixels;
        -:  684:   void  *nodes;
        -:  685:};
        -:  686:
        -:  687://////////////////////////////////////////////////////////////////////////////
        -:  688://
        -:  689:// FONT LOADING
        -:  690://
        -:  691://
        -:  692:
        -:  693:STBTT_DEF int stbtt_GetNumberOfFonts(const unsigned char *data);
        -:  694:// This function will determine the number of fonts in a font file.  TrueType
        -:  695:// collection (.ttc) files may contain multiple fonts, while TrueType font
        -:  696:// (.ttf) files only contain one font. The number of fonts can be used for
        -:  697:// indexing with the previous function where the index is between zero and one
        -:  698:// less than the total fonts. If an error occurs, -1 is returned.
        -:  699:
        -:  700:STBTT_DEF int stbtt_GetFontOffsetForIndex(const unsigned char *data, int index);
        -:  701:// Each .ttf/.ttc file may have more than one font. Each font has a sequential
        -:  702:// index number starting from 0. Call this function to get the font offset for
        -:  703:// a given index; it returns -1 if the index is out of range. A regular .ttf
        -:  704:// file will only define one font and it always be at offset 0, so it will
        -:  705:// return '0' for index 0, and -1 for all other indices.
        -:  706:
        -:  707:// The following structure is defined publicly so you can declare one on
        -:  708:// the stack or as a global or etc, but you should treat it as opaque.
        -:  709:struct stbtt_fontinfo
        -:  710:{
        -:  711:   void           * userdata;
        -:  712:   unsigned char  * data;              // pointer to .ttf file
        -:  713:   int              fontstart;         // offset of start of font
        -:  714:
        -:  715:   int numGlyphs;                     // number of glyphs, needed for range checking
        -:  716:
        -:  717:   int loca,head,glyf,hhea,hmtx,kern,gpos,svg; // table locations as offset from start of .ttf
        -:  718:   int index_map;                     // a cmap mapping for our chosen character encoding
        -:  719:   int indexToLocFormat;              // format needed to map from glyph index to glyph
        -:  720:
        -:  721:   stbtt__buf cff;                    // cff font data
        -:  722:   stbtt__buf charstrings;            // the charstring index
        -:  723:   stbtt__buf gsubrs;                 // global charstring subroutines index
        -:  724:   stbtt__buf subrs;                  // private charstring subroutines index
        -:  725:   stbtt__buf fontdicts;              // array of font dicts
        -:  726:   stbtt__buf fdselect;               // map from glyph to fontdict
        -:  727:};
        -:  728:
        -:  729:STBTT_DEF int stbtt_InitFont(stbtt_fontinfo *info, const unsigned char *data, int offset);
        -:  730:// Given an offset into the file that defines a font, this function builds
        -:  731:// the necessary cached info for the rest of the system. You must allocate
        -:  732:// the stbtt_fontinfo yourself, and stbtt_InitFont will fill it out. You don't
        -:  733:// need to do anything special to free it, because the contents are pure
        -:  734:// value data with no additional data structures. Returns 0 on failure.
        -:  735:
        -:  736:
        -:  737://////////////////////////////////////////////////////////////////////////////
        -:  738://
        -:  739:// CHARACTER TO GLYPH-INDEX CONVERSIOn
        -:  740:
        -:  741:STBTT_DEF int stbtt_FindGlyphIndex(const stbtt_fontinfo *info, int unicode_codepoint);
        -:  742:// If you're going to perform multiple operations on the same character
        -:  743:// and you want a speed-up, call this function with the character you're
        -:  744:// going to process, then use glyph-based functions instead of the
        -:  745:// codepoint-based functions.
        -:  746:// Returns 0 if the character codepoint is not defined in the font.
        -:  747:
        -:  748:
        -:  749://////////////////////////////////////////////////////////////////////////////
        -:  750://
        -:  751:// CHARACTER PROPERTIES
        -:  752://
        -:  753:
        -:  754:STBTT_DEF float stbtt_ScaleForPixelHeight(const stbtt_fontinfo *info, float pixels);
        -:  755:// computes a scale factor to produce a font whose "height" is 'pixels' tall.
        -:  756:// Height is measured as the distance from the highest ascender to the lowest
        -:  757:// descender; in other words, it's equivalent to calling stbtt_GetFontVMetrics
        -:  758:// and computing:
        -:  759://       scale = pixels / (ascent - descent)
        -:  760:// so if you prefer to measure height by the ascent only, use a similar calculation.
        -:  761:
        -:  762:STBTT_DEF float stbtt_ScaleForMappingEmToPixels(const stbtt_fontinfo *info, float pixels);
        -:  763:// computes a scale factor to produce a font whose EM size is mapped to
        -:  764:// 'pixels' tall. This is probably what traditional APIs compute, but
        -:  765:// I'm not positive.
        -:  766:
        -:  767:STBTT_DEF void stbtt_GetFontVMetrics(const stbtt_fontinfo *info, int *ascent, int *descent, int *lineGap);
        -:  768:// ascent is the coordinate above the baseline the font extends; descent
        -:  769:// is the coordinate below the baseline the font extends (i.e. it is typically negative)
        -:  770:// lineGap is the spacing between one row's descent and the next row's ascent...
        -:  771:// so you should advance the vertical position by "*ascent - *descent + *lineGap"
        -:  772://   these are expressed in unscaled coordinates, so you must multiply by
        -:  773://   the scale factor for a given size
        -:  774:
        -:  775:STBTT_DEF int  stbtt_GetFontVMetricsOS2(const stbtt_fontinfo *info, int *typoAscent, int *typoDescent, int *typoLineGap);
        -:  776:// analogous to GetFontVMetrics, but returns the "typographic" values from the OS/2
        -:  777:// table (specific to MS/Windows TTF files).
        -:  778://
        -:  779:// Returns 1 on success (table present), 0 on failure.
        -:  780:
        -:  781:STBTT_DEF void stbtt_GetFontBoundingBox(const stbtt_fontinfo *info, int *x0, int *y0, int *x1, int *y1);
        -:  782:// the bounding box around all possible characters
        -:  783:
        -:  784:STBTT_DEF void stbtt_GetCodepointHMetrics(const stbtt_fontinfo *info, int codepoint, int *advanceWidth, int *leftSideBearing);
        -:  785:// leftSideBearing is the offset from the current horizontal position to the left edge of the character
        -:  786:// advanceWidth is the offset from the current horizontal position to the next horizontal position
        -:  787://   these are expressed in unscaled coordinates
        -:  788:
        -:  789:STBTT_DEF int  stbtt_GetCodepointKernAdvance(const stbtt_fontinfo *info, int ch1, int ch2);
        -:  790:// an additional amount to add to the 'advance' value between ch1 and ch2
        -:  791:
        -:  792:STBTT_DEF int stbtt_GetCodepointBox(const stbtt_fontinfo *info, int codepoint, int *x0, int *y0, int *x1, int *y1);
        -:  793:// Gets the bounding box of the visible part of the glyph, in unscaled coordinates
        -:  794:
        -:  795:STBTT_DEF void stbtt_GetGlyphHMetrics(const stbtt_fontinfo *info, int glyph_index, int *advanceWidth, int *leftSideBearing);
        -:  796:STBTT_DEF int  stbtt_GetGlyphKernAdvance(const stbtt_fontinfo *info, int glyph1, int glyph2);
        -:  797:STBTT_DEF int  stbtt_GetGlyphBox(const stbtt_fontinfo *info, int glyph_index, int *x0, int *y0, int *x1, int *y1);
        -:  798:// as above, but takes one or more glyph indices for greater efficiency
        -:  799:
        -:  800:typedef struct stbtt_kerningentry
        -:  801:{
        -:  802:   int glyph1; // use stbtt_FindGlyphIndex
        -:  803:   int glyph2;
        -:  804:   int advance;
        -:  805:} stbtt_kerningentry;
        -:  806:
        -:  807:STBTT_DEF int  stbtt_GetKerningTableLength(const stbtt_fontinfo *info);
        -:  808:STBTT_DEF int  stbtt_GetKerningTable(const stbtt_fontinfo *info, stbtt_kerningentry* table, int table_length);
        -:  809:// Retrieves a complete list of all of the kerning pairs provided by the font
        -:  810:// stbtt_GetKerningTable never writes more than table_length entries and returns how many entries it did write.
        -:  811:// The table will be sorted by (a.glyph1 == b.glyph1)?(a.glyph2 < b.glyph2):(a.glyph1 < b.glyph1)
        -:  812:
        -:  813://////////////////////////////////////////////////////////////////////////////
        -:  814://
        -:  815:// GLYPH SHAPES (you probably don't need these, but they have to go before
        -:  816:// the bitmaps for C declaration-order reasons)
        -:  817://
        -:  818:
        -:  819:#ifndef STBTT_vmove // you can predefine these to use different values (but why?)
        -:  820:   enum {
        -:  821:      STBTT_vmove=1,
        -:  822:      STBTT_vline,
        -:  823:      STBTT_vcurve,
        -:  824:      STBTT_vcubic
        -:  825:   };
        -:  826:#endif
        -:  827:
        -:  828:#ifndef stbtt_vertex // you can predefine this to use different values
        -:  829:                   // (we share this with other code at RAD)
        -:  830:   #define stbtt_vertex_type short // can't use stbtt_int16 because that's not visible in the header file
        -:  831:   typedef struct
        -:  832:   {
        -:  833:      stbtt_vertex_type x,y,cx,cy,cx1,cy1;
        -:  834:      unsigned char type,padding;
        -:  835:   } stbtt_vertex;
        -:  836:#endif
        -:  837:
        -:  838:STBTT_DEF int stbtt_IsGlyphEmpty(const stbtt_fontinfo *info, int glyph_index);
        -:  839:// returns non-zero if nothing is drawn for this glyph
        -:  840:
        -:  841:STBTT_DEF int stbtt_GetCodepointShape(const stbtt_fontinfo *info, int unicode_codepoint, stbtt_vertex **vertices);
        -:  842:STBTT_DEF int stbtt_GetGlyphShape(const stbtt_fontinfo *info, int glyph_index, stbtt_vertex **vertices);
        -:  843:// returns # of vertices and fills *vertices with the pointer to them
        -:  844://   these are expressed in "unscaled" coordinates
        -:  845://
        -:  846:// The shape is a series of contours. Each one starts with
        -:  847:// a STBTT_moveto, then consists of a series of mixed
        -:  848:// STBTT_lineto and STBTT_curveto segments. A lineto
        -:  849:// draws a line from previous endpoint to its x,y; a curveto
        -:  850:// draws a quadratic bezier from previous endpoint to
        -:  851:// its x,y, using cx,cy as the bezier control point.
        -:  852:
        -:  853:STBTT_DEF void stbtt_FreeShape(const stbtt_fontinfo *info, stbtt_vertex *vertices);
        -:  854:// frees the data allocated above
        -:  855:
        -:  856:STBTT_DEF int stbtt_GetCodepointSVG(const stbtt_fontinfo *info, int unicode_codepoint, const char **svg);
        -:  857:STBTT_DEF int stbtt_GetGlyphSVG(const stbtt_fontinfo *info, int gl, const char **svg);
        -:  858:// fills svg with the character's SVG data.
        -:  859:// returns data size or 0 if SVG not found.
        -:  860:
        -:  861://////////////////////////////////////////////////////////////////////////////
        -:  862://
        -:  863:// BITMAP RENDERING
        -:  864://
        -:  865:
        -:  866:STBTT_DEF void stbtt_FreeBitmap(unsigned char *bitmap, void *userdata);
        -:  867:// frees the bitmap allocated below
        -:  868:
        -:  869:STBTT_DEF unsigned char *stbtt_GetCodepointBitmap(const stbtt_fontinfo *info, float scale_x, float scale_y, int codepoint, int *width, int *height, int *xoff, int *yoff);
        -:  870:// allocates a large-enough single-channel 8bpp bitmap and renders the
        -:  871:// specified character/glyph at the specified scale into it, with
        -:  872:// antialiasing. 0 is no coverage (transparent), 255 is fully covered (opaque).
        -:  873:// *width & *height are filled out with the width & height of the bitmap,
        -:  874:// which is stored left-to-right, top-to-bottom.
        -:  875://
        -:  876:// xoff/yoff are the offset it pixel space from the glyph origin to the top-left of the bitmap
        -:  877:
        -:  878:STBTT_DEF unsigned char *stbtt_GetCodepointBitmapSubpixel(const stbtt_fontinfo *info, float scale_x, float scale_y, float shift_x, float shift_y, int codepoint, int *width, int *height, int *xoff, int *yoff);
        -:  879:// the same as stbtt_GetCodepoitnBitmap, but you can specify a subpixel
        -:  880:// shift for the character
        -:  881:
        -:  882:STBTT_DEF void stbtt_MakeCodepointBitmap(const stbtt_fontinfo *info, unsigned char *output, int out_w, int out_h, int out_stride, float scale_x, float scale_y, int codepoint);
        -:  883:// the same as stbtt_GetCodepointBitmap, but you pass in storage for the bitmap
        -:  884:// in the form of 'output', with row spacing of 'out_stride' bytes. the bitmap
        -:  885:// is clipped to out_w/out_h bytes. Call stbtt_GetCodepointBitmapBox to get the
        -:  886:// width and height and positioning info for it first.
        -:  887:
        -:  888:STBTT_DEF void stbtt_MakeCodepointBitmapSubpixel(const stbtt_fontinfo *info, unsigned char *output, int out_w, int out_h, int out_stride, float scale_x, float scale_y, float shift_x, float shift_y, int codepoint);
        -:  889:// same as stbtt_MakeCodepointBitmap, but you can specify a subpixel
        -:  890:// shift for the character
        -:  891:
        -:  892:STBTT_DEF void stbtt_MakeCodepointBitmapSubpixelPrefilter(const stbtt_fontinfo *info, unsigned char *output, int out_w, int out_h, int out_stride, float scale_x, float scale_y, float shift_x, float shift_y, int oversample_x, int oversample_y, float *sub_x, float *sub_y, int codepoint);
        -:  893:// same as stbtt_MakeCodepointBitmapSubpixel, but prefiltering
        -:  894:// is performed (see stbtt_PackSetOversampling)
        -:  895:
        -:  896:STBTT_DEF void stbtt_GetCodepointBitmapBox(const stbtt_fontinfo *font, int codepoint, float scale_x, float scale_y, int *ix0, int *iy0, int *ix1, int *iy1);
        -:  897:// get the bbox of the bitmap centered around the glyph origin; so the
        -:  898:// bitmap width is ix1-ix0, height is iy1-iy0, and location to place
        -:  899:// the bitmap top left is (leftSideBearing*scale,iy0).
        -:  900:// (Note that the bitmap uses y-increases-down, but the shape uses
        -:  901:// y-increases-up, so CodepointBitmapBox and CodepointBox are inverted.)
        -:  902:
        -:  903:STBTT_DEF void stbtt_GetCodepointBitmapBoxSubpixel(const stbtt_fontinfo *font, int codepoint, float scale_x, float scale_y, float shift_x, float shift_y, int *ix0, int *iy0, int *ix1, int *iy1);
        -:  904:// same as stbtt_GetCodepointBitmapBox, but you can specify a subpixel
        -:  905:// shift for the character
        -:  906:
        -:  907:// the following functions are equivalent to the above functions, but operate
        -:  908:// on glyph indices instead of Unicode codepoints (for efficiency)
        -:  909:STBTT_DEF unsigned char *stbtt_GetGlyphBitmap(const stbtt_fontinfo *info, float scale_x, float scale_y, int glyph, int *width, int *height, int *xoff, int *yoff);
        -:  910:STBTT_DEF unsigned char *stbtt_GetGlyphBitmapSubpixel(const stbtt_fontinfo *info, float scale_x, float scale_y, float shift_x, float shift_y, int glyph, int *width, int *height, int *xoff, int *yoff);
        -:  911:STBTT_DEF void stbtt_MakeGlyphBitmap(const stbtt_fontinfo *info, unsigned char *output, int out_w, int out_h, int out_stride, float scale_x, float scale_y, int glyph);
        -:  912:STBTT_DEF void stbtt_MakeGlyphBitmapSubpixel(const stbtt_fontinfo *info, unsigned char *output, int out_w, int out_h, int out_stride, float scale_x, float scale_y, float shift_x, float shift_y, int glyph);
        -:  913:STBTT_DEF void stbtt_MakeGlyphBitmapSubpixelPrefilter(const stbtt_fontinfo *info, unsigned char *output, int out_w, int out_h, int out_stride, float scale_x, float scale_y, float shift_x, float shift_y, int oversample_x, int oversample_y, float *sub_x, float *sub_y, int glyph);
        -:  914:STBTT_DEF void stbtt_GetGlyphBitmapBox(const stbtt_fontinfo *font, int glyph, float scale_x, float scale_y, int *ix0, int *iy0, int *ix1, int *iy1);
        -:  915:STBTT_DEF void stbtt_GetGlyphBitmapBoxSubpixel(const stbtt_fontinfo *font, int glyph, float scale_x, float scale_y,float shift_x, float shift_y, int *ix0, int *iy0, int *ix1, int *iy1);
        -:  916:
        -:  917:
        -:  918:// @TODO: don't expose this structure
        -:  919:typedef struct
        -:  920:{
        -:  921:   int w,h,stride;
        -:  922:   unsigned char *pixels;
        -:  923:} stbtt__bitmap;
        -:  924:
        -:  925:// rasterize a shape with quadratic beziers into a bitmap
        -:  926:STBTT_DEF void stbtt_Rasterize(stbtt__bitmap *result,        // 1-channel bitmap to draw into
        -:  927:                               float flatness_in_pixels,     // allowable error of curve in pixels
        -:  928:                               stbtt_vertex *vertices,       // array of vertices defining shape
        -:  929:                               int num_verts,                // number of vertices in above array
        -:  930:                               float scale_x, float scale_y, // scale applied to input vertices
        -:  931:                               float shift_x, float shift_y, // translation applied to input vertices
        -:  932:                               int x_off, int y_off,         // another translation applied to input
        -:  933:                               int invert,                   // if non-zero, vertically flip shape
        -:  934:                               void *userdata);              // context for to STBTT_MALLOC
        -:  935:
        -:  936://////////////////////////////////////////////////////////////////////////////
        -:  937://
        -:  938:// Signed Distance Function (or Field) rendering
        -:  939:
        -:  940:STBTT_DEF void stbtt_FreeSDF(unsigned char *bitmap, void *userdata);
        -:  941:// frees the SDF bitmap allocated below
        -:  942:
        -:  943:STBTT_DEF unsigned char * stbtt_GetGlyphSDF(const stbtt_fontinfo *info, float scale, int glyph, int padding, unsigned char onedge_value, float pixel_dist_scale, int *width, int *height, int *xoff, int *yoff);
        -:  944:STBTT_DEF unsigned char * stbtt_GetCodepointSDF(const stbtt_fontinfo *info, float scale, int codepoint, int padding, unsigned char onedge_value, float pixel_dist_scale, int *width, int *height, int *xoff, int *yoff);
        -:  945:// These functions compute a discretized SDF field for a single character, suitable for storing
        -:  946:// in a single-channel texture, sampling with bilinear filtering, and testing against
        -:  947:// larger than some threshold to produce scalable fonts.
        -:  948://        info              --  the font
        -:  949://        scale             --  controls the size of the resulting SDF bitmap, same as it would be creating a regular bitmap
        -:  950://        glyph/codepoint   --  the character to generate the SDF for
        -:  951://        padding           --  extra "pixels" around the character which are filled with the distance to the character (not 0),
        -:  952://                                 which allows effects like bit outlines
        -:  953://        onedge_value      --  value 0-255 to test the SDF against to reconstruct the character (i.e. the isocontour of the character)
        -:  954://        pixel_dist_scale  --  what value the SDF should increase by when moving one SDF "pixel" away from the edge (on the 0..255 scale)
        -:  955://                                 if positive, > onedge_value is inside; if negative, < onedge_value is inside
        -:  956://        width,height      --  output height & width of the SDF bitmap (including padding)
        -:  957://        xoff,yoff         --  output origin of the character
        -:  958://        return value      --  a 2D array of bytes 0..255, width*height in size
        -:  959://
        -:  960:// pixel_dist_scale & onedge_value are a scale & bias that allows you to make
        -:  961:// optimal use of the limited 0..255 for your application, trading off precision
        -:  962:// and special effects. SDF values outside the range 0..255 are clamped to 0..255.
        -:  963://
        -:  964:// Example:
        -:  965://      scale = stbtt_ScaleForPixelHeight(22)
        -:  966://      padding = 5
        -:  967://      onedge_value = 180
        -:  968://      pixel_dist_scale = 180/5.0 = 36.0
        -:  969://
        -:  970://      This will create an SDF bitmap in which the character is about 22 pixels
        -:  971://      high but the whole bitmap is about 22+5+5=32 pixels high. To produce a filled
        -:  972://      shape, sample the SDF at each pixel and fill the pixel if the SDF value
        -:  973://      is greater than or equal to 180/255. (You'll actually want to antialias,
        -:  974://      which is beyond the scope of this example.) Additionally, you can compute
        -:  975://      offset outlines (e.g. to stroke the character border inside & outside,
        -:  976://      or only outside). For example, to fill outside the character up to 3 SDF
        -:  977://      pixels, you would compare against (180-36.0*3)/255 = 72/255. The above
        -:  978://      choice of variables maps a range from 5 pixels outside the shape to
        -:  979://      2 pixels inside the shape to 0..255; this is intended primarily for apply
        -:  980://      outside effects only (the interior range is needed to allow proper
        -:  981://      antialiasing of the font at *smaller* sizes)
        -:  982://
        -:  983:// The function computes the SDF analytically at each SDF pixel, not by e.g.
        -:  984:// building a higher-res bitmap and approximating it. In theory the quality
        -:  985:// should be as high as possible for an SDF of this size & representation, but
        -:  986:// unclear if this is true in practice (perhaps building a higher-res bitmap
        -:  987:// and computing from that can allow drop-out prevention).
        -:  988://
        -:  989:// The algorithm has not been optimized at all, so expect it to be slow
        -:  990:// if computing lots of characters or very large sizes.
        -:  991:
        -:  992:
        -:  993:
        -:  994://////////////////////////////////////////////////////////////////////////////
        -:  995://
        -:  996:// Finding the right font...
        -:  997://
        -:  998:// You should really just solve this offline, keep your own tables
        -:  999:// of what font is what, and don't try to get it out of the .ttf file.
        -: 1000:// That's because getting it out of the .ttf file is really hard, because
        -: 1001:// the names in the file can appear in many possible encodings, in many
        -: 1002:// possible languages, and e.g. if you need a case-insensitive comparison,
        -: 1003:// the details of that depend on the encoding & language in a complex way
        -: 1004:// (actually underspecified in truetype, but also gigantic).
        -: 1005://
        -: 1006:// But you can use the provided functions in two possible ways:
        -: 1007://     stbtt_FindMatchingFont() will use *case-sensitive* comparisons on
        -: 1008://             unicode-encoded names to try to find the font you want;
        -: 1009://             you can run this before calling stbtt_InitFont()
        -: 1010://
        -: 1011://     stbtt_GetFontNameString() lets you get any of the various strings
        -: 1012://             from the file yourself and do your own comparisons on them.
        -: 1013://             You have to have called stbtt_InitFont() first.
        -: 1014:
        -: 1015:
        -: 1016:STBTT_DEF int stbtt_FindMatchingFont(const unsigned char *fontdata, const char *name, int flags);
        -: 1017:// returns the offset (not index) of the font that matches, or -1 if none
        -: 1018://   if you use STBTT_MACSTYLE_DONTCARE, use a font name like "Arial Bold".
        -: 1019://   if you use any other flag, use a font name like "Arial"; this checks
        -: 1020://     the 'macStyle' header field; i don't know if fonts set this consistently
        -: 1021:#define STBTT_MACSTYLE_DONTCARE     0
        -: 1022:#define STBTT_MACSTYLE_BOLD         1
        -: 1023:#define STBTT_MACSTYLE_ITALIC       2
        -: 1024:#define STBTT_MACSTYLE_UNDERSCORE   4
        -: 1025:#define STBTT_MACSTYLE_NONE         8   // <= not same as 0, this makes us check the bitfield is 0
        -: 1026:
        -: 1027:STBTT_DEF int stbtt_CompareUTF8toUTF16_bigendian(const char *s1, int len1, const char *s2, int len2);
        -: 1028:// returns 1/0 whether the first string interpreted as utf8 is identical to
        -: 1029:// the second string interpreted as big-endian utf16... useful for strings from next func
        -: 1030:
        -: 1031:STBTT_DEF const char *stbtt_GetFontNameString(const stbtt_fontinfo *font, int *length, int platformID, int encodingID, int languageID, int nameID);
        -: 1032:// returns the string (which may be big-endian double byte, e.g. for unicode)
        -: 1033:// and puts the length in bytes in *length.
        -: 1034://
        -: 1035:// some of the values for the IDs are below; for more see the truetype spec:
        -: 1036://     http://developer.apple.com/textfonts/TTRefMan/RM06/Chap6name.html
        -: 1037://     http://www.microsoft.com/typography/otspec/name.htm
        -: 1038:
        -: 1039:enum { // platformID
        -: 1040:   STBTT_PLATFORM_ID_UNICODE   =0,
        -: 1041:   STBTT_PLATFORM_ID_MAC       =1,
        -: 1042:   STBTT_PLATFORM_ID_ISO       =2,
        -: 1043:   STBTT_PLATFORM_ID_MICROSOFT =3
        -: 1044:};
        -: 1045:
        -: 1046:enum { // encodingID for STBTT_PLATFORM_ID_UNICODE
        -: 1047:   STBTT_UNICODE_EID_UNICODE_1_0    =0,
        -: 1048:   STBTT_UNICODE_EID_UNICODE_1_1    =1,
        -: 1049:   STBTT_UNICODE_EID_ISO_10646      =2,
        -: 1050:   STBTT_UNICODE_EID_UNICODE_2_0_BMP=3,
        -: 1051:   STBTT_UNICODE_EID_UNICODE_2_0_FULL=4
        -: 1052:};
        -: 1053:
        -: 1054:enum { // encodingID for STBTT_PLATFORM_ID_MICROSOFT
        -: 1055:   STBTT_MS_EID_SYMBOL        =0,
        -: 1056:   STBTT_MS_EID_UNICODE_BMP   =1,
        -: 1057:   STBTT_MS_EID_SHIFTJIS      =2,
        -: 1058:   STBTT_MS_EID_UNICODE_FULL  =10
        -: 1059:};
        -: 1060:
        -: 1061:enum { // encodingID for STBTT_PLATFORM_ID_MAC; same as Script Manager codes
        -: 1062:   STBTT_MAC_EID_ROMAN        =0,   STBTT_MAC_EID_ARABIC       =4,
        -: 1063:   STBTT_MAC_EID_JAPANESE     =1,   STBTT_MAC_EID_HEBREW       =5,
        -: 1064:   STBTT_MAC_EID_CHINESE_TRAD =2,   STBTT_MAC_EID_GREEK        =6,
        -: 1065:   STBTT_MAC_EID_KOREAN       =3,   STBTT_MAC_EID_RUSSIAN      =7
        -: 1066:};
        -: 1067:
        -: 1068:enum { // languageID for STBTT_PLATFORM_ID_MICROSOFT; same as LCID...
        -: 1069:       // problematic because there are e.g. 16 english LCIDs and 16 arabic LCIDs
        -: 1070:   STBTT_MS_LANG_ENGLISH     =0x0409,   STBTT_MS_LANG_ITALIAN     =0x0410,
        -: 1071:   STBTT_MS_LANG_CHINESE     =0x0804,   STBTT_MS_LANG_JAPANESE    =0x0411,
        -: 1072:   STBTT_MS_LANG_DUTCH       =0x0413,   STBTT_MS_LANG_KOREAN      =0x0412,
        -: 1073:   STBTT_MS_LANG_FRENCH      =0x040c,   STBTT_MS_LANG_RUSSIAN     =0x0419,
        -: 1074:   STBTT_MS_LANG_GERMAN      =0x0407,   STBTT_MS_LANG_SPANISH     =0x0409,
        -: 1075:   STBTT_MS_LANG_HEBREW      =0x040d,   STBTT_MS_LANG_SWEDISH     =0x041D
        -: 1076:};
        -: 1077:
        -: 1078:enum { // languageID for STBTT_PLATFORM_ID_MAC
        -: 1079:   STBTT_MAC_LANG_ENGLISH      =0 ,   STBTT_MAC_LANG_JAPANESE     =11,
        -: 1080:   STBTT_MAC_LANG_ARABIC       =12,   STBTT_MAC_LANG_KOREAN       =23,
        -: 1081:   STBTT_MAC_LANG_DUTCH        =4 ,   STBTT_MAC_LANG_RUSSIAN      =32,
        -: 1082:   STBTT_MAC_LANG_FRENCH       =1 ,   STBTT_MAC_LANG_SPANISH      =6 ,
        -: 1083:   STBTT_MAC_LANG_GERMAN       =2 ,   STBTT_MAC_LANG_SWEDISH      =5 ,
        -: 1084:   STBTT_MAC_LANG_HEBREW       =10,   STBTT_MAC_LANG_CHINESE_SIMPLIFIED =33,
        -: 1085:   STBTT_MAC_LANG_ITALIAN      =3 ,   STBTT_MAC_LANG_CHINESE_TRAD =19
        -: 1086:};
        -: 1087:
        -: 1088:#ifdef __cplusplus
        -: 1089:}
        -: 1090:#endif
        -: 1091:
        -: 1092:#endif // __STB_INCLUDE_STB_TRUETYPE_H__
        -: 1093:
        -: 1094:///////////////////////////////////////////////////////////////////////////////
        -: 1095:///////////////////////////////////////////////////////////////////////////////
        -: 1096:////
        -: 1097:////   IMPLEMENTATION
        -: 1098:////
        -: 1099:////
        -: 1100:
        -: 1101:#ifdef STB_TRUETYPE_IMPLEMENTATION
        -: 1102:
        -: 1103:#ifndef STBTT_MAX_OVERSAMPLE
        -: 1104:#define STBTT_MAX_OVERSAMPLE   8
        -: 1105:#endif
        -: 1106:
        -: 1107:#if STBTT_MAX_OVERSAMPLE > 255
        -: 1108:#error "STBTT_MAX_OVERSAMPLE cannot be > 255"
        -: 1109:#endif
        -: 1110:
        -: 1111:typedef int stbtt__test_oversample_pow2[(STBTT_MAX_OVERSAMPLE & (STBTT_MAX_OVERSAMPLE-1)) == 0 ? 1 : -1];
        -: 1112:
        -: 1113:#ifndef STBTT_RASTERIZER_VERSION
        -: 1114:#define STBTT_RASTERIZER_VERSION 2
        -: 1115:#endif
        -: 1116:
        -: 1117:#ifdef _MSC_VER
        -: 1118:#define STBTT__NOTUSED(v)  (void)(v)
        -: 1119:#else
        -: 1120:#define STBTT__NOTUSED(v)  (void)sizeof(v)
        -: 1121:#endif
        -: 1122:
        -: 1123://////////////////////////////////////////////////////////////////////////
        -: 1124://
        -: 1125:// stbtt__buf helpers to parse data from file
        -: 1126://
        -: 1127:
function stbtt__buf_get8 called 0 returned 0% blocks executed 0%
    #####: 1128:static stbtt_uint8 stbtt__buf_get8(stbtt__buf *b)
        -: 1129:{
    #####: 1130:   if (b->cursor >= b->size)
    %%%%%: 1130-block  0
branch  0 never executed
branch  1 never executed
    #####: 1131:      return 0;
    %%%%%: 1131-block  0
    #####: 1132:   return b->data[b->cursor++];
    %%%%%: 1132-block  0
        -: 1133:}
        -: 1134:
function stbtt__buf_peek8 called 0 returned 0% blocks executed 0%
    #####: 1135:static stbtt_uint8 stbtt__buf_peek8(stbtt__buf *b)
        -: 1136:{
    #####: 1137:   if (b->cursor >= b->size)
    %%%%%: 1137-block  0
branch  0 never executed
branch  1 never executed
    #####: 1138:      return 0;
    %%%%%: 1138-block  0
    #####: 1139:   return b->data[b->cursor];
    %%%%%: 1139-block  0
        -: 1140:}
        -: 1141:
function stbtt__buf_seek called 0 returned 0% blocks executed 0%
    #####: 1142:static void stbtt__buf_seek(stbtt__buf *b, int o)
        -: 1143:{
    #####: 1144:   STBTT_assert(!(o > b->size || o < 0));
    %%%%%: 1144-block  0
branch  0 never executed
branch  1 never executed
    %%%%%: 1144-block  1
branch  2 never executed
branch  3 never executed
    %%%%%: 1144-block  2
call    4 never executed
    %%%%%: 1144-block  3
    #####: 1145:   b->cursor = (o > b->size || o < 0) ? b->size : o;
    %%%%%: 1145-block  0
branch  0 never executed
branch  1 never executed
    %%%%%: 1145-block  1
branch  2 never executed
branch  3 never executed
    %%%%%: 1145-block  2
    %%%%%: 1145-block  3
    #####: 1146:}
        -: 1147:
function stbtt__buf_skip called 0 returned 0% blocks executed 0%
    #####: 1148:static void stbtt__buf_skip(stbtt__buf *b, int o)
        -: 1149:{
    #####: 1150:   stbtt__buf_seek(b, b->cursor + o);
    %%%%%: 1150-block  0
call    0 never executed
    #####: 1151:}
        -: 1152:
function stbtt__buf_get called 0 returned 0% blocks executed 0%
    #####: 1153:static stbtt_uint32 stbtt__buf_get(stbtt__buf *b, int n)
        -: 1154:{
    #####: 1155:   stbtt_uint32 v = 0;
        -: 1156:   int i;
    #####: 1157:   STBTT_assert(n >= 1 && n <= 4);
    %%%%%: 1157-block  0
branch  0 never executed
branch  1 never executed
    %%%%%: 1157-block  1
branch  2 never executed
branch  3 never executed
    %%%%%: 1157-block  2
call    4 never executed
    %%%%%: 1157-block  3
    #####: 1158:   for (i = 0; i < n; i++)
    %%%%%: 1158-block  0
    %%%%%: 1158-block  1
branch  0 never executed
branch  1 never executed
    #####: 1159:      v = (v << 8) | stbtt__buf_get8(b);
    %%%%%: 1159-block  0
call    0 never executed
    #####: 1160:   return v;
    %%%%%: 1160-block  0
        -: 1161:}
        -: 1162:
function stbtt__new_buf called 0 returned 0% blocks executed 0%
    #####: 1163:static stbtt__buf stbtt__new_buf(const void *p, size_t size)
        -: 1164:{
        -: 1165:   stbtt__buf r;
    #####: 1166:   STBTT_assert(size < 0x40000000);
    %%%%%: 1166-block  0
branch  0 never executed
branch  1 never executed
    %%%%%: 1166-block  1
call    2 never executed
    %%%%%: 1166-block  2
    #####: 1167:   r.data = (stbtt_uint8*) p;
    #####: 1168:   r.size = (int) size;
    #####: 1169:   r.cursor = 0;
    #####: 1170:   return r;
    %%%%%: 1170-block  0
        -: 1171:}
        -: 1172:
        -: 1173:#define stbtt__buf_get16(b)  stbtt__buf_get((b), 2)
        -: 1174:#define stbtt__buf_get32(b)  stbtt__buf_get((b), 4)
        -: 1175:
function stbtt__buf_range called 0 returned 0% blocks executed 0%
    #####: 1176:static stbtt__buf stbtt__buf_range(const stbtt__buf *b, int o, int s)
        -: 1177:{
    #####: 1178:   stbtt__buf r = stbtt__new_buf(NULL, 0);
    %%%%%: 1178-block  0
call    0 never executed
    #####: 1179:   if (o < 0 || s < 0 || o > b->size || s > b->size - o) return r;
branch  0 never executed
branch  1 never executed
    %%%%%: 1179-block  0
branch  2 never executed
branch  3 never executed
    %%%%%: 1179-block  1
branch  4 never executed
branch  5 never executed
    %%%%%: 1179-block  2
branch  6 never executed
branch  7 never executed
    %%%%%: 1179-block  3
    #####: 1180:   r.data = b->data + o;
    #####: 1181:   r.size = s;
    #####: 1182:   return r;
    %%%%%: 1182-block  0
        -: 1183:}
        -: 1184:
function stbtt__cff_get_index called 0 returned 0% blocks executed 0%
    #####: 1185:static stbtt__buf stbtt__cff_get_index(stbtt__buf *b)
        -: 1186:{
        -: 1187:   int count, start, offsize;
    #####: 1188:   start = b->cursor;
    #####: 1189:   count = stbtt__buf_get16(b);
    %%%%%: 1189-block  0
call    0 never executed
    #####: 1190:   if (count) {
branch  0 never executed
branch  1 never executed
    #####: 1191:      offsize = stbtt__buf_get8(b);
    %%%%%: 1191-block  0
call    0 never executed
    #####: 1192:      STBTT_assert(offsize >= 1 && offsize <= 4);
branch  0 never executed
branch  1 never executed
    %%%%%: 1192-block  0
branch  2 never executed
branch  3 never executed
    %%%%%: 1192-block  1
call    4 never executed
    %%%%%: 1192-block  2
    #####: 1193:      stbtt__buf_skip(b, offsize * count);
    %%%%%: 1193-block  0
call    0 never executed
    #####: 1194:      stbtt__buf_skip(b, stbtt__buf_get(b, offsize) - 1);
call    0 never executed
call    1 never executed
        -: 1195:   }
    #####: 1196:   return stbtt__buf_range(b, start, b->cursor - start);
    %%%%%: 1196-block  0
call    0 never executed
        -: 1197:}
        -: 1198:
function stbtt__cff_int called 0 returned 0% blocks executed 0%
    #####: 1199:static stbtt_uint32 stbtt__cff_int(stbtt__buf *b)
        -: 1200:{
    #####: 1201:   int b0 = stbtt__buf_get8(b);
    %%%%%: 1201-block  0
call    0 never executed
    #####: 1202:   if (b0 >= 32 && b0 <= 246)       return b0 - 139;
branch  0 never executed
branch  1 never executed
    %%%%%: 1202-block  0
branch  2 never executed
branch  3 never executed
    %%%%%: 1202-block  1
    #####: 1203:   else if (b0 >= 247 && b0 <= 250) return (b0 - 247)*256 + stbtt__buf_get8(b) + 108;
    %%%%%: 1203-block  0
branch  0 never executed
branch  1 never executed
    %%%%%: 1203-block  1
branch  2 never executed
branch  3 never executed
    %%%%%: 1203-block  2
call    4 never executed
    #####: 1204:   else if (b0 >= 251 && b0 <= 254) return -(b0 - 251)*256 - stbtt__buf_get8(b) - 108;
    %%%%%: 1204-block  0
branch  0 never executed
branch  1 never executed
    %%%%%: 1204-block  1
branch  2 never executed
branch  3 never executed
    %%%%%: 1204-block  2
call    4 never executed
    #####: 1205:   else if (b0 == 28)               return stbtt__buf_get16(b);
    %%%%%: 1205-block  0
branch  0 never executed
branch  1 never executed
    %%%%%: 1205-block  1
call    2 never executed
    #####: 1206:   else if (b0 == 29)               return stbtt__buf_get32(b);
    %%%%%: 1206-block  0
branch  0 never executed
branch  1 never executed
    %%%%%: 1206-block  1
call    2 never executed
    #####: 1207:   STBTT_assert(0);
    %%%%%: 1207-block  0
call    0 never executed
    #####: 1208:   return 0;
        -: 1209:}
        -: 1210:
function stbtt__cff_skip_operand called 0 returned 0% blocks executed 0%
    #####: 1211:static void stbtt__cff_skip_operand(stbtt__buf *b) {
    #####: 1212:   int v, b0 = stbtt__buf_peek8(b);
    %%%%%: 1212-block  0
call    0 never executed
    #####: 1213:   STBTT_assert(b0 >= 28);
branch  0 never executed
branch  1 never executed
    %%%%%: 1213-block  0
call    2 never executed
    %%%%%: 1213-block  1
    #####: 1214:   if (b0 == 30) {
    %%%%%: 1214-block  0
branch  0 never executed
branch  1 never executed
    #####: 1215:      stbtt__buf_skip(b, 1);
    %%%%%: 1215-block  0
call    0 never executed
    #####: 1216:      while (b->cursor < b->size) {
    %%%%%: 1216-block  0
branch  0 never executed
branch  1 never executed
    #####: 1217:         v = stbtt__buf_get8(b);
    %%%%%: 1217-block  0
call    0 never executed
    #####: 1218:         if ((v & 0xF) == 0xF || (v >> 4) == 0xF)
branch  0 never executed
branch  1 never executed
    %%%%%: 1218-block  0
branch  2 never executed
branch  3 never executed
        -: 1219:            break;
        -: 1220:      }
        -: 1221:   } else {
    #####: 1222:      stbtt__cff_int(b);
    %%%%%: 1222-block  0
call    0 never executed
        -: 1223:   }
    #####: 1224:}
        -: 1225:
function stbtt__dict_get called 0 returned 0% blocks executed 0%
    #####: 1226:static stbtt__buf stbtt__dict_get(stbtt__buf *b, int key)
        -: 1227:{
    #####: 1228:   stbtt__buf_seek(b, 0);
    %%%%%: 1228-block  0
call    0 never executed
    #####: 1229:   while (b->cursor < b->size) {
    %%%%%: 1229-block  0
branch  0 never executed
branch  1 never executed
    #####: 1230:      int start = b->cursor, end, op;
    #####: 1231:      while (stbtt__buf_peek8(b) >= 28)
    %%%%%: 1231-block  0
    %%%%%: 1231-block  1
call    0 never executed
branch  1 never executed
branch  2 never executed
    #####: 1232:         stbtt__cff_skip_operand(b);
    %%%%%: 1232-block  0
call    0 never executed
    #####: 1233:      end = b->cursor;
    #####: 1234:      op = stbtt__buf_get8(b);
    %%%%%: 1234-block  0
call    0 never executed
    #####: 1235:      if (op == 12)  op = stbtt__buf_get8(b) | 0x100;
branch  0 never executed
branch  1 never executed
    %%%%%: 1235-block  0
call    2 never executed
    #####: 1236:      if (op == key) return stbtt__buf_range(b, start, end-start);
    %%%%%: 1236-block  0
branch  0 never executed
branch  1 never executed
    %%%%%: 1236-block  1
call    2 never executed
        -: 1237:   }
    #####: 1238:   return stbtt__buf_range(b, 0, 0);
    %%%%%: 1238-block  0
call    0 never executed
[...]
    %%%%%: 4775-block  0
call    0 never executed
branch  1 never executed
branch  2 never executed
    %%%%%: 4775-block  1
call    3 never executed
branch  4 never executed
branch  5 never executed
    #####: 4776:         *length = ttUSHORT(fc+loc+8);
    %%%%%: 4776-block  0
call    0 never executed
    #####: 4777:         return (const char *) (fc+stringOffset+ttUSHORT(fc+loc+10));
call    0 never executed
        -: 4778:      }
        -: 4779:   }
    #####: 4780:   return NULL;
    %%%%%: 4780-block  0
        -: 4781:}
        -: 4782:
function stbtt__matchpair called 0 returned 0% blocks executed 0%
    #####: 4783:static int stbtt__matchpair(stbtt_uint8 *fc, stbtt_uint32 nm, stbtt_uint8 *name, stbtt_int32 nlen, stbtt_int32 target_id, stbtt_int32 next_id)
        -: 4784:{
        -: 4785:   stbtt_int32 i;
    #####: 4786:   stbtt_int32 count = ttUSHORT(fc+nm+2);
    %%%%%: 4786-block  0
call    0 never executed
    #####: 4787:   stbtt_int32 stringOffset = nm + ttUSHORT(fc+nm+4);
call    0 never executed
        -: 4788:
    #####: 4789:   for (i=0; i < count; ++i) {
    %%%%%: 4789-block  0
    %%%%%: 4789-block  1
branch  0 never executed
branch  1 never executed
    #####: 4790:      stbtt_uint32 loc = nm + 6 + 12 * i;
    #####: 4791:      stbtt_int32 id = ttUSHORT(fc+loc+6);
    %%%%%: 4791-block  0
call    0 never executed
    #####: 4792:      if (id == target_id) {
branch  0 never executed
branch  1 never executed
        -: 4793:         // find the encoding
    #####: 4794:         stbtt_int32 platform = ttUSHORT(fc+loc+0), encoding = ttUSHORT(fc+loc+2), language = ttUSHORT(fc+loc+4);
    %%%%%: 4794-block  0
call    0 never executed
call    1 never executed
call    2 never executed
        -: 4795:
        -: 4796:         // is this a Unicode encoding?
    #####: 4797:         if (platform == 0 || (platform == 3 && encoding == 1) || (platform == 3 && encoding == 10)) {
branch  0 never executed
branch  1 never executed
    %%%%%: 4797-block  0
branch  2 never executed
branch  3 never executed
    %%%%%: 4797-block  1
branch  4 never executed
branch  5 never executed
    %%%%%: 4797-block  2
branch  6 never executed
branch  7 never executed
    %%%%%: 4797-block  3
branch  8 never executed
branch  9 never executed
    #####: 4798:            stbtt_int32 slen = ttUSHORT(fc+loc+8);
    %%%%%: 4798-block  0
call    0 never executed
    #####: 4799:            stbtt_int32 off = ttUSHORT(fc+loc+10);
call    0 never executed
        -: 4800:
        -: 4801:            // check if there's a prefix match
    #####: 4802:            stbtt_int32 matchlen = stbtt__CompareUTF8toUTF16_bigendian_prefix(name, nlen, fc+stringOffset+off,slen);
call    0 never executed
    #####: 4803:            if (matchlen >= 0) {
branch  0 never executed
branch  1 never executed
        -: 4804:               // check for target_id+1 immediately following, with same encoding & language
    #####: 4805:               if (i+1 < count && ttUSHORT(fc+loc+12+6) == next_id && ttUSHORT(fc+loc+12) == platform && ttUSHORT(fc+loc+12+2) == encoding && ttUSHORT(fc+loc+12+4) == language) {
    %%%%%: 4805-block  0
branch  0 never executed
branch  1 never executed
    %%%%%: 4805-block  1
call    2 never executed
branch  3 never executed
branch  4 never executed
    %%%%%: 4805-block  2
call    5 never executed
branch  6 never executed
branch  7 never executed
    %%%%%: 4805-block  3
call    8 never executed
branch  9 never executed
branch 10 never executed
    %%%%%: 4805-block  4
call   11 never executed
branch 12 never executed
branch 13 never executed
    #####: 4806:                  slen = ttUSHORT(fc+loc+12+8);
    %%%%%: 4806-block  0
call    0 never executed
    #####: 4807:                  off = ttUSHORT(fc+loc+12+10);
call    0 never executed
    #####: 4808:                  if (slen == 0) {
branch  0 never executed
branch  1 never executed
    #####: 4809:                     if (matchlen == nlen)
    %%%%%: 4809-block  0
branch  0 never executed
branch  1 never executed
    #####: 4810:                        return 1;
    %%%%%: 4810-block  0
    #####: 4811:                  } else if (matchlen < nlen && name[matchlen] == ' ') {
    %%%%%: 4811-block  0
branch  0 never executed
branch  1 never executed
    %%%%%: 4811-block  1
branch  2 never executed
branch  3 never executed
    #####: 4812:                     ++matchlen;
    #####: 4813:                     if (stbtt_CompareUTF8toUTF16_bigendian_internal((char*) (name+matchlen), nlen-matchlen, (char*)(fc+stringOffset+off),slen))
    %%%%%: 4813-block  0
call    0 never executed
branch  1 never executed
branch  2 never executed
    #####: 4814:                        return 1;
    %%%%%: 4814-block  0
        -: 4815:                  }
        -: 4816:               } else {
        -: 4817:                  // if nothing immediately following
    #####: 4818:                  if (matchlen == nlen)
    %%%%%: 4818-block  0
branch  0 never executed
branch  1 never executed
    #####: 4819:                     return 1;
    %%%%%: 4819-block  0
        -: 4820:               }
        -: 4821:            }
        -: 4822:         }
        -: 4823:
        -: 4824:         // @TODO handle other encodings
        -: 4825:      }
        -: 4826:   }
    #####: 4827:   return 0;
    %%%%%: 4827-block  0
        -: 4828:}
        -: 4829:
function stbtt__matches called 0 returned 0% blocks executed 0%
    #####: 4830:static int stbtt__matches(stbtt_uint8 *fc, stbtt_uint32 offset, stbtt_uint8 *name, stbtt_int32 flags)
        -: 4831:{
    #####: 4832:   stbtt_int32 nlen = (stbtt_int32) STBTT_strlen((char *) name);
        -: 4833:   stbtt_uint32 nm,hd;
    #####: 4834:   if (!stbtt__isfont(fc+offset)) return 0;
    %%%%%: 4834-block  0
call    0 never executed
branch  1 never executed
branch  2 never executed
    %%%%%: 4834-block  1
        -: 4835:
        -: 4836:   // check italics/bold/underline flags in macStyle...
    #####: 4837:   if (flags) {
    %%%%%: 4837-block  0
branch  0 never executed
branch  1 never executed
    #####: 4838:      hd = stbtt__find_table(fc, offset, "head");
    %%%%%: 4838-block  0
call    0 never executed
    #####: 4839:      if ((ttUSHORT(fc+hd+44) & 7) != (flags & 7)) return 0;
call    0 never executed
branch  1 never executed
branch  2 never executed
    %%%%%: 4839-block  0
        -: 4840:   }
        -: 4841:
    #####: 4842:   nm = stbtt__find_table(fc, offset, "name");
    %%%%%: 4842-block  0
call    0 never executed
    #####: 4843:   if (!nm) return 0;
branch  0 never executed
branch  1 never executed
    %%%%%: 4843-block  0
        -: 4844:
    #####: 4845:   if (flags) {
    %%%%%: 4845-block  0
branch  0 never executed
branch  1 never executed
        -: 4846:      // if we checked the macStyle flags, then just check the family and ignore the subfamily
    #####: 4847:      if (stbtt__matchpair(fc, nm, name, nlen, 16, -1))  return 1;
    %%%%%: 4847-block  0
call    0 never executed
branch  1 never executed
branch  2 never executed
    %%%%%: 4847-block  1
    #####: 4848:      if (stbtt__matchpair(fc, nm, name, nlen,  1, -1))  return 1;
    %%%%%: 4848-block  0
call    0 never executed
branch  1 never executed
branch  2 never executed
    %%%%%: 4848-block  1
    #####: 4849:      if (stbtt__matchpair(fc, nm, name, nlen,  3, -1))  return 1;
    %%%%%: 4849-block  0
call    0 never executed
branch  1 never executed
branch  2 never executed
    %%%%%: 4849-block  1
        -: 4850:   } else {
    #####: 4851:      if (stbtt__matchpair(fc, nm, name, nlen, 16, 17))  return 1;
    %%%%%: 4851-block  0
call    0 never executed
branch  1 never executed
branch  2 never executed
    %%%%%: 4851-block  1
    #####: 4852:      if (stbtt__matchpair(fc, nm, name, nlen,  1,  2))  return 1;
    %%%%%: 4852-block  0
call    0 never executed
branch  1 never executed
branch  2 never executed
    %%%%%: 4852-block  1
    #####: 4853:      if (stbtt__matchpair(fc, nm, name, nlen,  3, -1))  return 1;
    %%%%%: 4853-block  0
call    0 never executed
branch  1 never executed
branch  2 never executed
    %%%%%: 4853-block  1
        -: 4854:   }
        -: 4855:
    #####: 4856:   return 0;
    %%%%%: 4856-block  0
        -: 4857:}
        -: 4858:
function stbtt_FindMatchingFont_internal called 0 returned 0% blocks executed 0%
    #####: 4859:static int stbtt_FindMatchingFont_internal(unsigned char *font_collection, char *name_utf8, stbtt_int32 flags)
        -: 4860:{
        -: 4861:   stbtt_int32 i;
    #####: 4862:   for (i=0;;++i) {
    %%%%%: 4862-block  0
    %%%%%: 4862-block  1
    #####: 4863:      stbtt_int32 off = stbtt_GetFontOffsetForIndex(font_collection, i);
    %%%%%: 4863-block  0
call    0 never executed
    #####: 4864:      if (off < 0) return off;
branch  0 never executed
branch  1 never executed
    %%%%%: 4864-block  0
    #####: 4865:      if (stbtt__matches((stbtt_uint8 *) font_collection, off, (stbtt_uint8*) name_utf8, flags))
    %%%%%: 4865-block  0
call    0 never executed
branch  1 never executed
branch  2 never executed
    #####: 4866:         return off;
    %%%%%: 4866-block  0
        -: 4867:   }
        -: 4868:}
        -: 4869:
        -: 4870:#if defined(__GNUC__) || defined(__clang__)
        -: 4871:#pragma GCC diagnostic push
        -: 4872:#pragma GCC diagnostic ignored "-Wcast-qual"
        -: 4873:#endif
        -: 4874:
function stbtt_BakeFontBitmap called 0 returned 0% blocks executed 0%
    #####: 4875:STBTT_DEF int stbtt_BakeFontBitmap(const unsigned char *data, int offset,
        -: 4876:                                float pixel_height, unsigned char *pixels, int pw, int ph,
        -: 4877:                                int first_char, int num_chars, stbtt_bakedchar *chardata)
        -: 4878:{
    #####: 4879:   return stbtt_BakeFontBitmap_internal((unsigned char *) data, offset, pixel_height, pixels, pw, ph, first_char, num_chars, chardata);
    %%%%%: 4879-block  0
call    0 never executed
        -: 4880:}
        -: 4881:
function stbtt_GetFontOffsetForIndex called 0 returned 0% blocks executed 0%
    #####: 4882:STBTT_DEF int stbtt_GetFontOffsetForIndex(const unsigned char *data, int index)
        -: 4883:{
    #####: 4884:   return stbtt_GetFontOffsetForIndex_internal((unsigned char *) data, index);
    %%%%%: 4884-block  0
call    0 never executed
        -: 4885:}
        -: 4886:
function stbtt_GetNumberOfFonts called 0 returned 0% blocks executed 0%
    #####: 4887:STBTT_DEF int stbtt_GetNumberOfFonts(const unsigned char *data)
        -: 4888:{
    #####: 4889:   return stbtt_GetNumberOfFonts_internal((unsigned char *) data);
    %%%%%: 4889-block  0
call    0 never executed
        -: 4890:}
        -: 4891:
function stbtt_InitFont called 0 returned 0% blocks executed 0%
    #####: 4892:STBTT_DEF int stbtt_InitFont(stbtt_fontinfo *info, const unsigned char *data, int offset)
        -: 4893:{
    #####: 4894:   return stbtt_InitFont_internal(info, (unsigned char *) data, offset);
    %%%%%: 4894-block  0
call    0 never executed
        -: 4895:}
        -: 4896:
function stbtt_FindMatchingFont called 0 returned 0% blocks executed 0%
    #####: 4897:STBTT_DEF int stbtt_FindMatchingFont(const unsigned char *fontdata, const char *name, int flags)
        -: 4898:{
    #####: 4899:   return stbtt_FindMatchingFont_internal((unsigned char *) fontdata, (char *) name, flags);
    %%%%%: 4899-block  0
call    0 never executed
        -: 4900:}
        -: 4901:
function stbtt_CompareUTF8toUTF16_bigendian called 0 returned 0% blocks executed 0%
    #####: 4902:STBTT_DEF int stbtt_CompareUTF8toUTF16_bigendian(const char *s1, int len1, const char *s2, int len2)
        -: 4903:{
    #####: 4904:   return stbtt_CompareUTF8toUTF16_bigendian_internal((char *) s1, len1, (char *) s2, len2);
    %%%%%: 4904-block  0
call    0 never executed
        -: 4905:}
        -: 4906:
        -: 4907:#if defined(__GNUC__) || defined(__clang__)
        -: 4908:#pragma GCC diagnostic pop
        -: 4909:#endif
        -: 4910:
        -: 4911:#endif // STB_TRUETYPE_IMPLEMENTATION
        -: 4912:
        -: 4913:
        -: 4914:// FULL VERSION HISTORY
        -: 4915://
        -: 4916://   1.19 (2018-02-11) OpenType GPOS kerning (horizontal only), STBTT_fmod
        -: 4917://   1.18 (2018-01-29) add missing function
        -: 4918://   1.17 (2017-07-23) make more arguments const; doc fix
        -: 4919://   1.16 (2017-07-12) SDF support
        -: 4920://   1.15 (2017-03-03) make more arguments const
        -: 4921://   1.14 (2017-01-16) num-fonts-in-TTC function
        -: 4922://   1.13 (2017-01-02) support OpenType fonts, certain Apple fonts
        -: 4923://   1.12 (2016-10-25) suppress warnings about casting away const with -Wcast-qual
        -: 4924://   1.11 (2016-04-02) fix unused-variable warning
        -: 4925://   1.10 (2016-04-02) allow user-defined fabs() replacement
        -: 4926://                     fix memory leak if fontsize=0.0
        -: 4927://                     fix warning from duplicate typedef
        -: 4928://   1.09 (2016-01-16) warning fix; avoid crash on outofmem; use alloc userdata for PackFontRanges
        -: 4929://   1.08 (2015-09-13) document stbtt_Rasterize(); fixes for vertical & horizontal edges
        -: 4930://   1.07 (2015-08-01) allow PackFontRanges to accept arrays of sparse codepoints;
        -: 4931://                     allow PackFontRanges to pack and render in separate phases;
        -: 4932://                     fix stbtt_GetFontOFfsetForIndex (never worked for non-0 input?);
        -: 4933://                     fixed an assert() bug in the new rasterizer
        -: 4934://                     replace assert() with STBTT_assert() in new rasterizer
        -: 4935://   1.06 (2015-07-14) performance improvements (~35% faster on x86 and x64 on test machine)
        -: 4936://                     also more precise AA rasterizer, except if shapes overlap
        -: 4937://                     remove need for STBTT_sort
        -: 4938://   1.05 (2015-04-15) fix misplaced definitions for STBTT_STATIC
        -: 4939://   1.04 (2015-04-15) typo in example
        -: 4940://   1.03 (2015-04-12) STBTT_STATIC, fix memory leak in new packing, various fixes
        -: 4941://   1.02 (2014-12-10) fix various warnings & compile issues w/ stb_rect_pack, C++
        -: 4942://   1.01 (2014-12-08) fix subpixel position when oversampling to exactly match
        -: 4943://                        non-oversampled; STBTT_POINT_SIZE for packed case only
        -: 4944://   1.00 (2014-12-06) add new PackBegin etc. API, w/ support for oversampling
        -: 4945://   0.99 (2014-09-18) fix multiple bugs with subpixel rendering (ryg)
        -: 4946://   0.9  (2014-08-07) support certain mac/iOS fonts without an MS platformID
        -: 4947://   0.8b (2014-07-07) fix a warning
        -: 4948://   0.8  (2014-05-25) fix a few more warnings
        -: 4949://   0.7  (2013-09-25) bugfix: subpixel glyph bug fixed in 0.5 had come back
        -: 4950://   0.6c (2012-07-24) improve documentation
        -: 4951://   0.6b (2012-07-20) fix a few more warnings
        -: 4952://   0.6  (2012-07-17) fix warnings; added stbtt_ScaleForMappingEmToPixels,
        -: 4953://                        stbtt_GetFontBoundingBox, stbtt_IsGlyphEmpty
        -: 4954://   0.5  (2011-12-09) bugfixes:
        -: 4955://                        subpixel glyph renderer computed wrong bounding box
        -: 4956://                        first vertex of shape can be off-curve (FreeSans)
        -: 4957://   0.4b (2011-12-03) fixed an error in the font baking example
        -: 4958://   0.4  (2011-12-01) kerning, subpixel rendering (tor)
        -: 4959://                    bugfixes for:
        -: 4960://                        codepoint-to-glyph conversion using table fmt=12
        -: 4961://                        codepoint-to-glyph conversion using table fmt=4
        -: 4962://                        stbtt_GetBakedQuad with non-square texture (Zer)
        -: 4963://                    updated Hello World! sample to use kerning and subpixel
        -: 4964://                    fixed some warnings
        -: 4965://   0.3  (2009-06-24) cmap fmt=12, compound shapes (MM)
        -: 4966://                    userdata, malloc-from-userdata, non-zero fill (stb)
        -: 4967://   0.2  (2009-03-11) Fix unsigned/signed char warnings
        -: 4968://   0.1  (2009-03-09) First public release
        -: 4969://
        -: 4970:
        -: 4971:/*
        -: 4972:------------------------------------------------------------------------------
        -: 4973:This software is available under 2 licenses -- choose whichever you prefer.
        -: 4974:------------------------------------------------------------------------------
        -: 4975:ALTERNATIVE A - MIT License
        -: 4976:Copyright (c) 2017 Sean Barrett
        -: 4977:Permission is hereby granted, free of charge, to any person obtaining a copy of
        -: 4978:this software and associated documentation files (the "Software"), to deal in
        -: 4979:the Software without restriction, including without limitation the rights to
        -: 4980:use, copy, modify, merge, publish, distribute, sublicense, and/or sell copies
        -: 4981:of the Software, and to permit persons to whom the Software is furnished to do
        -: 4982:so, subject to the following conditions:
        -: 4983:The above copyright notice and this permission notice shall be included in all
        -: 4984:copies or substantial portions of the Software.
        -: 4985:THE SOFTWARE IS PROVIDED "AS IS", WITHOUT WARRANTY OF ANY KIND, EXPRESS OR
        -: 4986:IMPLIED, INCLUDING BUT NOT LIMITED TO THE WARRANTIES OF MERCHANTABILITY,
        -: 4987:FITNESS FOR A PARTICULAR PURPOSE AND NONINFRINGEMENT. IN NO EVENT SHALL THE
        -: 4988:AUTHORS OR COPYRIGHT HOLDERS BE LIABLE FOR ANY CLAIM, DAMAGES OR OTHER
        -: 4989:LIABILITY, WHETHER IN AN ACTION OF CONTRACT, TORT OR OTHERWISE, ARISING FROM,
        -: 4990:OUT OF OR IN CONNECTION WITH THE SOFTWARE OR THE USE OR OTHER DEALINGS IN THE
        -: 4991:SOFTWARE.
        -: 4992:------------------------------------------------------------------------------
        -: 4993:ALTERNATIVE B - Public Domain (www.unlicense.org)
        -: 4994:This is free and unencumbered software released into the public domain.
        -: 4995:Anyone is free to copy, modify, publish, use, compile, sell, or distribute this
        -: 4996:software, either in source code form or as a compiled binary, for any purpose,
        -: 4997:commercial or non-commercial, and by any means.
        -: 4998:In jurisdictions that recognize copyright laws, the author or authors of this
        -: 4999:software dedicate any and all copyright interest in the software to the public
        -: 5000:domain. We make this dedication for the benefit of the public at large and to
        -: 5001:the detriment of our heirs and successors. We intend this dedication to be an
        -: 5002:overt act of relinquishment in perpetuity of all present and future rights to
        -: 5003:this software under copyright law.
        -: 5004:THE SOFTWARE IS PROVIDED "AS IS", WITHOUT WARRANTY OF ANY KIND, EXPRESS OR
        -: 5005:IMPLIED, INCLUDING BUT NOT LIMITED TO THE WARRANTIES OF MERCHANTABILITY,
        -: 5006:FITNESS FOR A PARTICULAR PURPOSE AND NONINFRINGEMENT. IN NO EVENT SHALL THE
        -: 5007:AUTHORS BE LIABLE FOR ANY CLAIM, DAMAGES OR OTHER LIABILITY, WHETHER IN AN
        -: 5008:ACTION OF CONTRACT, TORT OR OTHERWISE, ARISING FROM, OUT OF OR IN CONNECTION
        -: 5009:WITH THE SOFTWARE OR THE USE OR OTHER DEALINGS IN THE SOFTWARE.
        -: 5010:------------------------------------------------------------------------------
        -: 5011:*/
