        -:    0:Source:C:/Dev/CLionProjects/Snake-raylib/cmake-build-debug-coverage/_deps/raylib-src/src/external/stb_image.h
        -:    0:Graph:C:\Dev\CLionProjects\Snake-raylib\cmake-build-debug-coverage\_deps\raylib-build\raylib\CMakeFiles\raylib.dir\textures.c.gcno
        -:    0:Data:C:\Dev\CLionProjects\Snake-raylib\cmake-build-debug-coverage\_deps\raylib-build\raylib\CMakeFiles\raylib.dir\textures.c.gcda
        -:    0:Runs:1
        -:    1:/* stb_image - v2.26 - public domain image loader - http://nothings.org/stb
        -:    2:                                  no warranty implied; use at your own risk
        -:    3:
        -:    4:   Do this:
        -:    5:      #define STB_IMAGE_IMPLEMENTATION
        -:    6:   before you include this file in *one* C or C++ file to create the implementation.
        -:    7:
        -:    8:   // i.e. it should look like this:
        -:    9:   #include ...
        -:   10:   #include ...
        -:   11:   #include ...
        -:   12:   #define STB_IMAGE_IMPLEMENTATION
        -:   13:   #include "stb_image.h"
        -:   14:
        -:   15:   You can #define STBI_ASSERT(x) before the #include to avoid using assert.h.
        -:   16:   And #define STBI_MALLOC, STBI_REALLOC, and STBI_FREE to avoid using malloc,realloc,free
        -:   17:
        -:   18:
        -:   19:   QUICK NOTES:
        -:   20:      Primarily of interest to game developers and other people who can
        -:   21:          avoid problematic images and only need the trivial interface
        -:   22:
        -:   23:      JPEG baseline & progressive (12 bpc/arithmetic not supported, same as stock IJG lib)
        -:   24:      PNG 1/2/4/8/16-bit-per-channel
        -:   25:
        -:   26:      TGA (not sure what subset, if a subset)
        -:   27:      BMP non-1bpp, non-RLE
        -:   28:      PSD (composited view only, no extra channels, 8/16 bit-per-channel)
        -:   29:
        -:   30:      GIF (*comp always reports as 4-channel)
        -:   31:      HDR (radiance rgbE format)
        -:   32:      PIC (Softimage PIC)
        -:   33:      PNM (PPM and PGM binary only)
        -:   34:
        -:   35:      Animated GIF still needs a proper API, but here's one way to do it:
        -:   36:          http://gist.github.com/urraka/685d9a6340b26b830d49
        -:   37:
        -:   38:      - decode from memory or through FILE (define STBI_NO_STDIO to remove code)
        -:   39:      - decode from arbitrary I/O callbacks
        -:   40:      - SIMD acceleration on x86/x64 (SSE2) and ARM (NEON)
        -:   41:
        -:   42:   Full documentation under "DOCUMENTATION" below.
        -:   43:
        -:   44:
        -:   45:LICENSE
        -:   46:
        -:   47:  See end of file for license information.
        -:   48:
        -:   49:RECENT REVISION HISTORY:
        -:   50:
        -:   51:      2.26  (2020-07-13) many minor fixes
        -:   52:      2.25  (2020-02-02) fix warnings
        -:   53:      2.24  (2020-02-02) fix warnings; thread-local failure_reason and flip_vertically
        -:   54:      2.23  (2019-08-11) fix clang static analysis warning
        -:   55:      2.22  (2019-03-04) gif fixes, fix warnings
        -:   56:      2.21  (2019-02-25) fix typo in comment
        -:   57:      2.20  (2019-02-07) support utf8 filenames in Windows; fix warnings and platform ifdefs
        -:   58:      2.19  (2018-02-11) fix warning
        -:   59:      2.18  (2018-01-30) fix warnings
        -:   60:      2.17  (2018-01-29) bugfix, 1-bit BMP, 16-bitness query, fix warnings
        -:   61:      2.16  (2017-07-23) all functions have 16-bit variants; optimizations; bugfixes
        -:   62:      2.15  (2017-03-18) fix png-1,2,4; all Imagenet JPGs; no runtime SSE detection on GCC
        -:   63:      2.14  (2017-03-03) remove deprecated STBI_JPEG_OLD; fixes for Imagenet JPGs
        -:   64:      2.13  (2016-12-04) experimental 16-bit API, only for PNG so far; fixes
        -:   65:      2.12  (2016-04-02) fix typo in 2.11 PSD fix that caused crashes
        -:   66:      2.11  (2016-04-02) 16-bit PNGS; enable SSE2 in non-gcc x64
        -:   67:                         RGB-format JPEG; remove white matting in PSD;
        -:   68:                         allocate large structures on the stack;
        -:   69:                         correct channel count for PNG & BMP
        -:   70:      2.10  (2016-01-22) avoid warning introduced in 2.09
        -:   71:      2.09  (2016-01-16) 16-bit TGA; comments in PNM files; STBI_REALLOC_SIZED
        -:   72:
        -:   73:   See end of file for full revision history.
        -:   74:
        -:   75:
        -:   76: ============================    Contributors    =========================
        -:   77:
        -:   78: Image formats                          Extensions, features
        -:   79:    Sean Barrett (jpeg, png, bmp)          Jetro Lauha (stbi_info)
        -:   80:    Nicolas Schulz (hdr, psd)              Martin "SpartanJ" Golini (stbi_info)
        -:   81:    Jonathan Dummer (tga)                  James "moose2000" Brown (iPhone PNG)
        -:   82:    Jean-Marc Lienher (gif)                Ben "Disch" Wenger (io callbacks)
        -:   83:    Tom Seddon (pic)                       Omar Cornut (1/2/4-bit PNG)
        -:   84:    Thatcher Ulrich (psd)                  Nicolas Guillemot (vertical flip)
        -:   85:    Ken Miller (pgm, ppm)                  Richard Mitton (16-bit PSD)
        -:   86:    github:urraka (animated gif)           Junggon Kim (PNM comments)
        -:   87:    Christopher Forseth (animated gif)     Daniel Gibson (16-bit TGA)
        -:   88:                                           socks-the-fox (16-bit PNG)
        -:   89:                                           Jeremy Sawicki (handle all ImageNet JPGs)
        -:   90: Optimizations & bugfixes                  Mikhail Morozov (1-bit BMP)
        -:   91:    Fabian "ryg" Giesen                    Anael Seghezzi (is-16-bit query)
        -:   92:    Arseny Kapoulkine
        -:   93:    John-Mark Allen
        -:   94:    Carmelo J Fdez-Aguera
        -:   95:
        -:   96: Bug & warning fixes
        -:   97:    Marc LeBlanc            David Woo          Guillaume George     Martins Mozeiko
        -:   98:    Christpher Lloyd        Jerry Jansson      Joseph Thomson       Blazej Dariusz Roszkowski
        -:   99:    Phil Jordan                                Dave Moore           Roy Eltham
        -:  100:    Hayaki Saito            Nathan Reed        Won Chun
        -:  101:    Luke Graham             Johan Duparc       Nick Verigakis       the Horde3D community
        -:  102:    Thomas Ruf              Ronny Chevalier                         github:rlyeh
        -:  103:    Janez Zemva             John Bartholomew   Michal Cichon        github:romigrou
        -:  104:    Jonathan Blow           Ken Hamada         Tero Hanninen        github:svdijk
        -:  105:                            Laurent Gomila     Cort Stratton        github:snagar
        -:  106:    Aruelien Pocheville     Sergio Gonzalez    Thibault Reuille     github:Zelex
        -:  107:    Cass Everitt            Ryamond Barbiero                        github:grim210
        -:  108:    Paul Du Bois            Engin Manap        Aldo Culquicondor    github:sammyhw
        -:  109:    Philipp Wiesemann       Dale Weiler        Oriol Ferrer Mesia   github:phprus
        -:  110:    Josh Tobin                                 Matthew Gregan       github:poppolopoppo
        -:  111:    Julian Raschke          Gregory Mullen     Christian Floisand   github:darealshinji
        -:  112:    Baldur Karlsson         Kevin Schmidt      JR Smith             github:Michaelangel007
        -:  113:                            Brad Weinberger    Matvey Cherevko      [reserved]
        -:  114:    Luca Sas                Alexander Veselov  Zack Middleton       [reserved]
        -:  115:    Ryan C. Gordon          [reserved]                              [reserved]
        -:  116:                     DO NOT ADD YOUR NAME HERE
        -:  117:
        -:  118:  To add your name to the credits, pick a random blank space in the middle and fill it.
        -:  119:  80% of merge conflicts on stb PRs are due to people adding their name at the end
        -:  120:  of the credits.
        -:  121:*/
        -:  122:
        -:  123:#ifndef STBI_INCLUDE_STB_IMAGE_H
        -:  124:#define STBI_INCLUDE_STB_IMAGE_H
        -:  125:
        -:  126:// DOCUMENTATION
        -:  127://
        -:  128:// Limitations:
        -:  129://    - no 12-bit-per-channel JPEG
        -:  130://    - no JPEGs with arithmetic coding
        -:  131://    - GIF always returns *comp=4
        -:  132://
        -:  133:// Basic usage (see HDR discussion below for HDR usage):
        -:  134://    int x,y,n;
        -:  135://    unsigned char *data = stbi_load(filename, &x, &y, &n, 0);
        -:  136://    // ... process data if not NULL ...
        -:  137://    // ... x = width, y = height, n = # 8-bit components per pixel ...
        -:  138://    // ... replace '0' with '1'..'4' to force that many components per pixel
        -:  139://    // ... but 'n' will always be the number that it would have been if you said 0
        -:  140://    stbi_image_free(data)
        -:  141://
        -:  142:// Standard parameters:
        -:  143://    int *x                 -- outputs image width in pixels
        -:  144://    int *y                 -- outputs image height in pixels
        -:  145://    int *channels_in_file  -- outputs # of image components in image file
        -:  146://    int desired_channels   -- if non-zero, # of image components requested in result
        -:  147://
        -:  148:// The return value from an image loader is an 'unsigned char *' which points
        -:  149:// to the pixel data, or NULL on an allocation failure or if the image is
        -:  150:// corrupt or invalid. The pixel data consists of *y scanlines of *x pixels,
        -:  151:// with each pixel consisting of N interleaved 8-bit components; the first
        -:  152:// pixel pointed to is top-left-most in the image. There is no padding between
        -:  153:// image scanlines or between pixels, regardless of format. The number of
        -:  154:// components N is 'desired_channels' if desired_channels is non-zero, or
        -:  155:// *channels_in_file otherwise. If desired_channels is non-zero,
        -:  156:// *channels_in_file has the number of components that _would_ have been
        -:  157:// output otherwise. E.g. if you set desired_channels to 4, you will always
        -:  158:// get RGBA output, but you can check *channels_in_file to see if it's trivially
        -:  159:// opaque because e.g. there were only 3 channels in the source image.
        -:  160://
        -:  161:// An output image with N components has the following components interleaved
        -:  162:// in this order in each pixel:
        -:  163://
        -:  164://     N=#comp     components
        -:  165://       1           grey
        -:  166://       2           grey, alpha
        -:  167://       3           red, green, blue
        -:  168://       4           red, green, blue, alpha
        -:  169://
        -:  170:// If image loading fails for any reason, the return value will be NULL,
        -:  171:// and *x, *y, *channels_in_file will be unchanged. The function
        -:  172:// stbi_failure_reason() can be queried for an extremely brief, end-user
        -:  173:// unfriendly explanation of why the load failed. Define STBI_NO_FAILURE_STRINGS
        -:  174:// to avoid compiling these strings at all, and STBI_FAILURE_USERMSG to get slightly
        -:  175:// more user-friendly ones.
        -:  176://
        -:  177:// Paletted PNG, BMP, GIF, and PIC images are automatically depalettized.
        -:  178://
        -:  179:// ===========================================================================
        -:  180://
        -:  181:// UNICODE:
        -:  182://
        -:  183://   If compiling for Windows and you wish to use Unicode filenames, compile
        -:  184://   with
        -:  185://       #define STBI_WINDOWS_UTF8
        -:  186://   and pass utf8-encoded filenames. Call stbi_convert_wchar_to_utf8 to convert
        -:  187://   Windows wchar_t filenames to utf8.
        -:  188://
        -:  189:// ===========================================================================
        -:  190://
        -:  191:// Philosophy
        -:  192://
        -:  193:// stb libraries are designed with the following priorities:
        -:  194://
        -:  195://    1. easy to use
        -:  196://    2. easy to maintain
        -:  197://    3. good performance
        -:  198://
        -:  199:// Sometimes I let "good performance" creep up in priority over "easy to maintain",
        -:  200:// and for best performance I may provide less-easy-to-use APIs that give higher
        -:  201:// performance, in addition to the easy-to-use ones. Nevertheless, it's important
        -:  202:// to keep in mind that from the standpoint of you, a client of this library,
        -:  203:// all you care about is #1 and #3, and stb libraries DO NOT emphasize #3 above all.
        -:  204://
        -:  205:// Some secondary priorities arise directly from the first two, some of which
        -:  206:// provide more explicit reasons why performance can't be emphasized.
        -:  207://
        -:  208://    - Portable ("ease of use")
        -:  209://    - Small source code footprint ("easy to maintain")
        -:  210://    - No dependencies ("ease of use")
        -:  211://
        -:  212:// ===========================================================================
        -:  213://
        -:  214:// I/O callbacks
        -:  215://
        -:  216:// I/O callbacks allow you to read from arbitrary sources, like packaged
        -:  217:// files or some other source. Data read from callbacks are processed
        -:  218:// through a small internal buffer (currently 128 bytes) to try to reduce
        -:  219:// overhead.
        -:  220://
        -:  221:// The three functions you must define are "read" (reads some bytes of data),
        -:  222:// "skip" (skips some bytes of data), "eof" (reports if the stream is at the end).
        -:  223://
        -:  224:// ===========================================================================
        -:  225://
        -:  226:// SIMD support
        -:  227://
        -:  228:// The JPEG decoder will try to automatically use SIMD kernels on x86 when
        -:  229:// supported by the compiler. For ARM Neon support, you must explicitly
        -:  230:// request it.
        -:  231://
        -:  232:// (The old do-it-yourself SIMD API is no longer supported in the current
        -:  233:// code.)
        -:  234://
        -:  235:// On x86, SSE2 will automatically be used when available based on a run-time
        -:  236:// test; if not, the generic C versions are used as a fall-back. On ARM targets,
        -:  237:// the typical path is to have separate builds for NEON and non-NEON devices
        -:  238:// (at least this is true for iOS and Android). Therefore, the NEON support is
        -:  239:// toggled by a build flag: define STBI_NEON to get NEON loops.
        -:  240://
        -:  241:// If for some reason you do not want to use any of SIMD code, or if
        -:  242:// you have issues compiling it, you can disable it entirely by
        -:  243:// defining STBI_NO_SIMD.
        -:  244://
        -:  245:// ===========================================================================
        -:  246://
        -:  247:// HDR image support   (disable by defining STBI_NO_HDR)
        -:  248://
        -:  249:// stb_image supports loading HDR images in general, and currently the Radiance
        -:  250:// .HDR file format specifically. You can still load any file through the existing
        -:  251:// interface; if you attempt to load an HDR file, it will be automatically remapped
        -:  252:// to LDR, assuming gamma 2.2 and an arbitrary scale factor defaulting to 1;
        -:  253:// both of these constants can be reconfigured through this interface:
        -:  254://
        -:  255://     stbi_hdr_to_ldr_gamma(2.2f);
        -:  256://     stbi_hdr_to_ldr_scale(1.0f);
        -:  257://
        -:  258:// (note, do not use _inverse_ constants; stbi_image will invert them
        -:  259:// appropriately).
        -:  260://
        -:  261:// Additionally, there is a new, parallel interface for loading files as
        -:  262:// (linear) floats to preserve the full dynamic range:
        -:  263://
        -:  264://    float *data = stbi_loadf(filename, &x, &y, &n, 0);
        -:  265://
        -:  266:// If you load LDR images through this interface, those images will
        -:  267:// be promoted to floating point values, run through the inverse of
        -:  268:// constants corresponding to the above:
        -:  269://
        -:  270://     stbi_ldr_to_hdr_scale(1.0f);
        -:  271://     stbi_ldr_to_hdr_gamma(2.2f);
        -:  272://
        -:  273:// Finally, given a filename (or an open file or memory block--see header
        -:  274:// file for details) containing image data, you can query for the "most
        -:  275:// appropriate" interface to use (that is, whether the image is HDR or
        -:  276:// not), using:
        -:  277://
        -:  278://     stbi_is_hdr(char *filename);
        -:  279://
        -:  280:// ===========================================================================
        -:  281://
        -:  282:// iPhone PNG support:
        -:  283://
        -:  284:// By default we convert iphone-formatted PNGs back to RGB, even though
        -:  285:// they are internally encoded differently. You can disable this conversion
        -:  286:// by calling stbi_convert_iphone_png_to_rgb(0), in which case
        -:  287:// you will always just get the native iphone "format" through (which
        -:  288:// is BGR stored in RGB).
        -:  289://
        -:  290:// Call stbi_set_unpremultiply_on_load(1) as well to force a divide per
        -:  291:// pixel to remove any premultiplied alpha *only* if the image file explicitly
        -:  292:// says there's premultiplied data (currently only happens in iPhone images,
        -:  293:// and only if iPhone convert-to-rgb processing is on).
        -:  294://
        -:  295:// ===========================================================================
        -:  296://
        -:  297:// ADDITIONAL CONFIGURATION
        -:  298://
        -:  299://  - You can suppress implementation of any of the decoders to reduce
        -:  300://    your code footprint by #defining one or more of the following
        -:  301://    symbols before creating the implementation.
        -:  302://
        -:  303://        STBI_NO_JPEG
        -:  304://        STBI_NO_PNG
        -:  305://        STBI_NO_BMP
        -:  306://        STBI_NO_PSD
        -:  307://        STBI_NO_TGA
        -:  308://        STBI_NO_GIF
        -:  309://        STBI_NO_HDR
        -:  310://        STBI_NO_PIC
        -:  311://        STBI_NO_PNM   (.ppm and .pgm)
        -:  312://
        -:  313://  - You can request *only* certain decoders and suppress all other ones
        -:  314://    (this will be more forward-compatible, as addition of new decoders
        -:  315://    doesn't require you to disable them explicitly):
        -:  316://
        -:  317://        STBI_ONLY_JPEG
        -:  318://        STBI_ONLY_PNG
        -:  319://        STBI_ONLY_BMP
        -:  320://        STBI_ONLY_PSD
        -:  321://        STBI_ONLY_TGA
        -:  322://        STBI_ONLY_GIF
        -:  323://        STBI_ONLY_HDR
        -:  324://        STBI_ONLY_PIC
        -:  325://        STBI_ONLY_PNM   (.ppm and .pgm)
        -:  326://
        -:  327://   - If you use STBI_NO_PNG (or _ONLY_ without PNG), and you still
        -:  328://     want the zlib decoder to be available, #define STBI_SUPPORT_ZLIB
        -:  329://
        -:  330://  - If you define STBI_MAX_DIMENSIONS, stb_image will reject images greater
        -:  331://    than that size (in either width or height) without further processing.
        -:  332://    This is to let programs in the wild set an upper bound to prevent
        -:  333://    denial-of-service attacks on untrusted data, as one could generate a
        -:  334://    valid image of gigantic dimensions and force stb_image to allocate a
        -:  335://    huge block of memory and spend disproportionate time decoding it. By
        -:  336://    default this is set to (1 << 24), which is 16777216, but that's still
        -:  337://    very big.
        -:  338:
        -:  339:#ifndef STBI_NO_STDIO
        -:  340:#include <stdio.h>
        -:  341:#endif // STBI_NO_STDIO
        -:  342:
        -:  343:#define STBI_VERSION 1
        -:  344:
        -:  345:enum
        -:  346:{
        -:  347:   STBI_default = 0, // only used for desired_channels
        -:  348:
        -:  349:   STBI_grey       = 1,
        -:  350:   STBI_grey_alpha = 2,
        -:  351:   STBI_rgb        = 3,
        -:  352:   STBI_rgb_alpha  = 4
        -:  353:};
        -:  354:
        -:  355:#include <stdlib.h>
        -:  356:typedef unsigned char stbi_uc;
        -:  357:typedef unsigned short stbi_us;
        -:  358:
        -:  359:#ifdef __cplusplus
        -:  360:extern "C" {
        -:  361:#endif
        -:  362:
        -:  363:#ifndef STBIDEF
        -:  364:#ifdef STB_IMAGE_STATIC
        -:  365:#define STBIDEF static
        -:  366:#else
        -:  367:#define STBIDEF extern
        -:  368:#endif
        -:  369:#endif
        -:  370:
        -:  371://////////////////////////////////////////////////////////////////////////////
        -:  372://
        -:  373:// PRIMARY API - works on images of any type
        -:  374://
        -:  375:
        -:  376://
        -:  377:// load image by filename, open file, or memory buffer
        -:  378://
        -:  379:
        -:  380:typedef struct
        -:  381:{
        -:  382:   int      (*read)  (void *user,char *data,int size);   // fill 'data' with 'size' bytes.  return number of bytes actually read
        -:  383:   void     (*skip)  (void *user,int n);                 // skip the next 'n' bytes, or 'unget' the last -n bytes if negative
        -:  384:   int      (*eof)   (void *user);                       // returns nonzero if we are at end of file/data
        -:  385:} stbi_io_callbacks;
        -:  386:
        -:  387:////////////////////////////////////
        -:  388://
        -:  389:// 8-bits-per-channel interface
        -:  390://
        -:  391:
        -:  392:STBIDEF stbi_uc *stbi_load_from_memory   (stbi_uc           const *buffer, int len   , int *x, int *y, int *channels_in_file, int desired_channels);
        -:  393:STBIDEF stbi_uc *stbi_load_from_callbacks(stbi_io_callbacks const *clbk  , void *user, int *x, int *y, int *channels_in_file, int desired_channels);
        -:  394:
        -:  395:#ifndef STBI_NO_STDIO
        -:  396:STBIDEF stbi_uc *stbi_load            (char const *filename, int *x, int *y, int *channels_in_file, int desired_channels);
        -:  397:STBIDEF stbi_uc *stbi_load_from_file  (FILE *f, int *x, int *y, int *channels_in_file, int desired_channels);
        -:  398:// for stbi_load_from_file, file pointer is left pointing immediately after image
        -:  399:#endif
        -:  400:
        -:  401:#ifndef STBI_NO_GIF
        -:  402:STBIDEF stbi_uc *stbi_load_gif_from_memory(stbi_uc const *buffer, int len, int **delays, int *x, int *y, int *z, int *comp, int req_comp);
        -:  403:#endif
        -:  404:
        -:  405:#ifdef STBI_WINDOWS_UTF8
        -:  406:STBIDEF int stbi_convert_wchar_to_utf8(char *buffer, size_t bufferlen, const wchar_t* input);
        -:  407:#endif
        -:  408:
        -:  409:////////////////////////////////////
        -:  410://
        -:  411:// 16-bits-per-channel interface
        -:  412://
        -:  413:
        -:  414:STBIDEF stbi_us *stbi_load_16_from_memory   (stbi_uc const *buffer, int len, int *x, int *y, int *channels_in_file, int desired_channels);
        -:  415:STBIDEF stbi_us *stbi_load_16_from_callbacks(stbi_io_callbacks const *clbk, void *user, int *x, int *y, int *channels_in_file, int desired_channels);
        -:  416:
        -:  417:#ifndef STBI_NO_STDIO
        -:  418:STBIDEF stbi_us *stbi_load_16          (char const *filename, int *x, int *y, int *channels_in_file, int desired_channels);
        -:  419:STBIDEF stbi_us *stbi_load_from_file_16(FILE *f, int *x, int *y, int *channels_in_file, int desired_channels);
        -:  420:#endif
        -:  421:
        -:  422:////////////////////////////////////
        -:  423://
        -:  424:// float-per-channel interface
        -:  425://
        -:  426:#ifndef STBI_NO_LINEAR
        -:  427:   STBIDEF float *stbi_loadf_from_memory     (stbi_uc const *buffer, int len, int *x, int *y, int *channels_in_file, int desired_channels);
        -:  428:   STBIDEF float *stbi_loadf_from_callbacks  (stbi_io_callbacks const *clbk, void *user, int *x, int *y,  int *channels_in_file, int desired_channels);
        -:  429:
        -:  430:   #ifndef STBI_NO_STDIO
        -:  431:   STBIDEF float *stbi_loadf            (char const *filename, int *x, int *y, int *channels_in_file, int desired_channels);
        -:  432:   STBIDEF float *stbi_loadf_from_file  (FILE *f, int *x, int *y, int *channels_in_file, int desired_channels);
        -:  433:   #endif
        -:  434:#endif
        -:  435:
        -:  436:#ifndef STBI_NO_HDR
        -:  437:   STBIDEF void   stbi_hdr_to_ldr_gamma(float gamma);
        -:  438:   STBIDEF void   stbi_hdr_to_ldr_scale(float scale);
        -:  439:#endif // STBI_NO_HDR
        -:  440:
        -:  441:#ifndef STBI_NO_LINEAR
        -:  442:   STBIDEF void   stbi_ldr_to_hdr_gamma(float gamma);
        -:  443:   STBIDEF void   stbi_ldr_to_hdr_scale(float scale);
        -:  444:#endif // STBI_NO_LINEAR
        -:  445:
        -:  446:// stbi_is_hdr is always defined, but always returns false if STBI_NO_HDR
        -:  447:STBIDEF int    stbi_is_hdr_from_callbacks(stbi_io_callbacks const *clbk, void *user);
        -:  448:STBIDEF int    stbi_is_hdr_from_memory(stbi_uc const *buffer, int len);
        -:  449:#ifndef STBI_NO_STDIO
        -:  450:STBIDEF int      stbi_is_hdr          (char const *filename);
        -:  451:STBIDEF int      stbi_is_hdr_from_file(FILE *f);
        -:  452:#endif // STBI_NO_STDIO
        -:  453:
        -:  454:
        -:  455:// get a VERY brief reason for failure
        -:  456:// on most compilers (and ALL modern mainstream compilers) this is threadsafe
        -:  457:STBIDEF const char *stbi_failure_reason  (void);
        -:  458:
        -:  459:// free the loaded image -- this is just free()
        -:  460:STBIDEF void     stbi_image_free      (void *retval_from_stbi_load);
        -:  461:
        -:  462:// get image dimensions & components without fully decoding
        -:  463:STBIDEF int      stbi_info_from_memory(stbi_uc const *buffer, int len, int *x, int *y, int *comp);
        -:  464:STBIDEF int      stbi_info_from_callbacks(stbi_io_callbacks const *clbk, void *user, int *x, int *y, int *comp);
        -:  465:STBIDEF int      stbi_is_16_bit_from_memory(stbi_uc const *buffer, int len);
        -:  466:STBIDEF int      stbi_is_16_bit_from_callbacks(stbi_io_callbacks const *clbk, void *user);
        -:  467:
        -:  468:#ifndef STBI_NO_STDIO
        -:  469:STBIDEF int      stbi_info               (char const *filename,     int *x, int *y, int *comp);
        -:  470:STBIDEF int      stbi_info_from_file     (FILE *f,                  int *x, int *y, int *comp);
        -:  471:STBIDEF int      stbi_is_16_bit          (char const *filename);
        -:  472:STBIDEF int      stbi_is_16_bit_from_file(FILE *f);
        -:  473:#endif
        -:  474:
        -:  475:
        -:  476:
        -:  477:// for image formats that explicitly notate that they have premultiplied alpha,
        -:  478:// we just return the colors as stored in the file. set this flag to force
        -:  479:// unpremultiplication. results are undefined if the unpremultiply overflow.
        -:  480:STBIDEF void stbi_set_unpremultiply_on_load(int flag_true_if_should_unpremultiply);
        -:  481:
        -:  482:// indicate whether we should process iphone images back to canonical format,
        -:  483:// or just pass them through "as-is"
        -:  484:STBIDEF void stbi_convert_iphone_png_to_rgb(int flag_true_if_should_convert);
        -:  485:
        -:  486:// flip the image vertically, so the first pixel in the output array is the bottom left
        -:  487:STBIDEF void stbi_set_flip_vertically_on_load(int flag_true_if_should_flip);
        -:  488:
        -:  489:// as above, but only applies to images loaded on the thread that calls the function
        -:  490:// this function is only available if your compiler supports thread-local variables;
        -:  491:// calling it will fail to link if your compiler doesn't
        -:  492:STBIDEF void stbi_set_flip_vertically_on_load_thread(int flag_true_if_should_flip);
        -:  493:
        -:  494:// ZLIB client - used by PNG, available for other purposes
        -:  495:
        -:  496:STBIDEF char *stbi_zlib_decode_malloc_guesssize(const char *buffer, int len, int initial_size, int *outlen);
        -:  497:STBIDEF char *stbi_zlib_decode_malloc_guesssize_headerflag(const char *buffer, int len, int initial_size, int *outlen, int parse_header);
        -:  498:STBIDEF char *stbi_zlib_decode_malloc(const char *buffer, int len, int *outlen);
        -:  499:STBIDEF int   stbi_zlib_decode_buffer(char *obuffer, int olen, const char *ibuffer, int ilen);
        -:  500:
        -:  501:STBIDEF char *stbi_zlib_decode_noheader_malloc(const char *buffer, int len, int *outlen);
        -:  502:STBIDEF int   stbi_zlib_decode_noheader_buffer(char *obuffer, int olen, const char *ibuffer, int ilen);
        -:  503:
        -:  504:
        -:  505:#ifdef __cplusplus
        -:  506:}
        -:  507:#endif
        -:  508:
        -:  509://
        -:  510://
        -:  511:////   end header file   /////////////////////////////////////////////////////
        -:  512:#endif // STBI_INCLUDE_STB_IMAGE_H
        -:  513:
        -:  514:#ifdef STB_IMAGE_IMPLEMENTATION
        -:  515:
        -:  516:#if defined(STBI_ONLY_JPEG) || defined(STBI_ONLY_PNG) || defined(STBI_ONLY_BMP) \
        -:  517:  || defined(STBI_ONLY_TGA) || defined(STBI_ONLY_GIF) || defined(STBI_ONLY_PSD) \
        -:  518:  || defined(STBI_ONLY_HDR) || defined(STBI_ONLY_PIC) || defined(STBI_ONLY_PNM) \
        -:  519:  || defined(STBI_ONLY_ZLIB)
        -:  520:   #ifndef STBI_ONLY_JPEG
        -:  521:   #define STBI_NO_JPEG
        -:  522:   #endif
        -:  523:   #ifndef STBI_ONLY_PNG
        -:  524:   #define STBI_NO_PNG
        -:  525:   #endif
        -:  526:   #ifndef STBI_ONLY_BMP
        -:  527:   #define STBI_NO_BMP
        -:  528:   #endif
        -:  529:   #ifndef STBI_ONLY_PSD
        -:  530:   #define STBI_NO_PSD
        -:  531:   #endif
        -:  532:   #ifndef STBI_ONLY_TGA
        -:  533:   #define STBI_NO_TGA
        -:  534:   #endif
        -:  535:   #ifndef STBI_ONLY_GIF
        -:  536:   #define STBI_NO_GIF
        -:  537:   #endif
        -:  538:   #ifndef STBI_ONLY_HDR
        -:  539:   #define STBI_NO_HDR
        -:  540:   #endif
        -:  541:   #ifndef STBI_ONLY_PIC
        -:  542:   #define STBI_NO_PIC
        -:  543:   #endif
        -:  544:   #ifndef STBI_ONLY_PNM
        -:  545:   #define STBI_NO_PNM
        -:  546:   #endif
        -:  547:#endif
        -:  548:
        -:  549:#if defined(STBI_NO_PNG) && !defined(STBI_SUPPORT_ZLIB) && !defined(STBI_NO_ZLIB)
        -:  550:#define STBI_NO_ZLIB
        -:  551:#endif
        -:  552:
        -:  553:
        -:  554:#include <stdarg.h>
        -:  555:#include <stddef.h> // ptrdiff_t on osx
        -:  556:#include <stdlib.h>
        -:  557:#include <string.h>
        -:  558:#include <limits.h>
        -:  559:
        -:  560:#if !defined(STBI_NO_LINEAR) || !defined(STBI_NO_HDR)
        -:  561:#include <math.h>  // ldexp, pow
        -:  562:#endif
        -:  563:
        -:  564:#ifndef STBI_NO_STDIO
        -:  565:#include <stdio.h>
        -:  566:#endif
        -:  567:
        -:  568:#ifndef STBI_ASSERT
        -:  569:#include <assert.h>
        -:  570:#define STBI_ASSERT(x) assert(x)
        -:  571:#endif
        -:  572:
        -:  573:#ifdef __cplusplus
        -:  574:#define STBI_EXTERN extern "C"
        -:  575:#else
        -:  576:#define STBI_EXTERN extern
        -:  577:#endif
        -:  578:
        -:  579:
        -:  580:#ifndef _MSC_VER
        -:  581:   #ifdef __cplusplus
        -:  582:   #define stbi_inline inline
        -:  583:   #else
        -:  584:   #define stbi_inline
        -:  585:   #endif
        -:  586:#else
        -:  587:   #define stbi_inline __forceinline
        -:  588:#endif
        -:  589:
        -:  590:#ifndef STBI_NO_THREAD_LOCALS
        -:  591:   #if defined(__cplusplus) &&  __cplusplus >= 201103L
        -:  592:      #define STBI_THREAD_LOCAL       thread_local
        -:  593:   #elif defined(__GNUC__) && __GNUC__ < 5
        -:  594:      #define STBI_THREAD_LOCAL       __thread
        -:  595:   #elif defined(_MSC_VER)
        -:  596:      #define STBI_THREAD_LOCAL       __declspec(thread)
        -:  597:   #elif defined (__STDC_VERSION__) && __STDC_VERSION__ >= 201112L && !defined(__STDC_NO_THREADS__)
        -:  598:      #define STBI_THREAD_LOCAL       _Thread_local
        -:  599:   #endif
        -:  600:
        -:  601:   #ifndef STBI_THREAD_LOCAL
        -:  602:      #if defined(__GNUC__)
        -:  603:        #define STBI_THREAD_LOCAL       __thread
        -:  604:      #endif
        -:  605:   #endif
        -:  606:#endif
        -:  607:
        -:  608:#ifdef _MSC_VER
        -:  609:typedef unsigned short stbi__uint16;
        -:  610:typedef   signed short stbi__int16;
        -:  611:typedef unsigned int   stbi__uint32;
        -:  612:typedef   signed int   stbi__int32;
        -:  613:#else
        -:  614:#include <stdint.h>
        -:  615:typedef uint16_t stbi__uint16;
        -:  616:typedef int16_t  stbi__int16;
        -:  617:typedef uint32_t stbi__uint32;
        -:  618:typedef int32_t  stbi__int32;
        -:  619:#endif
        -:  620:
        -:  621:// should produce compiler error if size is wrong
        -:  622:typedef unsigned char validate_uint32[sizeof(stbi__uint32)==4 ? 1 : -1];
        -:  623:
        -:  624:#ifdef _MSC_VER
        -:  625:#define STBI_NOTUSED(v)  (void)(v)
        -:  626:#else
        -:  627:#define STBI_NOTUSED(v)  (void)sizeof(v)
        -:  628:#endif
        -:  629:
        -:  630:#ifdef _MSC_VER
        -:  631:#define STBI_HAS_LROTL
        -:  632:#endif
        -:  633:
        -:  634:#ifdef STBI_HAS_LROTL
        -:  635:   #define stbi_lrot(x,y)  _lrotl(x,y)
        -:  636:#else
        -:  637:   #define stbi_lrot(x,y)  (((x) << (y)) | ((x) >> (32 - (y))))
        -:  638:#endif
        -:  639:
        -:  640:#if defined(STBI_MALLOC) && defined(STBI_FREE) && (defined(STBI_REALLOC) || defined(STBI_REALLOC_SIZED))
        -:  641:// ok
        -:  642:#elif !defined(STBI_MALLOC) && !defined(STBI_FREE) && !defined(STBI_REALLOC) && !defined(STBI_REALLOC_SIZED)
        -:  643:// ok
        -:  644:#else
        -:  645:#error "Must define all or none of STBI_MALLOC, STBI_FREE, and STBI_REALLOC (or STBI_REALLOC_SIZED)."
        -:  646:#endif
        -:  647:
        -:  648:#ifndef STBI_MALLOC
        -:  649:#define STBI_MALLOC(sz)           malloc(sz)
        -:  650:#define STBI_REALLOC(p,newsz)     realloc(p,newsz)
        -:  651:#define STBI_FREE(p)              free(p)
        -:  652:#endif
        -:  653:
        -:  654:#ifndef STBI_REALLOC_SIZED
        -:  655:#define STBI_REALLOC_SIZED(p,oldsz,newsz) STBI_REALLOC(p,newsz)
        -:  656:#endif
        -:  657:
        -:  658:// x86/x64 detection
        -:  659:#if defined(__x86_64__) || defined(_M_X64)
        -:  660:#define STBI__X64_TARGET
        -:  661:#elif defined(__i386) || defined(_M_IX86)
        -:  662:#define STBI__X86_TARGET
        -:  663:#endif
        -:  664:
        -:  665:#if defined(__GNUC__) && defined(STBI__X86_TARGET) && !defined(__SSE2__) && !defined(STBI_NO_SIMD)
        -:  666:// gcc doesn't support sse2 intrinsics unless you compile with -msse2,
        -:  667:// which in turn means it gets to use SSE2 everywhere. This is unfortunate,
        -:  668:// but previous attempts to provide the SSE2 functions with runtime
        -:  669:// detection caused numerous issues. The way architecture extensions are
        -:  670:// exposed in GCC/Clang is, sadly, not really suited for one-file libs.
        -:  671:// New behavior: if compiled with -msse2, we use SSE2 without any
        -:  672:// detection; if not, we don't use it at all.
        -:  673:#define STBI_NO_SIMD
        -:  674:#endif
        -:  675:
        -:  676:#if defined(__MINGW32__) && defined(STBI__X86_TARGET) && !defined(STBI_MINGW_ENABLE_SSE2) && !defined(STBI_NO_SIMD)
        -:  677:// Note that __MINGW32__ doesn't actually mean 32-bit, so we have to avoid STBI__X64_TARGET
        -:  678://
        -:  679:// 32-bit MinGW wants ESP to be 16-byte aligned, but this is not in the
        -:  680:// Windows ABI and VC++ as well as Windows DLLs don't maintain that invariant.
        -:  681:// As a result, enabling SSE2 on 32-bit MinGW is dangerous when not
        -:  682:// simultaneously enabling "-mstackrealign".
        -:  683://
        -:  684:// See https://github.com/nothings/stb/issues/81 for more information.
        -:  685://
        -:  686:// So default to no SSE2 on 32-bit MinGW. If you've read this far and added
        -:  687:// -mstackrealign to your build settings, feel free to #define STBI_MINGW_ENABLE_SSE2.
        -:  688:#define STBI_NO_SIMD
        -:  689:#endif
        -:  690:
        -:  691:#if !defined(STBI_NO_SIMD) && (defined(STBI__X86_TARGET) || defined(STBI__X64_TARGET))
        -:  692:#define STBI_SSE2
        -:  693:#include <emmintrin.h>
        -:  694:
        -:  695:#ifdef _MSC_VER
        -:  696:
        -:  697:#if _MSC_VER >= 1400  // not VC6
        -:  698:#include <intrin.h> // __cpuid
        -:  699:static int stbi__cpuid3(void)
        -:  700:{
        -:  701:   int info[4];
        -:  702:   __cpuid(info,1);
        -:  703:   return info[3];
        -:  704:}
        -:  705:#else
        -:  706:static int stbi__cpuid3(void)
        -:  707:{
        -:  708:   int res;
        -:  709:   __asm {
        -:  710:      mov  eax,1
        -:  711:      cpuid
        -:  712:      mov  res,edx
        -:  713:   }
        -:  714:   return res;
        -:  715:}
        -:  716:#endif
        -:  717:
        -:  718:#define STBI_SIMD_ALIGN(type, name) __declspec(align(16)) type name
        -:  719:
        -:  720:#if !defined(STBI_NO_JPEG) && defined(STBI_SSE2)
        -:  721:static int stbi__sse2_available(void)
        -:  722:{
        -:  723:   int info3 = stbi__cpuid3();
        -:  724:   return ((info3 >> 26) & 1) != 0;
        -:  725:}
        -:  726:#endif
        -:  727:
        -:  728:#else // assume GCC-style if not VC++
        -:  729:#define STBI_SIMD_ALIGN(type, name) type name __attribute__((aligned(16)))
        -:  730:
        -:  731:#if !defined(STBI_NO_JPEG) && defined(STBI_SSE2)
        -:  732:static int stbi__sse2_available(void)
        -:  733:{
        -:  734:   // If we're even attempting to compile this on GCC/Clang, that means
        -:  735:   // -msse2 is on, which means the compiler is allowed to use SSE2
        -:  736:   // instructions at will, and so are we.
        -:  737:   return 1;
        -:  738:}
        -:  739:#endif
        -:  740:
        -:  741:#endif
        -:  742:#endif
        -:  743:
        -:  744:// ARM NEON
        -:  745:#if defined(STBI_NO_SIMD) && defined(STBI_NEON)
        -:  746:#undef STBI_NEON
        -:  747:#endif
        -:  748:
        -:  749:#ifdef STBI_NEON
        -:  750:#include <arm_neon.h>
        -:  751:// assume GCC or Clang on ARM targets
        -:  752:#define STBI_SIMD_ALIGN(type, name) type name __attribute__((aligned(16)))
        -:  753:#endif
        -:  754:
        -:  755:#ifndef STBI_SIMD_ALIGN
        -:  756:#define STBI_SIMD_ALIGN(type, name) type name
        -:  757:#endif
        -:  758:
        -:  759:#ifndef STBI_MAX_DIMENSIONS
        -:  760:#define STBI_MAX_DIMENSIONS (1 << 24)
        -:  761:#endif
        -:  762:
        -:  763:///////////////////////////////////////////////
        -:  764://
        -:  765://  stbi__context struct and start_xxx functions
        -:  766:
        -:  767:// stbi__context structure is our basic context used by all images, so it
        -:  768:// contains all the IO context, plus some basic image information
        -:  769:typedef struct
        -:  770:{
        -:  771:   stbi__uint32 img_x, img_y;
        -:  772:   int img_n, img_out_n;
        -:  773:
        -:  774:   stbi_io_callbacks io;
        -:  775:   void *io_user_data;
        -:  776:
        -:  777:   int read_from_callbacks;
        -:  778:   int buflen;
        -:  779:   stbi_uc buffer_start[128];
        -:  780:   int callback_already_read;
        -:  781:
        -:  782:   stbi_uc *img_buffer, *img_buffer_end;
        -:  783:   stbi_uc *img_buffer_original, *img_buffer_original_end;
        -:  784:} stbi__context;
        -:  785:
        -:  786:
        -:  787:static void stbi__refill_buffer(stbi__context *s);
        -:  788:
        -:  789:// initialize a memory-decode context
function stbi__start_mem called 0 returned 0% blocks executed 0%
    #####:  790:static void stbi__start_mem(stbi__context *s, stbi_uc const *buffer, int len)
        -:  791:{
    #####:  792:   s->io.read = NULL;
    #####:  793:   s->read_from_callbacks = 0;
    #####:  794:   s->callback_already_read = 0;
    #####:  795:   s->img_buffer = s->img_buffer_original = (stbi_uc *) buffer;
    #####:  796:   s->img_buffer_end = s->img_buffer_original_end = (stbi_uc *) buffer+len;
    #####:  797:}
        -:  798:
        -:  799:// initialize a callback-based context
function stbi__start_callbacks called 0 returned 0% blocks executed 0%
    #####:  800:static void stbi__start_callbacks(stbi__context *s, stbi_io_callbacks *c, void *user)
        -:  801:{
    #####:  802:   s->io = *c;
    #####:  803:   s->io_user_data = user;
    #####:  804:   s->buflen = sizeof(s->buffer_start);
    #####:  805:   s->read_from_callbacks = 1;
    #####:  806:   s->callback_already_read = 0;
    #####:  807:   s->img_buffer = s->img_buffer_original = s->buffer_start;
    #####:  808:   stbi__refill_buffer(s);
    %%%%%:  808-block  0
call    0 never executed
    #####:  809:   s->img_buffer_original_end = s->img_buffer_end;
    #####:  810:}
        -:  811:
        -:  812:#ifndef STBI_NO_STDIO
        -:  813:
function stbi__stdio_read called 0 returned 0% blocks executed 0%
    #####:  814:static int stbi__stdio_read(void *user, char *data, int size)
        -:  815:{
    #####:  816:   return (int) fread(data,1,size,(FILE*) user);
    %%%%%:  816-block  0
call    0 never executed
        -:  817:}
        -:  818:
function stbi__stdio_skip called 0 returned 0% blocks executed 0%
    #####:  819:static void stbi__stdio_skip(void *user, int n)
        -:  820:{
        -:  821:   int ch;
    #####:  822:   fseek((FILE*) user, n, SEEK_CUR);
    %%%%%:  822-block  0
call    0 never executed
    #####:  823:   ch = fgetc((FILE*) user);  /* have to read a byte to reset feof()'s flag */
call    0 never executed
    #####:  824:   if (ch != EOF) {
branch  0 never executed
branch  1 never executed
    #####:  825:      ungetc(ch, (FILE *) user);  /* push byte back onto stream if valid. */
    %%%%%:  825-block  0
call    0 never executed
        -:  826:   }
    #####:  827:}
        -:  828:
function stbi__stdio_eof called 0 returned 0% blocks executed 0%
    #####:  829:static int stbi__stdio_eof(void *user)
        -:  830:{
    #####:  831:   return feof((FILE*) user) || ferror((FILE *) user);
    %%%%%:  831-block  0
call    0 never executed
branch  1 never executed
branch  2 never executed
    %%%%%:  831-block  1
call    3 never executed
branch  4 never executed
branch  5 never executed
    %%%%%:  831-block  2
    %%%%%:  831-block  3
    %%%%%:  831-block  4
        -:  832:}
        -:  833:
        -:  834:static stbi_io_callbacks stbi__stdio_callbacks =
        -:  835:{
        -:  836:   stbi__stdio_read,
        -:  837:   stbi__stdio_skip,
        -:  838:   stbi__stdio_eof,
        -:  839:};
        -:  840:
function stbi__start_file called 0 returned 0% blocks executed 0%
    #####:  841:static void stbi__start_file(stbi__context *s, FILE *f)
        -:  842:{
    #####:  843:   stbi__start_callbacks(s, &stbi__stdio_callbacks, (void *) f);
    %%%%%:  843-block  0
call    0 never executed
    #####:  844:}
        -:  845:
        -:  846://static void stop_file(stbi__context *s) { }
        -:  847:
        -:  848:#endif // !STBI_NO_STDIO
        -:  849:
function stbi__rewind called 0 returned 0% blocks executed 0%
    #####:  850:static void stbi__rewind(stbi__context *s)
        -:  851:{
        -:  852:   // conceptually rewind SHOULD rewind to the beginning of the stream,
        -:  853:   // but we just rewind to the beginning of the initial buffer, because
        -:  854:   // we only use it after doing 'test', which only ever looks at at most 92 bytes
    #####:  855:   s->img_buffer = s->img_buffer_original;
    #####:  856:   s->img_buffer_end = s->img_buffer_original_end;
    #####:  857:}
        -:  858:
        -:  859:enum
        -:  860:{
        -:  861:   STBI_ORDER_RGB,
        -:  862:   STBI_ORDER_BGR
        -:  863:};
        -:  864:
        -:  865:typedef struct
        -:  866:{
        -:  867:   int bits_per_channel;
        -:  868:   int num_channels;
        -:  869:   int channel_order;
        -:  870:} stbi__result_info;
        -:  871:
        -:  872:#ifndef STBI_NO_JPEG
        -:  873:static int      stbi__jpeg_test(stbi__context *s);
        -:  874:static void    *stbi__jpeg_load(stbi__context *s, int *x, int *y, int *comp, int req_comp, stbi__result_info *ri);
        -:  875:static int      stbi__jpeg_info(stbi__context *s, int *x, int *y, int *comp);
        -:  876:#endif
        -:  877:
        -:  878:#ifndef STBI_NO_PNG
        -:  879:static int      stbi__png_test(stbi__context *s);
        -:  880:static void    *stbi__png_load(stbi__context *s, int *x, int *y, int *comp, int req_comp, stbi__result_info *ri);
        -:  881:static int      stbi__png_info(stbi__context *s, int *x, int *y, int *comp);
        -:  882:static int      stbi__png_is16(stbi__context *s);
        -:  883:#endif
        -:  884:
        -:  885:#ifndef STBI_NO_BMP
        -:  886:static int      stbi__bmp_test(stbi__context *s);
        -:  887:static void    *stbi__bmp_load(stbi__context *s, int *x, int *y, int *comp, int req_comp, stbi__result_info *ri);
        -:  888:static int      stbi__bmp_info(stbi__context *s, int *x, int *y, int *comp);
        -:  889:#endif
        -:  890:
        -:  891:#ifndef STBI_NO_TGA
        -:  892:static int      stbi__tga_test(stbi__context *s);
        -:  893:static void    *stbi__tga_load(stbi__context *s, int *x, int *y, int *comp, int req_comp, stbi__result_info *ri);
        -:  894:static int      stbi__tga_info(stbi__context *s, int *x, int *y, int *comp);
        -:  895:#endif
        -:  896:
        -:  897:#ifndef STBI_NO_PSD
        -:  898:static int      stbi__psd_test(stbi__context *s);
        -:  899:static void    *stbi__psd_load(stbi__context *s, int *x, int *y, int *comp, int req_comp, stbi__result_info *ri, int bpc);
        -:  900:static int      stbi__psd_info(stbi__context *s, int *x, int *y, int *comp);
        -:  901:static int      stbi__psd_is16(stbi__context *s);
        -:  902:#endif
        -:  903:
        -:  904:#ifndef STBI_NO_HDR
        -:  905:static int      stbi__hdr_test(stbi__context *s);
        -:  906:static float   *stbi__hdr_load(stbi__context *s, int *x, int *y, int *comp, int req_comp, stbi__result_info *ri);
        -:  907:static int      stbi__hdr_info(stbi__context *s, int *x, int *y, int *comp);
        -:  908:#endif
        -:  909:
        -:  910:#ifndef STBI_NO_PIC
        -:  911:static int      stbi__pic_test(stbi__context *s);
        -:  912:static void    *stbi__pic_load(stbi__context *s, int *x, int *y, int *comp, int req_comp, stbi__result_info *ri);
        -:  913:static int      stbi__pic_info(stbi__context *s, int *x, int *y, int *comp);
        -:  914:#endif
        -:  915:
        -:  916:#ifndef STBI_NO_GIF
        -:  917:static int      stbi__gif_test(stbi__context *s);
        -:  918:static void    *stbi__gif_load(stbi__context *s, int *x, int *y, int *comp, int req_comp, stbi__result_info *ri);
        -:  919:static void    *stbi__load_gif_main(stbi__context *s, int **delays, int *x, int *y, int *z, int *comp, int req_comp);
        -:  920:static int      stbi__gif_info(stbi__context *s, int *x, int *y, int *comp);
        -:  921:#endif
        -:  922:
        -:  923:#ifndef STBI_NO_PNM
        -:  924:static int      stbi__pnm_test(stbi__context *s);
        -:  925:static void    *stbi__pnm_load(stbi__context *s, int *x, int *y, int *comp, int req_comp, stbi__result_info *ri);
        -:  926:static int      stbi__pnm_info(stbi__context *s, int *x, int *y, int *comp);
        -:  927:#endif
        -:  928:
        -:  929:static
        -:  930:#ifdef STBI_THREAD_LOCAL
        -:  931:STBI_THREAD_LOCAL
        -:  932:#endif
        -:  933:const char *stbi__g_failure_reason;
        -:  934:
function stbi_failure_reason called 0 returned 0% blocks executed 0%
    #####:  935:STBIDEF const char *stbi_failure_reason(void)
        -:  936:{
    #####:  937:   return stbi__g_failure_reason;
    %%%%%:  937-block  0
        -:  938:}
        -:  939:
        -:  940:#ifndef STBI_NO_FAILURE_STRINGS
function stbi__err called 0 returned 0% blocks executed 0%
    #####:  941:static int stbi__err(const char *str)
        -:  942:{
    #####:  943:   stbi__g_failure_reason = str;
    #####:  944:   return 0;
    %%%%%:  944-block  0
        -:  945:}
        -:  946:#endif
        -:  947:
function stbi__malloc called 0 returned 0% blocks executed 0%
    #####:  948:static void *stbi__malloc(size_t size)
        -:  949:{
    #####:  950:    return STBI_MALLOC(size);
    %%%%%:  950-block  0
        -:  951:}
        -:  952:
        -:  953:// stb_image uses ints pervasively, including for offset calculations.
        -:  954:// therefore the largest decoded image size we can support with the
        -:  955:// current code, even on 64-bit targets, is INT_MAX. this is not a
        -:  956:// significant limitation for the intended use case.
        -:  957://
        -:  958:// we do, however, need to make sure our size calculations don't
        -:  959:// overflow. hence a few helper functions for size calculations that
        -:  960:// multiply integers together, making sure that they're non-negative
        -:  961:// and no overflow occurs.
        -:  962:
        -:  963:// return 1 if the sum is valid, 0 on overflow.
        -:  964:// negative terms are considered invalid.
function stbi__addsizes_valid called 0 returned 0% blocks executed 0%
    #####:  965:static int stbi__addsizes_valid(int a, int b)
        -:  966:{
    #####:  967:   if (b < 0) return 0;
    %%%%%:  967-block  0
branch  0 never executed
branch  1 never executed
    %%%%%:  967-block  1
        -:  968:   // now 0 <= b <= INT_MAX, hence also
        -:  969:   // 0 <= INT_MAX - b <= INTMAX.
        -:  970:   // And "a + b <= INT_MAX" (which might overflow) is the
        -:  971:   // same as a <= INT_MAX - b (no overflow)
    #####:  972:   return a <= INT_MAX - b;
    %%%%%:  972-block  0
        -:  973:}
        -:  974:
        -:  975:// returns 1 if the product is valid, 0 on overflow.
        -:  976:// negative factors are considered invalid.
function stbi__mul2sizes_valid called 0 returned 0% blocks executed 0%
    #####:  977:static int stbi__mul2sizes_valid(int a, int b)
        -:  978:{
    #####:  979:   if (a < 0 || b < 0) return 0;
    %%%%%:  979-block  0
branch  0 never executed
branch  1 never executed
    %%%%%:  979-block  1
branch  2 never executed
branch  3 never executed
    %%%%%:  979-block  2
    #####:  980:   if (b == 0) return 1; // mul-by-0 is always safe
    %%%%%:  980-block  0
branch  0 never executed
branch  1 never executed
    %%%%%:  980-block  1
        -:  981:   // portable way to check for no overflows in a*b
    #####:  982:   return a <= INT_MAX/b;
    %%%%%:  982-block  0
        -:  983:}
        -:  984:
        -:  985:#if !defined(STBI_NO_JPEG) || !defined(STBI_NO_PNG) || !defined(STBI_NO_TGA) || !defined(STBI_NO_HDR)
        -:  986:// returns 1 if "a*b + add" has no negative terms/factors and doesn't overflow
function stbi__mad2sizes_valid called 0 returned 0% blocks executed 0%
    #####:  987:static int stbi__mad2sizes_valid(int a, int b, int add)
        -:  988:{
    #####:  989:   return stbi__mul2sizes_valid(a, b) && stbi__addsizes_valid(a*b, add);
    %%%%%:  989-block  0
call    0 never executed
branch  1 never executed
branch  2 never executed
    %%%%%:  989-block  1
call    3 never executed
branch  4 never executed
branch  5 never executed
    %%%%%:  989-block  2
    %%%%%:  989-block  3
    %%%%%:  989-block  4
        -:  990:}
        -:  991:#endif
        -:  992:
        -:  993:// returns 1 if "a*b*c + add" has no negative terms/factors and doesn't overflow
function stbi__mad3sizes_valid called 0 returned 0% blocks executed 0%
    #####:  994:static int stbi__mad3sizes_valid(int a, int b, int c, int add)
        -:  995:{
    #####:  996:   return stbi__mul2sizes_valid(a, b) && stbi__mul2sizes_valid(a*b, c) &&
    %%%%%:  996-block  0
call    0 never executed
branch  1 never executed
branch  2 never executed
    %%%%%:  996-block  1
call    3 never executed
branch  4 never executed
branch  5 never executed
branch  6 never executed
branch  7 never executed
    %%%%%:  996-block  2
    %%%%%:  996-block  3
    %%%%%:  996-block  4
    #####:  997:      stbi__addsizes_valid(a*b*c, add);
    %%%%%:  997-block  0
call    0 never executed
        -:  998:}
        -:  999:
        -: 1000:// returns 1 if "a*b*c*d + add" has no negative terms/factors and doesn't overflow
        -: 1001:#if !defined(STBI_NO_LINEAR) || !defined(STBI_NO_HDR)
function stbi__mad4sizes_valid called 0 returned 0% blocks executed 0%
    #####: 1002:static int stbi__mad4sizes_valid(int a, int b, int c, int d, int add)
        -: 1003:{
    #####: 1004:   return stbi__mul2sizes_valid(a, b) && stbi__mul2sizes_valid(a*b, c) &&
    %%%%%: 1004-block  0
call    0 never executed
    %%%%%: 1004-block  1
call    1 never executed
branch  2 never executed
branch  3 never executed
branch  4 never executed
branch  5 never executed
    #####: 1005:      stbi__mul2sizes_valid(a*b*c, d) && stbi__addsizes_valid(a*b*c*d, add);
branch  0 never executed
branch  1 never executed
    %%%%%: 1005-block  0
call    2 never executed
    %%%%%: 1005-block  1
call    3 never executed
branch  4 never executed
branch  5 never executed
    %%%%%: 1005-block  2
    %%%%%: 1005-block  3
    %%%%%: 1005-block  4
        -: 1006:}
        -: 1007:#endif
        -: 1008:
        -: 1009:#if !defined(STBI_NO_JPEG) || !defined(STBI_NO_PNG) || !defined(STBI_NO_TGA) || !defined(STBI_NO_HDR)
        -: 1010:// mallocs with size overflow checking
function stbi__malloc_mad2 called 0 returned 0% blocks executed 0%
    #####: 1011:static void *stbi__malloc_mad2(int a, int b, int add)
        -: 1012:{
    #####: 1013:   if (!stbi__mad2sizes_valid(a, b, add)) return NULL;
    %%%%%: 1013-block  0
call    0 never executed
branch  1 never executed
branch  2 never executed
    %%%%%: 1013-block  1
    #####: 1014:   return stbi__malloc(a*b + add);
    %%%%%: 1014-block  0
call    0 never executed
        -: 1015:}
        -: 1016:#endif
        -: 1017:
function stbi__malloc_mad3 called 0 returned 0% blocks executed 0%
    #####: 1018:static void *stbi__malloc_mad3(int a, int b, int c, int add)
        -: 1019:{
    #####: 1020:   if (!stbi__mad3sizes_valid(a, b, c, add)) return NULL;
    %%%%%: 1020-block  0
call    0 never executed
branch  1 never executed
branch  2 never executed
    %%%%%: 1020-block  1
    #####: 1021:   return stbi__malloc(a*b*c + add);
    %%%%%: 1021-block  0
call    0 never executed
        -: 1022:}
        -: 1023:
        -: 1024:#if !defined(STBI_NO_LINEAR) || !defined(STBI_NO_HDR)
function stbi__malloc_mad4 called 0 returned 0% blocks executed 0%
    #####: 1025:static void *stbi__malloc_mad4(int a, int b, int c, int d, int add)
        -: 1026:{
    #####: 1027:   if (!stbi__mad4sizes_valid(a, b, c, d, add)) return NULL;
    %%%%%: 1027-block  0
call    0 never executed
branch  1 never executed
branch  2 never executed
    %%%%%: 1027-block  1
    #####: 1028:   return stbi__malloc(a*b*c*d + add);
    %%%%%: 1028-block  0
call    0 never executed
        -: 1029:}
        -: 1030:#endif
        -: 1031:
        -: 1032:// stbi__err - error
        -: 1033:// stbi__errpf - error returning pointer to float
        -: 1034:// stbi__errpuc - error returning pointer to unsigned char
        -: 1035:
        -: 1036:#ifdef STBI_NO_FAILURE_STRINGS
        -: 1037:   #define stbi__err(x,y)  0
        -: 1038:#elif defined(STBI_FAILURE_USERMSG)
        -: 1039:   #define stbi__err(x,y)  stbi__err(y)
        -: 1040:#else
        -: 1041:   #define stbi__err(x,y)  stbi__err(x)
        -: 1042:#endif
        -: 1043:
        -: 1044:#define stbi__errpf(x,y)   ((float *)(size_t) (stbi__err(x,y)?NULL:NULL))
        -: 1045:#define stbi__errpuc(x,y)  ((unsigned char *)(size_t) (stbi__err(x,y)?NULL:NULL))
        -: 1046:
function stbi_image_free called 0 returned 0% blocks executed 0%
    #####: 1047:STBIDEF void stbi_image_free(void *retval_from_stbi_load)
        -: 1048:{
    #####: 1049:   STBI_FREE(retval_from_stbi_load);
    #####: 1050:}
        -: 1051:
        -: 1052:#ifndef STBI_NO_LINEAR
        -: 1053:static float   *stbi__ldr_to_hdr(stbi_uc *data, int x, int y, int comp);
        -: 1054:#endif
        -: 1055:
        -: 1056:#ifndef STBI_NO_HDR
        -: 1057:static stbi_uc *stbi__hdr_to_ldr(float   *data, int x, int y, int comp);
        -: 1058:#endif
        -: 1059:
        -: 1060:static int stbi__vertically_flip_on_load_global = 0;
        -: 1061:
function stbi_set_flip_vertically_on_load called 0 returned 0% blocks executed 0%
    #####: 1062:STBIDEF void stbi_set_flip_vertically_on_load(int flag_true_if_should_flip)
        -: 1063:{
    #####: 1064:   stbi__vertically_flip_on_load_global = flag_true_if_should_flip;
    #####: 1065:}
        -: 1066:
        -: 1067:#ifndef STBI_THREAD_LOCAL
        -: 1068:#define stbi__vertically_flip_on_load  stbi__vertically_flip_on_load_global
        -: 1069:#else
        -: 1070:static STBI_THREAD_LOCAL int stbi__vertically_flip_on_load_local, stbi__vertically_flip_on_load_set;
        -: 1071:
function stbi_set_flip_vertically_on_load_thread called 0 returned 0% blocks executed 0%
    #####: 1072:STBIDEF void stbi_set_flip_vertically_on_load_thread(int flag_true_if_should_flip)
        -: 1073:{
    #####: 1074:   stbi__vertically_flip_on_load_local = flag_true_if_should_flip;
    #####: 1075:   stbi__vertically_flip_on_load_set = 1;
    #####: 1076:}
        -: 1077:
        -: 1078:#define stbi__vertically_flip_on_load  (stbi__vertically_flip_on_load_set       \
        -: 1079:                                         ? stbi__vertically_flip_on_load_local  \
        -: 1080:                                         : stbi__vertically_flip_on_load_global)
        -: 1081:#endif // STBI_THREAD_LOCAL
        -: 1082:
function stbi__load_main called 0 returned 0% blocks executed 0%
    #####: 1083:static void *stbi__load_main(stbi__context *s, int *x, int *y, int *comp, int req_comp, stbi__result_info *ri, int bpc)
        -: 1084:{
    #####: 1085:   memset(ri, 0, sizeof(*ri)); // make sure it's initialized if we add new fields
    #####: 1086:   ri->bits_per_channel = 8; // default is 8 so most paths don't have to be changed
    #####: 1087:   ri->channel_order = STBI_ORDER_RGB; // all current input & output are this, but this is here so we can add BGR order
    #####: 1088:   ri->num_channels = 0;
        -: 1089:
        -: 1090:   #ifndef STBI_NO_JPEG
        -: 1091:   if (stbi__jpeg_test(s)) return stbi__jpeg_load(s,x,y,comp,req_comp, ri);
        -: 1092:   #endif
        -: 1093:   #ifndef STBI_NO_PNG
    #####: 1094:   if (stbi__png_test(s))  return stbi__png_load(s,x,y,comp,req_comp, ri);
    %%%%%: 1094-block  0
call    0 never executed
branch  1 never executed
branch  2 never executed
    %%%%%: 1094-block  1
call    3 never executed
        -: 1095:   #endif
        -: 1096:   #ifndef STBI_NO_BMP
        -: 1097:   if (stbi__bmp_test(s))  return stbi__bmp_load(s,x,y,comp,req_comp, ri);
        -: 1098:   #endif
        -: 1099:   #ifndef STBI_NO_GIF
    #####: 1100:   if (stbi__gif_test(s))  return stbi__gif_load(s,x,y,comp,req_comp, ri);
    %%%%%: 1100-block  0
call    0 never executed
branch  1 never executed
branch  2 never executed
    %%%%%: 1100-block  1
call    3 never executed
        -: 1101:   #endif
        -: 1102:   #ifndef STBI_NO_PSD
        -: 1103:   if (stbi__psd_test(s))  return stbi__psd_load(s,x,y,comp,req_comp, ri, bpc);
        -: 1104:   #else
        -: 1105:   STBI_NOTUSED(bpc);
        -: 1106:   #endif
        -: 1107:   #ifndef STBI_NO_PIC
        -: 1108:   if (stbi__pic_test(s))  return stbi__pic_load(s,x,y,comp,req_comp, ri);
        -: 1109:   #endif
        -: 1110:   #ifndef STBI_NO_PNM
        -: 1111:   if (stbi__pnm_test(s))  return stbi__pnm_load(s,x,y,comp,req_comp, ri);
        -: 1112:   #endif
        -: 1113:
        -: 1114:   #ifndef STBI_NO_HDR
    #####: 1115:   if (stbi__hdr_test(s)) {
    %%%%%: 1115-block  0
call    0 never executed
branch  1 never executed
branch  2 never executed
    #####: 1116:      float *hdr = stbi__hdr_load(s, x,y,comp,req_comp, ri);
    %%%%%: 1116-block  0
call    0 never executed
    #####: 1117:      return stbi__hdr_to_ldr(hdr, *x, *y, req_comp ? req_comp : *comp);
branch  0 never executed
branch  1 never executed
    %%%%%: 1117-block  0
    %%%%%: 1117-block  1
    %%%%%: 1117-block  2
call    2 never executed
        -: 1118:   }
        -: 1119:   #endif
        -: 1120:
        -: 1121:   #ifndef STBI_NO_TGA
        -: 1122:   // test tga last because it's a crappy test!
        -: 1123:   if (stbi__tga_test(s))
        -: 1124:      return stbi__tga_load(s,x,y,comp,req_comp, ri);
        -: 1125:   #endif
        -: 1126:
    #####: 1127:   return stbi__errpuc("unknown image type", "Image not of any known type, or corrupt");
    %%%%%: 1127-block  0
call    0 never executed
        -: 1128:}
        -: 1129:
function stbi__convert_16_to_8 called 0 returned 0% blocks executed 0%
    #####: 1130:static stbi_uc *stbi__convert_16_to_8(stbi__uint16 *orig, int w, int h, int channels)
        -: 1131:{
        -: 1132:   int i;
    #####: 1133:   int img_len = w * h * channels;
        -: 1134:   stbi_uc *reduced;
        -: 1135:
    #####: 1136:   reduced = (stbi_uc *) stbi__malloc(img_len);
    %%%%%: 1136-block  0
call    0 never executed
    #####: 1137:   if (reduced == NULL) return stbi__errpuc("outofmem", "Out of memory");
branch  0 never executed
branch  1 never executed
    %%%%%: 1137-block  0
call    2 never executed
        -: 1138:
    #####: 1139:   for (i = 0; i < img_len; ++i)
    %%%%%: 1139-block  0
    %%%%%: 1139-block  1
branch  0 never executed
branch  1 never executed
    #####: 1140:      reduced[i] = (stbi_uc)((orig[i] >> 8) & 0xFF); // top half of each byte is sufficient approx of 16->8 bit scaling
    %%%%%: 1140-block  0
        -: 1141:
    #####: 1142:   STBI_FREE(orig);
    #####: 1143:   return reduced;
    %%%%%: 1143-block  0
        -: 1144:}
        -: 1145:
function stbi__convert_8_to_16 called 0 returned 0% blocks executed 0%
    #####: 1146:static stbi__uint16 *stbi__convert_8_to_16(stbi_uc *orig, int w, int h, int channels)
        -: 1147:{
        -: 1148:   int i;
    #####: 1149:   int img_len = w * h * channels;
        -: 1150:   stbi__uint16 *enlarged;
        -: 1151:
    #####: 1152:   enlarged = (stbi__uint16 *) stbi__malloc(img_len*2);
    %%%%%: 1152-block  0
call    0 never executed
    #####: 1153:   if (enlarged == NULL) return (stbi__uint16 *) stbi__errpuc("outofmem", "Out of memory");
branch  0 never executed
branch  1 never executed
    %%%%%: 1153-block  0
call    2 never executed
        -: 1154:
    #####: 1155:   for (i = 0; i < img_len; ++i)
    %%%%%: 1155-block  0
    %%%%%: 1155-block  1
branch  0 never executed
branch  1 never executed
    #####: 1156:      enlarged[i] = (stbi__uint16)((orig[i] << 8) + orig[i]); // replicate to high and low byte, maps 0->0, 255->0xffff
    %%%%%: 1156-block  0
        -: 1157:
    #####: 1158:   STBI_FREE(orig);
    #####: 1159:   return enlarged;
    %%%%%: 1159-block  0
        -: 1160:}
        -: 1161:
function stbi__vertical_flip called 0 returned 0% blocks executed 0%
    #####: 1162:static void stbi__vertical_flip(void *image, int w, int h, int bytes_per_pixel)
        -: 1163:{
        -: 1164:   int row;
    #####: 1165:   size_t bytes_per_row = (size_t)w * bytes_per_pixel;
        -: 1166:   stbi_uc temp[2048];
    #####: 1167:   stbi_uc *bytes = (stbi_uc *)image;
        -: 1168:
    #####: 1169:   for (row = 0; row < (h>>1); row++) {
    %%%%%: 1169-block  0
    %%%%%: 1169-block  1
    %%%%%: 1169-block  2
branch  0 never executed
branch  1 never executed
    #####: 1170:      stbi_uc *row0 = bytes + row*bytes_per_row;
    #####: 1171:      stbi_uc *row1 = bytes + (h - row - 1)*bytes_per_row;
        -: 1172:      // swap row0 with row1
    #####: 1173:      size_t bytes_left = bytes_per_row;
    #####: 1174:      while (bytes_left) {
    %%%%%: 1174-block  0
    %%%%%: 1174-block  1
branch  0 never executed
branch  1 never executed
    #####: 1175:         size_t bytes_copy = (bytes_left < sizeof(temp)) ? bytes_left : sizeof(temp);
    #####: 1176:         memcpy(temp, row0, bytes_copy);
    #####: 1177:         memcpy(row0, row1, bytes_copy);
    #####: 1178:         memcpy(row1, temp, bytes_copy);
    #####: 1179:         row0 += bytes_copy;
    #####: 1180:         row1 += bytes_copy;
    #####: 1181:         bytes_left -= bytes_copy;
    %%%%%: 1181-block  0
        -: 1182:      }
        -: 1183:   }
    #####: 1184:}
        -: 1185:
        -: 1186:#ifndef STBI_NO_GIF
function stbi__vertical_flip_slices called 0 returned 0% blocks executed 0%
    #####: 1187:static void stbi__vertical_flip_slices(void *image, int w, int h, int z, int bytes_per_pixel)
        -: 1188:{
        -: 1189:   int slice;
    #####: 1190:   int slice_size = w * h * bytes_per_pixel;
        -: 1191:
    #####: 1192:   stbi_uc *bytes = (stbi_uc *)image;
    #####: 1193:   for (slice = 0; slice < z; ++slice) {
    %%%%%: 1193-block  0
    %%%%%: 1193-block  1
branch  0 never executed
branch  1 never executed
    #####: 1194:      stbi__vertical_flip(bytes, w, h, bytes_per_pixel);
    %%%%%: 1194-block  0
call    0 never executed
    #####: 1195:      bytes += slice_size;
        -: 1196:   }
    #####: 1197:}
        -: 1198:#endif
        -: 1199:
function stbi__load_and_postprocess_8bit called 0 returned 0% blocks executed 0%
    #####: 1200:static unsigned char *stbi__load_and_postprocess_8bit(stbi__context *s, int *x, int *y, int *comp, int req_comp)
        -: 1201:{
        -: 1202:   stbi__result_info ri;
    #####: 1203:   void *result = stbi__load_main(s, x, y, comp, req_comp, &ri, 8);
    %%%%%: 1203-block  0
call    0 never executed
        -: 1204:
    #####: 1205:   if (result == NULL)
branch  0 never executed
branch  1 never executed
    #####: 1206:      return NULL;
    %%%%%: 1206-block  0
        -: 1207:
        -: 1208:   // it is the responsibility of the loaders to make sure we get either 8 or 16 bit.
    #####: 1209:   STBI_ASSERT(ri.bits_per_channel == 8 || ri.bits_per_channel == 16);
    %%%%%: 1209-block  0
branch  0 never executed
branch  1 never executed
    %%%%%: 1209-block  1
branch  2 never executed
branch  3 never executed
    %%%%%: 1209-block  2
call    4 never executed
    %%%%%: 1209-block  3
        -: 1210:
    #####: 1211:   if (ri.bits_per_channel != 8) {
    %%%%%: 1211-block  0
branch  0 never executed
branch  1 never executed
    #####: 1212:      result = stbi__convert_16_to_8((stbi__uint16 *) result, *x, *y, req_comp == 0 ? *comp : req_comp);
    %%%%%: 1212-block  0
branch  0 never executed
branch  1 never executed
    %%%%%: 1212-block  1
    %%%%%: 1212-block  2
    %%%%%: 1212-block  3
call    2 never executed
    #####: 1213:      ri.bits_per_channel = 8;
        -: 1214:   }
        -: 1215:
        -: 1216:   // @TODO: move stbi__convert_format to here
        -: 1217:
    #####: 1218:   if (stbi__vertically_flip_on_load) {
    %%%%%: 1218-block  0
branch  0 never executed
branch  1 never executed
    %%%%%: 1218-block  1
    %%%%%: 1218-block  2
    %%%%%: 1218-block  3
branch  2 never executed
branch  3 never executed
    #####: 1219:      int channels = req_comp ? req_comp : *comp;
    %%%%%: 1219-block  0
branch  0 never executed
branch  1 never executed
    %%%%%: 1219-block  1
    %%%%%: 1219-block  2
    #####: 1220:      stbi__vertical_flip(result, *x, *y, channels * sizeof(stbi_uc));
    %%%%%: 1220-block  0
call    0 never executed
        -: 1221:   }
        -: 1222:
    #####: 1223:   return (unsigned char *) result;
    %%%%%: 1223-block  0
        -: 1224:}
        -: 1225:
function stbi__load_and_postprocess_16bit called 0 returned 0% blocks executed 0%
    #####: 1226:static stbi__uint16 *stbi__load_and_postprocess_16bit(stbi__context *s, int *x, int *y, int *comp, int req_comp)
        -: 1227:{
        -: 1228:   stbi__result_info ri;
    #####: 1229:   void *result = stbi__load_main(s, x, y, comp, req_comp, &ri, 16);
    %%%%%: 1229-block  0
call    0 never executed
        -: 1230:
    #####: 1231:   if (result == NULL)
branch  0 never executed
branch  1 never executed
    #####: 1232:      return NULL;
    %%%%%: 1232-block  0
        -: 1233:
        -: 1234:   // it is the responsibility of the loaders to make sure we get either 8 or 16 bit.
    #####: 1235:   STBI_ASSERT(ri.bits_per_channel == 8 || ri.bits_per_channel == 16);
    %%%%%: 1235-block  0
branch  0 never executed
branch  1 never executed
    %%%%%: 1235-block  1
branch  2 never executed
branch  3 never executed
    %%%%%: 1235-block  2
call    4 never executed
    %%%%%: 1235-block  3
        -: 1236:
    #####: 1237:   if (ri.bits_per_channel != 16) {
    %%%%%: 1237-block  0
branch  0 never executed
branch  1 never executed
    #####: 1238:      result = stbi__convert_8_to_16((stbi_uc *) result, *x, *y, req_comp == 0 ? *comp : req_comp);
    %%%%%: 1238-block  0
branch  0 never executed
branch  1 never executed
    %%%%%: 1238-block  1
    %%%%%: 1238-block  2
    %%%%%: 1238-block  3
call    2 never executed
    #####: 1239:      ri.bits_per_channel = 16;
        -: 1240:   }
        -: 1241:
        -: 1242:   // @TODO: move stbi__convert_format16 to here
        -: 1243:   // @TODO: special case RGB-to-Y (and RGBA-to-YA) for 8-bit-to-16-bit case to keep more precision
        -: 1244:
    #####: 1245:   if (stbi__vertically_flip_on_load) {
    %%%%%: 1245-block  0
branch  0 never executed
branch  1 never executed
    %%%%%: 1245-block  1
    %%%%%: 1245-block  2
    %%%%%: 1245-block  3
branch  2 never executed
branch  3 never executed
    #####: 1246:      int channels = req_comp ? req_comp : *comp;
    %%%%%: 1246-block  0
branch  0 never executed
branch  1 never executed
    %%%%%: 1246-block  1
    %%%%%: 1246-block  2
    #####: 1247:      stbi__vertical_flip(result, *x, *y, channels * sizeof(stbi__uint16));
    %%%%%: 1247-block  0
call    0 never executed
        -: 1248:   }
        -: 1249:
    #####: 1250:   return (stbi__uint16 *) result;
    %%%%%: 1250-block  0
        -: 1251:}
        -: 1252:
        -: 1253:#if !defined(STBI_NO_HDR) && !defined(STBI_NO_LINEAR)
function stbi__float_postprocess called 0 returned 0% blocks executed 0%
    #####: 1254:static void stbi__float_postprocess(float *result, int *x, int *y, int *comp, int req_comp)
        -: 1255:{
    #####: 1256:   if (stbi__vertically_flip_on_load && result != NULL) {
    %%%%%: 1256-block  0
branch  0 never executed
branch  1 never executed
    %%%%%: 1256-block  1
    %%%%%: 1256-block  2
    %%%%%: 1256-block  3
branch  2 never executed
branch  3 never executed
    %%%%%: 1256-block  4
branch  4 never executed
branch  5 never executed
    #####: 1257:      int channels = req_comp ? req_comp : *comp;
    %%%%%: 1257-block  0
branch  0 never executed
branch  1 never executed
    %%%%%: 1257-block  1
    %%%%%: 1257-block  2
    #####: 1258:      stbi__vertical_flip(result, *x, *y, channels * sizeof(float));
    %%%%%: 1258-block  0
call    0 never executed
        -: 1259:   }
    #####: 1260:}
        -: 1261:#endif
        -: 1262:
        -: 1263:#ifndef STBI_NO_STDIO
        -: 1264:
        -: 1265:#if defined(_MSC_VER) && defined(STBI_WINDOWS_UTF8)
        -: 1266:STBI_EXTERN __declspec(dllimport) int __stdcall MultiByteToWideChar(unsigned int cp, unsigned long flags, const char *str, int cbmb, wchar_t *widestr, int cchwide);
        -: 1267:STBI_EXTERN __declspec(dllimport) int __stdcall WideCharToMultiByte(unsigned int cp, unsigned long flags, const wchar_t *widestr, int cchwide, char *str, int cbmb, const char *defchar, int *used_default);
        -: 1268:#endif
        -: 1269:
        -: 1270:#if defined(_MSC_VER) && defined(STBI_WINDOWS_UTF8)
        -: 1271:STBIDEF int stbi_convert_wchar_to_utf8(char *buffer, size_t bufferlen, const wchar_t* input)
        -: 1272:{
        -: 1273:	return WideCharToMultiByte(65001 /* UTF8 */, 0, input, -1, buffer, (int) bufferlen, NULL, NULL);
        -: 1274:}
        -: 1275:#endif
        -: 1276:
function stbi__fopen called 0 returned 0% blocks executed 0%
    #####: 1277:static FILE *stbi__fopen(char const *filename, char const *mode)
        -: 1278:{
        -: 1279:   FILE *f;
        -: 1280:#if defined(_MSC_VER) && defined(STBI_WINDOWS_UTF8)
        -: 1281:   wchar_t wMode[64];
        -: 1282:   wchar_t wFilename[1024];
        -: 1283:	if (0 == MultiByteToWideChar(65001 /* UTF8 */, 0, filename, -1, wFilename, sizeof(wFilename)))
        -: 1284:      return 0;
        -: 1285:
        -: 1286:	if (0 == MultiByteToWideChar(65001 /* UTF8 */, 0, mode, -1, wMode, sizeof(wMode)))
        -: 1287:      return 0;
        -: 1288:
        -: 1289:#if _MSC_VER >= 1400
        -: 1290:	if (0 != _wfopen_s(&f, wFilename, wMode))
        -: 1291:		f = 0;
        -: 1292:#else
        -: 1293:   f = _wfopen(wFilename, wMode);
        -: 1294:#endif
        -: 1295:
        -: 1296:#elif defined(_MSC_VER) && _MSC_VER >= 1400
        -: 1297:   if (0 != fopen_s(&f, filename, mode))
        -: 1298:      f=0;
        -: 1299:#else
    #####: 1300:   f = fopen(filename, mode);
    %%%%%: 1300-block  0
call    0 never executed
        -: 1301:#endif
    #####: 1302:   return f;
        -: 1303:}
        -: 1304:
        -: 1305:
function stbi_load called 0 returned 0% blocks executed 0%
    #####: 1306:STBIDEF stbi_uc *stbi_load(char const *filename, int *x, int *y, int *comp, int req_comp)
        -: 1307:{
    #####: 1308:   FILE *f = stbi__fopen(filename, "rb");
    %%%%%: 1308-block  0
call    0 never executed
        -: 1309:   unsigned char *result;
    #####: 1310:   if (!f) return stbi__errpuc("can't fopen", "Unable to open file");
branch  0 never executed
branch  1 never executed
    %%%%%: 1310-block  0
call    2 never executed
    #####: 1311:   result = stbi_load_from_file(f,x,y,comp,req_comp);
    %%%%%: 1311-block  0
call    0 never executed
    #####: 1312:   fclose(f);
call    0 never executed
    #####: 1313:   return result;
        -: 1314:}
        -: 1315:
function stbi_load_from_file called 0 returned 0% blocks executed 0%
    #####: 1316:STBIDEF stbi_uc *stbi_load_from_file(FILE *f, int *x, int *y, int *comp, int req_comp)
        -: 1317:{
        -: 1318:   unsigned char *result;
        -: 1319:   stbi__context s;
    #####: 1320:   stbi__start_file(&s,f);
    %%%%%: 1320-block  0
call    0 never executed
    #####: 1321:   result = stbi__load_and_postprocess_8bit(&s,x,y,comp,req_comp);
call    0 never executed
    #####: 1322:   if (result) {
branch  0 never executed
branch  1 never executed
        -: 1323:      // need to 'unget' all the characters in the IO buffer
    #####: 1324:      fseek(f, - (int) (s.img_buffer_end - s.img_buffer), SEEK_CUR);
    %%%%%: 1324-block  0
call    0 never executed
        -: 1325:   }
    #####: 1326:   return result;
    %%%%%: 1326-block  0
        -: 1327:}
        -: 1328:
function stbi_load_from_file_16 called 0 returned 0% blocks executed 0%
    #####: 1329:STBIDEF stbi__uint16 *stbi_load_from_file_16(FILE *f, int *x, int *y, int *comp, int req_comp)
        -: 1330:{
        -: 1331:   stbi__uint16 *result;
        -: 1332:   stbi__context s;
    #####: 1333:   stbi__start_file(&s,f);
    %%%%%: 1333-block  0
call    0 never executed
    #####: 1334:   result = stbi__load_and_postprocess_16bit(&s,x,y,comp,req_comp);
call    0 never executed
    #####: 1335:   if (result) {
branch  0 never executed
branch  1 never executed
        -: 1336:      // need to 'unget' all the characters in the IO buffer
    #####: 1337:      fseek(f, - (int) (s.img_buffer_end - s.img_buffer), SEEK_CUR);
    %%%%%: 1337-block  0
call    0 never executed
        -: 1338:   }
    #####: 1339:   return result;
    %%%%%: 1339-block  0
        -: 1340:}
        -: 1341:
function stbi_load_16 called 0 returned 0% blocks executed 0%
    #####: 1342:STBIDEF stbi_us *stbi_load_16(char const *filename, int *x, int *y, int *comp, int req_comp)
        -: 1343:{
    #####: 1344:   FILE *f = stbi__fopen(filename, "rb");
    %%%%%: 1344-block  0
call    0 never executed
        -: 1345:   stbi__uint16 *result;
    #####: 1346:   if (!f) return (stbi_us *) stbi__errpuc("can't fopen", "Unable to open file");
branch  0 never executed
branch  1 never executed
    %%%%%: 1346-block  0
call    2 never executed
    #####: 1347:   result = stbi_load_from_file_16(f,x,y,comp,req_comp);
    %%%%%: 1347-block  0
call    0 never executed
    #####: 1348:   fclose(f);
call    0 never executed
    #####: 1349:   return result;
        -: 1350:}
        -: 1351:
        -: 1352:
        -: 1353:#endif //!STBI_NO_STDIO
        -: 1354:
[...]
        -: 7487:{
    #####: 7488:    FILE *f = stbi__fopen(filename, "rb");
    %%%%%: 7488-block  0
call    0 never executed
        -: 7489:    int result;
    #####: 7490:    if (!f) return stbi__err("can't fopen", "Unable to open file");
branch  0 never executed
branch  1 never executed
    %%%%%: 7490-block  0
call    2 never executed
    #####: 7491:    result = stbi_is_16_bit_from_file(f);
    %%%%%: 7491-block  0
call    0 never executed
    #####: 7492:    fclose(f);
call    0 never executed
    #####: 7493:    return result;
        -: 7494:}
        -: 7495:
function stbi_is_16_bit_from_file called 0 returned 0% blocks executed 0%
    #####: 7496:STBIDEF int stbi_is_16_bit_from_file(FILE *f)
        -: 7497:{
        -: 7498:   int r;
        -: 7499:   stbi__context s;
    #####: 7500:   long pos = ftell(f);
    %%%%%: 7500-block  0
call    0 never executed
    #####: 7501:   stbi__start_file(&s, f);
call    0 never executed
    #####: 7502:   r = stbi__is_16_main(&s);
call    0 never executed
    #####: 7503:   fseek(f,pos,SEEK_SET);
call    0 never executed
    #####: 7504:   return r;
        -: 7505:}
        -: 7506:#endif // !STBI_NO_STDIO
        -: 7507:
function stbi_info_from_memory called 0 returned 0% blocks executed 0%
    #####: 7508:STBIDEF int stbi_info_from_memory(stbi_uc const *buffer, int len, int *x, int *y, int *comp)
        -: 7509:{
        -: 7510:   stbi__context s;
    #####: 7511:   stbi__start_mem(&s,buffer,len);
    %%%%%: 7511-block  0
call    0 never executed
    #####: 7512:   return stbi__info_main(&s,x,y,comp);
call    0 never executed
        -: 7513:}
        -: 7514:
function stbi_info_from_callbacks called 0 returned 0% blocks executed 0%
    #####: 7515:STBIDEF int stbi_info_from_callbacks(stbi_io_callbacks const *c, void *user, int *x, int *y, int *comp)
        -: 7516:{
        -: 7517:   stbi__context s;
    #####: 7518:   stbi__start_callbacks(&s, (stbi_io_callbacks *) c, user);
    %%%%%: 7518-block  0
call    0 never executed
    #####: 7519:   return stbi__info_main(&s,x,y,comp);
call    0 never executed
        -: 7520:}
        -: 7521:
function stbi_is_16_bit_from_memory called 0 returned 0% blocks executed 0%
    #####: 7522:STBIDEF int stbi_is_16_bit_from_memory(stbi_uc const *buffer, int len)
        -: 7523:{
        -: 7524:   stbi__context s;
    #####: 7525:   stbi__start_mem(&s,buffer,len);
    %%%%%: 7525-block  0
call    0 never executed
    #####: 7526:   return stbi__is_16_main(&s);
call    0 never executed
        -: 7527:}
        -: 7528:
function stbi_is_16_bit_from_callbacks called 0 returned 0% blocks executed 0%
    #####: 7529:STBIDEF int stbi_is_16_bit_from_callbacks(stbi_io_callbacks const *c, void *user)
        -: 7530:{
        -: 7531:   stbi__context s;
    #####: 7532:   stbi__start_callbacks(&s, (stbi_io_callbacks *) c, user);
    %%%%%: 7532-block  0
call    0 never executed
    #####: 7533:   return stbi__is_16_main(&s);
call    0 never executed
        -: 7534:}
        -: 7535:
        -: 7536:#endif // STB_IMAGE_IMPLEMENTATION
        -: 7537:
        -: 7538:/*
        -: 7539:   revision history:
        -: 7540:      2.20  (2019-02-07) support utf8 filenames in Windows; fix warnings and platform ifdefs
        -: 7541:      2.19  (2018-02-11) fix warning
        -: 7542:      2.18  (2018-01-30) fix warnings
        -: 7543:      2.17  (2018-01-29) change sbti__shiftsigned to avoid clang -O2 bug
        -: 7544:                         1-bit BMP
        -: 7545:                         *_is_16_bit api
        -: 7546:                         avoid warnings
        -: 7547:      2.16  (2017-07-23) all functions have 16-bit variants;
        -: 7548:                         STBI_NO_STDIO works again;
        -: 7549:                         compilation fixes;
        -: 7550:                         fix rounding in unpremultiply;
        -: 7551:                         optimize vertical flip;
        -: 7552:                         disable raw_len validation;
        -: 7553:                         documentation fixes
        -: 7554:      2.15  (2017-03-18) fix png-1,2,4 bug; now all Imagenet JPGs decode;
        -: 7555:                         warning fixes; disable run-time SSE detection on gcc;
        -: 7556:                         uniform handling of optional "return" values;
        -: 7557:                         thread-safe initialization of zlib tables
        -: 7558:      2.14  (2017-03-03) remove deprecated STBI_JPEG_OLD; fixes for Imagenet JPGs
        -: 7559:      2.13  (2016-11-29) add 16-bit API, only supported for PNG right now
        -: 7560:      2.12  (2016-04-02) fix typo in 2.11 PSD fix that caused crashes
        -: 7561:      2.11  (2016-04-02) allocate large structures on the stack
        -: 7562:                         remove white matting for transparent PSD
        -: 7563:                         fix reported channel count for PNG & BMP
        -: 7564:                         re-enable SSE2 in non-gcc 64-bit
        -: 7565:                         support RGB-formatted JPEG
        -: 7566:                         read 16-bit PNGs (only as 8-bit)
        -: 7567:      2.10  (2016-01-22) avoid warning introduced in 2.09 by STBI_REALLOC_SIZED
        -: 7568:      2.09  (2016-01-16) allow comments in PNM files
        -: 7569:                         16-bit-per-pixel TGA (not bit-per-component)
        -: 7570:                         info() for TGA could break due to .hdr handling
        -: 7571:                         info() for BMP to shares code instead of sloppy parse
        -: 7572:                         can use STBI_REALLOC_SIZED if allocator doesn't support realloc
        -: 7573:                         code cleanup
        -: 7574:      2.08  (2015-09-13) fix to 2.07 cleanup, reading RGB PSD as RGBA
        -: 7575:      2.07  (2015-09-13) fix compiler warnings
        -: 7576:                         partial animated GIF support
        -: 7577:                         limited 16-bpc PSD support
        -: 7578:                         #ifdef unused functions
        -: 7579:                         bug with < 92 byte PIC,PNM,HDR,TGA
        -: 7580:      2.06  (2015-04-19) fix bug where PSD returns wrong '*comp' value
        -: 7581:      2.05  (2015-04-19) fix bug in progressive JPEG handling, fix warning
        -: 7582:      2.04  (2015-04-15) try to re-enable SIMD on MinGW 64-bit
        -: 7583:      2.03  (2015-04-12) extra corruption checking (mmozeiko)
        -: 7584:                         stbi_set_flip_vertically_on_load (nguillemot)
        -: 7585:                         fix NEON support; fix mingw support
        -: 7586:      2.02  (2015-01-19) fix incorrect assert, fix warning
        -: 7587:      2.01  (2015-01-17) fix various warnings; suppress SIMD on gcc 32-bit without -msse2
        -: 7588:      2.00b (2014-12-25) fix STBI_MALLOC in progressive JPEG
        -: 7589:      2.00  (2014-12-25) optimize JPG, including x86 SSE2 & NEON SIMD (ryg)
        -: 7590:                         progressive JPEG (stb)
        -: 7591:                         PGM/PPM support (Ken Miller)
        -: 7592:                         STBI_MALLOC,STBI_REALLOC,STBI_FREE
        -: 7593:                         GIF bugfix -- seemingly never worked
        -: 7594:                         STBI_NO_*, STBI_ONLY_*
        -: 7595:      1.48  (2014-12-14) fix incorrectly-named assert()
        -: 7596:      1.47  (2014-12-14) 1/2/4-bit PNG support, both direct and paletted (Omar Cornut & stb)
        -: 7597:                         optimize PNG (ryg)
        -: 7598:                         fix bug in interlaced PNG with user-specified channel count (stb)
        -: 7599:      1.46  (2014-08-26)
        -: 7600:              fix broken tRNS chunk (colorkey-style transparency) in non-paletted PNG
        -: 7601:      1.45  (2014-08-16)
        -: 7602:              fix MSVC-ARM internal compiler error by wrapping malloc
        -: 7603:      1.44  (2014-08-07)
        -: 7604:              various warning fixes from Ronny Chevalier
        -: 7605:      1.43  (2014-07-15)
        -: 7606:              fix MSVC-only compiler problem in code changed in 1.42
        -: 7607:      1.42  (2014-07-09)
        -: 7608:              don't define _CRT_SECURE_NO_WARNINGS (affects user code)
        -: 7609:              fixes to stbi__cleanup_jpeg path
        -: 7610:              added STBI_ASSERT to avoid requiring assert.h
        -: 7611:      1.41  (2014-06-25)
        -: 7612:              fix search&replace from 1.36 that messed up comments/error messages
        -: 7613:      1.40  (2014-06-22)
        -: 7614:              fix gcc struct-initialization warning
        -: 7615:      1.39  (2014-06-15)
        -: 7616:              fix to TGA optimization when req_comp != number of components in TGA;
        -: 7617:              fix to GIF loading because BMP wasn't rewinding (whoops, no GIFs in my test suite)
        -: 7618:              add support for BMP version 5 (more ignored fields)
        -: 7619:      1.38  (2014-06-06)
        -: 7620:              suppress MSVC warnings on integer casts truncating values
        -: 7621:              fix accidental rename of 'skip' field of I/O
        -: 7622:      1.37  (2014-06-04)
        -: 7623:              remove duplicate typedef
        -: 7624:      1.36  (2014-06-03)
        -: 7625:              convert to header file single-file library
        -: 7626:              if de-iphone isn't set, load iphone images color-swapped instead of returning NULL
        -: 7627:      1.35  (2014-05-27)
        -: 7628:              various warnings
        -: 7629:              fix broken STBI_SIMD path
        -: 7630:              fix bug where stbi_load_from_file no longer left file pointer in correct place
        -: 7631:              fix broken non-easy path for 32-bit BMP (possibly never used)
        -: 7632:              TGA optimization by Arseny Kapoulkine
        -: 7633:      1.34  (unknown)
        -: 7634:              use STBI_NOTUSED in stbi__resample_row_generic(), fix one more leak in tga failure case
        -: 7635:      1.33  (2011-07-14)
        -: 7636:              make stbi_is_hdr work in STBI_NO_HDR (as specified), minor compiler-friendly improvements
        -: 7637:      1.32  (2011-07-13)
        -: 7638:              support for "info" function for all supported filetypes (SpartanJ)
        -: 7639:      1.31  (2011-06-20)
        -: 7640:              a few more leak fixes, bug in PNG handling (SpartanJ)
        -: 7641:      1.30  (2011-06-11)
        -: 7642:              added ability to load files via callbacks to accomidate custom input streams (Ben Wenger)
        -: 7643:              removed deprecated format-specific test/load functions
        -: 7644:              removed support for installable file formats (stbi_loader) -- would have been broken for IO callbacks anyway
        -: 7645:              error cases in bmp and tga give messages and don't leak (Raymond Barbiero, grisha)
        -: 7646:              fix inefficiency in decoding 32-bit BMP (David Woo)
        -: 7647:      1.29  (2010-08-16)
        -: 7648:              various warning fixes from Aurelien Pocheville
        -: 7649:      1.28  (2010-08-01)
        -: 7650:              fix bug in GIF palette transparency (SpartanJ)
        -: 7651:      1.27  (2010-08-01)
        -: 7652:              cast-to-stbi_uc to fix warnings
        -: 7653:      1.26  (2010-07-24)
        -: 7654:              fix bug in file buffering for PNG reported by SpartanJ
        -: 7655:      1.25  (2010-07-17)
        -: 7656:              refix trans_data warning (Won Chun)
        -: 7657:      1.24  (2010-07-12)
        -: 7658:              perf improvements reading from files on platforms with lock-heavy fgetc()
        -: 7659:              minor perf improvements for jpeg
        -: 7660:              deprecated type-specific functions so we'll get feedback if they're needed
        -: 7661:              attempt to fix trans_data warning (Won Chun)
        -: 7662:      1.23    fixed bug in iPhone support
        -: 7663:      1.22  (2010-07-10)
        -: 7664:              removed image *writing* support
        -: 7665:              stbi_info support from Jetro Lauha
        -: 7666:              GIF support from Jean-Marc Lienher
        -: 7667:              iPhone PNG-extensions from James Brown
        -: 7668:              warning-fixes from Nicolas Schulz and Janez Zemva (i.stbi__err. Janez (U+017D)emva)
        -: 7669:      1.21    fix use of 'stbi_uc' in header (reported by jon blow)
        -: 7670:      1.20    added support for Softimage PIC, by Tom Seddon
        -: 7671:      1.19    bug in interlaced PNG corruption check (found by ryg)
        -: 7672:      1.18  (2008-08-02)
        -: 7673:              fix a threading bug (local mutable static)
        -: 7674:      1.17    support interlaced PNG
        -: 7675:      1.16    major bugfix - stbi__convert_format converted one too many pixels
        -: 7676:      1.15    initialize some fields for thread safety
        -: 7677:      1.14    fix threadsafe conversion bug
        -: 7678:              header-file-only version (#define STBI_HEADER_FILE_ONLY before including)
        -: 7679:      1.13    threadsafe
        -: 7680:      1.12    const qualifiers in the API
        -: 7681:      1.11    Support installable IDCT, colorspace conversion routines
        -: 7682:      1.10    Fixes for 64-bit (don't use "unsigned long")
        -: 7683:              optimized upsampling by Fabian "ryg" Giesen
        -: 7684:      1.09    Fix format-conversion for PSD code (bad global variables!)
        -: 7685:      1.08    Thatcher Ulrich's PSD code integrated by Nicolas Schulz
        -: 7686:      1.07    attempt to fix C++ warning/errors again
        -: 7687:      1.06    attempt to fix C++ warning/errors again
        -: 7688:      1.05    fix TGA loading to return correct *comp and use good luminance calc
        -: 7689:      1.04    default float alpha is 1, not 255; use 'void *' for stbi_image_free
        -: 7690:      1.03    bugfixes to STBI_NO_STDIO, STBI_NO_HDR
        -: 7691:      1.02    support for (subset of) HDR files, float interface for preferred access to them
        -: 7692:      1.01    fix bug: possible bug in handling right-side up bmps... not sure
        -: 7693:              fix bug: the stbi__bmp_load() and stbi__tga_load() functions didn't work at all
        -: 7694:      1.00    interface to zlib that skips zlib header
        -: 7695:      0.99    correct handling of alpha in palette
        -: 7696:      0.98    TGA loader by lonesock; dynamically add loaders (untested)
        -: 7697:      0.97    jpeg errors on too large a file; also catch another malloc failure
        -: 7698:      0.96    fix detection of invalid v value - particleman@mollyrocket forum
        -: 7699:      0.95    during header scan, seek to markers in case of padding
        -: 7700:      0.94    STBI_NO_STDIO to disable stdio usage; rename all #defines the same
        -: 7701:      0.93    handle jpegtran output; verbose errors
        -: 7702:      0.92    read 4,8,16,24,32-bit BMP files of several formats
        -: 7703:      0.91    output 24-bit Windows 3.0 BMP files
        -: 7704:      0.90    fix a few more warnings; bump version number to approach 1.0
        -: 7705:      0.61    bugfixes due to Marc LeBlanc, Christopher Lloyd
        -: 7706:      0.60    fix compiling as c++
        -: 7707:      0.59    fix warnings: merge Dave Moore's -Wall fixes
        -: 7708:      0.58    fix bug: zlib uncompressed mode len/nlen was wrong endian
        -: 7709:      0.57    fix bug: jpg last huffman symbol before marker was >9 bits but less than 16 available
        -: 7710:      0.56    fix bug: zlib uncompressed mode len vs. nlen
        -: 7711:      0.55    fix bug: restart_interval not initialized to 0
        -: 7712:      0.54    allow NULL for 'int *comp'
        -: 7713:      0.53    fix bug in png 3->4; speedup png decoding
        -: 7714:      0.52    png handles req_comp=3,4 directly; minor cleanup; jpeg comments
        -: 7715:      0.51    obey req_comp requests, 1-component jpegs return as 1-component,
        -: 7716:              on 'test' only check type, not whether we support this variant
        -: 7717:      0.50  (2006-11-19)
        -: 7718:              first released version
        -: 7719:*/
        -: 7720:
        -: 7721:
        -: 7722:/*
        -: 7723:------------------------------------------------------------------------------
        -: 7724:This software is available under 2 licenses -- choose whichever you prefer.
        -: 7725:------------------------------------------------------------------------------
        -: 7726:ALTERNATIVE A - MIT License
        -: 7727:Copyright (c) 2017 Sean Barrett
        -: 7728:Permission is hereby granted, free of charge, to any person obtaining a copy of
        -: 7729:this software and associated documentation files (the "Software"), to deal in
        -: 7730:the Software without restriction, including without limitation the rights to
        -: 7731:use, copy, modify, merge, publish, distribute, sublicense, and/or sell copies
        -: 7732:of the Software, and to permit persons to whom the Software is furnished to do
        -: 7733:so, subject to the following conditions:
        -: 7734:The above copyright notice and this permission notice shall be included in all
        -: 7735:copies or substantial portions of the Software.
        -: 7736:THE SOFTWARE IS PROVIDED "AS IS", WITHOUT WARRANTY OF ANY KIND, EXPRESS OR
        -: 7737:IMPLIED, INCLUDING BUT NOT LIMITED TO THE WARRANTIES OF MERCHANTABILITY,
        -: 7738:FITNESS FOR A PARTICULAR PURPOSE AND NONINFRINGEMENT. IN NO EVENT SHALL THE
        -: 7739:AUTHORS OR COPYRIGHT HOLDERS BE LIABLE FOR ANY CLAIM, DAMAGES OR OTHER
        -: 7740:LIABILITY, WHETHER IN AN ACTION OF CONTRACT, TORT OR OTHERWISE, ARISING FROM,
        -: 7741:OUT OF OR IN CONNECTION WITH THE SOFTWARE OR THE USE OR OTHER DEALINGS IN THE
        -: 7742:SOFTWARE.
        -: 7743:------------------------------------------------------------------------------
        -: 7744:ALTERNATIVE B - Public Domain (www.unlicense.org)
        -: 7745:This is free and unencumbered software released into the public domain.
        -: 7746:Anyone is free to copy, modify, publish, use, compile, sell, or distribute this
        -: 7747:software, either in source code form or as a compiled binary, for any purpose,
        -: 7748:commercial or non-commercial, and by any means.
        -: 7749:In jurisdictions that recognize copyright laws, the author or authors of this
        -: 7750:software dedicate any and all copyright interest in the software to the public
        -: 7751:domain. We make this dedication for the benefit of the public at large and to
        -: 7752:the detriment of our heirs and successors. We intend this dedication to be an
        -: 7753:overt act of relinquishment in perpetuity of all present and future rights to
        -: 7754:this software under copyright law.
        -: 7755:THE SOFTWARE IS PROVIDED "AS IS", WITHOUT WARRANTY OF ANY KIND, EXPRESS OR
        -: 7756:IMPLIED, INCLUDING BUT NOT LIMITED TO THE WARRANTIES OF MERCHANTABILITY,
        -: 7757:FITNESS FOR A PARTICULAR PURPOSE AND NONINFRINGEMENT. IN NO EVENT SHALL THE
        -: 7758:AUTHORS BE LIABLE FOR ANY CLAIM, DAMAGES OR OTHER LIABILITY, WHETHER IN AN
        -: 7759:ACTION OF CONTRACT, TORT OR OTHERWISE, ARISING FROM, OUT OF OR IN CONNECTION
        -: 7760:WITH THE SOFTWARE OR THE USE OR OTHER DEALINGS IN THE SOFTWARE.
        -: 7761:------------------------------------------------------------------------------
        -: 7762:*/
