        -:    0:Source:C:/Dev/CLionProjects/Snake-raylib/cmake-build-debug-coverage/_deps/raylib-src/src/external/glfw/src/win32_window.c
        -:    0:Graph:C:\Dev\CLionProjects\Snake-raylib\cmake-build-debug-coverage\_deps\raylib-build\raylib\external\glfw\src\CMakeFiles\glfw.dir\win32_window.c.gcno
        -:    0:Data:C:\Dev\CLionProjects\Snake-raylib\cmake-build-debug-coverage\_deps\raylib-build\raylib\external\glfw\src\CMakeFiles\glfw.dir\win32_window.c.gcda
        -:    0:Runs:1
        -:    1://========================================================================
        -:    2:// GLFW 3.4 Win32 - www.glfw.org
        -:    3://------------------------------------------------------------------------
        -:    4:// Copyright (c) 2002-2006 Marcus Geelnard
        -:    5:// Copyright (c) 2006-2019 Camilla Löwy <elmindreda@glfw.org>
        -:    6://
        -:    7:// This software is provided 'as-is', without any express or implied
        -:    8:// warranty. In no event will the authors be held liable for any damages
        -:    9:// arising from the use of this software.
        -:   10://
        -:   11:// Permission is granted to anyone to use this software for any purpose,
        -:   12:// including commercial applications, and to alter it and redistribute it
        -:   13:// freely, subject to the following restrictions:
        -:   14://
        -:   15:// 1. The origin of this software must not be misrepresented; you must not
        -:   16://    claim that you wrote the original software. If you use this software
        -:   17://    in a product, an acknowledgment in the product documentation would
        -:   18://    be appreciated but is not required.
        -:   19://
        -:   20:// 2. Altered source versions must be plainly marked as such, and must not
        -:   21://    be misrepresented as being the original software.
        -:   22://
        -:   23:// 3. This notice may not be removed or altered from any source
        -:   24://    distribution.
        -:   25://
        -:   26://========================================================================
        -:   27:// Please use C89 style variable declarations in this file because VS 2010
        -:   28://========================================================================
        -:   29:
        -:   30:#include "internal.h"
        -:   31:
        -:   32:#include <limits.h>
        -:   33:#include <stdlib.h>
        -:   34:#include <malloc.h>
        -:   35:#include <string.h>
        -:   36:#include <windowsx.h>
        -:   37:#include <shellapi.h>
        -:   38:
        -:   39:// Returns the window style for the specified window
        -:   40://
function getWindowStyle called 3 returned 100% blocks executed 62%
        3:   41:static DWORD getWindowStyle(const _GLFWwindow* window)
        -:   42:{
        3:   43:    DWORD style = WS_CLIPSIBLINGS | WS_CLIPCHILDREN;
        -:   44:
        3:   45:    if (window->monitor)
        3:   45-block  0
branch  0 taken 0 (fallthrough)
branch  1 taken 3
    #####:   46:        style |= WS_POPUP;
    %%%%%:   46-block  0
        -:   47:    else
        -:   48:    {
        3:   49:        style |= WS_SYSMENU | WS_MINIMIZEBOX;
        -:   50:
        3:   51:        if (window->decorated)
        3:   51-block  0
branch  0 taken 3 (fallthrough)
branch  1 taken 0
        -:   52:        {
        3:   53:            style |= WS_CAPTION;
        -:   54:
        3:   55:            if (window->resizable)
        3:   55-block  0
branch  0 taken 0 (fallthrough)
branch  1 taken 3
    #####:   56:                style |= WS_MAXIMIZEBOX | WS_THICKFRAME;
    %%%%%:   56-block  0
        -:   57:        }
        -:   58:        else
    #####:   59:            style |= WS_POPUP;
    %%%%%:   59-block  0
        -:   60:    }
        -:   61:
        3:   62:    return style;
        3:   62-block  0
        -:   63:}
        -:   64:
        -:   65:// Returns the extended window style for the specified window
        -:   66://
function getWindowExStyle called 3 returned 100% blocks executed 80%
        3:   67:static DWORD getWindowExStyle(const _GLFWwindow* window)
        -:   68:{
        3:   69:    DWORD style = WS_EX_APPWINDOW;
        -:   70:
        3:   71:    if (window->monitor || window->floating)
        3:   71-block  0
branch  0 taken 3 (fallthrough)
branch  1 taken 0
        3:   71-block  1
branch  2 taken 0 (fallthrough)
branch  3 taken 3
    #####:   72:        style |= WS_EX_TOPMOST;
    %%%%%:   72-block  0
        -:   73:
        3:   74:    return style;
        3:   74-block  0
        -:   75:}
        -:   76:
        -:   77:// Returns the image whose area most closely matches the desired one
        -:   78://
function chooseImage called 0 returned 0% blocks executed 0%
    #####:   79:static const GLFWimage* chooseImage(int count, const GLFWimage* images,
        -:   80:                                    int width, int height)
        -:   81:{
    #####:   82:    int i, leastDiff = INT_MAX;
    #####:   83:    const GLFWimage* closest = NULL;
        -:   84:
    #####:   85:    for (i = 0;  i < count;  i++)
    %%%%%:   85-block  0
    %%%%%:   85-block  1
    %%%%%:   85-block  2
branch  0 never executed
branch  1 never executed
        -:   86:    {
    #####:   87:        const int currDiff = abs(images[i].width * images[i].height -
    #####:   88:                                 width * height);
    #####:   89:        if (currDiff < leastDiff)
    %%%%%:   89-block  0
branch  0 never executed
branch  1 never executed
        -:   90:        {
    #####:   91:            closest = images + i;
    #####:   92:            leastDiff = currDiff;
    %%%%%:   92-block  0
        -:   93:        }
        -:   94:    }
        -:   95:
    #####:   96:    return closest;
    %%%%%:   96-block  0
        -:   97:}
        -:   98:
        -:   99:// Creates an RGBA icon or cursor
        -:  100://
function createIcon called 0 returned 0% blocks executed 0%
    #####:  101:static HICON createIcon(const GLFWimage* image,
        -:  102:                        int xhot, int yhot, GLFWbool icon)
        -:  103:{
        -:  104:    int i;
        -:  105:    HDC dc;
        -:  106:    HICON handle;
        -:  107:    HBITMAP color, mask;
        -:  108:    BITMAPV5HEADER bi;
        -:  109:    ICONINFO ii;
    #####:  110:    unsigned char* target = NULL;
    #####:  111:    unsigned char* source = image->pixels;
        -:  112:
    #####:  113:    ZeroMemory(&bi, sizeof(bi));
    #####:  114:    bi.bV5Size        = sizeof(bi);
    #####:  115:    bi.bV5Width       = image->width;
    #####:  116:    bi.bV5Height      = -image->height;
    #####:  117:    bi.bV5Planes      = 1;
    #####:  118:    bi.bV5BitCount    = 32;
    #####:  119:    bi.bV5Compression = BI_BITFIELDS;
    #####:  120:    bi.bV5RedMask     = 0x00ff0000;
    #####:  121:    bi.bV5GreenMask   = 0x0000ff00;
    #####:  122:    bi.bV5BlueMask    = 0x000000ff;
    #####:  123:    bi.bV5AlphaMask   = 0xff000000;
        -:  124:
    #####:  125:    dc = GetDC(NULL);
    %%%%%:  125-block  0
call    0 never executed
    #####:  126:    color = CreateDIBSection(dc,
call    0 never executed
        -:  127:                             (BITMAPINFO*) &bi,
        -:  128:                             DIB_RGB_COLORS,
        -:  129:                             (void**) &target,
        -:  130:                             NULL,
        -:  131:                             (DWORD) 0);
    #####:  132:    ReleaseDC(NULL, dc);
call    0 never executed
        -:  133:
    #####:  134:    if (!color)
branch  0 never executed
branch  1 never executed
        -:  135:    {
    #####:  136:        _glfwInputErrorWin32(GLFW_PLATFORM_ERROR,
    %%%%%:  136-block  0
call    0 never executed
        -:  137:                             "Win32: Failed to create RGBA bitmap");
    #####:  138:        return NULL;
        -:  139:    }
        -:  140:
    #####:  141:    mask = CreateBitmap(image->width, image->height, 1, 1, NULL);
    %%%%%:  141-block  0
call    0 never executed
    #####:  142:    if (!mask)
branch  0 never executed
branch  1 never executed
        -:  143:    {
    #####:  144:        _glfwInputErrorWin32(GLFW_PLATFORM_ERROR,
    %%%%%:  144-block  0
call    0 never executed
        -:  145:                             "Win32: Failed to create mask bitmap");
    #####:  146:        DeleteObject(color);
call    0 never executed
    #####:  147:        return NULL;
        -:  148:    }
        -:  149:
    #####:  150:    for (i = 0;  i < image->width * image->height;  i++)
    %%%%%:  150-block  0
    %%%%%:  150-block  1
branch  0 never executed
branch  1 never executed
        -:  151:    {
    #####:  152:        target[0] = source[2];
    #####:  153:        target[1] = source[1];
    #####:  154:        target[2] = source[0];
    #####:  155:        target[3] = source[3];
    #####:  156:        target += 4;
    #####:  157:        source += 4;
    %%%%%:  157-block  0
        -:  158:    }
        -:  159:
    #####:  160:    ZeroMemory(&ii, sizeof(ii));
    #####:  161:    ii.fIcon    = icon;
    #####:  162:    ii.xHotspot = xhot;
    #####:  163:    ii.yHotspot = yhot;
    #####:  164:    ii.hbmMask  = mask;
    #####:  165:    ii.hbmColor = color;
        -:  166:
    #####:  167:    handle = CreateIconIndirect(&ii);
    %%%%%:  167-block  0
call    0 never executed
        -:  168:
    #####:  169:    DeleteObject(color);
call    0 never executed
    #####:  170:    DeleteObject(mask);
call    0 never executed
        -:  171:
    #####:  172:    if (!handle)
branch  0 never executed
branch  1 never executed
        -:  173:    {
    #####:  174:        if (icon)
    %%%%%:  174-block  0
branch  0 never executed
branch  1 never executed
        -:  175:        {
    #####:  176:            _glfwInputErrorWin32(GLFW_PLATFORM_ERROR,
    %%%%%:  176-block  0
call    0 never executed
        -:  177:                                 "Win32: Failed to create icon");
        -:  178:        }
        -:  179:        else
        -:  180:        {
    #####:  181:            _glfwInputErrorWin32(GLFW_PLATFORM_ERROR,
    %%%%%:  181-block  0
call    0 never executed
        -:  182:                                 "Win32: Failed to create cursor");
        -:  183:        }
        -:  184:    }
        -:  185:
    #####:  186:    return handle;
    %%%%%:  186-block  0
        -:  187:}
        -:  188:
        -:  189:// Translate content area size to full window size according to styles and DPI
        -:  190://
function getFullWindowSize called 2 returned 100% blocks executed 80%
        2:  191:static void getFullWindowSize(DWORD style, DWORD exStyle,
        -:  192:                              int contentWidth, int contentHeight,
        -:  193:                              int* fullWidth, int* fullHeight,
        -:  194:                              UINT dpi)
        -:  195:{
        2:  196:    RECT rect = { 0, 0, contentWidth, contentHeight };
        -:  197:
        2:  198:    if (_glfwIsWindows10AnniversaryUpdateOrGreaterWin32())
        2:  198-block  0
call    0 returned 2
branch  1 taken 2 (fallthrough)
branch  2 taken 0
        2:  199:        AdjustWindowRectExForDpi(&rect, style, FALSE, exStyle, dpi);
        2:  199-block  0
call    0 returned 2
        -:  200:    else
    #####:  201:        AdjustWindowRectEx(&rect, style, FALSE, exStyle);
    %%%%%:  201-block  0
call    0 never executed
        -:  202:
        2:  203:    *fullWidth = rect.right - rect.left;
        2:  204:    *fullHeight = rect.bottom - rect.top;
        2:  205:}
        -:  206:
        -:  207:// Enforce the content area aspect ratio based on which edge is being dragged
        -:  208://
function applyAspectRatio called 0 returned 0% blocks executed 0%
    #####:  209:static void applyAspectRatio(_GLFWwindow* window, int edge, RECT* area)
        -:  210:{
        -:  211:    int xoff, yoff;
    #####:  212:    UINT dpi = USER_DEFAULT_SCREEN_DPI;
    #####:  213:    const float ratio = (float) window->numer / (float) window->denom;
        -:  214:
    #####:  215:    if (_glfwIsWindows10AnniversaryUpdateOrGreaterWin32())
    %%%%%:  215-block  0
call    0 never executed
branch  1 never executed
branch  2 never executed
    #####:  216:        dpi = GetDpiForWindow(window->win32.handle);
    %%%%%:  216-block  0
call    0 never executed
        -:  217:
    #####:  218:    getFullWindowSize(getWindowStyle(window), getWindowExStyle(window),
    %%%%%:  218-block  0
call    0 never executed
call    1 never executed
call    2 never executed
        -:  219:                      0, 0, &xoff, &yoff, dpi);
        -:  220:
    #####:  221:    if (edge == WMSZ_LEFT  || edge == WMSZ_BOTTOMLEFT ||
branch  0 never executed
branch  1 never executed
    %%%%%:  221-block  0
branch  2 never executed
branch  3 never executed
    %%%%%:  221-block  1
branch  4 never executed
branch  5 never executed
    #####:  222:        edge == WMSZ_RIGHT || edge == WMSZ_BOTTOMRIGHT)
    %%%%%:  222-block  0
branch  0 never executed
branch  1 never executed
        -:  223:    {
    #####:  224:        area->bottom = area->top + yoff +
    #####:  225:            (int) ((area->right - area->left - xoff) / ratio);
    %%%%%:  225-block  0
        -:  226:    }
    #####:  227:    else if (edge == WMSZ_TOPLEFT || edge == WMSZ_TOPRIGHT)
    %%%%%:  227-block  0
branch  0 never executed
branch  1 never executed
    %%%%%:  227-block  1
branch  2 never executed
branch  3 never executed
        -:  228:    {
    #####:  229:        area->top = area->bottom - yoff -
    #####:  230:            (int) ((area->right - area->left - xoff) / ratio);
    %%%%%:  230-block  0
        -:  231:    }
    #####:  232:    else if (edge == WMSZ_TOP || edge == WMSZ_BOTTOM)
    %%%%%:  232-block  0
branch  0 never executed
branch  1 never executed
    %%%%%:  232-block  1
branch  2 never executed
branch  3 never executed
        -:  233:    {
    #####:  234:        area->right = area->left + xoff +
    #####:  235:            (int) ((area->bottom - area->top - yoff) * ratio);
    %%%%%:  235-block  0
        -:  236:    }
    #####:  237:}
        -:  238:
        -:  239:// Updates the cursor image according to its cursor mode
        -:  240://
function updateCursorImage called 16 returned 100% blocks executed 71%
       16:  241:static void updateCursorImage(_GLFWwindow* window)
        -:  242:{
       16:  243:    if (window->cursorMode == GLFW_CURSOR_NORMAL)
       16:  243-block  0
branch  0 taken 16 (fallthrough)
branch  1 taken 0
        -:  244:    {
       16:  245:        if (window->cursor)
       16:  245-block  0
branch  0 taken 0 (fallthrough)
branch  1 taken 16
    #####:  246:            SetCursor(window->cursor->win32.handle);
    %%%%%:  246-block  0
call    0 never executed
        -:  247:        else
       16:  248:            SetCursor(LoadCursorW(NULL, IDC_ARROW));
       16:  248-block  0
call    0 returned 16
call    1 returned 16
        -:  249:    }
        -:  250:    else
    #####:  251:        SetCursor(NULL);
    %%%%%:  251-block  0
call    0 never executed
       16:  252:}
        -:  253:
        -:  254:// Updates the cursor clip rect
        -:  255://
function updateClipRect called 0 returned 0% blocks executed 0%
    #####:  256:static void updateClipRect(_GLFWwindow* window)
        -:  257:{
    #####:  258:    if (window)
    %%%%%:  258-block  0
branch  0 never executed
branch  1 never executed
        -:  259:    {
        -:  260:        RECT clipRect;
    #####:  261:        GetClientRect(window->win32.handle, &clipRect);
    %%%%%:  261-block  0
call    0 never executed
    #####:  262:        ClientToScreen(window->win32.handle, (POINT*) &clipRect.left);
call    0 never executed
    #####:  263:        ClientToScreen(window->win32.handle, (POINT*) &clipRect.right);
call    0 never executed
    #####:  264:        ClipCursor(&clipRect);
call    0 never executed
        -:  265:    }
        -:  266:    else
    #####:  267:        ClipCursor(NULL);
    %%%%%:  267-block  0
call    0 never executed
    #####:  268:}
        -:  269:
        -:  270:// Enables WM_INPUT messages for the mouse for the specified window
        -:  271://
function enableRawMouseMotion called 0 returned 0% blocks executed 0%
    #####:  272:static void enableRawMouseMotion(_GLFWwindow* window)
        -:  273:{
    #####:  274:    const RAWINPUTDEVICE rid = { 0x01, 0x02, 0, window->win32.handle };
        -:  275:
    #####:  276:    if (!RegisterRawInputDevices(&rid, 1, sizeof(rid)))
    %%%%%:  276-block  0
call    0 never executed
branch  1 never executed
branch  2 never executed
        -:  277:    {
    #####:  278:        _glfwInputErrorWin32(GLFW_PLATFORM_ERROR,
    %%%%%:  278-block  0
call    0 never executed
        -:  279:                             "Win32: Failed to register raw input device");
        -:  280:    }
    #####:  281:}
        -:  282:
        -:  283:// Disables WM_INPUT messages for the mouse
        -:  284://
function disableRawMouseMotion called 0 returned 0% blocks executed 0%
    #####:  285:static void disableRawMouseMotion(_GLFWwindow* window)
        -:  286:{
    #####:  287:    const RAWINPUTDEVICE rid = { 0x01, 0x02, RIDEV_REMOVE, NULL };
        -:  288:
    #####:  289:    if (!RegisterRawInputDevices(&rid, 1, sizeof(rid)))
    %%%%%:  289-block  0
call    0 never executed
branch  1 never executed
branch  2 never executed
        -:  290:    {
    #####:  291:        _glfwInputErrorWin32(GLFW_PLATFORM_ERROR,
    %%%%%:  291-block  0
call    0 never executed
        -:  292:                             "Win32: Failed to remove raw input device");
        -:  293:    }
    #####:  294:}
        -:  295:
        -:  296:// Apply disabled cursor mode to a focused window
        -:  297://
function disableCursor called 0 returned 0% blocks executed 0%
    #####:  298:static void disableCursor(_GLFWwindow* window)
        -:  299:{
    #####:  300:    _glfw.win32.disabledCursorWindow = window;
    #####:  301:    _glfwPlatformGetCursorPos(window,
    %%%%%:  301-block  0
call    0 never executed
        -:  302:                              &_glfw.win32.restoreCursorPosX,
        -:  303:                              &_glfw.win32.restoreCursorPosY);
    #####:  304:    updateCursorImage(window);
call    0 never executed
    #####:  305:    _glfwCenterCursorInContentArea(window);
call    0 never executed
    #####:  306:    updateClipRect(window);
call    0 never executed
        -:  307:
    #####:  308:    if (window->rawMouseMotion)
branch  0 never executed
branch  1 never executed
    #####:  309:        enableRawMouseMotion(window);
    %%%%%:  309-block  0
call    0 never executed
    #####:  310:}
        -:  311:
        -:  312:// Exit disabled cursor mode for the specified window
        -:  313://
function enableCursor called 0 returned 0% blocks executed 0%
    #####:  314:static void enableCursor(_GLFWwindow* window)
        -:  315:{
    #####:  316:    if (window->rawMouseMotion)
    %%%%%:  316-block  0
branch  0 never executed
branch  1 never executed
    #####:  317:        disableRawMouseMotion(window);
    %%%%%:  317-block  0
call    0 never executed
        -:  318:
    #####:  319:    _glfw.win32.disabledCursorWindow = NULL;
    #####:  320:    updateClipRect(NULL);
    %%%%%:  320-block  0
call    0 never executed
    #####:  321:    _glfwPlatformSetCursorPos(window,
call    0 never executed
        -:  322:                              _glfw.win32.restoreCursorPosX,
        -:  323:                              _glfw.win32.restoreCursorPosY);
    #####:  324:    updateCursorImage(window);
call    0 never executed
    #####:  325:}
        -:  326:
        -:  327:// Returns whether the cursor is in the content area of the specified window
        -:  328://
function cursorInContentArea called 0 returned 0% blocks executed 0%
    #####:  329:static GLFWbool cursorInContentArea(_GLFWwindow* window)
        -:  330:{
        -:  331:    RECT area;
        -:  332:    POINT pos;
        -:  333:
    #####:  334:    if (!GetCursorPos(&pos))
    %%%%%:  334-block  0
call    0 never executed
branch  1 never executed
branch  2 never executed
    #####:  335:        return GLFW_FALSE;
    %%%%%:  335-block  0
        -:  336:
    #####:  337:    if (WindowFromPoint(pos) != window->win32.handle)
    %%%%%:  337-block  0
call    0 never executed
branch  1 never executed
branch  2 never executed
    #####:  338:        return GLFW_FALSE;
    %%%%%:  338-block  0
        -:  339:
    #####:  340:    GetClientRect(window->win32.handle, &area);
    %%%%%:  340-block  0
call    0 never executed
    #####:  341:    ClientToScreen(window->win32.handle, (POINT*) &area.left);
call    0 never executed
    #####:  342:    ClientToScreen(window->win32.handle, (POINT*) &area.right);
call    0 never executed
        -:  343:
    #####:  344:    return PtInRect(&area, pos);
call    0 never executed
        -:  345:}
        -:  346:
        -:  347:// Update native window styles to match attributes
        -:  348://
function updateWindowStyles called 0 returned 0% blocks executed 0%
    #####:  349:static void updateWindowStyles(const _GLFWwindow* window)
        -:  350:{
        -:  351:    RECT rect;
    #####:  352:    DWORD style = GetWindowLongW(window->win32.handle, GWL_STYLE);
    %%%%%:  352-block  0
call    0 never executed
    #####:  353:    style &= ~(WS_OVERLAPPEDWINDOW | WS_POPUP);
    #####:  354:    style |= getWindowStyle(window);
call    0 never executed
        -:  355:
    #####:  356:    GetClientRect(window->win32.handle, &rect);
call    0 never executed
        -:  357:
    #####:  358:    if (_glfwIsWindows10AnniversaryUpdateOrGreaterWin32())
call    0 never executed
branch  1 never executed
branch  2 never executed
        -:  359:    {
    #####:  360:        AdjustWindowRectExForDpi(&rect, style, FALSE,
call    0 never executed
call    1 never executed
        -:  361:                                 getWindowExStyle(window),
    #####:  362:                                 GetDpiForWindow(window->win32.handle));
    %%%%%:  362-block  0
call    0 never executed
        -:  363:    }
        -:  364:    else
    #####:  365:        AdjustWindowRectEx(&rect, style, FALSE, getWindowExStyle(window));
    %%%%%:  365-block  0
call    0 never executed
call    1 never executed
        -:  366:
    #####:  367:    ClientToScreen(window->win32.handle, (POINT*) &rect.left);
    %%%%%:  367-block  0
call    0 never executed
    #####:  368:    ClientToScreen(window->win32.handle, (POINT*) &rect.right);
call    0 never executed
    #####:  369:    SetWindowLongW(window->win32.handle, GWL_STYLE, style);
call    0 never executed
    #####:  370:    SetWindowPos(window->win32.handle, HWND_TOP,
    #####:  371:                 rect.left, rect.top,
    #####:  372:                 rect.right - rect.left, rect.bottom - rect.top,
call    0 never executed
        -:  373:                 SWP_FRAMECHANGED | SWP_NOACTIVATE | SWP_NOZORDER);
    #####:  374:}
        -:  375:
        -:  376:// Update window framebuffer transparency
        -:  377://
function updateFramebufferTransparency called 0 returned 0% blocks executed 0%
    #####:  378:static void updateFramebufferTransparency(const _GLFWwindow* window)
        -:  379:{
        -:  380:    BOOL composition, opaque;
        -:  381:    DWORD color;
        -:  382:
    #####:  383:    if (!IsWindowsVistaOrGreater())
    %%%%%:  383-block  0
call    0 never executed
branch  1 never executed
branch  2 never executed
    #####:  384:        return;
    %%%%%:  384-block  0
    %%%%%:  384-block  1
        -:  385:
    #####:  386:    if (FAILED(DwmIsCompositionEnabled(&composition)) || !composition)
    %%%%%:  386-block  0
call    0 never executed
branch  1 never executed
branch  2 never executed
    %%%%%:  386-block  1
branch  3 never executed
branch  4 never executed
    #####:  387:       return;
    %%%%%:  387-block  0
        -:  388:
    #####:  389:    if (IsWindows8OrGreater() ||
    %%%%%:  389-block  0
call    0 never executed
branch  1 never executed
branch  2 never executed
branch  3 never executed
branch  4 never executed
    #####:  390:        (SUCCEEDED(DwmGetColorizationColor(&color, &opaque)) && !opaque))
    %%%%%:  390-block  0
call    0 never executed
    %%%%%:  390-block  1
branch  1 never executed
branch  2 never executed
    #####:  391:    {
    #####:  392:        HRGN region = CreateRectRgn(0, 0, -1, -1);
    %%%%%:  392-block  0
call    0 never executed
    #####:  393:        DWM_BLURBEHIND bb = {0};
    #####:  394:        bb.dwFlags = DWM_BB_ENABLE | DWM_BB_BLURREGION;
    #####:  395:        bb.hRgnBlur = region;
    #####:  396:        bb.fEnable = TRUE;
        -:  397:
    #####:  398:        DwmEnableBlurBehindWindow(window->win32.handle, &bb);
call    0 never executed
    #####:  399:        DeleteObject(region);
call    0 never executed
        -:  400:    }
        -:  401:    else
        -:  402:    {
        -:  403:        // HACK: Disable framebuffer transparency on Windows 7 when the
        -:  404:        //       colorization color is opaque, because otherwise the window
        -:  405:        //       contents is blended additively with the previous frame instead
        -:  406:        //       of replacing it
    #####:  407:        DWM_BLURBEHIND bb = {0};
    #####:  408:        bb.dwFlags = DWM_BB_ENABLE;
    #####:  409:        DwmEnableBlurBehindWindow(window->win32.handle, &bb);
    %%%%%:  409-block  0
call    0 never executed
        -:  410:    }
        -:  411:}
        -:  412:
        -:  413:// Retrieves and translates modifier keys
        -:  414://
function getKeyMods called 19 returned 100% blocks executed 71%
       19:  415:static int getKeyMods(void)
        -:  416:{
       19:  417:    int mods = 0;
        -:  418:
       19:  419:    if (GetKeyState(VK_SHIFT) & 0x8000)
       19:  419-block  0
call    0 returned 19
branch  1 taken 0 (fallthrough)
branch  2 taken 19
    #####:  420:        mods |= GLFW_MOD_SHIFT;
    %%%%%:  420-block  0
       19:  421:    if (GetKeyState(VK_CONTROL) & 0x8000)
       19:  421-block  0
call    0 returned 19
branch  1 taken 0 (fallthrough)
branch  2 taken 19
    #####:  422:        mods |= GLFW_MOD_CONTROL;
    %%%%%:  422-block  0
       19:  423:    if (GetKeyState(VK_MENU) & 0x8000)
       19:  423-block  0
call    0 returned 19
branch  1 taken 0 (fallthrough)
branch  2 taken 19
    #####:  424:        mods |= GLFW_MOD_ALT;
    %%%%%:  424-block  0
       19:  425:    if ((GetKeyState(VK_LWIN) | GetKeyState(VK_RWIN)) & 0x8000)
       19:  425-block  0
call    0 returned 19
call    1 returned 19
branch  2 taken 0 (fallthrough)
branch  3 taken 19
    #####:  426:        mods |= GLFW_MOD_SUPER;
    %%%%%:  426-block  0
       19:  427:    if (GetKeyState(VK_CAPITAL) & 1)
       19:  427-block  0
call    0 returned 19
branch  1 taken 0 (fallthrough)
branch  2 taken 19
    #####:  428:        mods |= GLFW_MOD_CAPS_LOCK;
    %%%%%:  428-block  0
       19:  429:    if (GetKeyState(VK_NUMLOCK) & 1)
       19:  429-block  0
call    0 returned 19
branch  1 taken 0 (fallthrough)
branch  2 taken 19
    #####:  430:        mods |= GLFW_MOD_NUM_LOCK;
    %%%%%:  430-block  0
        -:  431:
       19:  432:    return mods;
       19:  432-block  0
        -:  433:}
        -:  434:
function fitToMonitor called 0 returned 0% blocks executed 0%
    #####:  435:static void fitToMonitor(_GLFWwindow* window)
        -:  436:{
    #####:  437:    MONITORINFO mi = { sizeof(mi) };
    #####:  438:    GetMonitorInfo(window->monitor->win32.handle, &mi);
    %%%%%:  438-block  0
call    0 never executed
    #####:  439:    SetWindowPos(window->win32.handle, HWND_TOPMOST,
    #####:  440:                 mi.rcMonitor.left,
    #####:  441:                 mi.rcMonitor.top,
    #####:  442:                 mi.rcMonitor.right - mi.rcMonitor.left,
    #####:  443:                 mi.rcMonitor.bottom - mi.rcMonitor.top,
call    0 never executed
        -:  444:                 SWP_NOZORDER | SWP_NOACTIVATE | SWP_NOCOPYBITS);
    #####:  445:}
        -:  446:
        -:  447:// Make the specified window and its video mode active on its monitor
        -:  448://
function acquireMonitor called 0 returned 0% blocks executed 0%
    #####:  449:static void acquireMonitor(_GLFWwindow* window)
        -:  450:{
    #####:  451:    if (!_glfw.win32.acquiredMonitorCount)
    %%%%%:  451-block  0
branch  0 never executed
branch  1 never executed
        -:  452:    {
    #####:  453:        SetThreadExecutionState(ES_CONTINUOUS | ES_DISPLAY_REQUIRED);
    %%%%%:  453-block  0
call    0 never executed
        -:  454:
        -:  455:        // HACK: When mouse trails are enabled the cursor becomes invisible when
        -:  456:        //       the OpenGL ICD switches to page flipping
    #####:  457:        SystemParametersInfo(SPI_GETMOUSETRAILS, 0, &_glfw.win32.mouseTrailSize, 0);
call    0 never executed
    #####:  458:        SystemParametersInfo(SPI_SETMOUSETRAILS, 0, 0, 0);
call    0 never executed
        -:  459:    }
        -:  460:
    #####:  461:    if (!window->monitor->window)
    %%%%%:  461-block  0
branch  0 never executed
branch  1 never executed
    #####:  462:        _glfw.win32.acquiredMonitorCount++;
    %%%%%:  462-block  0
        -:  463:
    #####:  464:    _glfwSetVideoModeWin32(window->monitor, &window->videoMode);
    %%%%%:  464-block  0
call    0 never executed
    #####:  465:    _glfwInputMonitorWindow(window->monitor, window);
call    0 never executed
    #####:  466:}
        -:  467:
        -:  468:// Remove the window and restore the original video mode
        -:  469://
function releaseMonitor called 0 returned 0% blocks executed 0%
    #####:  470:static void releaseMonitor(_GLFWwindow* window)
        -:  471:{
    #####:  472:    if (window->monitor->window != window)
    %%%%%:  472-block  0
branch  0 never executed
branch  1 never executed
    #####:  473:        return;
    %%%%%:  473-block  0
        -:  474:
    #####:  475:    _glfw.win32.acquiredMonitorCount--;
    #####:  476:    if (!_glfw.win32.acquiredMonitorCount)
    %%%%%:  476-block  0
branch  0 never executed
branch  1 never executed
        -:  477:    {
    #####:  478:        SetThreadExecutionState(ES_CONTINUOUS);
    %%%%%:  478-block  0
call    0 never executed
        -:  479:
        -:  480:        // HACK: Restore mouse trail length saved in acquireMonitor
    #####:  481:        SystemParametersInfo(SPI_SETMOUSETRAILS, _glfw.win32.mouseTrailSize, 0, 0);
call    0 never executed
        -:  482:    }
        -:  483:
    #####:  484:    _glfwInputMonitorWindow(window->monitor, NULL);
    %%%%%:  484-block  0
call    0 never executed
    #####:  485:    _glfwRestoreVideoModeWin32(window->monitor);
call    0 never executed
        -:  486:}
        -:  487:
        -:  488:// Window callback function (handles window messages)
        -:  489://
function windowProc called 161 returned 100% blocks executed 37%
      161:  490:static LRESULT CALLBACK windowProc(HWND hWnd, UINT uMsg,
        -:  491:                                   WPARAM wParam, LPARAM lParam)
        -:  492:{
      161:  493:    _GLFWwindow* window = GetPropW(hWnd, L"GLFW");
      161:  493-block  0
call    0 returned 161
      161:  494:    if (!window)
branch  0 taken 26 (fallthrough)
branch  1 taken 135
        -:  495:    {
        -:  496:        // This is the message handling for the hidden helper window
        -:  497:        // and for a regular window during its initial creation
        -:  498:
       26:  499:        switch (uMsg)
       26:  499-block  0
branch  0 taken 2
branch  1 taken 0
branch  2 taken 0
branch  3 taken 24
        -:  500:        {
        2:  501:            case WM_NCCREATE:
        -:  502:            {
        2:  503:                if (_glfwIsWindows10AnniversaryUpdateOrGreaterWin32())
        2:  503-block  0
call    0 returned 2
branch  1 taken 2 (fallthrough)
branch  2 taken 0
        -:  504:                {
        2:  505:                    const CREATESTRUCTW* cs = (const CREATESTRUCTW*) lParam;
        2:  506:                    const _GLFWwndconfig* wndconfig = cs->lpCreateParams;
        -:  507:
        -:  508:                    // On per-monitor DPI aware V1 systems, only enable
        -:  509:                    // non-client scaling for windows that scale the client area
        -:  510:                    // We need WM_GETDPISCALEDSIZE from V2 to keep the client
        -:  511:                    // area static when the non-client area is scaled
        2:  512:                    if (wndconfig && wndconfig->scaleToMonitor)
        2:  512-block  0
branch  0 taken 1 (fallthrough)
branch  1 taken 1
        1:  512-block  1
branch  2 taken 0 (fallthrough)
branch  3 taken 1
    #####:  513:                        EnableNonClientDpiScaling(hWnd);
    %%%%%:  513-block  0
call    0 never executed
        -:  514:                }
        -:  515:
        2:  516:                break;
        2:  516-block  0
        -:  517:            }
        -:  518:
    #####:  519:            case WM_DISPLAYCHANGE:
    #####:  520:                _glfwPollMonitorsWin32();
    %%%%%:  520-block  0
call    0 never executed
    #####:  521:                break;
        -:  522:
    #####:  523:            case WM_DEVICECHANGE:
        -:  524:            {
    #####:  525:                if (!_glfw.joysticksInitialized)
    %%%%%:  525-block  0
branch  0 never executed
branch  1 never executed
    #####:  526:                    break;
    %%%%%:  526-block  0
        -:  527:
    #####:  528:                if (wParam == DBT_DEVICEARRIVAL)
    %%%%%:  528-block  0
branch  0 never executed
branch  1 never executed
        -:  529:                {
    #####:  530:                    DEV_BROADCAST_HDR* dbh = (DEV_BROADCAST_HDR*) lParam;
    #####:  531:                    if (dbh && dbh->dbch_devicetype == DBT_DEVTYP_DEVICEINTERFACE)
    %%%%%:  531-block  0
branch  0 never executed
branch  1 never executed
    %%%%%:  531-block  1
branch  2 never executed
branch  3 never executed
    #####:  532:                        _glfwDetectJoystickConnectionWin32();
    %%%%%:  532-block  0
call    0 never executed
        -:  533:                }
    #####:  534:                else if (wParam == DBT_DEVICEREMOVECOMPLETE)
    %%%%%:  534-block  0
branch  0 never executed
branch  1 never executed
        -:  535:                {
    #####:  536:                    DEV_BROADCAST_HDR* dbh = (DEV_BROADCAST_HDR*) lParam;
    #####:  537:                    if (dbh && dbh->dbch_devicetype == DBT_DEVTYP_DEVICEINTERFACE)
    %%%%%:  537-block  0
branch  0 never executed
branch  1 never executed
    %%%%%:  537-block  1
branch  2 never executed
branch  3 never executed
    #####:  538:                        _glfwDetectJoystickDisconnectionWin32();
    %%%%%:  538-block  0
call    0 never executed
        -:  539:                }
        -:  540:
    #####:  541:                break;
    %%%%%:  541-block  0
        -:  542:            }
        -:  543:        }
        -:  544:
       26:  545:        return DefWindowProcW(hWnd, uMsg, wParam, lParam);
       26:  545-block  0
call    0 returned 26
        -:  546:    }
        -:  547:
      135:  548:    switch (uMsg)
      135:  548-block  0
branch  0 taken 0
branch  1 taken 3
branch  2 taken 1
branch  3 taken 0
branch  4 taken 1
branch  5 taken 1
branch  6 taken 0
branch  7 taken 5
branch  8 taken 0
branch  9 taken 10
branch 10 taken 4
branch 11 taken 15
branch 12 taken 0
branch 13 taken 1
branch 14 taken 0
branch 15 taken 0
branch 16 taken 0
branch 17 taken 0
branch 18 taken 1
branch 19 taken 2
branch 20 taken 0
branch 21 taken 1
branch 22 taken 2
branch 23 taken 3
branch 24 taken 6
branch 25 taken 0
branch 26 taken 0
branch 27 taken 0
branch 28 taken 22
branch 29 taken 0
branch 30 taken 57
        -:  549:    {
    #####:  550:        case WM_MOUSEACTIVATE:
        -:  551:        {
        -:  552:            // HACK: Postpone cursor disabling when the window was activated by
        -:  553:            //       clicking a caption button
    #####:  554:            if (HIWORD(lParam) == WM_LBUTTONDOWN)
    %%%%%:  554-block  0
branch  0 never executed
branch  1 never executed
        -:  555:            {
    #####:  556:                if (LOWORD(lParam) != HTCLIENT)
    %%%%%:  556-block  0
branch  0 never executed
branch  1 never executed
    #####:  557:                    window->win32.frameAction = GLFW_TRUE;
    %%%%%:  557-block  0
        -:  558:            }
        -:  559:
    #####:  560:            break;
    %%%%%:  560-block  0
        -:  561:        }
        -:  562:
        3:  563:        case WM_CAPTURECHANGED:
        -:  564:        {
        -:  565:            // HACK: Disable the cursor once the caption button action has been
        -:  566:            //       completed or cancelled
        3:  567:            if (lParam == 0 && window->win32.frameAction)
        3:  567-block  0
branch  0 taken 3 (fallthrough)
branch  1 taken 0
        3:  567-block  1
branch  2 taken 0 (fallthrough)
branch  3 taken 3
        -:  568:            {
    #####:  569:                if (window->cursorMode == GLFW_CURSOR_DISABLED)
    %%%%%:  569-block  0
branch  0 never executed
branch  1 never executed
    #####:  570:                    disableCursor(window);
    %%%%%:  570-block  0
call    0 never executed
        -:  571:
    #####:  572:                window->win32.frameAction = GLFW_FALSE;
    %%%%%:  572-block  0
        -:  573:            }
        -:  574:
        3:  575:            break;
        3:  575-block  0
        -:  576:        }
        -:  577:
        1:  578:        case WM_SETFOCUS:
        -:  579:        {
        1:  580:            _glfwInputWindowFocus(window, GLFW_TRUE);
        1:  580-block  0
call    0 returned 1
        -:  581:
        -:  582:            // HACK: Do not disable cursor while the user is interacting with
        -:  583:            //       a caption button
        1:  584:            if (window->win32.frameAction)
branch  0 taken 0 (fallthrough)
branch  1 taken 1
    #####:  585:                break;
    %%%%%:  585-block  0
        -:  586:
        1:  587:            if (window->cursorMode == GLFW_CURSOR_DISABLED)
        1:  587-block  0
branch  0 taken 0 (fallthrough)
branch  1 taken 1
    #####:  588:                disableCursor(window);
    %%%%%:  588-block  0
call    0 never executed
        -:  589:
        1:  590:            return 0;
        1:  590-block  0
        -:  591:        }
        -:  592:
    #####:  593:        case WM_KILLFOCUS:
        -:  594:        {
    #####:  595:            if (window->cursorMode == GLFW_CURSOR_DISABLED)
    %%%%%:  595-block  0
branch  0 never executed
branch  1 never executed
    #####:  596:                enableCursor(window);
    %%%%%:  596-block  0
call    0 never executed
        -:  597:
    #####:  598:            if (window->monitor && window->autoIconify)
    %%%%%:  598-block  0
branch  0 never executed
branch  1 never executed
    %%%%%:  598-block  1
branch  2 never executed
branch  3 never executed
    #####:  599:                _glfwPlatformIconifyWindow(window);
    %%%%%:  599-block  0
call    0 never executed
        -:  600:
    #####:  601:            _glfwInputWindowFocus(window, GLFW_FALSE);
    %%%%%:  601-block  0
call    0 never executed
    #####:  602:            return 0;
        -:  603:        }
        -:  604:
        1:  605:        case WM_SYSCOMMAND:
        -:  606:        {
        1:  607:            switch (wParam & 0xfff0)
        1:  607-block  0
branch  0 taken 0
branch  1 taken 0
branch  2 taken 1
        -:  608:            {
    #####:  609:                case SC_SCREENSAVE:
        -:  610:                case SC_MONITORPOWER:
        -:  611:                {
    #####:  612:                    if (window->monitor)
    %%%%%:  612-block  0
branch  0 never executed
branch  1 never executed
        -:  613:                    {
        -:  614:                        // We are running in full screen mode, so disallow
        -:  615:                        // screen saver and screen blanking
    #####:  616:                        return 0;
    %%%%%:  616-block  0
        -:  617:                    }
        -:  618:                    else
    #####:  619:                        break;
    %%%%%:  619-block  0
        -:  620:                }
        -:  621:
        -:  622:                // User trying to access application menu using ALT?
    #####:  623:                case SC_KEYMENU:
        -:  624:                {
    #####:  625:                    if (!window->win32.keymenu)
    %%%%%:  625-block  0
branch  0 never executed
branch  1 never executed
    #####:  626:                        return 0;
    %%%%%:  626-block  0
        -:  627:
    #####:  628:                    break;
    %%%%%:  628-block  0
        -:  629:                }
        -:  630:            }
        1:  631:            break;
        1:  631-block  0
        -:  632:        }
        -:  633:
        1:  634:        case WM_CLOSE:
        -:  635:        {
        1:  636:            _glfwInputWindowCloseRequest(window);
        1:  636-block  0
call    0 returned 1
        1:  637:            return 0;
        -:  638:        }
        -:  639:
    #####:  640:        case WM_INPUTLANGCHANGE:
        -:  641:        {
    #####:  642:            _glfwUpdateKeyNamesWin32();
    %%%%%:  642-block  0
call    0 never executed
    #####:  643:            break;
        -:  644:        }
        -:  645:
        5:  646:        case WM_CHAR:
        -:  647:        case WM_SYSCHAR:
        -:  648:        {
       5*:  649:            if (wParam >= 0xd800 && wParam <= 0xdbff)
        5:  649-block  0
branch  0 taken 0 (fallthrough)
branch  1 taken 5
    %%%%%:  649-block  1
branch  2 never executed
branch  3 never executed
    #####:  650:                window->win32.highSurrogate = (WCHAR) wParam;
    %%%%%:  650-block  0
        -:  651:            else
        -:  652:            {
        5:  653:                unsigned int codepoint = 0;
        -:  654:
       5*:  655:                if (wParam >= 0xdc00 && wParam <= 0xdfff)
        5:  655-block  0
branch  0 taken 0 (fallthrough)
branch  1 taken 5
    %%%%%:  655-block  1
branch  2 never executed
branch  3 never executed
        -:  656:                {
    #####:  657:                    if (window->win32.highSurrogate)
    %%%%%:  657-block  0
branch  0 never executed
branch  1 never executed
        -:  658:                    {
    #####:  659:                        codepoint += (window->win32.highSurrogate - 0xd800) << 10;
    #####:  660:                        codepoint += (WCHAR) wParam - 0xdc00;
    #####:  661:                        codepoint += 0x10000;
    %%%%%:  661-block  0
        -:  662:                    }
        -:  663:                }
        -:  664:                else
        5:  665:                    codepoint = (WCHAR) wParam;
        5:  665-block  0
        -:  666:
        5:  667:                window->win32.highSurrogate = 0;
        5:  668:                _glfwInputChar(window, codepoint, getKeyMods(), uMsg != WM_SYSCHAR);
        5:  668-block  0
call    0 returned 5
call    1 returned 5
        -:  669:            }
        -:  670:
       5*:  671:            if (uMsg == WM_SYSCHAR && window->win32.keymenu)
        5:  671-block  0
branch  0 taken 0 (fallthrough)
branch  1 taken 5
    %%%%%:  671-block  1
branch  2 never executed
branch  3 never executed
    #####:  672:                break;
    %%%%%:  672-block  0
        -:  673:
        5:  674:            return 0;
        5:  674-block  0
        -:  675:        }
        -:  676:
    #####:  677:        case WM_UNICHAR:
        -:  678:        {
    #####:  679:            if (wParam == UNICODE_NOCHAR)
    %%%%%:  679-block  0
branch  0 never executed
branch  1 never executed
        -:  680:            {
        -:  681:                // WM_UNICHAR is not sent by Windows, but is sent by some
        -:  682:                // third-party input method engine
        -:  683:                // Returning TRUE here announces support for this message
    #####:  684:                return TRUE;
    %%%%%:  684-block  0
        -:  685:            }
        -:  686:
    #####:  687:            _glfwInputChar(window, (unsigned int) wParam, getKeyMods(), GLFW_TRUE);
    %%%%%:  687-block  0
call    0 never executed
call    1 never executed
    #####:  688:            return 0;
        -:  689:        }
        -:  690:
       10:  691:        case WM_KEYDOWN:
        -:  692:        case WM_SYSKEYDOWN:
        -:  693:        case WM_KEYUP:
        -:  694:        case WM_SYSKEYUP:
        -:  695:        {
        -:  696:            int key, scancode;
       10:  697:            const int action = (HIWORD(lParam) & KF_UP) ? GLFW_RELEASE : GLFW_PRESS;
       10:  698:            const int mods = getKeyMods();
       10:  698-block  0
call    0 returned 10
        -:  699:
       10:  700:            scancode = (HIWORD(lParam) & (KF_EXTENDED | 0xff));
       10:  701:            if (!scancode)
branch  0 taken 0 (fallthrough)
branch  1 taken 10
        -:  702:            {
        -:  703:                // NOTE: Some synthetic key messages have a scancode of zero
        -:  704:                // HACK: Map the virtual key back to a usable scancode
    #####:  705:                scancode = MapVirtualKeyW((UINT) wParam, MAPVK_VK_TO_VSC);
    %%%%%:  705-block  0
call    0 never executed
        -:  706:            }
        -:  707:
       10:  708:            key = _glfw.win32.keycodes[scancode];
        -:  709:
        -:  710:            // The Ctrl keys require special handling
       10:  711:            if (wParam == VK_CONTROL)
       10:  711-block  0
branch  0 taken 0 (fallthrough)
branch  1 taken 10
        -:  712:            {
    #####:  713:                if (HIWORD(lParam) & KF_EXTENDED)
    %%%%%:  713-block  0
branch  0 never executed
branch  1 never executed
        -:  714:                {
        -:  715:                    // Right side keys have the extended key bit set
    #####:  716:                    key = GLFW_KEY_RIGHT_CONTROL;
    %%%%%:  716-block  0
        -:  717:                }
        -:  718:                else
        -:  719:                {
        -:  720:                    // NOTE: Alt Gr sends Left Ctrl followed by Right Alt
        -:  721:                    // HACK: We only want one event for Alt Gr, so if we detect
        -:  722:                    //       this sequence we discard this Left Ctrl message now
        -:  723:                    //       and later report Right Alt normally
        -:  724:                    MSG next;
    #####:  725:                    const DWORD time = GetMessageTime();
    %%%%%:  725-block  0
call    0 never executed
        -:  726:
    #####:  727:                    if (PeekMessageW(&next, NULL, 0, 0, PM_NOREMOVE))
call    0 never executed
branch  1 never executed
branch  2 never executed
        -:  728:                    {
    #####:  729:                        if (next.message == WM_KEYDOWN ||
    %%%%%:  729-block  0
branch  0 never executed
branch  1 never executed
    #####:  730:                            next.message == WM_SYSKEYDOWN ||
    %%%%%:  730-block  0
branch  0 never executed
branch  1 never executed
    #####:  731:                            next.message == WM_KEYUP ||
    %%%%%:  731-block  0
branch  0 never executed
branch  1 never executed
    #####:  732:                            next.message == WM_SYSKEYUP)
    %%%%%:  732-block  0
branch  0 never executed
branch  1 never executed
        -:  733:                        {
    #####:  734:                            if (next.wParam == VK_MENU &&
    %%%%%:  734-block  0
branch  0 never executed
branch  1 never executed
    #####:  735:                                (HIWORD(next.lParam) & KF_EXTENDED) &&
    %%%%%:  735-block  0
branch  0 never executed
branch  1 never executed
    #####:  736:                                next.time == time)
    %%%%%:  736-block  0
branch  0 never executed
branch  1 never executed
        -:  737:                            {
        -:  738:                                // Next message is Right Alt down so discard this
    #####:  739:                                break;
    %%%%%:  739-block  0
        -:  740:                            }
        -:  741:                        }
        -:  742:                    }
        -:  743:
        -:  744:                    // This is a regular Left Ctrl message
    #####:  745:                    key = GLFW_KEY_LEFT_CONTROL;
    %%%%%:  745-block  0
        -:  746:                }
        -:  747:            }
       10:  748:            else if (wParam == VK_PROCESSKEY)
       10:  748-block  0
branch  0 taken 0 (fallthrough)
branch  1 taken 10
        -:  749:            {
        -:  750:                // IME notifies that keys have been filtered by setting the
        -:  751:                // virtual key-code to VK_PROCESSKEY
    #####:  752:                break;
    %%%%%:  752-block  0
        -:  753:            }
        -:  754:
       10:  755:            if (action == GLFW_RELEASE && wParam == VK_SHIFT)
       10:  755-block  0
branch  0 taken 5 (fallthrough)
branch  1 taken 5
        5:  755-block  1
branch  2 taken 0 (fallthrough)
branch  3 taken 5
        -:  756:            {
        -:  757:                // HACK: Release both Shift keys on Shift up event, as when both
        -:  758:                //       are pressed the first release does not emit any event
        -:  759:                // NOTE: The other half of this is in _glfwPlatformPollEvents
    #####:  760:                _glfwInputKey(window, GLFW_KEY_LEFT_SHIFT, scancode, action, mods);
    %%%%%:  760-block  0
call    0 never executed
    #####:  761:                _glfwInputKey(window, GLFW_KEY_RIGHT_SHIFT, scancode, action, mods);
call    0 never executed
        -:  762:            }
       10:  763:            else if (wParam == VK_SNAPSHOT)
       10:  763-block  0
branch  0 taken 0 (fallthrough)
branch  1 taken 10
        -:  764:            {
        -:  765:                // HACK: Key down is not reported for the Print Screen key
    #####:  766:                _glfwInputKey(window, key, scancode, GLFW_PRESS, mods);
    %%%%%:  766-block  0
call    0 never executed
    #####:  767:                _glfwInputKey(window, key, scancode, GLFW_RELEASE, mods);
call    0 never executed
        -:  768:            }
        -:  769:            else
       10:  770:                _glfwInputKey(window, key, scancode, action, mods);
       10:  770-block  0
call    0 returned 10
        -:  771:
       10:  772:            break;
       10:  772-block  0
        -:  773:        }
        -:  774:
        4:  775:        case WM_LBUTTONDOWN:
        -:  776:        case WM_RBUTTONDOWN:
        -:  777:        case WM_MBUTTONDOWN:
        -:  778:        case WM_XBUTTONDOWN:
        -:  779:        case WM_LBUTTONUP:
        -:  780:        case WM_RBUTTONUP:
        -:  781:        case WM_MBUTTONUP:
        -:  782:        case WM_XBUTTONUP:
        -:  783:        {
        -:  784:            int i, button, action;
        -:  785:
        4:  786:            if (uMsg == WM_LBUTTONDOWN || uMsg == WM_LBUTTONUP)
        4:  786-block  0
branch  0 taken 2 (fallthrough)
branch  1 taken 2
        2:  786-block  1
branch  2 taken 2 (fallthrough)
branch  3 taken 0
        4:  787:                button = GLFW_MOUSE_BUTTON_LEFT;
        4:  787-block  0
    #####:  788:            else if (uMsg == WM_RBUTTONDOWN || uMsg == WM_RBUTTONUP)
    %%%%%:  788-block  0
branch  0 never executed
branch  1 never executed
    %%%%%:  788-block  1
branch  2 never executed
branch  3 never executed
    #####:  789:                button = GLFW_MOUSE_BUTTON_RIGHT;
    %%%%%:  789-block  0
    #####:  790:            else if (uMsg == WM_MBUTTONDOWN || uMsg == WM_MBUTTONUP)
    %%%%%:  790-block  0
branch  0 never executed
branch  1 never executed
    %%%%%:  790-block  1
branch  2 never executed
branch  3 never executed
    #####:  791:                button = GLFW_MOUSE_BUTTON_MIDDLE;
    %%%%%:  791-block  0
    #####:  792:            else if (GET_XBUTTON_WPARAM(wParam) == XBUTTON1)
    %%%%%:  792-block  0
branch  0 never executed
branch  1 never executed
    #####:  793:                button = GLFW_MOUSE_BUTTON_4;
    %%%%%:  793-block  0
        -:  794:            else
    #####:  795:                button = GLFW_MOUSE_BUTTON_5;
    %%%%%:  795-block  0
        -:  796:
        4:  797:            if (uMsg == WM_LBUTTONDOWN || uMsg == WM_RBUTTONDOWN ||
        4:  797-block  0
branch  0 taken 2 (fallthrough)
branch  1 taken 2
        2:  797-block  1
branch  2 taken 2 (fallthrough)
branch  3 taken 0
        2:  797-block  2
branch  4 taken 2 (fallthrough)
branch  5 taken 0
        2:  798:                uMsg == WM_MBUTTONDOWN || uMsg == WM_XBUTTONDOWN)
        2:  798-block  0
branch  0 taken 0 (fallthrough)
branch  1 taken 2
        -:  799:            {
        2:  800:                action = GLFW_PRESS;
        2:  800-block  0
        -:  801:            }
        -:  802:            else
        2:  803:                action = GLFW_RELEASE;
        2:  803-block  0
        -:  804:
       20:  805:            for (i = 0;  i <= GLFW_MOUSE_BUTTON_LAST;  i++)
        4:  805-block  0
       16:  805-block  1
       20:  805-block  2
branch  0 taken 18
branch  1 taken 2 (fallthrough)
        -:  806:            {
       18:  807:                if (window->mouseButtons[i] == GLFW_PRESS)
       18:  807-block  0
branch  0 taken 2 (fallthrough)
branch  1 taken 16
        2:  808:                    break;
        2:  808-block  0
        -:  809:            }
        -:  810:
        4:  811:            if (i > GLFW_MOUSE_BUTTON_LAST)
        4:  811-block  0
branch  0 taken 2 (fallthrough)
branch  1 taken 2
        2:  812:                SetCapture(hWnd);
        2:  812-block  0
call    0 returned 2
        -:  813:
        4:  814:            _glfwInputMouseClick(window, button, action, getKeyMods());
        4:  814-block  0
call    0 returned 4
call    1 returned 4
        -:  815:
       20:  816:            for (i = 0;  i <= GLFW_MOUSE_BUTTON_LAST;  i++)
       16:  816-block  0
       20:  816-block  1
branch  0 taken 18
branch  1 taken 2 (fallthrough)
        -:  817:            {
       18:  818:                if (window->mouseButtons[i] == GLFW_PRESS)
       18:  818-block  0
branch  0 taken 2 (fallthrough)
branch  1 taken 16
        2:  819:                    break;
        2:  819-block  0
        -:  820:            }
        -:  821:
        4:  822:            if (i > GLFW_MOUSE_BUTTON_LAST)
        4:  822-block  0
branch  0 taken 2 (fallthrough)
branch  1 taken 2
        2:  823:                ReleaseCapture();
        2:  823-block  0
call    0 returned 2
        -:  824:
        4:  825:            if (uMsg == WM_XBUTTONDOWN || uMsg == WM_XBUTTONUP)
        4:  825-block  0
branch  0 taken 4 (fallthrough)
branch  1 taken 0
        4:  825-block  1
branch  2 taken 0 (fallthrough)
branch  3 taken 4
    #####:  826:                return TRUE;
    %%%%%:  826-block  0
        -:  827:
        4:  828:            return 0;
        4:  828-block  0
        -:  829:        }
        -:  830:
       15:  831:        case WM_MOUSEMOVE:
        -:  832:        {
       15:  833:            const int x = GET_X_LPARAM(lParam);
       15:  834:            const int y = GET_Y_LPARAM(lParam);
        -:  835:
       15:  836:            if (!window->win32.cursorTracked)
       15:  836-block  0
branch  0 taken 1 (fallthrough)
branch  1 taken 14
        -:  837:            {
        -:  838:                TRACKMOUSEEVENT tme;
        1:  839:                ZeroMemory(&tme, sizeof(tme));
        1:  840:                tme.cbSize = sizeof(tme);
        1:  841:                tme.dwFlags = TME_LEAVE;
        1:  842:                tme.hwndTrack = window->win32.handle;
        1:  843:                TrackMouseEvent(&tme);
        1:  843-block  0
call    0 returned 1
        -:  844:
        1:  845:                window->win32.cursorTracked = GLFW_TRUE;
        1:  846:                _glfwInputCursorEnter(window, GLFW_TRUE);
call    0 returned 1
        -:  847:            }
        -:  848:
       15:  849:            if (window->cursorMode == GLFW_CURSOR_DISABLED)
       15:  849-block  0
branch  0 taken 0 (fallthrough)
branch  1 taken 15
        -:  850:            {
    #####:  851:                const int dx = x - window->win32.lastCursorPosX;
    #####:  852:                const int dy = y - window->win32.lastCursorPosY;
        -:  853:
    #####:  854:                if (_glfw.win32.disabledCursorWindow != window)
    %%%%%:  854-block  0
branch  0 never executed
branch  1 never executed
    #####:  855:                    break;
    %%%%%:  855-block  0
    #####:  856:                if (window->rawMouseMotion)
    %%%%%:  856-block  0
branch  0 never executed
branch  1 never executed
    #####:  857:                    break;
    %%%%%:  857-block  0
        -:  858:
    #####:  859:                _glfwInputCursorPos(window,
    #####:  860:                                    window->virtualCursorPosX + dx,
    #####:  861:                                    window->virtualCursorPosY + dy);
    %%%%%:  861-block  0
call    0 never executed
        -:  862:            }
        -:  863:            else
       15:  864:                _glfwInputCursorPos(window, x, y);
       15:  864-block  0
call    0 returned 15
        -:  865:
       15:  866:            window->win32.lastCursorPosX = x;
       15:  867:            window->win32.lastCursorPosY = y;
        -:  868:
       15:  869:            return 0;
       15:  869-block  0
        -:  870:        }
        -:  871:
    #####:  872:        case WM_INPUT:
        -:  873:        {
    #####:  874:            UINT size = 0;
    #####:  875:            HRAWINPUT ri = (HRAWINPUT) lParam;
    #####:  876:            RAWINPUT* data = NULL;
        -:  877:            int dx, dy;
        -:  878:
    #####:  879:            if (_glfw.win32.disabledCursorWindow != window)
    %%%%%:  879-block  0
branch  0 never executed
branch  1 never executed
    #####:  880:                break;
    %%%%%:  880-block  0
    #####:  881:            if (!window->rawMouseMotion)
    %%%%%:  881-block  0
branch  0 never executed
branch  1 never executed
    #####:  882:                break;
    %%%%%:  882-block  0
        -:  883:
    #####:  884:            GetRawInputData(ri, RID_INPUT, NULL, &size, sizeof(RAWINPUTHEADER));
    %%%%%:  884-block  0
call    0 never executed
    #####:  885:            if (size > (UINT) _glfw.win32.rawInputSize)
branch  0 never executed
branch  1 never executed
        -:  886:            {
    #####:  887:                free(_glfw.win32.rawInput);
    #####:  888:                _glfw.win32.rawInput = calloc(size, 1);
    #####:  889:                _glfw.win32.rawInputSize = size;
    %%%%%:  889-block  0
        -:  890:            }
        -:  891:
    #####:  892:            size = _glfw.win32.rawInputSize;
    #####:  893:            if (GetRawInputData(ri, RID_INPUT,
branch  0 never executed
branch  1 never executed
    #####:  894:                                _glfw.win32.rawInput, &size,
    %%%%%:  894-block  0
call    0 never executed
        -:  895:                                sizeof(RAWINPUTHEADER)) == (UINT) -1)
        -:  896:            {
    #####:  897:                _glfwInputError(GLFW_PLATFORM_ERROR,
    %%%%%:  897-block  0
call    0 never executed
        -:  898:                                "Win32: Failed to retrieve raw input data");
    #####:  899:                break;
        -:  900:            }
        -:  901:
    #####:  902:            data = _glfw.win32.rawInput;
    #####:  903:            if (data->data.mouse.usFlags & MOUSE_MOVE_ABSOLUTE)
    %%%%%:  903-block  0
branch  0 never executed
branch  1 never executed
        -:  904:            {
    #####:  905:                dx = data->data.mouse.lLastX - window->win32.lastCursorPosX;
    #####:  906:                dy = data->data.mouse.lLastY - window->win32.lastCursorPosY;
    %%%%%:  906-block  0
        -:  907:            }
        -:  908:            else
        -:  909:            {
    #####:  910:                dx = data->data.mouse.lLastX;
    #####:  911:                dy = data->data.mouse.lLastY;
    %%%%%:  911-block  0
        -:  912:            }
        -:  913:
    #####:  914:            _glfwInputCursorPos(window,
    #####:  915:                                window->virtualCursorPosX + dx,
    #####:  916:                                window->virtualCursorPosY + dy);
    %%%%%:  916-block  0
call    0 never executed
        -:  917:
    #####:  918:            window->win32.lastCursorPosX += dx;
    #####:  919:            window->win32.lastCursorPosY += dy;
    #####:  920:            break;
        -:  921:        }
        -:  922:
        1:  923:        case WM_MOUSELEAVE:
        -:  924:        {
        1:  925:            window->win32.cursorTracked = GLFW_FALSE;
        1:  926:            _glfwInputCursorEnter(window, GLFW_FALSE);
        1:  926-block  0
call    0 returned 1
        1:  927:            return 0;
        -:  928:        }
        -:  929:
    #####:  930:        case WM_MOUSEWHEEL:
        -:  931:        {
    #####:  932:            _glfwInputScroll(window, 0.0, (SHORT) HIWORD(wParam) / (double) WHEEL_DELTA);
    %%%%%:  932-block  0
call    0 never executed
    #####:  933:            return 0;
        -:  934:        }
        -:  935:
    #####:  936:        case WM_MOUSEHWHEEL:
        -:  937:        {
        -:  938:            // This message is only sent on Windows Vista and later
        -:  939:            // NOTE: The X-axis is inverted for consistency with macOS and X11
    #####:  940:            _glfwInputScroll(window, -((SHORT) HIWORD(wParam) / (double) WHEEL_DELTA), 0.0);
    %%%%%:  940-block  0
call    0 never executed
    #####:  941:            return 0;
        -:  942:        }
        -:  943:
    #####:  944:        case WM_ENTERSIZEMOVE:
        -:  945:        case WM_ENTERMENULOOP:
        -:  946:        {
    #####:  947:            if (window->win32.frameAction)
    %%%%%:  947-block  0
branch  0 never executed
branch  1 never executed
    #####:  948:                break;
    %%%%%:  948-block  0
        -:  949:
        -:  950:            // HACK: Enable the cursor while the user is moving or
        -:  951:            //       resizing the window or using the window menu
    #####:  952:            if (window->cursorMode == GLFW_CURSOR_DISABLED)
    %%%%%:  952-block  0
branch  0 never executed
branch  1 never executed
    #####:  953:                enableCursor(window);
    %%%%%:  953-block  0
call    0 never executed
        -:  954:
    #####:  955:            break;
    %%%%%:  955-block  0
        -:  956:        }
        -:  957:
    #####:  958:        case WM_EXITSIZEMOVE:
        -:  959:        case WM_EXITMENULOOP:
        -:  960:        {
    #####:  961:            if (window->win32.frameAction)
    %%%%%:  961-block  0
branch  0 never executed
branch  1 never executed
    #####:  962:                break;
    %%%%%:  962-block  0
        -:  963:
        -:  964:            // HACK: Disable the cursor once the user is done moving or
        -:  965:            //       resizing the window or using the menu
    #####:  966:            if (window->cursorMode == GLFW_CURSOR_DISABLED)
    %%%%%:  966-block  0
branch  0 never executed
branch  1 never executed
    #####:  967:                disableCursor(window);
    %%%%%:  967-block  0
call    0 never executed
        -:  968:
    #####:  969:            break;
    %%%%%:  969-block  0
        -:  970:        }
        -:  971:
        1:  972:        case WM_SIZE:
        -:  973:        {
        1:  974:            const int width = LOWORD(lParam);
        1:  975:            const int height = HIWORD(lParam);
        1:  976:            const GLFWbool iconified = wParam == SIZE_MINIMIZED;
       2*:  977:            const GLFWbool maximized = wParam == SIZE_MAXIMIZED ||
        1:  977-block  0
branch  0 taken 1 (fallthrough)
branch  1 taken 0
    %%%%%:  977-block  1
        1:  977-block  2
       1*:  978:                                       (window->win32.maximized &&
        1:  978-block  0
branch  0 taken 0 (fallthrough)
branch  1 taken 1
    %%%%%:  978-block  1
branch  2 never executed
branch  3 never executed
        -:  979:                                        wParam != SIZE_RESTORED);
        -:  980:
        1:  981:            if (_glfw.win32.disabledCursorWindow == window)
        1:  981-block  0
branch  0 taken 0 (fallthrough)
branch  1 taken 1
    #####:  982:                updateClipRect(window);
    %%%%%:  982-block  0
call    0 never executed
        -:  983:
        1:  984:            if (window->win32.iconified != iconified)
        1:  984-block  0
branch  0 taken 0 (fallthrough)
branch  1 taken 1
    #####:  985:                _glfwInputWindowIconify(window, iconified);
    %%%%%:  985-block  0
call    0 never executed
        -:  986:
        1:  987:            if (window->win32.maximized != maximized)
        1:  987-block  0
branch  0 taken 0 (fallthrough)
branch  1 taken 1
    #####:  988:                _glfwInputWindowMaximize(window, maximized);
    %%%%%:  988-block  0
call    0 never executed
        -:  989:
        1:  990:            if (width != window->win32.width || height != window->win32.height)
        1:  990-block  0
branch  0 taken 1 (fallthrough)
branch  1 taken 0
        1:  990-block  1
branch  2 taken 0 (fallthrough)
branch  3 taken 1
        -:  991:            {
    #####:  992:                window->win32.width = width;
    #####:  993:                window->win32.height = height;
        -:  994:
    #####:  995:                _glfwInputFramebufferSize(window, width, height);
    %%%%%:  995-block  0
call    0 never executed
    #####:  996:                _glfwInputWindowSize(window, width, height);
call    0 never executed
        -:  997:            }
        -:  998:
       1*:  999:            if (window->monitor && window->win32.iconified != iconified)
        1:  999-block  0
branch  0 taken 0 (fallthrough)
branch  1 taken 1
    %%%%%:  999-block  1
branch  2 never executed
branch  3 never executed
        -: 1000:            {
    #####: 1001:                if (iconified)
    %%%%%: 1001-block  0
branch  0 never executed
branch  1 never executed
    #####: 1002:                    releaseMonitor(window);
    %%%%%: 1002-block  0
call    0 never executed
        -: 1003:                else
        -: 1004:                {
    #####: 1005:                    acquireMonitor(window);
    %%%%%: 1005-block  0
call    0 never executed
    #####: 1006:                    fitToMonitor(window);
call    0 never executed
        -: 1007:                }
        -: 1008:            }
        -: 1009:
        1: 1010:            window->win32.iconified = iconified;
        1: 1011:            window->win32.maximized = maximized;
        1: 1012:            return 0;
        1: 1012-block  0
        -: 1013:        }
        -: 1014:
        2: 1015:        case WM_MOVE:
        -: 1016:        {
        2: 1017:            if (_glfw.win32.disabledCursorWindow == window)
        2: 1017-block  0
branch  0 taken 0 (fallthrough)
branch  1 taken 2
    #####: 1018:                updateClipRect(window);
    %%%%%: 1018-block  0
call    0 never executed
        -: 1019:
        -: 1020:            // NOTE: This cannot use LOWORD/HIWORD recommended by MSDN, as
        -: 1021:            // those macros do not handle negative window positions correctly
        2: 1022:            _glfwInputWindowPos(window,
        2: 1023:                                GET_X_LPARAM(lParam),
        2: 1024:                                GET_Y_LPARAM(lParam));
        2: 1024-block  0
call    0 returned 2
        2: 1025:            return 0;
        -: 1026:        }
        -: 1027:
    #####: 1028:        case WM_SIZING:
        -: 1029:        {
    #####: 1030:            if (window->numer == GLFW_DONT_CARE ||
    %%%%%: 1030-block  0
branch  0 never executed
branch  1 never executed
    #####: 1031:                window->denom == GLFW_DONT_CARE)
    %%%%%: 1031-block  0
branch  0 never executed
branch  1 never executed
        -: 1032:            {
        -: 1033:                break;
        -: 1034:            }
        -: 1035:
    #####: 1036:            applyAspectRatio(window, (int) wParam, (RECT*) lParam);
    %%%%%: 1036-block  0
call    0 never executed
    #####: 1037:            return TRUE;
        -: 1038:        }
        -: 1039:
        1: 1040:        case WM_GETMINMAXINFO:
        -: 1041:        {
        -: 1042:            int xoff, yoff;
        1: 1043:            UINT dpi = USER_DEFAULT_SCREEN_DPI;
        1: 1044:            MINMAXINFO* mmi = (MINMAXINFO*) lParam;
        -: 1045:
        1: 1046:            if (window->monitor)
        1: 1046-block  0
branch  0 taken 0 (fallthrough)
branch  1 taken 1
    #####: 1047:                break;
    %%%%%: 1047-block  0
        -: 1048:
        1: 1049:            if (_glfwIsWindows10AnniversaryUpdateOrGreaterWin32())
        1: 1049-block  0
call    0 returned 1
branch  1 taken 1 (fallthrough)
branch  2 taken 0
        1: 1050:                dpi = GetDpiForWindow(window->win32.handle);
        1: 1050-block  0
call    0 returned 1
        -: 1051:
        1: 1052:            getFullWindowSize(getWindowStyle(window), getWindowExStyle(window),
        1: 1052-block  0
call    0 returned 1
call    1 returned 1
call    2 returned 1
        -: 1053:                              0, 0, &xoff, &yoff, dpi);
        -: 1054:
       1*: 1055:            if (window->minwidth != GLFW_DONT_CARE &&
branch  0 taken 0 (fallthrough)
branch  1 taken 1
    #####: 1056:                window->minheight != GLFW_DONT_CARE)
    %%%%%: 1056-block  0
branch  0 never executed
branch  1 never executed
        -: 1057:            {
    #####: 1058:                mmi->ptMinTrackSize.x = window->minwidth + xoff;
    #####: 1059:                mmi->ptMinTrackSize.y = window->minheight + yoff;
    %%%%%: 1059-block  0
        -: 1060:            }
        -: 1061:
       1*: 1062:            if (window->maxwidth != GLFW_DONT_CARE &&
        1: 1062-block  0
branch  0 taken 0 (fallthrough)
branch  1 taken 1
    #####: 1063:                window->maxheight != GLFW_DONT_CARE)
    %%%%%: 1063-block  0
branch  0 never executed
branch  1 never executed
        -: 1064:            {
    #####: 1065:                mmi->ptMaxTrackSize.x = window->maxwidth + xoff;
    #####: 1066:                mmi->ptMaxTrackSize.y = window->maxheight + yoff;
    %%%%%: 1066-block  0
        -: 1067:            }
        -: 1068:
        1: 1069:            if (!window->decorated)
        1: 1069-block  0
branch  0 taken 0 (fallthrough)
branch  1 taken 1
        -: 1070:            {
        -: 1071:                MONITORINFO mi;
    #####: 1072:                const HMONITOR mh = MonitorFromWindow(window->win32.handle,
    %%%%%: 1072-block  0
call    0 never executed
        -: 1073:                                                      MONITOR_DEFAULTTONEAREST);
        -: 1074:
    #####: 1075:                ZeroMemory(&mi, sizeof(mi));
    #####: 1076:                mi.cbSize = sizeof(mi);
    #####: 1077:                GetMonitorInfo(mh, &mi);
call    0 never executed
        -: 1078:
    #####: 1079:                mmi->ptMaxPosition.x = mi.rcWork.left - mi.rcMonitor.left;
    #####: 1080:                mmi->ptMaxPosition.y = mi.rcWork.top - mi.rcMonitor.top;
    #####: 1081:                mmi->ptMaxSize.x = mi.rcWork.right - mi.rcWork.left;
    #####: 1082:                mmi->ptMaxSize.y = mi.rcWork.bottom - mi.rcWork.top;
        -: 1083:            }
        -: 1084:
        1: 1085:            return 0;
        1: 1085-block  0
        -: 1086:        }
        -: 1087:
        2: 1088:        case WM_PAINT:
        -: 1089:        {
        2: 1090:            _glfwInputWindowDamage(window);
        2: 1090-block  0
call    0 returned 2
        2: 1091:            break;
        -: 1092:        }
        -: 1093:
        3: 1094:        case WM_ERASEBKGND:
        -: 1095:        {
        3: 1096:            return TRUE;
        3: 1096-block  0
        -: 1097:        }
        -: 1098:
        6: 1099:        case WM_NCACTIVATE:
        -: 1100:        case WM_NCPAINT:
        -: 1101:        {
        -: 1102:            // Prevent title bar from being drawn after restoring a minimized
        -: 1103:            // undecorated window
        6: 1104:            if (!window->decorated)
        6: 1104-block  0
branch  0 taken 0 (fallthrough)
branch  1 taken 6
    #####: 1105:                return TRUE;
    %%%%%: 1105-block  0
        -: 1106:
        6: 1107:            break;
        6: 1107-block  0
        -: 1108:        }
        -: 1109:
    #####: 1110:        case WM_DWMCOMPOSITIONCHANGED:
        -: 1111:        case WM_DWMCOLORIZATIONCOLORCHANGED:
        -: 1112:        {
    #####: 1113:            if (window->win32.transparent)
    %%%%%: 1113-block  0
branch  0 never executed
branch  1 never executed
    #####: 1114:                updateFramebufferTransparency(window);
    %%%%%: 1114-block  0
call    0 never executed
    #####: 1115:            return 0;
    %%%%%: 1115-block  0
        -: 1116:        }
        -: 1117:
    #####: 1118:        case WM_GETDPISCALEDSIZE:
        -: 1119:        {
    #####: 1120:            if (window->win32.scaleToMonitor)
    %%%%%: 1120-block  0
branch  0 never executed
branch  1 never executed
    #####: 1121:                break;
    %%%%%: 1121-block  0
        -: 1122:
        -: 1123:            // Adjust the window size to keep the content area size constant
    #####: 1124:            if (_glfwIsWindows10CreatorsUpdateOrGreaterWin32())
    %%%%%: 1124-block  0
call    0 never executed
branch  1 never executed
branch  2 never executed
        -: 1125:            {
    #####: 1126:                RECT source = {0}, target = {0};
    #####: 1127:                SIZE* size = (SIZE*) lParam;
        -: 1128:
    #####: 1129:                AdjustWindowRectExForDpi(&source, getWindowStyle(window),
call    0 never executed
call    1 never executed
call    2 never executed
        -: 1130:                                         FALSE, getWindowExStyle(window),
    #####: 1131:                                         GetDpiForWindow(window->win32.handle));
    %%%%%: 1131-block  0
call    0 never executed
    #####: 1132:                AdjustWindowRectExForDpi(&target, getWindowStyle(window),
call    0 never executed
call    1 never executed
        -: 1133:                                         FALSE, getWindowExStyle(window),
    #####: 1134:                                         LOWORD(wParam));
call    0 never executed
        -: 1135:
    #####: 1136:                size->cx += (target.right - target.left) -
    #####: 1137:                            (source.right - source.left);
    #####: 1138:                size->cy += (target.bottom - target.top) -
    #####: 1139:                            (source.bottom - source.top);
    #####: 1140:                return TRUE;
        -: 1141:            }
        -: 1142:
    #####: 1143:            break;
    %%%%%: 1143-block  0
        -: 1144:        }
        -: 1145:
    #####: 1146:        case WM_DPICHANGED:
        -: 1147:        {
    #####: 1148:            const float xscale = HIWORD(wParam) / (float) USER_DEFAULT_SCREEN_DPI;
    #####: 1149:            const float yscale = LOWORD(wParam) / (float) USER_DEFAULT_SCREEN_DPI;
        -: 1150:
        -: 1151:            // Resize windowed mode windows that either permit rescaling or that
        -: 1152:            // need it to compensate for non-client area scaling
    #####: 1153:            if (!window->monitor &&
    %%%%%: 1153-block  0
branch  0 never executed
branch  1 never executed
    #####: 1154:                (window->win32.scaleToMonitor ||
    %%%%%: 1154-block  0
branch  0 never executed
branch  1 never executed
branch  2 never executed
branch  3 never executed
    #####: 1155:                 _glfwIsWindows10CreatorsUpdateOrGreaterWin32()))
    %%%%%: 1155-block  0
call    0 never executed
        -: 1156:            {
    #####: 1157:                RECT* suggested = (RECT*) lParam;
    #####: 1158:                SetWindowPos(window->win32.handle, HWND_TOP,
    #####: 1159:                             suggested->left,
    #####: 1160:                             suggested->top,
    #####: 1161:                             suggested->right - suggested->left,
    #####: 1162:                             suggested->bottom - suggested->top,
    %%%%%: 1162-block  0
call    0 never executed
        -: 1163:                             SWP_NOACTIVATE | SWP_NOZORDER);
        -: 1164:            }
        -: 1165:
    #####: 1166:            _glfwInputWindowContentScale(window, xscale, yscale);
    %%%%%: 1166-block  0
call    0 never executed
    #####: 1167:            break;
        -: 1168:        }
        -: 1169:
       22: 1170:        case WM_SETCURSOR:
        -: 1171:        {
       22: 1172:            if (LOWORD(lParam) == HTCLIENT)
       22: 1172-block  0
branch  0 taken 16 (fallthrough)
branch  1 taken 6
        -: 1173:            {
       16: 1174:                updateCursorImage(window);
       16: 1174-block  0
call    0 returned 16
       16: 1175:                return TRUE;
        -: 1176:            }
        -: 1177:
        6: 1178:            break;
        6: 1178-block  0
        -: 1179:        }
        -: 1180:
    #####: 1181:        case WM_DROPFILES:
        -: 1182:        {
    #####: 1183:            HDROP drop = (HDROP) wParam;
        -: 1184:            POINT pt;
        -: 1185:            int i;
        -: 1186:
    #####: 1187:            const int count = DragQueryFileW(drop, 0xffffffff, NULL, 0);
    %%%%%: 1187-block  0
call    0 never executed
    #####: 1188:            char** paths = calloc(count, sizeof(char*));
        -: 1189:
        -: 1190:            // Move the mouse to the position of the drop
    #####: 1191:            DragQueryPoint(drop, &pt);
call    0 never executed
    #####: 1192:            _glfwInputCursorPos(window, pt.x, pt.y);
call    0 never executed
        -: 1193:
    #####: 1194:            for (i = 0;  i < count;  i++)
    %%%%%: 1194-block  0
branch  0 never executed
branch  1 never executed
        -: 1195:            {
    #####: 1196:                const UINT length = DragQueryFileW(drop, i, NULL, 0);
    %%%%%: 1196-block  0
call    0 never executed
    #####: 1197:                WCHAR* buffer = calloc((size_t) length + 1, sizeof(WCHAR));
        -: 1198:
    #####: 1199:                DragQueryFileW(drop, i, buffer, length + 1);
[...]
    %%%%%: 2102-block  0
call    0 never executed
branch  1 never executed
branch  2 never executed
    #####: 2103:        updateCursorImage(window);
    %%%%%: 2103-block  0
call    0 never executed
    #####: 2104:}
        -: 2105:
function _glfwPlatformGetScancodeName called 0 returned 0% blocks executed 0%
    #####: 2106:const char* _glfwPlatformGetScancodeName(int scancode)
        -: 2107:{
    #####: 2108:    if (scancode < 0 || scancode > (KF_EXTENDED | 0xff) ||
    %%%%%: 2108-block  0
branch  0 never executed
branch  1 never executed
    %%%%%: 2108-block  1
branch  2 never executed
branch  3 never executed
    #####: 2109:        _glfw.win32.keycodes[scancode] == GLFW_KEY_UNKNOWN)
    %%%%%: 2109-block  0
branch  0 never executed
branch  1 never executed
        -: 2110:    {
    #####: 2111:        _glfwInputError(GLFW_INVALID_VALUE, "Invalid scancode");
    %%%%%: 2111-block  0
call    0 never executed
    #####: 2112:        return NULL;
        -: 2113:    }
        -: 2114:
    #####: 2115:    return _glfw.win32.keynames[_glfw.win32.keycodes[scancode]];
    %%%%%: 2115-block  0
        -: 2116:}
        -: 2117:
function _glfwPlatformGetKeyScancode called 0 returned 0% blocks executed 0%
    #####: 2118:int _glfwPlatformGetKeyScancode(int key)
        -: 2119:{
    #####: 2120:    return _glfw.win32.scancodes[key];
    %%%%%: 2120-block  0
        -: 2121:}
        -: 2122:
function _glfwPlatformCreateCursor called 0 returned 0% blocks executed 0%
    #####: 2123:int _glfwPlatformCreateCursor(_GLFWcursor* cursor,
        -: 2124:                              const GLFWimage* image,
        -: 2125:                              int xhot, int yhot)
        -: 2126:{
    #####: 2127:    cursor->win32.handle = (HCURSOR) createIcon(image, xhot, yhot, GLFW_FALSE);
    %%%%%: 2127-block  0
call    0 never executed
    #####: 2128:    if (!cursor->win32.handle)
branch  0 never executed
branch  1 never executed
    #####: 2129:        return GLFW_FALSE;
    %%%%%: 2129-block  0
        -: 2130:
    #####: 2131:    return GLFW_TRUE;
    %%%%%: 2131-block  0
        -: 2132:}
        -: 2133:
function _glfwPlatformCreateStandardCursor called 0 returned 0% blocks executed 0%
    #####: 2134:int _glfwPlatformCreateStandardCursor(_GLFWcursor* cursor, int shape)
        -: 2135:{
    #####: 2136:    int id = 0;
        -: 2137:
    #####: 2138:    switch (shape)
    %%%%%: 2138-block  0
branch  0 never executed
branch  1 never executed
branch  2 never executed
branch  3 never executed
branch  4 never executed
branch  5 never executed
branch  6 never executed
branch  7 never executed
branch  8 never executed
branch  9 never executed
branch 10 never executed
        -: 2139:    {
    #####: 2140:        case GLFW_ARROW_CURSOR:
    #####: 2141:            id = OCR_NORMAL;
    #####: 2142:            break;
    %%%%%: 2142-block  0
    #####: 2143:        case GLFW_IBEAM_CURSOR:
    #####: 2144:            id = OCR_IBEAM;
    #####: 2145:            break;
    %%%%%: 2145-block  0
    #####: 2146:        case GLFW_CROSSHAIR_CURSOR:
    #####: 2147:            id = OCR_CROSS;
    #####: 2148:            break;
    %%%%%: 2148-block  0
    #####: 2149:        case GLFW_POINTING_HAND_CURSOR:
    #####: 2150:            id = OCR_HAND;
    #####: 2151:            break;
    %%%%%: 2151-block  0
    #####: 2152:        case GLFW_RESIZE_EW_CURSOR:
    #####: 2153:            id = OCR_SIZEWE;
    #####: 2154:            break;
    %%%%%: 2154-block  0
    #####: 2155:        case GLFW_RESIZE_NS_CURSOR:
    #####: 2156:            id = OCR_SIZENS;
    #####: 2157:            break;
    %%%%%: 2157-block  0
    #####: 2158:        case GLFW_RESIZE_NWSE_CURSOR:
    #####: 2159:            id = OCR_SIZENWSE;
    #####: 2160:            break;
    %%%%%: 2160-block  0
    #####: 2161:        case GLFW_RESIZE_NESW_CURSOR:
    #####: 2162:            id = OCR_SIZENESW;
    #####: 2163:            break;
    %%%%%: 2163-block  0
    #####: 2164:        case GLFW_RESIZE_ALL_CURSOR:
    #####: 2165:            id = OCR_SIZEALL;
    #####: 2166:            break;
    %%%%%: 2166-block  0
    #####: 2167:        case GLFW_NOT_ALLOWED_CURSOR:
    #####: 2168:            id = OCR_NO;
    #####: 2169:            break;
    %%%%%: 2169-block  0
    #####: 2170:        default:
    #####: 2171:            _glfwInputError(GLFW_PLATFORM_ERROR, "Win32: Unknown standard cursor");
    %%%%%: 2171-block  0
call    0 never executed
    #####: 2172:            return GLFW_FALSE;
        -: 2173:    }
        -: 2174:
    #####: 2175:    cursor->win32.handle = LoadImageW(NULL,
    #####: 2176:                                      MAKEINTRESOURCEW(id), IMAGE_CURSOR, 0, 0,
    %%%%%: 2176-block  0
call    0 never executed
        -: 2177:                                      LR_DEFAULTSIZE | LR_SHARED);
    #####: 2178:    if (!cursor->win32.handle)
branch  0 never executed
branch  1 never executed
        -: 2179:    {
    #####: 2180:        _glfwInputErrorWin32(GLFW_PLATFORM_ERROR,
    %%%%%: 2180-block  0
call    0 never executed
        -: 2181:                             "Win32: Failed to create standard cursor");
    #####: 2182:        return GLFW_FALSE;
        -: 2183:    }
        -: 2184:
    #####: 2185:    return GLFW_TRUE;
    %%%%%: 2185-block  0
        -: 2186:}
        -: 2187:
function _glfwPlatformDestroyCursor called 0 returned 0% blocks executed 0%
    #####: 2188:void _glfwPlatformDestroyCursor(_GLFWcursor* cursor)
        -: 2189:{
    #####: 2190:    if (cursor->win32.handle)
    %%%%%: 2190-block  0
branch  0 never executed
branch  1 never executed
    #####: 2191:        DestroyIcon((HICON) cursor->win32.handle);
    %%%%%: 2191-block  0
call    0 never executed
    #####: 2192:}
        -: 2193:
function _glfwPlatformSetCursor called 0 returned 0% blocks executed 0%
    #####: 2194:void _glfwPlatformSetCursor(_GLFWwindow* window, _GLFWcursor* cursor)
        -: 2195:{
    #####: 2196:    if (cursorInContentArea(window))
    %%%%%: 2196-block  0
call    0 never executed
branch  1 never executed
branch  2 never executed
    #####: 2197:        updateCursorImage(window);
    %%%%%: 2197-block  0
call    0 never executed
    #####: 2198:}
        -: 2199:
function _glfwPlatformSetClipboardString called 0 returned 0% blocks executed 0%
    #####: 2200:void _glfwPlatformSetClipboardString(const char* string)
        -: 2201:{
        -: 2202:    int characterCount;
        -: 2203:    HANDLE object;
        -: 2204:    WCHAR* buffer;
        -: 2205:
    #####: 2206:    characterCount = MultiByteToWideChar(CP_UTF8, 0, string, -1, NULL, 0);
    %%%%%: 2206-block  0
call    0 never executed
    #####: 2207:    if (!characterCount)
branch  0 never executed
branch  1 never executed
    #####: 2208:        return;
    %%%%%: 2208-block  0
        -: 2209:
    #####: 2210:    object = GlobalAlloc(GMEM_MOVEABLE, characterCount * sizeof(WCHAR));
    %%%%%: 2210-block  0
call    0 never executed
    #####: 2211:    if (!object)
branch  0 never executed
branch  1 never executed
        -: 2212:    {
    #####: 2213:        _glfwInputErrorWin32(GLFW_PLATFORM_ERROR,
    %%%%%: 2213-block  0
call    0 never executed
        -: 2214:                             "Win32: Failed to allocate global handle for clipboard");
    #####: 2215:        return;
        -: 2216:    }
        -: 2217:
    #####: 2218:    buffer = GlobalLock(object);
    %%%%%: 2218-block  0
call    0 never executed
    #####: 2219:    if (!buffer)
branch  0 never executed
branch  1 never executed
        -: 2220:    {
    #####: 2221:        _glfwInputErrorWin32(GLFW_PLATFORM_ERROR,
    %%%%%: 2221-block  0
call    0 never executed
        -: 2222:                             "Win32: Failed to lock global handle");
    #####: 2223:        GlobalFree(object);
call    0 never executed
    #####: 2224:        return;
        -: 2225:    }
        -: 2226:
    #####: 2227:    MultiByteToWideChar(CP_UTF8, 0, string, -1, buffer, characterCount);
    %%%%%: 2227-block  0
call    0 never executed
    #####: 2228:    GlobalUnlock(object);
call    0 never executed
        -: 2229:
    #####: 2230:    if (!OpenClipboard(_glfw.win32.helperWindowHandle))
call    0 never executed
branch  1 never executed
branch  2 never executed
        -: 2231:    {
    #####: 2232:        _glfwInputErrorWin32(GLFW_PLATFORM_ERROR,
    %%%%%: 2232-block  0
call    0 never executed
        -: 2233:                             "Win32: Failed to open clipboard");
    #####: 2234:        GlobalFree(object);
call    0 never executed
    #####: 2235:        return;
        -: 2236:    }
        -: 2237:
    #####: 2238:    EmptyClipboard();
    %%%%%: 2238-block  0
call    0 never executed
    #####: 2239:    SetClipboardData(CF_UNICODETEXT, object);
call    0 never executed
    #####: 2240:    CloseClipboard();
call    0 never executed
        -: 2241:}
        -: 2242:
function _glfwPlatformGetClipboardString called 0 returned 0% blocks executed 0%
    #####: 2243:const char* _glfwPlatformGetClipboardString(void)
        -: 2244:{
        -: 2245:    HANDLE object;
        -: 2246:    WCHAR* buffer;
        -: 2247:
    #####: 2248:    if (!OpenClipboard(_glfw.win32.helperWindowHandle))
    %%%%%: 2248-block  0
call    0 never executed
branch  1 never executed
branch  2 never executed
        -: 2249:    {
    #####: 2250:        _glfwInputErrorWin32(GLFW_PLATFORM_ERROR,
    %%%%%: 2250-block  0
call    0 never executed
        -: 2251:                             "Win32: Failed to open clipboard");
    #####: 2252:        return NULL;
        -: 2253:    }
        -: 2254:
    #####: 2255:    object = GetClipboardData(CF_UNICODETEXT);
    %%%%%: 2255-block  0
call    0 never executed
    #####: 2256:    if (!object)
branch  0 never executed
branch  1 never executed
        -: 2257:    {
    #####: 2258:        _glfwInputErrorWin32(GLFW_FORMAT_UNAVAILABLE,
    %%%%%: 2258-block  0
call    0 never executed
        -: 2259:                             "Win32: Failed to convert clipboard to string");
    #####: 2260:        CloseClipboard();
call    0 never executed
    #####: 2261:        return NULL;
        -: 2262:    }
        -: 2263:
    #####: 2264:    buffer = GlobalLock(object);
    %%%%%: 2264-block  0
call    0 never executed
    #####: 2265:    if (!buffer)
branch  0 never executed
branch  1 never executed
        -: 2266:    {
    #####: 2267:        _glfwInputErrorWin32(GLFW_PLATFORM_ERROR,
    %%%%%: 2267-block  0
call    0 never executed
        -: 2268:                             "Win32: Failed to lock global handle");
    #####: 2269:        CloseClipboard();
call    0 never executed
    #####: 2270:        return NULL;
        -: 2271:    }
        -: 2272:
    #####: 2273:    free(_glfw.win32.clipboardString);
    #####: 2274:    _glfw.win32.clipboardString = _glfwCreateUTF8FromWideStringWin32(buffer);
    %%%%%: 2274-block  0
call    0 never executed
        -: 2275:
    #####: 2276:    GlobalUnlock(object);
call    0 never executed
    #####: 2277:    CloseClipboard();
call    0 never executed
        -: 2278:
    #####: 2279:    return _glfw.win32.clipboardString;
        -: 2280:}
        -: 2281:
function _glfwPlatformGetEGLPlatform called 0 returned 0% blocks executed 0%
    #####: 2282:EGLenum _glfwPlatformGetEGLPlatform(EGLint** attribs)
        -: 2283:{
    #####: 2284:    if (_glfw.egl.ANGLE_platform_angle)
    %%%%%: 2284-block  0
branch  0 never executed
branch  1 never executed
        -: 2285:    {
    #####: 2286:        int type = 0;
        -: 2287:
    #####: 2288:        if (_glfw.egl.ANGLE_platform_angle_opengl)
    %%%%%: 2288-block  0
branch  0 never executed
branch  1 never executed
        -: 2289:        {
    #####: 2290:            if (_glfw.hints.init.angleType == GLFW_ANGLE_PLATFORM_TYPE_OPENGL)
    %%%%%: 2290-block  0
branch  0 never executed
branch  1 never executed
    #####: 2291:                type = EGL_PLATFORM_ANGLE_TYPE_OPENGL_ANGLE;
    %%%%%: 2291-block  0
    #####: 2292:            else if (_glfw.hints.init.angleType == GLFW_ANGLE_PLATFORM_TYPE_OPENGLES)
    %%%%%: 2292-block  0
branch  0 never executed
branch  1 never executed
    #####: 2293:                type = EGL_PLATFORM_ANGLE_TYPE_OPENGLES_ANGLE;
    %%%%%: 2293-block  0
        -: 2294:        }
        -: 2295:
    #####: 2296:        if (_glfw.egl.ANGLE_platform_angle_d3d)
    %%%%%: 2296-block  0
branch  0 never executed
branch  1 never executed
        -: 2297:        {
    #####: 2298:            if (_glfw.hints.init.angleType == GLFW_ANGLE_PLATFORM_TYPE_D3D9)
    %%%%%: 2298-block  0
branch  0 never executed
branch  1 never executed
    #####: 2299:                type = EGL_PLATFORM_ANGLE_TYPE_D3D9_ANGLE;
    %%%%%: 2299-block  0
    #####: 2300:            else if (_glfw.hints.init.angleType == GLFW_ANGLE_PLATFORM_TYPE_D3D11)
    %%%%%: 2300-block  0
branch  0 never executed
branch  1 never executed
    #####: 2301:                type = EGL_PLATFORM_ANGLE_TYPE_D3D11_ANGLE;
    %%%%%: 2301-block  0
        -: 2302:        }
        -: 2303:
    #####: 2304:        if (_glfw.egl.ANGLE_platform_angle_vulkan)
    %%%%%: 2304-block  0
branch  0 never executed
branch  1 never executed
        -: 2305:        {
    #####: 2306:            if (_glfw.hints.init.angleType == GLFW_ANGLE_PLATFORM_TYPE_VULKAN)
    %%%%%: 2306-block  0
branch  0 never executed
branch  1 never executed
    #####: 2307:                type = EGL_PLATFORM_ANGLE_TYPE_VULKAN_ANGLE;
    %%%%%: 2307-block  0
        -: 2308:        }
        -: 2309:
    #####: 2310:        if (type)
    %%%%%: 2310-block  0
branch  0 never executed
branch  1 never executed
        -: 2311:        {
    #####: 2312:            *attribs = calloc(3, sizeof(EGLint));
    #####: 2313:            (*attribs)[0] = EGL_PLATFORM_ANGLE_TYPE_ANGLE;
    #####: 2314:            (*attribs)[1] = type;
    #####: 2315:            (*attribs)[2] = EGL_NONE;
    #####: 2316:            return EGL_PLATFORM_ANGLE_ANGLE;
    %%%%%: 2316-block  0
        -: 2317:        }
        -: 2318:    }
        -: 2319:
    #####: 2320:    return 0;
    %%%%%: 2320-block  0
        -: 2321:}
        -: 2322:
function _glfwPlatformGetEGLNativeDisplay called 0 returned 0% blocks executed 0%
    #####: 2323:EGLNativeDisplayType _glfwPlatformGetEGLNativeDisplay(void)
        -: 2324:{
    #####: 2325:    return GetDC(_glfw.win32.helperWindowHandle);
    %%%%%: 2325-block  0
call    0 never executed
        -: 2326:}
        -: 2327:
function _glfwPlatformGetEGLNativeWindow called 0 returned 0% blocks executed 0%
    #####: 2328:EGLNativeWindowType _glfwPlatformGetEGLNativeWindow(_GLFWwindow* window)
        -: 2329:{
    #####: 2330:    return window->win32.handle;
    %%%%%: 2330-block  0
        -: 2331:}
        -: 2332:
function _glfwPlatformGetRequiredInstanceExtensions called 0 returned 0% blocks executed 0%
    #####: 2333:void _glfwPlatformGetRequiredInstanceExtensions(char** extensions)
        -: 2334:{
    #####: 2335:    if (!_glfw.vk.KHR_surface || !_glfw.vk.KHR_win32_surface)
    %%%%%: 2335-block  0
branch  0 never executed
branch  1 never executed
    %%%%%: 2335-block  1
branch  2 never executed
branch  3 never executed
    #####: 2336:        return;
    %%%%%: 2336-block  0
        -: 2337:
    #####: 2338:    extensions[0] = "VK_KHR_surface";
    #####: 2339:    extensions[1] = "VK_KHR_win32_surface";
    %%%%%: 2339-block  0
        -: 2340:}
        -: 2341:
function _glfwPlatformGetPhysicalDevicePresentationSupport called 0 returned 0% blocks executed 0%
    #####: 2342:int _glfwPlatformGetPhysicalDevicePresentationSupport(VkInstance instance,
        -: 2343:                                                      VkPhysicalDevice device,
        -: 2344:                                                      uint32_t queuefamily)
        -: 2345:{
        -: 2346:    PFN_vkGetPhysicalDeviceWin32PresentationSupportKHR
        -: 2347:        vkGetPhysicalDeviceWin32PresentationSupportKHR =
        -: 2348:        (PFN_vkGetPhysicalDeviceWin32PresentationSupportKHR)
    #####: 2349:        vkGetInstanceProcAddr(instance, "vkGetPhysicalDeviceWin32PresentationSupportKHR");
    %%%%%: 2349-block  0
call    0 never executed
    #####: 2350:    if (!vkGetPhysicalDeviceWin32PresentationSupportKHR)
branch  0 never executed
branch  1 never executed
        -: 2351:    {
    #####: 2352:        _glfwInputError(GLFW_API_UNAVAILABLE,
    %%%%%: 2352-block  0
call    0 never executed
        -: 2353:                        "Win32: Vulkan instance missing VK_KHR_win32_surface extension");
    #####: 2354:        return GLFW_FALSE;
        -: 2355:    }
        -: 2356:
    #####: 2357:    return vkGetPhysicalDeviceWin32PresentationSupportKHR(device, queuefamily);
    %%%%%: 2357-block  0
call    0 never executed
        -: 2358:}
        -: 2359:
function _glfwPlatformCreateWindowSurface called 0 returned 0% blocks executed 0%
    #####: 2360:VkResult _glfwPlatformCreateWindowSurface(VkInstance instance,
        -: 2361:                                          _GLFWwindow* window,
        -: 2362:                                          const VkAllocationCallbacks* allocator,
        -: 2363:                                          VkSurfaceKHR* surface)
        -: 2364:{
        -: 2365:    VkResult err;
        -: 2366:    VkWin32SurfaceCreateInfoKHR sci;
        -: 2367:    PFN_vkCreateWin32SurfaceKHR vkCreateWin32SurfaceKHR;
        -: 2368:
        -: 2369:    vkCreateWin32SurfaceKHR = (PFN_vkCreateWin32SurfaceKHR)
    #####: 2370:        vkGetInstanceProcAddr(instance, "vkCreateWin32SurfaceKHR");
    %%%%%: 2370-block  0
call    0 never executed
    #####: 2371:    if (!vkCreateWin32SurfaceKHR)
branch  0 never executed
branch  1 never executed
        -: 2372:    {
    #####: 2373:        _glfwInputError(GLFW_API_UNAVAILABLE,
    %%%%%: 2373-block  0
call    0 never executed
        -: 2374:                        "Win32: Vulkan instance missing VK_KHR_win32_surface extension");
    #####: 2375:        return VK_ERROR_EXTENSION_NOT_PRESENT;
        -: 2376:    }
        -: 2377:
    #####: 2378:    memset(&sci, 0, sizeof(sci));
    #####: 2379:    sci.sType = VK_STRUCTURE_TYPE_WIN32_SURFACE_CREATE_INFO_KHR;
    #####: 2380:    sci.hinstance = GetModuleHandle(NULL);
    %%%%%: 2380-block  0
call    0 never executed
    #####: 2381:    sci.hwnd = window->win32.handle;
        -: 2382:
    #####: 2383:    err = vkCreateWin32SurfaceKHR(instance, &sci, allocator, surface);
call    0 never executed
    #####: 2384:    if (err)
branch  0 never executed
branch  1 never executed
        -: 2385:    {
    #####: 2386:        _glfwInputError(GLFW_PLATFORM_ERROR,
    %%%%%: 2386-block  0
call    0 never executed
call    1 never executed
        -: 2387:                        "Win32: Failed to create Vulkan surface: %s",
        -: 2388:                        _glfwGetVulkanResultString(err));
        -: 2389:    }
        -: 2390:
    #####: 2391:    return err;
    %%%%%: 2391-block  0
        -: 2392:}
        -: 2393:
        -: 2394:
        -: 2395://////////////////////////////////////////////////////////////////////////
        -: 2396://////                        GLFW native API                       //////
        -: 2397://////////////////////////////////////////////////////////////////////////
        -: 2398:
function glfwGetWin32Window called 0 returned 0% blocks executed 0%
    #####: 2399:GLFWAPI HWND glfwGetWin32Window(GLFWwindow* handle)
        -: 2400:{
    #####: 2401:    _GLFWwindow* window = (_GLFWwindow*) handle;
    #####: 2402:    _GLFW_REQUIRE_INIT_OR_RETURN(NULL);
    %%%%%: 2402-block  0
branch  0 never executed
branch  1 never executed
    %%%%%: 2402-block  1
call    2 never executed
    #####: 2403:    return window->win32.handle;
    %%%%%: 2403-block  0
        -: 2404:}
        -: 2405:
